Log file open, 09/19/18 13:34:09
LogWindows: Failed to load 'aqProf.dll' (GetLastError=126)
LogWindows: File 'aqProf.dll' does not exist
LogWindows: Failed to load 'VtuneApi.dll' (GetLastError=126)
LogWindows: File 'VtuneApi.dll' does not exist
LogWindows: Failed to load 'VtuneApi32e.dll' (GetLastError=126)
LogWindows: File 'VtuneApi32e.dll' does not exist
LogInit: Display: Running engine for game: parkour_sys
LogPlatformFile: Not using cached read wrapper
LogTaskGraph: Started task graph with 5 named threads and 14 total threads with 3 sets of task threads.
LogStats: Stats thread started at 0.499169
LogD3D11RHI: Loaded GFSDK_Aftermath_Lib.x64.dll
LogICUInternationalization: Display: ICU TimeZone Detection - Raw Offset: +2:00, Platform Override: ''
LogPluginManager: Mounting plugin Paper2D
LogPluginManager: Mounting plugin AISupport
LogPluginManager: Mounting plugin LightPropagationVolume
LogPluginManager: Mounting plugin CLionSourceCodeAccess
LogPluginManager: Mounting plugin CodeLiteSourceCodeAccess
LogPluginManager: Mounting plugin GitSourceControl
LogPluginManager: Mounting plugin KDevelopSourceCodeAccess
LogPluginManager: Mounting plugin NullSourceCodeAccess
LogPluginManager: Mounting plugin PerforceSourceControl
LogPluginManager: Mounting plugin SubversionSourceControl
LogPluginManager: Mounting plugin UObjectPlugin
LogPluginManager: Mounting plugin VisualStudioCodeSourceCodeAccess
LogPluginManager: Mounting plugin VisualStudioSourceCodeAccess
LogPluginManager: Mounting plugin XCodeSourceCodeAccess
LogPluginManager: Mounting plugin AssetManagerEditor
LogPluginManager: Mounting plugin CryptoKeys
LogPluginManager: Mounting plugin DataValidation
LogPluginManager: Mounting plugin FacialAnimation
LogPluginManager: Mounting plugin GameplayTagsEditor
LogPluginManager: Mounting plugin MacGraphicsSwitching
LogPluginManager: Mounting plugin MeshEditor
LogPluginManager: Mounting plugin MobileLauncherProfileWizard
LogPluginManager: Mounting plugin PluginBrowser
LogPluginManager: Mounting plugin SpeedTreeImporter
LogPluginManager: Mounting plugin DatasmithContent
LogPluginManager: Mounting plugin AlembicImporter
LogPluginManager: Mounting plugin AppleImageUtils
LogPluginManager: Mounting plugin AppleVision
LogPluginManager: Mounting plugin BackChannel
LogPluginManager: Mounting plugin CharacterAI
LogPluginManager: Mounting plugin GeometryCache
LogPluginManager: Mounting plugin HTML5Networking
LogPluginManager: Mounting plugin ProxyLODPlugin
LogPluginManager: Mounting plugin MagicLeap
LogPluginManager: Mounting plugin MagicLeapEmulator
LogPluginManager: Mounting plugin MagicLeapMedia
LogPluginManager: Mounting plugin AndroidMedia
LogPluginManager: Mounting plugin AvfMedia
LogPluginManager: Mounting plugin ImgMedia
LogPluginManager: Mounting plugin LinearTimecode
LogPluginManager: Mounting plugin MediaCompositing
LogPluginManager: Mounting plugin MediaPlayerEditor
LogPluginManager: Mounting plugin WmfMedia
LogPluginManager: Mounting plugin TcpMessaging
LogPluginManager: Mounting plugin UdpMessaging
LogPluginManager: Mounting plugin ActorSequence
LogPluginManager: Mounting plugin LevelSequenceEditor
LogPluginManager: Mounting plugin MatineeToLevelSequence
LogPluginManager: Mounting plugin NetcodeUnitTest
LogPluginManager: Mounting plugin NUTUnrealEngine4
LogPluginManager: Mounting plugin OnlineSubsystemGooglePlay
LogPluginManager: Mounting plugin OnlineSubsystemIOS
LogPluginManager: Mounting plugin OnlineSubsystem
LogPluginManager: Mounting plugin OnlineSubsystemNull
LogPluginManager: Mounting plugin OnlineSubsystemUtils
LogPluginManager: Mounting plugin LauncherChunkInstaller
LogPluginManager: Mounting plugin AndroidDeviceProfileSelector
LogPluginManager: Mounting plugin AndroidMoviePlayer
LogPluginManager: Mounting plugin AndroidPermission
LogPluginManager: Mounting plugin AppleMoviePlayer
LogPluginManager: Mounting plugin ArchVisCharacter
LogPluginManager: Mounting plugin AudioCapture
LogPluginManager: Mounting plugin CableComponent
LogPluginManager: Mounting plugin CustomMeshComponent
LogPluginManager: Mounting plugin EditableMesh
LogPluginManager: Mounting plugin ExampleDeviceProfileSelector
LogPluginManager: Mounting plugin GoogleCloudMessaging
LogPluginManager: Mounting plugin ImmediatePhysics
LogPluginManager: Mounting plugin IOSDeviceProfileSelector
LogPluginManager: Mounting plugin LinuxDeviceProfileSelector
LogPluginManager: Mounting plugin LocationServicesBPLibrary
LogPluginManager: Mounting plugin MobilePatchingUtils
LogPluginManager: Mounting plugin OculusVR
LogPluginManager: Plugin shader directory ../../../Engine/Plugins/Runtime/Oculus/OculusVR/Shaders found
LogPluginManager: Mapping shader source directory ../../../Engine/Plugins/Runtime/Oculus/OculusVR/Shaders to virtual directory /Plugin/OculusVR
LogPluginManager: Mounting plugin PhysXVehicles
LogPluginManager: Mounting plugin ProceduralMeshComponent
LogPluginManager: Mounting plugin RuntimePhysXCooking
LogPluginManager: Mounting plugin SteamVR
LogPluginManager: Mounting plugin WindowsMoviePlayer
LogStreaming: Display: Took  0.861s to configure plugins.
LogInit: Using libcurl 7.55.1-DEV
LogInit:  - built for x86_64-pc-win32
LogInit:  - supports SSL with OpenSSL/1.0.2h
LogInit:  - supports HTTP deflate (compression) using libz 1.2.8
LogInit:  - other features:
LogInit:      CURL_VERSION_SSL
LogInit:      CURL_VERSION_LIBZ
LogInit:      CURL_VERSION_IPV6
LogInit:      CURL_VERSION_ASYNCHDNS
LogInit:      CURL_VERSION_LARGEFILE
LogInit:      CURL_VERSION_IDN
LogInit:  CurlRequestOptions (configurable via config and command line):
LogInit:  - bVerifyPeer = false  - Libcurl will NOT verify peer certificate
LogInit:  - bUseHttpProxy = false  - Libcurl will NOT use HTTP proxy
LogInit:  - bDontReuseConnections = false  - Libcurl will reuse connections
LogInit:  - CertBundlePath = nullptr  - Libcurl will use whatever was configured at build time.
LogInit:  - MaxHostConnections = 16  - Libcurl will limit the number of connections to a host
LogInit:  - LocalHostAddr = Default
LogInit:  - BufferSize = 65536
LogInit: WinSock: version 1.1 (2.2), MaxSocks=32767, MaxUdp=65467
LogInit: Build: ++UE4+Release-4.20-CL-4302132
LogInit: Engine Version: 4.20.2-4302132+++UE4+Release-4.20
LogInit: Compatible Engine Version: 4.20.0-4212847+++UE4+Release-4.20
LogInit: Net CL: 4212847
LogInit: OS: Windows 10 (), CPU: Intel(R) Core(TM) i5-7400 CPU @ 3.00GHz, GPU: NVIDIA GeForce GTX 1050
LogInit: Compiled (64-bit): Aug 21 2018 02:06:06
LogInit: Compiled with Visual C++: 19.13.26129.00
LogInit: Build Configuration: Development
LogInit: Branch Name: ++UE4+Release-4.20
LogInit: Command Line:  
LogInit: Base Directory: D:/epicSDK/UE_4.20/Engine/Binaries/Win64/
LogInit: Installed Engine Build: 1
LogDevObjectVersion: Number of dev versions registered: 20
LogDevObjectVersion:   Dev-Blueprints (B0D832E4-1F89-4F0D-ACCF-7EB736FD4AA2): 10
LogDevObjectVersion:   Dev-Build (E1C64328-A22C-4D53-A36C-8E866417BD8C): 0
LogDevObjectVersion:   Dev-Core (375EC13C-06E4-48FB-B500-84F0262A717E): 2
LogDevObjectVersion:   Dev-Editor (E4B068ED-F494-42E9-A231-DA0B2E46BB41): 24
LogDevObjectVersion:   Dev-Framework (CFFC743F-43B0-4480-9391-14DF171D2073): 34
LogDevObjectVersion:   Dev-Mobile (B02B49B5-BB20-44E9-A304-32B752E40360): 2
LogDevObjectVersion:   Dev-Networking (A4E4105C-59A1-49B5-A7C5-40C4547EDFEE): 0
LogDevObjectVersion:   Dev-Online (39C831C9-5AE6-47DC-9A44-9C173E1C8E7C): 0
LogDevObjectVersion:   Dev-Physics (78F01B33-EBEA-4F98-B9B4-84EACCB95AA2): 0
LogDevObjectVersion:   Dev-Platform (6631380F-2D4D-43E0-8009-CF276956A95A): 0
LogDevObjectVersion:   Dev-Rendering (12F88B9F-8875-4AFC-A67C-D90C383ABD29): 26
LogDevObjectVersion:   Dev-Sequencer (7B5AE74C-D270-4C10-A958-57980B212A5A): 9
LogDevObjectVersion:   Dev-VR (D7296918-1DD6-4BDD-9DE2-64A83CC13884): 2
LogDevObjectVersion:   Dev-LoadTimes (C2A15278-BFE7-4AFE-6C17-90FF531DF755): 1
LogDevObjectVersion:   Private-Geometry (6EACA3D4-40EC-4CC1-B786-8BED09428FC5): 3
LogDevObjectVersion:   Dev-AnimPhys (29E575DD-E0A3-4627-9D10-D276232CDCEA): 17
LogDevObjectVersion:   Dev-ReflectionCapture (6B266CEC-1EC7-4B8F-A30B-E4D90942FC07): 1
LogDevObjectVersion:   Dev-Automation (0DF73D61-A23F-47EA-B727-89E90C41499A): 1
LogDevObjectVersion:   FortniteMain (601D1886-AC64-4F84-AA16-D3DE0DEAC7D6): 12
LogDevObjectVersion:   Dev-Enterprise (9DFFBCD6-494F-0158-E221-12823C92A888): 1
LogStreaming: Display: Took  0.003s to delete old logs.
LogInit: Presizing for max 8388607 objects, including 0 objects not considered by GC, pre-allocating 0 bytes for permanent pool.
LogInit: Object subsystem initialized
[2018.09.19-10.34.15:066][  0]LogInit: Selected Device Profile: [Windows]
[2018.09.19-10.34.15:067][  0]LogInit: Applying CVar settings loaded from the selected device profile: [Windows]
[2018.09.19-10.34.15:124][  0]LogHAL: Display: Platform has ~ 16 GB [17136578560 / 17179869184 / 16], which maps to Larger [LargestMinGB=32, LargerMinGB=12, DefaultMinGB=8, SmallerMinGB=6, SmallestMinGB=0)
[2018.09.19-10.34.15:125][  0]LogInit: Setting Device Profile CVar: [[r.Vulkan.UseRealUBs:1]]
[2018.09.19-10.34.15:125][  0]LogInit: Going up to parent DeviceProfile []
[2018.09.19-10.34.15:129][  0]LogInit: Computer: DESKTOP-1FJRS5V
[2018.09.19-10.34.15:130][  0]LogInit: User: User
[2018.09.19-10.34.15:130][  0]LogInit: CPU Page size=4096, Cores=4
[2018.09.19-10.34.15:130][  0]LogInit: High frequency timer resolution =2.929687 MHz
[2018.09.19-10.34.15:130][  0]LogMemory: Memory total: Physical=16.0GB (16GB approx)
[2018.09.19-10.34.15:130][  0]LogMemory: Platform Memory Stats for Windows
[2018.09.19-10.34.15:130][  0]LogMemory: Process Physical Memory: 102.45 MB used, 102.45 MB peak
[2018.09.19-10.34.15:130][  0]LogMemory: Process Virtual Memory: 93.72 MB used, 93.72 MB peak
[2018.09.19-10.34.15:130][  0]LogMemory: Physical Memory: 3599.49 MB used,  12743.22 MB free, 16342.71 MB total
[2018.09.19-10.34.15:130][  0]LogMemory: Virtual Memory: 4634.80 MB used,  12743.22 MB free, 134217728.00 MB total
[2018.09.19-10.34.16:851][  0]LogInit: Using OS detected language (ru-RU).
[2018.09.19-10.34.16:851][  0]LogInit: Using OS detected locale (ru-UA).
[2018.09.19-10.34.16:852][  0]LogTextLocalizationManager: No specific localization for 'ru-RU' exists, so the 'ru' localization will be used.
[2018.09.19-10.34.16:956][  0]LogStreaming: Display: Took  0.105s to InitEngineTextLocalization.
[2018.09.19-10.34.16:956][  0]LogInit: Setting process to per monitor DPI aware
[2018.09.19-10.34.17:135][  0]LogSlate: New Slate User Created.  User Index 0, Is Virtual User: 0
[2018.09.19-10.34.17:135][  0]LogSlate: Slate User Registered.  User Index 0, Is Virtual User: 0
[2018.09.19-10.34.21:247][  0]LogHMD: Failed to initialize OpenVR with code 110
[2018.09.19-10.34.21:247][  0]LogD3D11RHI: D3D11 adapters:
[2018.09.19-10.34.21:295][  0]LogD3D11RHI:    0. 'NVIDIA GeForce GTX 1050' (Feature Level 11_0)
[2018.09.19-10.34.21:295][  0]LogD3D11RHI:       1977/0/8171 MB DedicatedVideo/DedicatedSystem/SharedSystem, Outputs:1, VendorId:0x10de
[2018.09.19-10.34.21:296][  0]LogD3D11RHI:    1. 'Microsoft Basic Render Driver' (Feature Level 11_0)
[2018.09.19-10.34.21:296][  0]LogD3D11RHI:       0/0/8171 MB DedicatedVideo/DedicatedSystem/SharedSystem, Outputs:0, VendorId:0x1414
[2018.09.19-10.34.21:296][  0]LogD3D11RHI: Chosen D3D11 Adapter: 0
[2018.09.19-10.34.21:300][  0]LogD3D11RHI: Creating new Direct3DDevice
[2018.09.19-10.34.21:301][  0]LogD3D11RHI:     GPU DeviceId: 0x1c81 (for the marketing name, search the web for "GPU Device Id")
[2018.09.19-10.34.21:301][  0]LogWindows: EnumDisplayDevices:
[2018.09.19-10.34.21:301][  0]LogWindows:    0. 'NVIDIA GeForce GTX 1050' (P:1 D:1)
[2018.09.19-10.34.21:301][  0]LogWindows:    1. 'NVIDIA GeForce GTX 1050' (P:0 D:0)
[2018.09.19-10.34.21:301][  0]LogWindows:    2. 'NVIDIA GeForce GTX 1050' (P:0 D:0)
[2018.09.19-10.34.21:301][  0]LogWindows:    3. 'NVIDIA GeForce GTX 1050' (P:0 D:0)
[2018.09.19-10.34.21:301][  0]LogWindows: DebugString: FoundDriverCount:4 
[2018.09.19-10.34.21:301][  0]LogD3D11RHI:     Adapter Name: NVIDIA GeForce GTX 1050
[2018.09.19-10.34.21:301][  0]LogD3D11RHI:   Driver Version: 390.77 (internal:23.21.13.9077, unified:390.77)
[2018.09.19-10.34.21:301][  0]LogD3D11RHI:      Driver Date: 1-23-2018
[2018.09.19-10.34.21:301][  0]LogRHI: Texture pool is 1384 MB (70% of 1977 MB)
[2018.09.19-10.34.21:331][  0]LogD3D11RHI: Async texture creation enabled
[2018.09.19-10.34.21:348][  0]LogD3D11RHI: GPU Timing Frequency: 1000.000000 (Debug: 2 2)
[2018.09.19-10.34.21:349][  0]LogShaderCompilers: Guid format shader working directory is -6 characters bigger than the processId version (C:/Users/User/Documents/Unreal Projects/parkour_sys/Intermediate/Shaders/WorkingDirectory/6080/).
[2018.09.19-10.34.21:349][  0]LogShaderCompilers: Cleaned the shader compiler working directory 'C:/Users/User/AppData/Local/Temp/UnrealShaderWorkingDir/578FC12943D3B350A88D7C9F5C3033CB/'.
[2018.09.19-10.34.22:297][  0]LogTemp: Display: Loaded TP AllDesktopTargetPlatform
[2018.09.19-10.34.22:361][  0]LogTemp: Display: Loaded TP MacClientTargetPlatform
[2018.09.19-10.34.22:402][  0]LogTemp: Display: Loaded TP MacNoEditorTargetPlatform
[2018.09.19-10.34.22:465][  0]LogTemp: Display: Loaded TP MacServerTargetPlatform
[2018.09.19-10.34.22:553][  0]LogTemp: Display: Loaded TP MacTargetPlatform
[2018.09.19-10.34.22:597][  0]LogTemp: Display: Loaded TP WindowsClientTargetPlatform
[2018.09.19-10.34.22:714][  0]LogTemp: Display: Loaded TP WindowsNoEditorTargetPlatform
[2018.09.19-10.34.22:781][  0]LogTemp: Display: Loaded TP WindowsServerTargetPlatform
[2018.09.19-10.34.22:804][  0]LogTemp: Display: Loaded TP WindowsTargetPlatform
[2018.09.19-10.34.23:018][  0]LogTemp: Display: Loaded TP AndroidTargetPlatform
[2018.09.19-10.34.23:018][  0]LogTemp: Display: Loaded TP AndroidTargetPlatform
[2018.09.19-10.34.23:018][  0]LogTemp: Display: Loaded TP AndroidTargetPlatform
[2018.09.19-10.34.23:018][  0]LogTemp: Display: Loaded TP AndroidTargetPlatform
[2018.09.19-10.34.23:018][  0]LogTemp: Display: Loaded TP AndroidTargetPlatform
[2018.09.19-10.34.23:018][  0]LogTemp: Display: Loaded TP AndroidTargetPlatform
[2018.09.19-10.34.23:018][  0]LogTemp: Display: Loaded TP AndroidTargetPlatform
[2018.09.19-10.34.23:018][  0]LogTemp: Display: Loaded TP AndroidTargetPlatform
[2018.09.19-10.34.23:018][  0]LogTemp: Display: Loaded TP AndroidTargetPlatform
[2018.09.19-10.34.23:018][  0]LogTemp: Display: Loaded TP AndroidTargetPlatform
[2018.09.19-10.34.23:018][  0]LogTemp: Display: Loaded TP AndroidTargetPlatform
[2018.09.19-10.34.23:018][  0]LogTemp: Display: Loaded TP AndroidTargetPlatform
[2018.09.19-10.34.23:018][  0]LogTemp: Display: Loaded TP AndroidTargetPlatform
[2018.09.19-10.34.23:018][  0]LogTemp: Display: Loaded TP AndroidTargetPlatform
[2018.09.19-10.34.23:018][  0]LogTemp: Display: Loaded TP AndroidTargetPlatform
[2018.09.19-10.34.23:018][  0]LogTemp: Display: Loaded TP AndroidTargetPlatform
[2018.09.19-10.34.23:018][  0]LogTemp: Display: Loaded TP AndroidTargetPlatform
[2018.09.19-10.34.23:018][  0]LogTemp: Display: Loaded TP AndroidTargetPlatform
[2018.09.19-10.34.23:067][  0]LogTemp: Display: Loaded TP HTML5TargetPlatform
[2018.09.19-10.34.23:263][  0]LogTemp: Display: Loaded TP IOSTargetPlatform
[2018.09.19-10.34.23:263][  0]LogTemp: Display: Loaded TP IOSTargetPlatform
[2018.09.19-10.34.23:308][  0]LogTemp: Display: Loaded TP TVOSTargetPlatform
[2018.09.19-10.34.23:308][  0]LogTemp: Display: Loaded TP TVOSTargetPlatform
[2018.09.19-10.34.23:347][  0]LogTemp: Display: Loaded TP LinuxClientTargetPlatform
[2018.09.19-10.34.23:382][  0]LogTemp: Display: Loaded TP LinuxNoEditorTargetPlatform
[2018.09.19-10.34.23:418][  0]LogTemp: Display: Loaded TP LinuxServerTargetPlatform
[2018.09.19-10.34.23:554][  0]LogTemp: Display: Loaded TP LinuxTargetPlatform
[2018.09.19-10.34.23:578][  0]LogTemp: Display: Loaded TP LuminTargetPlatform
[2018.09.19-10.34.23:578][  0]LogTargetPlatformManager: Display: Building Assets For Windows
[2018.09.19-10.34.25:347][  0]LogXGEController: Cleaning working directory: C:/Users/User/AppData/Local/Temp/UnrealXGEWorkingDir/
[2018.09.19-10.34.25:347][  0]LogXGEController: Cannot use XGE Controller as Incredibuild is not installed on this machine.
[2018.09.19-10.34.25:347][  0]LogShaderCompilers: Cannot use XGE Shader Compiler as Incredibuild is not installed on this machine.
[2018.09.19-10.34.25:347][  0]LogShaderCompilers: Display: Using Local Shader Compiler.
[2018.09.19-10.34.28:008][  0]LogDerivedDataCache: Display: Max Cache Size: 512 MB
[2018.09.19-10.34.28:632][  0]LogDerivedDataCache: Loaded boot cache 0.62s 71MB C:/Users/User/AppData/Local/UnrealEngine/4.20/DerivedDataCache/Boot.ddc.
[2018.09.19-10.34.28:633][  0]LogDerivedDataCache: Display: Loaded Boot cache: C:/Users/User/AppData/Local/UnrealEngine/4.20/DerivedDataCache/Boot.ddc
[2018.09.19-10.34.28:633][  0]LogDerivedDataCache: FDerivedDataBackendGraph:  Pak pak cache file C:/Users/User/Documents/Unreal Projects/parkour_sys/DerivedDataCache/DDC.ddp not found, will not use a pak cache.
[2018.09.19-10.34.28:633][  0]LogDerivedDataCache: Unable to find inner node Pak for hierarchical cache Hierarchy.
[2018.09.19-10.34.28:633][  0]LogDerivedDataCache: FDerivedDataBackendGraph:  CompressedPak pak cache file C:/Users/User/Documents/Unreal Projects/parkour_sys/DerivedDataCache/Compressed.ddp not found, will not use a pak cache.
[2018.09.19-10.34.28:633][  0]LogDerivedDataCache: Unable to find inner node CompressedPak for hierarchical cache Hierarchy.
[2018.09.19-10.34.28:767][  0]LogDerivedDataCache: Display: Pak cache opened for reading ../../../Engine/DerivedDataCache/Compressed.ddp.
[2018.09.19-10.34.28:781][  0]LogDerivedDataCache: Using Local data cache path C:/Users/User/AppData/Local/UnrealEngine/Common/DerivedDataCache: Writable
[2018.09.19-10.34.28:781][  0]LogDerivedDataCache: Shared data cache path not found in *engine.ini, will not use an Shared cache.
[2018.09.19-10.34.28:781][  0]LogDerivedDataCache: Unable to find inner node Shared for hierarchical cache Hierarchy.
[2018.09.19-10.34.28:801][  0]LogMaterial: Verifying Global Shaders for PCD3D_SM5
[2018.09.19-10.34.28:803][  0]LogSlate: Using FreeType 2.6.0
[2018.09.19-10.34.28:836][  0]LogSlate: SlateFontServices - WITH_FREETYPE: 1, WITH_HARFBUZZ: 1
[2018.09.19-10.34.29:778][  0]LogAssetRegistry: FAssetRegistry took 0.0265 seconds to start up
[2018.09.19-10.34.30:141][  0]LogInit: Selected Device Profile: [Windows]
[2018.09.19-10.34.33:516][  0]LogSimplygon: Simplygon DLL not present - disabling.
[2018.09.19-10.34.34:184][  0]LogMeshReduction: Using SimplygonSwarm for distributed automatic mesh merging
[2018.09.19-10.34.34:184][  0]LogMeshReduction: Using ProxyLODMeshReduction for automatic mesh merging
[2018.09.19-10.34.34:184][  0]LogMeshReduction: Using QuadricMeshReduction for automatic static mesh reduction
[2018.09.19-10.34.34:184][  0]LogMeshReduction: No automatic skeletal mesh reduction module available
[2018.09.19-10.34.34:237][  0]LogNetVersion: parkour_sys 1.0.0, NetCL: 4212847, EngineNetVer: 5, GameNetVer: 0 (Checksum: 2775540849)
[2018.09.19-10.34.36:098][  0]LogPackageLocalizationCache: Processed 11 localized package path(s) for 2 prioritized culture(s) in 0.119919 seconds
[2018.09.19-10.34.36:105][  0]LogUObjectArray: 38425 objects as part of root set at end of initial load.
[2018.09.19-10.34.36:105][  0]LogUObjectAllocator: 6690864 out of 0 bytes used by permanent object pool.
[2018.09.19-10.34.36:105][  0]LogUObjectArray: CloseDisregardForGC: 0/0 objects in disregard for GC pool
[2018.09.19-10.34.59:464][  0]LogTcpMessaging: Initializing TcpMessaging bridge
[2018.09.19-10.34.59:526][  0]LogUdpMessaging: Initializing bridge on interface 0.0.0.0:0 to multicast group 230.0.0.1:6666.
[2018.09.19-10.35.00:550][  0]SourceControl: Source control is disabled
[2018.09.19-10.35.00:550][  0]SourceControl: Source control is disabled
[2018.09.19-10.35.00:704][  0]SourceControl: Source control is disabled
[2018.09.19-10.35.00:753][  0]SourceControl: Source control is disabled
[2018.09.19-10.35.02:588][  0]LogAndroidPermission: UAndroidPermissionCallbackProxy::GetInstance
[2018.09.19-10.35.03:009][  0]LogOcInput: OculusInput pre-init called
[2018.09.19-10.35.03:612][  0]LogEngine: Initializing Engine...
[2018.09.19-10.35.03:612][  0]LogHMD: Failed to initialize OpenVR with code 110
[2018.09.19-10.35.03:614][  0]LogStats: UGameplayTagsManager::ConstructGameplayTagTree: ImportINI prefixes -  0.000 s
[2018.09.19-10.35.03:614][  0]LogStats: UGameplayTagsManager::ConstructGameplayTagTree: Construct from data asset -  0.000 s
[2018.09.19-10.35.03:614][  0]LogStats: UGameplayTagsManager::ConstructGameplayTagTree: ImportINI -  0.000 s
[2018.09.19-10.35.03:614][  0]LogStats: UGameplayTagsManager::ConstructGameplayTagTree: GameplayTagTreeChangedEvent.Broadcast -  0.000 s
[2018.09.19-10.35.04:058][  0]LogInit: Initializing FReadOnlyCVARCache
[2018.09.19-10.35.04:121][  0]LogAIModule: Creating AISystem for world Untitled
[2018.09.19-10.35.04:141][  0]LogInit: XAudio2 using 'Динамики (Realtek High Definition Audio)' : 2 channels at 48 kHz using 32 bits per sample (channel mask 0x3)
[2018.09.19-10.35.04:162][  0]LogInit: FAudioDevice initialized.
[2018.09.19-10.35.04:162][  0]LogNetVersion: Set ProjectVersion to 1.0.0.0. Version Checksum will be recalculated on next use.
[2018.09.19-10.35.04:302][  0]LogDerivedDataCache: Saved boot cache 0.14s 71MB C:/Users/User/AppData/Local/UnrealEngine/4.20/DerivedDataCache/Boot.ddc.
[2018.09.19-10.35.04:330][  0]LogInit: Texture streaming: Enabled
[2018.09.19-10.35.04:501][  0]LogEngineSessionManager: EngineSessionManager initialized
[2018.09.19-10.35.04:543][  0]LogInit: Transaction tracking system initialized
[2018.09.19-10.35.05:077][  0]BlueprintLog: New page: Editor Load
[2018.09.19-10.35.06:992][  0]LocalizationService: Localization service is disabled
[2018.09.19-10.35.09:036][  0]LogCook: Display: Max memory allowance for cook 16384mb min free memory 0mb
[2018.09.19-10.35.09:036][  0]LogCook: Display: Mobile HDR setting 1
[2018.09.19-10.35.09:036][  0]LogGameplayTags: Display: UGameplayTagsManager::DoneAddingNativeTags. DelegateIsBound: 0
[2018.09.19-10.35.09:036][  0]LogStats: UGameplayTagsManager::ConstructGameplayTagTree: ImportINI prefixes -  0.000 s
[2018.09.19-10.35.09:036][  0]LogStats: UGameplayTagsManager::ConstructGameplayTagTree: Construct from data asset -  0.000 s
[2018.09.19-10.35.09:036][  0]LogStats: UGameplayTagsManager::ConstructGameplayTagTree: ImportINI -  0.000 s
[2018.09.19-10.35.09:036][  0]LogStats: UGameplayTagsManager::ConstructGameplayTagTree: GameplayTagTreeChangedEvent.Broadcast -  0.000 s
[2018.09.19-10.35.09:326][  0]LogFileCache: Scanning file cache for directory 'C:/Users/User/Documents/Unreal Projects/parkour_sys/Content/' took 0.02s
[2018.09.19-10.35.11:586][  0]SourceControl: Source control is disabled
[2018.09.19-10.35.11:586][  0]Cmd: MAP LOAD FILE="C:/Users/User/Documents/Unreal Projects/parkour_sys/Content/ThirdPersonBP/Maps/ThirdPersonExampleMap.umap" TEMPLATE=0 SHOWPROGRESS=1 FEATURELEVEL=3
[2018.09.19-10.35.11:587][  0]LightingResults: New page: Lighting Build
[2018.09.19-10.35.11:588][  0]MapCheck: New page: Map Check
[2018.09.19-10.35.11:588][  0]LightingResults: New page: Lighting Build
[2018.09.19-10.35.17:573][  0]LogAIModule: Creating AISystem for world ThirdPersonExampleMap
[2018.09.19-10.35.17:615][  0]LogEditorServer: Finished looking for orphan Actors (0.000 secs)
[2018.09.19-10.35.17:651][  0]Cmd: MAP CHECKDEP NOCLEARLOG
[2018.09.19-10.35.17:713][  0]MapCheck: Map check complete: 0 Error(s), 0 Warning(s), took 61,495ms to complete.
[2018.09.19-10.35.17:713][  0]LogFileHelpers: Loading map 'ThirdPersonExampleMap' took 6.127
[2018.09.19-10.35.17:940][  0]LogSlate: Updating window title bar state: overlay mode, drag disabled, window buttons hidden, title bar hidden
[2018.09.19-10.35.17:949][  0]LogSlate: Updating window title bar state: overlay mode, drag disabled, window buttons hidden, title bar hidden
[2018.09.19-10.35.17:957][  0]LogSlate: Updating window title bar state: overlay mode, drag disabled, window buttons hidden, title bar hidden
[2018.09.19-10.35.17:966][  0]LogSlate: Updating window title bar state: overlay mode, drag disabled, window buttons hidden, title bar hidden
[2018.09.19-10.35.18:096][  0]LogCollectionManager: Loaded 0 collections in 0.003727 seconds
[2018.09.19-10.35.18:140][  0]LogFileCache: Scanning file cache for directory 'C:/Users/User/Documents/Unreal Projects/parkour_sys/Saved/Collections/' took 0.01s
[2018.09.19-10.35.18:140][  0]LogFileCache: Scanning file cache for directory 'C:/Users/User/Documents/Unreal Projects/parkour_sys/Content/Developers/User/Collections/' took 0.01s
[2018.09.19-10.35.18:140][  0]LogFileCache: Scanning file cache for directory 'C:/Users/User/Documents/Unreal Projects/parkour_sys/Content/Collections/' took 0.01s
[2018.09.19-10.35.18:140][  0]LogCollectionManager: Rebuilt the GUID cache for 0 collections in 0.000001 seconds
[2018.09.19-10.35.18:156][  0]LogContentBrowser: Native class hierarchy populated in 0.0156 seconds. Added 2580 classes and 607 folders.
[2018.09.19-10.35.18:162][  0]LogContentBrowser: Native class hierarchy updated for 'WidgetCarousel' in 0.0002 seconds. Added 0 classes and 0 folders.
[2018.09.19-10.35.19:377][  0]LogContentBrowser: Native class hierarchy updated for 'AddContentDialog' in 0.0005 seconds. Added 0 classes and 0 folders.
[2018.09.19-10.35.19:421][  0]LogSlate: Took 0.021362 seconds to synchronously load lazily loaded font '../../../Engine/Content/Slate/Fonts/Roboto-Regular.ttf' (155K)
[2018.09.19-10.35.19:454][  0]LogSlate: Took 0.028304 seconds to synchronously load lazily loaded font '../../../Engine/Content/Slate/Fonts/Roboto-Bold.ttf' (160K)
[2018.09.19-10.35.19:469][  0]LogSlate: Took 0.012500 seconds to synchronously load lazily loaded font '../../../Engine/Content/Editor/Slate/Fonts/FontAwesome.ttf' (139K)
[2018.09.19-10.35.19:602][  0]LogRenderer: Reallocating scene render targets to support 1072x924 Format 9 NumSamples 1 (Frame:1).
[2018.09.19-10.35.19:826][  0]LogContentBrowser: Native class hierarchy updated for 'HierarchicalLODOutliner' in 0.0005 seconds. Added 0 classes and 0 folders.
[2018.09.19-10.35.19:826][  0]LogLoad: (Engine Initialization) Total time: 89.20 seconds
[2018.09.19-10.35.19:826][  0]LogLoad: (Engine Initialization) Total Blueprint compile time: 0.00 seconds
[2018.09.19-10.35.19:864][  0]LogContentStreaming: Texture pool size now 800 MB
[2018.09.19-10.35.20:020][  1]LogAssetRegistry: Asset discovery search completed in 50.2651 seconds
[2018.09.19-10.35.20:022][  1]LogCollectionManager: Rebuilt the object cache for 0 collections in 0.000000 seconds (found 0 objects)
[2018.09.19-10.35.20:022][  1]LogCollectionManager: Fixed up redirectors for 0 collections in 0.000052 seconds (updated 0 objects)
[2018.09.19-10.36.39:093][485]LogSlate: FSceneViewport::OnFocusLost() reason 0
[2018.09.19-10.36.39:160][493]LogTemp: Repeating last play command: New Editor Window (PIE)
[2018.09.19-10.36.39:182][493]LogBlueprintUserMessages: Early PlayInEditor Detection: Level '/Game/ThirdPersonBP/Maps/ThirdPersonExampleMap.ThirdPersonExampleMap:PersistentLevel' has LevelScriptBlueprint '/Game/ThirdPersonBP/Maps/ThirdPersonExampleMap.ThirdPersonExampleMap:PersistentLevel.ThirdPersonExampleMap' with GeneratedClass '/Game/ThirdPersonBP/Maps/ThirdPersonExampleMap.ThirdPersonExampleMap_C' with ClassGeneratedBy '/Game/ThirdPersonBP/Maps/ThirdPersonExampleMap.ThirdPersonExampleMap:PersistentLevel.ThirdPersonExampleMap'
[2018.09.19-10.36.39:182][493]LogPlayLevel: PlayLevel: No blueprints needed recompiling
[2018.09.19-10.36.39:194][493]PIE: New page: PIE session: ThirdPersonExampleMap (19 сент. 2018, 16:36:39)
[2018.09.19-10.36.39:194][493]LogPlayLevel: Creating play world package: /Game/ThirdPersonBP/Maps/UEDPIE_0_ThirdPersonExampleMap
[2018.09.19-10.36.39:217][493]LogPlayLevel: PIE: StaticDuplicateObject took: (0.022871s)
[2018.09.19-10.36.39:218][493]LogAIModule: Creating AISystem for world ThirdPersonExampleMap
[2018.09.19-10.36.39:219][493]LogPlayLevel: PIE: World Init took: (0.001205s)
[2018.09.19-10.36.39:219][493]LogPlayLevel: PIE: Created PIE world by copying editor world from /Game/ThirdPersonBP/Maps/ThirdPersonExampleMap.ThirdPersonExampleMap to /Game/ThirdPersonBP/Maps/UEDPIE_0_ThirdPersonExampleMap.ThirdPersonExampleMap (0.024306s)
[2018.09.19-10.36.39:247][493]LogInit: XAudio2 using 'Динамики (Realtek High Definition Audio)' : 2 channels at 48 kHz using 32 bits per sample (channel mask 0x3)
[2018.09.19-10.36.39:260][493]LogInit: FAudioDevice initialized.
[2018.09.19-10.36.39:267][493]LogSlate: Updating window title bar state: overlay mode, drag disabled, window buttons hidden, title bar hidden
[2018.09.19-10.36.39:320][493]LogLoad: Game class is 'ThirdPersonGameMode_C'
[2018.09.19-10.36.39:325][493]LogWorld: Bringing World /Game/ThirdPersonBP/Maps/UEDPIE_0_ThirdPersonExampleMap.ThirdPersonExampleMap up for play (max tick rate 0) at 2018.09.19-13.36.39
[2018.09.19-10.36.39:326][493]LogWorld: Bringing up level for play took: 0.005043
[2018.09.19-10.36.39:341][493]LogContentBrowser: Native class hierarchy updated for 'MovieSceneCapture' in 0.0003 seconds. Added 10 classes and 0 folders.
[2018.09.19-10.36.39:347][493]PIE: Play in editor start time for /Game/ThirdPersonBP/Maps/UEDPIE_0_ThirdPersonExampleMap 0,422
[2018.09.19-10.36.39:349][493]LogBlueprintUserMessages: Late PlayInEditor Detection: Level '/Game/ThirdPersonBP/Maps/ThirdPersonExampleMap.ThirdPersonExampleMap:PersistentLevel' has LevelScriptBlueprint '/Game/ThirdPersonBP/Maps/ThirdPersonExampleMap.ThirdPersonExampleMap:PersistentLevel.ThirdPersonExampleMap' with GeneratedClass '/Game/ThirdPersonBP/Maps/ThirdPersonExampleMap.ThirdPersonExampleMap_C' with ClassGeneratedBy '/Game/ThirdPersonBP/Maps/ThirdPersonExampleMap.ThirdPersonExampleMap:PersistentLevel.ThirdPersonExampleMap'
[2018.09.19-10.36.39:369][493]LogRenderer: Reallocating scene render targets to support 1452x936 Format 9 NumSamples 1 (Frame:1).
[2018.09.19-10.36.40:286][590]LogBlueprintUserMessages: [ThirdPersonCharacter_C_0] HIGHTLITED
[2018.09.19-10.36.40:294][591]LogBlueprintUserMessages: [ThirdPersonCharacter_C_0] HIGHTLITED
[2018.09.19-10.36.40:303][592]LogBlueprintUserMessages: [ThirdPersonCharacter_C_0] HIGHTLITED
[2018.09.19-10.36.40:311][593]LogBlueprintUserMessages: [ThirdPersonCharacter_C_0] HIGHTLITED
[2018.09.19-10.36.40:319][594]LogBlueprintUserMessages: [ThirdPersonCharacter_C_0] HIGHTLITED
[2018.09.19-10.36.40:327][595]LogBlueprintUserMessages: [ThirdPersonCharacter_C_0] HIGHTLITED
[2018.09.19-10.36.40:336][596]LogBlueprintUserMessages: [ThirdPersonCharacter_C_0] HIGHTLITED
[2018.09.19-10.36.40:344][597]LogBlueprintUserMessages: [ThirdPersonCharacter_C_0] HIGHTLITED
[2018.09.19-10.36.40:353][598]LogBlueprintUserMessages: [ThirdPersonCharacter_C_0] HIGHTLITED
[2018.09.19-10.36.40:361][599]LogBlueprintUserMessages: [ThirdPersonCharacter_C_0] HIGHTLITED
[2018.09.19-10.36.40:369][600]LogBlueprintUserMessages: [ThirdPersonCharacter_C_0] HIGHTLITED
[2018.09.19-10.36.40:378][601]LogBlueprintUserMessages: [ThirdPersonCharacter_C_0] HIGHTLITED
[2018.09.19-10.36.40:386][602]LogBlueprintUserMessages: [ThirdPersonCharacter_C_0] HIGHTLITED
[2018.09.19-10.36.40:394][603]LogBlueprintUserMessages: [ThirdPersonCharacter_C_0] HIGHTLITED
[2018.09.19-10.36.40:403][604]LogBlueprintUserMessages: [ThirdPersonCharacter_C_0] HIGHTLITED
[2018.09.19-10.36.40:411][605]LogBlueprintUserMessages: [ThirdPersonCharacter_C_0] HIGHTLITED
[2018.09.19-10.36.40:419][606]LogBlueprintUserMessages: [ThirdPersonCharacter_C_0] HIGHTLITED
[2018.09.19-10.36.40:428][607]LogBlueprintUserMessages: [ThirdPersonCharacter_C_0] HIGHTLITED
[2018.09.19-10.36.40:436][608]LogBlueprintUserMessages: [ThirdPersonCharacter_C_0] HIGHTLITED
[2018.09.19-10.36.40:444][609]LogBlueprintUserMessages: [ThirdPersonCharacter_C_0] HIGHTLITED
[2018.09.19-10.36.40:453][610]LogBlueprintUserMessages: [ThirdPersonCharacter_C_0] HIGHTLITED
[2018.09.19-10.36.40:461][611]LogBlueprintUserMessages: [ThirdPersonCharacter_C_0] HIGHTLITED
[2018.09.19-10.36.40:469][612]LogBlueprintUserMessages: [ThirdPersonCharacter_C_0] HIGHTLITED
[2018.09.19-10.36.40:478][613]LogBlueprintUserMessages: [ThirdPersonCharacter_C_0] HIGHTLITED
[2018.09.19-10.36.40:486][614]LogBlueprintUserMessages: [ThirdPersonCharacter_C_0] HIGHTLITED
[2018.09.19-10.36.40:494][615]LogBlueprintUserMessages: [ThirdPersonCharacter_C_0] HIGHTLITED
[2018.09.19-10.36.40:502][616]LogBlueprintUserMessages: [ThirdPersonCharacter_C_0] HIGHTLITED
[2018.09.19-10.36.41:366][719]LogSlate: FSceneViewport::OnFocusLost() reason 0
[2018.09.19-10.36.41:450][729]LogBlueprintUserMessages: [ThirdPersonCharacter_C_0] None
[2018.09.19-10.36.41:450][729]LogBlueprintUserMessages: [ThirdPersonCharacter_C_0] 40
[2018.09.19-10.36.41:450][729]LogBlueprintUserMessages: [ThirdPersonCharacter_C_0] 10.0
[2018.09.19-10.36.41:450][729]LogBlueprintUserMessages: [ThirdPersonCharacter_C_0] 30
[2018.09.19-10.36.41:450][729]LogBlueprintUserMessages: [ThirdPersonCharacter_C_0] 0.1
[2018.09.19-10.36.41:995][794]LogBlueprintUserMessages: [ThirdPersonCharacter_C_0] hold weapon
[2018.09.19-10.36.42:013][796]LogBlueprintUserMessages: [ThirdPersonCharacter_C_0] HIGHTLITED
[2018.09.19-10.36.42:021][797]LogBlueprintUserMessages: [ThirdPersonCharacter_C_0] HIGHTLITED
[2018.09.19-10.36.42:030][798]LogBlueprintUserMessages: [ThirdPersonCharacter_C_0] HIGHTLITED
[2018.09.19-10.36.42:038][799]LogBlueprintUserMessages: [ThirdPersonCharacter_C_0] HIGHTLITED
[2018.09.19-10.36.42:046][800]LogBlueprintUserMessages: [ThirdPersonCharacter_C_0] HIGHTLITED
[2018.09.19-10.36.42:055][801]LogBlueprintUserMessages: [ThirdPersonCharacter_C_0] HIGHTLITED
[2018.09.19-10.36.42:064][802]LogBlueprintUserMessages: [ThirdPersonCharacter_C_0] HIGHTLITED
[2018.09.19-10.36.42:072][803]LogBlueprintUserMessages: [ThirdPersonCharacter_C_0] HIGHTLITED
[2018.09.19-10.36.43:617][987]LogBlueprintUserMessages: [AI_Base_2] 10.0
[2018.09.19-10.36.43:715][998]LogBlueprintUserMessages: [AI_Base_2] 10.0
[2018.09.19-10.36.43:815][ 10]LogBlueprintUserMessages: [AI_Base_2] 10.0
[2018.09.19-10.36.43:916][ 22]LogBlueprintUserMessages: [AI_Base_2] 10.0
[2018.09.19-10.36.44:015][ 34]LogBlueprintUserMessages: [AI_Base_2] 10.0
[2018.09.19-10.36.44:116][ 46]LogBlueprintUserMessages: [AI_Base_2] 10.0
[2018.09.19-10.36.44:216][ 58]LogBlueprintUserMessages: [AI_Base_2] 10.0
[2018.09.19-10.36.44:317][ 70]LogBlueprintUserMessages: [AI_Base_2] HEADSHOT
[2018.09.19-10.36.44:418][ 82]LogBlueprintUserMessages: [AI_Base_2] HEADSHOT
[2018.09.19-10.36.44:518][ 94]LogBlueprintUserMessages: [AI_Base_2] HEADSHOT
[2018.09.19-10.36.45:055][158]LogBlueprintUserMessages: [AI_Base_2] 10.0
[2018.09.19-10.36.45:147][169]LogBlueprintUserMessages: [AI_Base_2] 10.0
[2018.09.19-10.36.45:448][205]LogBlueprintUserMessages: [AI_Base_2] 10.0
[2018.09.19-10.37.09:350][ 62]LogBlueprintUserMessages: [AI_Base_2] 10.0
[2018.09.19-10.37.09:449][ 74]LogBlueprintUserMessages: [AI_Base_2] 10.0
[2018.09.19-10.37.09:618][ 94]LogBlueprintUserMessages: [AI_Base_2] 10.0
[2018.09.19-10.37.09:709][105]LogBlueprintUserMessages: [AI_Base_2] 10.0
[2018.09.19-10.37.09:810][117]LogBlueprintUserMessages: [AI_Base_2] 10.0
[2018.09.19-10.37.09:910][129]LogBlueprintUserMessages: [AI_Base_2] 10.0
[2018.09.19-10.37.10:010][141]LogBlueprintUserMessages: [AI_Base_2] 10.0
[2018.09.19-10.37.10:110][153]LogBlueprintUserMessages: [AI_Base_2] HEADSHOT
[2018.09.19-10.37.10:210][165]LogBlueprintUserMessages: [AI_Base_2] HEADSHOT
[2018.09.19-10.37.10:411][189]LogBlueprintUserMessages: [AI_Base_2] HEADSHOT
[2018.09.19-10.37.10:512][201]LogBlueprintUserMessages: [AI_Base_2] 10.0
[2018.09.19-10.37.13:927][608]LogBlueprintUserMessages: [AI_Base_2] 10.0
[2018.09.19-10.37.14:120][631]LogBlueprintUserMessages: [AI_Base_2] 10.0
[2018.09.19-10.37.18:025][ 98]LogBlueprintUserMessages: [AI_Base_2] HEADSHOT
[2018.09.19-10.37.18:117][109]LogBlueprintUserMessages: [AI_Base_2] HEADSHOT
[2018.09.19-10.37.18:218][121]LogBlueprintUserMessages: [AI_Base_2] HEADSHOT
[2018.09.19-10.37.18:319][133]LogBlueprintUserMessages: [AI_Base_2] HEADSHOT
[2018.09.19-10.37.18:419][145]LogBlueprintUserMessages: [AI_Base_2] HEADSHOT
[2018.09.19-10.37.19:337][255]LogBlueprintUserMessages: [ThirdPersonCharacter_C_0] HIGHTLITED
[2018.09.19-10.37.19:345][256]LogBlueprintUserMessages: [ThirdPersonCharacter_C_0] HIGHTLITED
[2018.09.19-10.37.19:354][257]LogBlueprintUserMessages: [ThirdPersonCharacter_C_0] HIGHTLITED
[2018.09.19-10.37.19:362][258]LogBlueprintUserMessages: [ThirdPersonCharacter_C_0] HIGHTLITED
[2018.09.19-10.37.19:370][259]LogBlueprintUserMessages: [ThirdPersonCharacter_C_0] HIGHTLITED
[2018.09.19-10.37.19:379][260]LogBlueprintUserMessages: [ThirdPersonCharacter_C_0] HIGHTLITED
[2018.09.19-10.37.19:387][261]LogBlueprintUserMessages: [ThirdPersonCharacter_C_0] HIGHTLITED
[2018.09.19-10.37.19:396][262]LogBlueprintUserMessages: [ThirdPersonCharacter_C_0] HIGHTLITED
[2018.09.19-10.37.19:404][263]LogBlueprintUserMessages: [ThirdPersonCharacter_C_0] HIGHTLITED
[2018.09.19-10.37.19:412][264]LogBlueprintUserMessages: [ThirdPersonCharacter_C_0] HIGHTLITED
[2018.09.19-10.37.19:420][265]LogBlueprintUserMessages: [ThirdPersonCharacter_C_0] HIGHTLITED
[2018.09.19-10.37.19:429][266]LogBlueprintUserMessages: [ThirdPersonCharacter_C_0] HIGHTLITED
[2018.09.19-10.37.19:437][267]LogBlueprintUserMessages: [ThirdPersonCharacter_C_0] HIGHTLITED
[2018.09.19-10.37.19:446][268]LogBlueprintUserMessages: [ThirdPersonCharacter_C_0] HIGHTLITED
[2018.09.19-10.37.19:454][269]LogBlueprintUserMessages: [ThirdPersonCharacter_C_0] HIGHTLITED
[2018.09.19-10.37.19:647][292]LogBlueprintUserMessages: [ThirdPersonCharacter_C_0] HIGHTLITED
[2018.09.19-10.37.19:655][293]LogBlueprintUserMessages: [ThirdPersonCharacter_C_0] HIGHTLITED
[2018.09.19-10.37.19:663][294]LogBlueprintUserMessages: [ThirdPersonCharacter_C_0] HIGHTLITED
[2018.09.19-10.37.19:672][295]LogBlueprintUserMessages: [ThirdPersonCharacter_C_0] HIGHTLITED
[2018.09.19-10.37.19:680][296]LogBlueprintUserMessages: [ThirdPersonCharacter_C_0] HIGHTLITED
[2018.09.19-10.37.19:688][297]LogBlueprintUserMessages: [ThirdPersonCharacter_C_0] HIGHTLITED
[2018.09.19-10.37.19:697][298]LogBlueprintUserMessages: [ThirdPersonCharacter_C_0] HIGHTLITED
[2018.09.19-10.37.19:705][299]LogBlueprintUserMessages: [ThirdPersonCharacter_C_0] HIGHTLITED
[2018.09.19-10.37.19:897][322]LogBlueprintUserMessages: [ThirdPersonCharacter_C_0] HIGHTLITED
[2018.09.19-10.37.19:905][323]LogBlueprintUserMessages: [ThirdPersonCharacter_C_0] HIGHTLITED
[2018.09.19-10.37.19:913][324]LogBlueprintUserMessages: [ThirdPersonCharacter_C_0] HIGHTLITED
[2018.09.19-10.37.19:922][325]LogBlueprintUserMessages: [ThirdPersonCharacter_C_0] HIGHTLITED
[2018.09.19-10.37.19:930][326]LogBlueprintUserMessages: [ThirdPersonCharacter_C_0] HIGHTLITED
[2018.09.19-10.37.19:939][327]LogBlueprintUserMessages: [ThirdPersonCharacter_C_0] HIGHTLITED
[2018.09.19-10.37.19:947][328]LogBlueprintUserMessages: [ThirdPersonCharacter_C_0] HIGHTLITED
[2018.09.19-10.37.19:955][329]LogBlueprintUserMessages: [ThirdPersonCharacter_C_0] HIGHTLITED
[2018.09.19-10.37.19:964][330]LogBlueprintUserMessages: [ThirdPersonCharacter_C_0] HIGHTLITED
[2018.09.19-10.37.19:972][331]LogBlueprintUserMessages: [ThirdPersonCharacter_C_0] HIGHTLITED
[2018.09.19-10.37.19:981][332]LogBlueprintUserMessages: [ThirdPersonCharacter_C_0] HIGHTLITED
[2018.09.19-10.37.19:989][333]LogBlueprintUserMessages: [ThirdPersonCharacter_C_0] HIGHTLITED
[2018.09.19-10.37.19:998][334]LogBlueprintUserMessages: [ThirdPersonCharacter_C_0] HIGHTLITED
[2018.09.19-10.37.20:006][335]LogBlueprintUserMessages: [ThirdPersonCharacter_C_0] HIGHTLITED
[2018.09.19-10.37.20:014][336]LogBlueprintUserMessages: [ThirdPersonCharacter_C_0] HIGHTLITED
[2018.09.19-10.37.20:023][337]LogBlueprintUserMessages: [ThirdPersonCharacter_C_0] HIGHTLITED
[2018.09.19-10.37.20:031][338]LogBlueprintUserMessages: [ThirdPersonCharacter_C_0] HIGHTLITED
[2018.09.19-10.37.20:039][339]LogBlueprintUserMessages: [ThirdPersonCharacter_C_0] HIGHTLITED
[2018.09.19-10.37.20:048][340]LogBlueprintUserMessages: [ThirdPersonCharacter_C_0] HIGHTLITED
[2018.09.19-10.37.20:056][341]LogBlueprintUserMessages: [ThirdPersonCharacter_C_0] HIGHTLITED
[2018.09.19-10.37.20:064][342]LogBlueprintUserMessages: [ThirdPersonCharacter_C_0] HIGHTLITED
[2018.09.19-10.37.20:073][343]LogBlueprintUserMessages: [ThirdPersonCharacter_C_0] HIGHTLITED
[2018.09.19-10.37.20:081][344]LogBlueprintUserMessages: [ThirdPersonCharacter_C_0] HIGHTLITED
[2018.09.19-10.37.20:089][345]LogBlueprintUserMessages: [ThirdPersonCharacter_C_0] HIGHTLITED
[2018.09.19-10.37.20:281][368]LogBlueprintUserMessages: [ThirdPersonCharacter_C_0] HIGHTLITED
[2018.09.19-10.37.20:289][369]LogBlueprintUserMessages: [ThirdPersonCharacter_C_0] HIGHTLITED
[2018.09.19-10.37.20:298][370]LogBlueprintUserMessages: [ThirdPersonCharacter_C_0] HIGHTLITED
[2018.09.19-10.37.20:306][371]LogBlueprintUserMessages: [ThirdPersonCharacter_C_0] HIGHTLITED
[2018.09.19-10.37.20:314][372]LogBlueprintUserMessages: [ThirdPersonCharacter_C_0] HIGHTLITED
[2018.09.19-10.37.20:323][373]LogBlueprintUserMessages: [ThirdPersonCharacter_C_0] HIGHTLITED
[2018.09.19-10.37.20:331][374]LogBlueprintUserMessages: [ThirdPersonCharacter_C_0] HIGHTLITED
[2018.09.19-10.37.20:339][375]LogBlueprintUserMessages: [ThirdPersonCharacter_C_0] HIGHTLITED
[2018.09.19-10.37.20:347][376]LogBlueprintUserMessages: [ThirdPersonCharacter_C_0] HIGHTLITED
[2018.09.19-10.37.20:355][377]LogBlueprintUserMessages: [ThirdPersonCharacter_C_0] HIGHTLITED
[2018.09.19-10.37.20:363][378]LogBlueprintUserMessages: [ThirdPersonCharacter_C_0] HIGHTLITED
[2018.09.19-10.37.20:372][379]LogBlueprintUserMessages: [ThirdPersonCharacter_C_0] HIGHTLITED
[2018.09.19-10.37.20:381][380]LogBlueprintUserMessages: [ThirdPersonCharacter_C_0] HIGHTLITED
[2018.09.19-10.37.20:389][381]LogBlueprintUserMessages: [ThirdPersonCharacter_C_0] HIGHTLITED
[2018.09.19-10.37.20:397][382]LogBlueprintUserMessages: [ThirdPersonCharacter_C_0] HIGHTLITED
[2018.09.19-10.37.20:406][383]LogBlueprintUserMessages: [ThirdPersonCharacter_C_0] HIGHTLITED
[2018.09.19-10.37.20:414][384]LogBlueprintUserMessages: [ThirdPersonCharacter_C_0] HIGHTLITED
[2018.09.19-10.37.20:422][385]LogBlueprintUserMessages: [ThirdPersonCharacter_C_0] HIGHTLITED
[2018.09.19-10.37.20:831][434]LogBlueprintUserMessages: [ThirdPersonCharacter_C_0] HIGHTLITED
[2018.09.19-10.37.20:840][435]LogBlueprintUserMessages: [ThirdPersonCharacter_C_0] HIGHTLITED
[2018.09.19-10.37.20:848][436]LogBlueprintUserMessages: [ThirdPersonCharacter_C_0] HIGHTLITED
[2018.09.19-10.37.20:855][437]LogBlueprintUserMessages: [ThirdPersonCharacter_C_0] HIGHTLITED
[2018.09.19-10.37.20:864][438]LogBlueprintUserMessages: [ThirdPersonCharacter_C_0] HIGHTLITED
[2018.09.19-10.37.20:872][439]LogBlueprintUserMessages: [ThirdPersonCharacter_C_0] HIGHTLITED
[2018.09.19-10.37.20:881][440]LogBlueprintUserMessages: [ThirdPersonCharacter_C_0] HIGHTLITED
[2018.09.19-10.37.20:889][441]LogBlueprintUserMessages: [ThirdPersonCharacter_C_0] HIGHTLITED
[2018.09.19-10.37.20:897][442]LogBlueprintUserMessages: [ThirdPersonCharacter_C_0] HIGHTLITED
[2018.09.19-10.37.20:906][443]LogBlueprintUserMessages: [ThirdPersonCharacter_C_0] HIGHTLITED
[2018.09.19-10.37.20:914][444]LogBlueprintUserMessages: [ThirdPersonCharacter_C_0] HIGHTLITED
[2018.09.19-10.37.20:923][445]LogBlueprintUserMessages: [ThirdPersonCharacter_C_0] HIGHTLITED
[2018.09.19-10.37.20:931][446]LogBlueprintUserMessages: [ThirdPersonCharacter_C_0] HIGHTLITED
[2018.09.19-10.37.20:940][447]LogBlueprintUserMessages: [ThirdPersonCharacter_C_0] HIGHTLITED
[2018.09.19-10.37.20:948][448]LogBlueprintUserMessages: [ThirdPersonCharacter_C_0] HIGHTLITED
[2018.09.19-10.37.20:956][449]LogBlueprintUserMessages: [ThirdPersonCharacter_C_0] HIGHTLITED
[2018.09.19-10.37.20:965][450]LogBlueprintUserMessages: [ThirdPersonCharacter_C_0] HIGHTLITED
[2018.09.19-10.37.20:973][451]LogBlueprintUserMessages: [ThirdPersonCharacter_C_0] HIGHTLITED
[2018.09.19-10.37.20:982][452]LogBlueprintUserMessages: [ThirdPersonCharacter_C_0] HIGHTLITED
[2018.09.19-10.37.21:332][494]LogBlueprintUserMessages: [ThirdPersonCharacter_C_0] HIGHTLITED
[2018.09.19-10.37.21:341][495]LogBlueprintUserMessages: [ThirdPersonCharacter_C_0] HIGHTLITED
[2018.09.19-10.37.21:349][496]LogBlueprintUserMessages: [ThirdPersonCharacter_C_0] HIGHTLITED
[2018.09.19-10.37.21:358][497]LogBlueprintUserMessages: [ThirdPersonCharacter_C_0] HIGHTLITED
[2018.09.19-10.37.21:366][498]LogBlueprintUserMessages: [ThirdPersonCharacter_C_0] HIGHTLITED
[2018.09.19-10.37.21:374][499]LogBlueprintUserMessages: [ThirdPersonCharacter_C_0] HIGHTLITED
[2018.09.19-10.37.21:383][500]LogBlueprintUserMessages: [ThirdPersonCharacter_C_0] HIGHTLITED
[2018.09.19-10.37.21:391][501]LogBlueprintUserMessages: [ThirdPersonCharacter_C_0] HIGHTLITED
[2018.09.19-10.37.21:399][502]LogBlueprintUserMessages: [ThirdPersonCharacter_C_0] HIGHTLITED
[2018.09.19-10.37.21:408][503]LogBlueprintUserMessages: [ThirdPersonCharacter_C_0] HIGHTLITED
[2018.09.19-10.37.21:416][504]LogBlueprintUserMessages: [ThirdPersonCharacter_C_0] HIGHTLITED
[2018.09.19-10.37.21:425][505]LogBlueprintUserMessages: [ThirdPersonCharacter_C_0] HIGHTLITED
[2018.09.19-10.37.21:433][506]LogBlueprintUserMessages: [ThirdPersonCharacter_C_0] HIGHTLITED
[2018.09.19-10.37.21:442][507]LogBlueprintUserMessages: [ThirdPersonCharacter_C_0] HIGHTLITED
[2018.09.19-10.37.21:450][508]LogBlueprintUserMessages: [ThirdPersonCharacter_C_0] HIGHTLITED
[2018.09.19-10.37.21:458][509]LogBlueprintUserMessages: [ThirdPersonCharacter_C_0] HIGHTLITED
[2018.09.19-10.37.21:466][510]LogBlueprintUserMessages: [ThirdPersonCharacter_C_0] HIGHTLITED
[2018.09.19-10.37.21:475][511]LogBlueprintUserMessages: [ThirdPersonCharacter_C_0] HIGHTLITED
[2018.09.19-10.37.21:483][512]LogBlueprintUserMessages: [ThirdPersonCharacter_C_0] HIGHTLITED
[2018.09.19-10.37.21:492][513]LogBlueprintUserMessages: [ThirdPersonCharacter_C_0] HIGHTLITED
[2018.09.19-10.37.21:500][514]LogBlueprintUserMessages: [ThirdPersonCharacter_C_0] HIGHTLITED
[2018.09.19-10.37.21:509][515]LogBlueprintUserMessages: [ThirdPersonCharacter_C_0] HIGHTLITED
[2018.09.19-10.37.21:517][516]LogBlueprintUserMessages: [ThirdPersonCharacter_C_0] HIGHTLITED
[2018.09.19-10.37.22:159][593]LogBlueprintUserMessages: [ThirdPersonCharacter_C_0] HIGHTLITED
[2018.09.19-10.37.22:168][594]LogBlueprintUserMessages: [ThirdPersonCharacter_C_0] HIGHTLITED
[2018.09.19-10.37.22:176][595]LogBlueprintUserMessages: [ThirdPersonCharacter_C_0] HIGHTLITED
[2018.09.19-10.37.22:185][596]LogBlueprintUserMessages: [ThirdPersonCharacter_C_0] HIGHTLITED
[2018.09.19-10.37.22:193][597]LogBlueprintUserMessages: [ThirdPersonCharacter_C_0] HIGHTLITED
[2018.09.19-10.37.22:202][598]LogBlueprintUserMessages: [ThirdPersonCharacter_C_0] HIGHTLITED
[2018.09.19-10.37.22:210][599]LogBlueprintUserMessages: [ThirdPersonCharacter_C_0] HIGHTLITED
[2018.09.19-10.37.22:219][600]LogBlueprintUserMessages: [ThirdPersonCharacter_C_0] HIGHTLITED
[2018.09.19-10.37.22:227][601]LogBlueprintUserMessages: [ThirdPersonCharacter_C_0] HIGHTLITED
[2018.09.19-10.37.22:236][602]LogBlueprintUserMessages: [ThirdPersonCharacter_C_0] HIGHTLITED
[2018.09.19-10.37.22:244][603]LogBlueprintUserMessages: [ThirdPersonCharacter_C_0] HIGHTLITED
[2018.09.19-10.37.22:251][604]LogBlueprintUserMessages: [ThirdPersonCharacter_C_0] HIGHTLITED
[2018.09.19-10.37.22:261][605]LogBlueprintUserMessages: [ThirdPersonCharacter_C_0] HIGHTLITED
[2018.09.19-10.37.22:428][625]LogBlueprintUserMessages: [ThirdPersonCharacter_C_0] HIGHTLITED
[2018.09.19-10.37.22:436][626]LogBlueprintUserMessages: [ThirdPersonCharacter_C_0] HIGHTLITED
[2018.09.19-10.37.22:445][627]LogBlueprintUserMessages: [ThirdPersonCharacter_C_0] HIGHTLITED
[2018.09.19-10.37.22:453][628]LogBlueprintUserMessages: [ThirdPersonCharacter_C_0] HIGHTLITED
[2018.09.19-10.37.22:462][629]LogBlueprintUserMessages: [ThirdPersonCharacter_C_0] HIGHTLITED
[2018.09.19-10.37.22:471][630]LogBlueprintUserMessages: [ThirdPersonCharacter_C_0] HIGHTLITED
[2018.09.19-10.37.22:479][631]LogBlueprintUserMessages: [ThirdPersonCharacter_C_0] HIGHTLITED
[2018.09.19-10.37.22:487][632]LogBlueprintUserMessages: [ThirdPersonCharacter_C_0] HIGHTLITED
[2018.09.19-10.37.22:738][662]LogBlueprintUserMessages: [ThirdPersonCharacter_C_0] HIGHTLITED
[2018.09.19-10.37.22:747][663]LogBlueprintUserMessages: [ThirdPersonCharacter_C_0] HIGHTLITED
[2018.09.19-10.37.22:755][664]LogBlueprintUserMessages: [ThirdPersonCharacter_C_0] HIGHTLITED
[2018.09.19-10.37.22:764][665]LogBlueprintUserMessages: [ThirdPersonCharacter_C_0] HIGHTLITED
[2018.09.19-10.37.22:772][666]LogBlueprintUserMessages: [ThirdPersonCharacter_C_0] HIGHTLITED
[2018.09.19-10.37.22:780][667]LogBlueprintUserMessages: [ThirdPersonCharacter_C_0] HIGHTLITED
[2018.09.19-10.37.22:788][668]LogBlueprintUserMessages: [ThirdPersonCharacter_C_0] HIGHTLITED
[2018.09.19-10.37.22:797][669]LogBlueprintUserMessages: [ThirdPersonCharacter_C_0] HIGHTLITED
[2018.09.19-10.37.22:805][670]LogBlueprintUserMessages: [ThirdPersonCharacter_C_0] HIGHTLITED
[2018.09.19-10.37.22:813][671]LogBlueprintUserMessages: [ThirdPersonCharacter_C_0] HIGHTLITED
[2018.09.19-10.37.22:822][672]LogBlueprintUserMessages: [ThirdPersonCharacter_C_0] HIGHTLITED
[2018.09.19-10.37.22:831][673]LogBlueprintUserMessages: [ThirdPersonCharacter_C_0] HIGHTLITED
[2018.09.19-10.37.22:839][674]LogBlueprintUserMessages: [ThirdPersonCharacter_C_0] HIGHTLITED
[2018.09.19-10.37.22:847][675]LogBlueprintUserMessages: [ThirdPersonCharacter_C_0] HIGHTLITED
[2018.09.19-10.37.22:855][676]LogBlueprintUserMessages: [ThirdPersonCharacter_C_0] HIGHTLITED
[2018.09.19-10.37.22:864][677]LogBlueprintUserMessages: [ThirdPersonCharacter_C_0] HIGHTLITED
[2018.09.19-10.37.22:872][678]LogBlueprintUserMessages: [ThirdPersonCharacter_C_0] HIGHTLITED
[2018.09.19-10.37.22:880][679]LogBlueprintUserMessages: [ThirdPersonCharacter_C_0] HIGHTLITED
[2018.09.19-10.37.22:888][680]LogBlueprintUserMessages: [ThirdPersonCharacter_C_0] HIGHTLITED
[2018.09.19-10.37.22:896][681]LogBlueprintUserMessages: [ThirdPersonCharacter_C_0] HIGHTLITED
[2018.09.19-10.37.22:905][682]LogBlueprintUserMessages: [ThirdPersonCharacter_C_0] HIGHTLITED
[2018.09.19-10.37.22:913][683]LogBlueprintUserMessages: [ThirdPersonCharacter_C_0] HIGHTLITED
[2018.09.19-10.37.22:921][684]LogBlueprintUserMessages: [ThirdPersonCharacter_C_0] HIGHTLITED
[2018.09.19-10.37.22:998][693]LogBlueprintUserMessages: [ThirdPersonCharacter_C_0] HIGHTLITED
[2018.09.19-10.37.23:006][694]LogBlueprintUserMessages: [ThirdPersonCharacter_C_0] HIGHTLITED
[2018.09.19-10.37.23:015][695]LogBlueprintUserMessages: [ThirdPersonCharacter_C_0] HIGHTLITED
[2018.09.19-10.37.23:023][696]LogBlueprintUserMessages: [ThirdPersonCharacter_C_0] HIGHTLITED
[2018.09.19-10.37.23:031][697]LogBlueprintUserMessages: [ThirdPersonCharacter_C_0] HIGHTLITED
[2018.09.19-10.37.23:040][698]LogBlueprintUserMessages: [ThirdPersonCharacter_C_0] HIGHTLITED
[2018.09.19-10.37.23:048][699]LogBlueprintUserMessages: [ThirdPersonCharacter_C_0] HIGHTLITED
[2018.09.19-10.37.23:057][700]LogBlueprintUserMessages: [ThirdPersonCharacter_C_0] HIGHTLITED
[2018.09.19-10.37.23:065][701]LogBlueprintUserMessages: [ThirdPersonCharacter_C_0] HIGHTLITED
[2018.09.19-10.37.23:073][702]LogBlueprintUserMessages: [ThirdPersonCharacter_C_0] HIGHTLITED
[2018.09.19-10.37.23:082][703]LogBlueprintUserMessages: [ThirdPersonCharacter_C_0] HIGHTLITED
[2018.09.19-10.37.23:090][704]LogBlueprintUserMessages: [ThirdPersonCharacter_C_0] HIGHTLITED
[2018.09.19-10.37.23:098][705]LogBlueprintUserMessages: [ThirdPersonCharacter_C_0] HIGHTLITED
[2018.09.19-10.37.23:107][706]LogBlueprintUserMessages: [ThirdPersonCharacter_C_0] HIGHTLITED
[2018.09.19-10.37.23:115][707]LogBlueprintUserMessages: [ThirdPersonCharacter_C_0] HIGHTLITED
[2018.09.19-10.37.23:123][708]LogBlueprintUserMessages: [ThirdPersonCharacter_C_0] HIGHTLITED
[2018.09.19-10.37.23:132][709]LogBlueprintUserMessages: [ThirdPersonCharacter_C_0] HIGHTLITED
[2018.09.19-10.37.23:140][710]LogBlueprintUserMessages: [ThirdPersonCharacter_C_0] HIGHTLITED
[2018.09.19-10.37.23:307][730]LogBlueprintUserMessages: [ThirdPersonCharacter_C_0] HIGHTLITED
[2018.09.19-10.37.23:315][731]LogBlueprintUserMessages: [ThirdPersonCharacter_C_0] HIGHTLITED
[2018.09.19-10.37.23:324][732]LogBlueprintUserMessages: [ThirdPersonCharacter_C_0] HIGHTLITED
[2018.09.19-10.37.23:332][733]LogBlueprintUserMessages: [ThirdPersonCharacter_C_0] HIGHTLITED
[2018.09.19-10.37.29:054][418]LogBlueprintUserMessages: [AI_Base_2] 10.0
[2018.09.19-10.37.29:223][438]LogBlueprintUserMessages: [AI_Base_2] HEADSHOT
[2018.09.19-10.37.29:315][449]LogBlueprintUserMessages: [AI_Base_2] 10.0
[2018.09.19-10.37.29:415][461]LogBlueprintUserMessages: [AI_Base_2] 10.0
[2018.09.19-10.37.29:515][473]LogBlueprintUserMessages: [AI_Base_2] 10.0
[2018.09.19-10.37.29:615][485]LogBlueprintUserMessages: [AI_Base_2] 10.0
[2018.09.19-10.37.35:367][173]LogBlueprintUserMessages: [AI_Base_2] HEADSHOT
[2018.09.19-10.37.35:467][185]LogBlueprintUserMessages: [AI_Base_2] HEADSHOT
[2018.09.19-10.37.35:567][197]LogBlueprintUserMessages: [AI_Base_2] 10.0
[2018.09.19-10.37.35:668][209]LogBlueprintUserMessages: [AI_Base_2] 10.0
[2018.09.19-10.37.36:046][254]LogBlueprintUserMessages: [AI_Base_2] 10.0
[2018.09.19-10.37.36:138][265]LogBlueprintUserMessages: [AI_Base_2] 10.0
[2018.09.19-10.37.36:238][277]LogBlueprintUserMessages: [AI_Base_2] 10.0
[2018.09.19-10.37.36:340][289]LogBlueprintUserMessages: [AI_Base_2] 10.0
[2018.09.19-10.37.36:439][301]LogBlueprintUserMessages: [AI_Base_2] 10.0
[2018.09.19-10.37.36:540][313]LogBlueprintUserMessages: [AI_Base_2] 10.0
[2018.09.19-10.37.36:640][325]LogBlueprintUserMessages: [AI_Base_2] 10.0
[2018.09.19-10.37.36:740][337]LogBlueprintUserMessages: [AI_Base_2] 10.0
[2018.09.19-10.37.37:142][385]LogBlueprintUserMessages: [AI_Base_2] 10.0
[2018.09.19-10.37.37:242][397]LogBlueprintUserMessages: [AI_Base_2] 10.0
[2018.09.19-10.37.37:443][421]LogBlueprintUserMessages: [AI_Base_2] 10.0
[2018.09.19-10.37.37:543][433]LogBlueprintUserMessages: [AI_Base_2] 10.0
[2018.09.19-10.37.42:541][ 29]LogBlueprintUserMessages: [AI_Base_2] HEADSHOT
[2018.09.19-10.37.42:642][ 41]LogBlueprintUserMessages: [AI_Base_2] HEADSHOT
[2018.09.19-10.37.42:742][ 53]LogBlueprintUserMessages: [AI_Base_2] 10.0
[2018.09.19-10.37.42:842][ 65]LogBlueprintUserMessages: [AI_Base_2] 10.0
[2018.09.19-10.37.49:969][917]LogBlueprintUserMessages: [AI_Base_2] HEADSHOT
[2018.09.19-10.37.50:153][939]LogBlueprintUserMessages: [AI_Base_2] 10.0
[2018.09.19-10.37.50:245][950]LogBlueprintUserMessages: [AI_Base_2] 10.0
[2018.09.19-10.37.50:346][962]LogBlueprintUserMessages: [AI_Base_2] 10.0
[2018.09.19-10.37.50:915][ 30]LogBlueprintUserMessages: Early EndPlayMap Detection: Level '/Game/ThirdPersonBP/Maps/ThirdPersonExampleMap.ThirdPersonExampleMap:PersistentLevel' has LevelScriptBlueprint '/Game/ThirdPersonBP/Maps/ThirdPersonExampleMap.ThirdPersonExampleMap:PersistentLevel.ThirdPersonExampleMap' with GeneratedClass '/Game/ThirdPersonBP/Maps/ThirdPersonExampleMap.ThirdPersonExampleMap_C' with ClassGeneratedBy '/Game/ThirdPersonBP/Maps/ThirdPersonExampleMap.ThirdPersonExampleMap:PersistentLevel.ThirdPersonExampleMap'
[2018.09.19-10.37.50:915][ 30]LogSlate: Updating window title bar state: overlay mode, drag disabled, window buttons hidden, title bar hidden
[2018.09.19-10.37.50:939][ 30]LogSlate: Window 'parkour_sys Game Preview Standalone (64-bit/PCD3D_SM5)' being destroyed
[2018.09.19-10.37.50:968][ 30]LogPlayLevel: Display: Shutting down PIE online subsystems
[2018.09.19-10.37.50:969][ 30]LogBlueprintUserMessages: Late EndPlayMap Detection: Level '/Game/ThirdPersonBP/Maps/ThirdPersonExampleMap.ThirdPersonExampleMap:PersistentLevel' has LevelScriptBlueprint '/Game/ThirdPersonBP/Maps/ThirdPersonExampleMap.ThirdPersonExampleMap:PersistentLevel.ThirdPersonExampleMap' with GeneratedClass '/Game/ThirdPersonBP/Maps/ThirdPersonExampleMap.ThirdPersonExampleMap_C' with ClassGeneratedBy '/Game/ThirdPersonBP/Maps/ThirdPersonExampleMap.ThirdPersonExampleMap:PersistentLevel.ThirdPersonExampleMap'
[2018.09.19-10.37.51:029][ 31]LogPlayLevel: Display: Destroying online subsystem :Context_1
[2018.09.19-10.37.53:782][337]LogSlate: Took 0.021574 seconds to synchronously load lazily loaded font '../../../Engine/Content/Slate/Fonts/Roboto-Light.ttf' (167K)
[2018.09.19-10.37.56:283][620]LogSlate: Took 0.000222 seconds to synchronously load lazily loaded font '../../../Engine/Content/Slate/Fonts/Roboto-Light.ttf' (167K)
[2018.09.19-10.37.56:289][620]LogAssetEditorManager: Opening Asset editor for Blueprint /Game/Inventory/BP_BaseWeapon.BP_BaseWeapon
[2018.09.19-10.37.56:893][620]LogContentBrowser: Native class hierarchy updated for 'BlueprintGraph' in 0.0005 seconds. Added 116 classes and 0 folders.
[2018.09.19-10.37.57:821][620]LogSlate: Took 0.016530 seconds to synchronously load lazily loaded font '../../../Engine/Content/Slate/Fonts/Roboto-BoldCondensed.ttf' (158K)
[2018.09.19-10.37.59:334][785]LogSlate: Took 0.017456 seconds to synchronously load lazily loaded font '../../../Engine/Content/Slate/Fonts/Roboto-Italic.ttf' (157K)
[2018.09.19-10.38.06:456][622]LogAssetEditorManager: Opening Asset editor for Blueprint /Game/ThirdPersonBP/Blueprints/ThirdPersonCharacter.ThirdPersonCharacter
[2018.09.19-10.38.34:599][866]LogWindowsTextInputMethodSystem: Display: IME system now deactivated.
[2018.09.19-10.38.34:599][866]LogWindowsTextInputMethodSystem: Display: IME system now deactivated.
[2018.09.19-10.38.49:316][603]BlueprintLog: New page: Compile BP_BaseWeapon
[2018.09.19-10.38.50:032][657]Cmd: OBJ SAVEPACKAGE PACKAGE="/Game/Inventory/BP_BaseWeapon" FILE="C:/Users/User/Documents/Unreal Projects/parkour_sys/Content/Inventory/BP_BaseWeapon.uasset" SILENT=true
[2018.09.19-10.38.50:058][657]LogSavePackage: Moving 'C:/Users/User/Documents/Unreal Projects/parkour_sys/Saved/BP_BaseWeapon6981F5E248326CF48BDE4BBF8B626741.tmp' to 'C:/Users/User/Documents/Unreal Projects/parkour_sys/Content/Inventory/BP_BaseWeapon.uasset'
[2018.09.19-10.39.11:662][161]LogAssetEditorManager: Opening Asset editor for Blueprint /Game/ThirdPersonBP/Blueprints/BPI_Weapon.BPI_Weapon
[2018.09.19-10.45.51:134][421]LogSlate: Window 'Message' being destroyed
[2018.09.19-10.45.52:590][593]BlueprintLog: New page: Compile BP_BaseWeapon
[2018.09.19-10.45.53:616][633]Cmd: OBJ SAVEPACKAGE PACKAGE="/Game/Inventory/BP_BaseWeapon" FILE="C:/Users/User/Documents/Unreal Projects/parkour_sys/Content/Inventory/BP_BaseWeapon.uasset" SILENT=true
[2018.09.19-10.45.53:641][633]LogSavePackage: Moving 'C:/Users/User/Documents/Unreal Projects/parkour_sys/Saved/BP_BaseWeapon24C94BD448A8C3E8921E6D8485746525.tmp' to 'C:/Users/User/Documents/Unreal Projects/parkour_sys/Content/Inventory/BP_BaseWeapon.uasset'
[2018.09.19-10.45.59:065][770]LogSlate: Window 'Save Content' being destroyed
[2018.09.19-10.45.59:081][770]Cmd: OBJ SAVEPACKAGE PACKAGE="/Game/Inventory/BP_WeaponTest" FILE="C:/Users/User/Documents/Unreal Projects/parkour_sys/Content/Inventory/BP_WeaponTest.uasset" SILENT=true
[2018.09.19-10.45.59:105][770]LogSavePackage: Moving 'C:/Users/User/Documents/Unreal Projects/parkour_sys/Saved/BP_WeaponTestEA8B60394BAF120A0087C3BD0F75BDDA.tmp' to 'C:/Users/User/Documents/Unreal Projects/parkour_sys/Content/Inventory/BP_WeaponTest.uasset'
[2018.09.19-10.45.59:736][770]LogSavePackage: Moving 'C:/Users/User/Documents/Unreal Projects/parkour_sys/Saved/ThirdPersonCharacterFDFCB1374C55ED5E496A1BA10CB6B331.tmp' to 'C:/Users/User/Documents/Unreal Projects/parkour_sys/Content/ThirdPersonBP/Blueprints/ThirdPersonCharacter.uasset'
[2018.09.19-10.46.00:045][770]LogSavePackage: Moving 'C:/Users/User/Documents/Unreal Projects/parkour_sys/Saved/ThirdPersonExampleMapF178070B4AEEAC8208DD3CBA249B9DFD.tmp' to 'C:/Users/User/Documents/Unreal Projects/parkour_sys/Content/ThirdPersonBP/Maps/ThirdPersonExampleMap.umap'
[2018.09.19-10.46.00:086][770]LogFileHelpers: Saving map 'ThirdPersonExampleMap' took 0.342
[2018.09.19-10.46.00:304][770]LogActorComponent: UnregisterComponent: (/Engine/Transient.EditorFloorComp) Not registered. Aborting.
[2018.09.19-10.46.00:387][770]LogSlate: Window 'parkour_sys - Unreal Editor' being destroyed
[2018.09.19-10.46.00:609][771]Cmd: QUIT_EDITOR
[2018.09.19-10.46.01:065][771]LogWindowsTextInputMethodSystem: Display: IME system now deactivated.
[2018.09.19-10.46.01:102][771]LogExit: Preparing to exit.
[2018.09.19-10.46.01:918][771]LogExit: Editor shut down
[2018.09.19-10.46.01:918][771]LogExit: Transaction tracking system shut down
[2018.09.19-10.46.02:251][771]LogExit: Object subsystem successfully closed.
[2018.09.19-10.46.02:266][771]LogShaderCompilers: Display: Shaders left to compile 0
[2018.09.19-10.46.02:269][771]LogD3D11RHI: Shutdown
[2018.09.19-10.46.02:269][771]LogD3D11RHI: CleanupD3DDevice
[2018.09.19-10.46.02:270][771]LogD3D11RHI: ~FD3D11DynamicRHI
[2018.09.19-10.46.02:281][771]LogModuleManager: Shutting down and abandoning module BlueprintGraph (618)
[2018.09.19-10.46.02:281][771]LogModuleManager: Shutting down and abandoning module MovieSceneCapture (616)
[2018.09.19-10.46.02:281][771]LogModuleManager: Shutting down and abandoning module Voice (614)
[2018.09.19-10.46.02:281][771]LogModuleManager: Shutting down and abandoning module HierarchicalLODOutliner (612)
[2018.09.19-10.46.02:281][771]LogModuleManager: Shutting down and abandoning module AddContentDialog (610)
[2018.09.19-10.46.02:281][771]LogModuleManager: Shutting down and abandoning module WidgetCarousel (609)
[2018.09.19-10.46.02:281][771]LogModuleManager: Shutting down and abandoning module EditorWidgets (606)
[2018.09.19-10.46.02:281][771]LogModuleManager: Shutting down and abandoning module CollectionManager (604)
[2018.09.19-10.46.02:281][771]LogModuleManager: Shutting down and abandoning module SceneOutliner (602)
[2018.09.19-10.46.02:281][771]LogModuleManager: Shutting down and abandoning module StatsViewer (600)
[2018.09.19-10.46.02:281][771]LogModuleManager: Shutting down and abandoning module FoliageEdit (598)
[2018.09.19-10.46.02:281][771]LogModuleManager: Shutting down and abandoning module LandscapeEditor (596)
[2018.09.19-10.46.02:282][771]LogModuleManager: Shutting down and abandoning module MeshPaintMode (594)
[2018.09.19-10.46.02:282][771]LogModuleManager: Shutting down and abandoning module SceneDepthPickerMode (592)
[2018.09.19-10.46.02:282][771]LogModuleManager: Shutting down and abandoning module ActorPickerMode (590)
[2018.09.19-10.46.02:282][771]LogModuleManager: Shutting down and abandoning module GeometryMode (588)
[2018.09.19-10.46.02:282][771]LogModuleManager: Shutting down and abandoning module TextureAlignMode (586)
[2018.09.19-10.46.02:282][771]LogModuleManager: Shutting down and abandoning module BspMode (584)
[2018.09.19-10.46.02:282][771]LogModuleManager: Shutting down and abandoning module PIEPreviewDeviceProfileSelector (582)
[2018.09.19-10.46.02:282][771]LogModuleManager: Shutting down and abandoning module SequenceRecorderSections (580)
[2018.09.19-10.46.02:282][771]LogModuleManager: Shutting down and abandoning module AutomationWorker (578)
[2018.09.19-10.46.02:282][771]LogModuleManager: Shutting down and abandoning module AudioCaptureEditor (576)
[2018.09.19-10.46.02:282][771]LogModuleManager: Shutting down and abandoning module SequenceRecorder (575)
[2018.09.19-10.46.02:282][771]LogModuleManager: Shutting down and abandoning module MatineeToLevelSequence (572)
[2018.09.19-10.46.02:282][771]LogModuleManager: Shutting down and abandoning module LevelSequenceEditor (570)
[2018.09.19-10.46.02:282][771]LogModuleManager: Shutting down and abandoning module PlacementMode (569)
[2018.09.19-10.46.02:282][771]LogModuleManager: Shutting down and abandoning module MaterialEditor (568)
[2018.09.19-10.46.02:282][771]LogModuleManager: Shutting down and abandoning module WmfMediaFactory (564)
[2018.09.19-10.46.02:282][771]LogModuleManager: Shutting down and abandoning module WmfMediaEditor (562)
[2018.09.19-10.46.02:282][771]LogModuleManager: Shutting down and abandoning module MediaPlayerEditor (560)
[2018.09.19-10.46.02:282][771]LogModuleManager: Shutting down and abandoning module OpenExrWrapper (558)
[2018.09.19-10.46.02:282][771]LogModuleManager: Shutting down and abandoning module ImgMediaFactory (556)
[2018.09.19-10.46.02:282][771]LogModuleManager: Shutting down and abandoning module ImgMediaEditor (554)
[2018.09.19-10.46.02:282][771]LogModuleManager: Shutting down and abandoning module AvfMediaFactory (552)
[2018.09.19-10.46.02:282][771]LogModuleManager: Shutting down and abandoning module AvfMediaEditor (550)
[2018.09.19-10.46.02:282][771]LogModuleManager: Shutting down and abandoning module AndroidMediaFactory (548)
[2018.09.19-10.46.02:282][771]LogModuleManager: Shutting down and abandoning module AndroidMediaEditor (546)
[2018.09.19-10.46.02:282][771]LogModuleManager: Shutting down and abandoning module MagicLeapCameraPreviewFactory (544)
[2018.09.19-10.46.02:282][771]LogModuleManager: Shutting down and abandoning module MagicLeapMediaFactory (542)
[2018.09.19-10.46.02:282][771]LogModuleManager: Shutting down and abandoning module MagicLeapMediaEditor (540)
[2018.09.19-10.46.02:282][771]LogModuleManager: Shutting down and abandoning module CharacterAI (538)
[2018.09.19-10.46.02:282][771]LogModuleManager: Shutting down and abandoning module SmartSnapping (536)
[2018.09.19-10.46.02:282][771]LogModuleManager: Shutting down and abandoning module SessionServices (534)
[2018.09.19-10.46.02:282][771]LogModuleManager: Shutting down and abandoning module ViewportSnapping (532)
[2018.09.19-10.46.02:282][771]LogModuleManager: Shutting down and abandoning module ViewportInteraction (530)
[2018.09.19-10.46.02:282][771]LogModuleManager: Shutting down and abandoning module ClothPainter (528)
[2018.09.19-10.46.02:282][771]LogModuleManager: Shutting down and abandoning module SkeletalMeshEditor (527)
[2018.09.19-10.46.02:282][771]LogModuleManager: Shutting down and abandoning module LogVisualizer (524)
[2018.09.19-10.46.02:282][771]LogModuleManager: Shutting down and abandoning module IntroTutorials (522)
[2018.09.19-10.46.02:282][771]LogModuleManager: Shutting down and abandoning module GameProjectGeneration (521)
[2018.09.19-10.46.02:283][771]LogModuleManager: Shutting down and abandoning module LuminPlatformEditor (518)
[2018.09.19-10.46.02:283][771]LogModuleManager: Shutting down and abandoning module IOSPlatformEditor (516)
[2018.09.19-10.46.02:283][771]LogModuleManager: Shutting down and abandoning module HTML5PlatformEditor (514)
[2018.09.19-10.46.02:283][771]LogModuleManager: Shutting down and abandoning module AndroidPlatformEditor (512)
[2018.09.19-10.46.02:283][771]LogModuleManager: Shutting down and abandoning module AndroidDeviceDetection (511)
[2018.09.19-10.46.03:270][771]LogModuleManager: Shutting down and abandoning module WindowsPlatformEditor (508)
[2018.09.19-10.46.03:270][771]LogModuleManager: Shutting down and abandoning module LuminRuntimeSettings (506)
[2018.09.19-10.46.03:270][771]LogModuleManager: Shutting down and abandoning module IOSRuntimeSettings (504)
[2018.09.19-10.46.03:270][771]LogModuleManager: Shutting down and abandoning module AndroidRuntimeSettings (502)
[2018.09.19-10.46.03:270][771]LogModuleManager: Shutting down and abandoning module InputBindingEditor (500)
[2018.09.19-10.46.03:270][771]LogModuleManager: Shutting down and abandoning module MergeActors (498)
[2018.09.19-10.46.03:270][771]LogModuleManager: Shutting down and abandoning module LocalizationDashboard (496)
[2018.09.19-10.46.03:270][771]LogModuleManager: Shutting down and abandoning module LocalizationService (495)
[2018.09.19-10.46.03:270][771]LogModuleManager: Shutting down and abandoning module HardwareTargeting (492)
[2018.09.19-10.46.03:270][771]LogModuleManager: Shutting down and abandoning module DeviceProfileEditor (490)
[2018.09.19-10.46.03:270][771]LogModuleManager: Shutting down and abandoning module UndoHistory (488)
[2018.09.19-10.46.03:270][771]LogModuleManager: Shutting down and abandoning module XmlParser (486)
[2018.09.19-10.46.03:270][771]LogModuleManager: Shutting down and abandoning module Blutility (484)
[2018.09.19-10.46.03:270][771]LogModuleManager: Shutting down and abandoning module ProjectSettingsViewer (482)
[2018.09.19-10.46.03:270][771]LogModuleManager: Shutting down and abandoning module ProjectTargetPlatformEditor (481)
[2018.09.19-10.46.03:271][771]LogModuleManager: Shutting down and abandoning module EditorSettingsViewer (478)
[2018.09.19-10.46.03:271][771]LogModuleManager: Shutting down and abandoning module SettingsEditor (476)
[2018.09.19-10.46.03:271][771]LogModuleManager: Shutting down and abandoning module ProjectLauncher (474)
[2018.09.19-10.46.03:271][771]LogModuleManager: Shutting down and abandoning module SessionFrontend (472)
[2018.09.19-10.46.03:271][771]LogModuleManager: Shutting down and abandoning module ProfilerClient (470)
[2018.09.19-10.46.03:271][771]LogModuleManager: Shutting down and abandoning module DeviceManager (468)
[2018.09.19-10.46.03:271][771]LogModuleManager: Shutting down and abandoning module TargetDeviceServices (467)
[2018.09.19-10.46.03:314][771]LogModuleManager: Shutting down and abandoning module AutomationController (464)
[2018.09.19-10.46.03:314][771]LogModuleManager: Shutting down and abandoning module AutomationWindow (462)
[2018.09.19-10.46.03:314][771]LogModuleManager: Shutting down and abandoning module Layers (460)
[2018.09.19-10.46.03:314][771]LogModuleManager: Shutting down and abandoning module ComponentVisualizers (458)
[2018.09.19-10.46.03:314][771]LogModuleManager: Shutting down and abandoning module DetailCustomizations (456)
[2018.09.19-10.46.03:314][771]LogModuleManager: Shutting down and abandoning module PackagesDialog (454)
[2018.09.19-10.46.03:314][771]LogModuleManager: Shutting down and abandoning module Persona (452)
[2018.09.19-10.46.03:314][771]LogModuleManager: Shutting down and abandoning module AdvancedPreviewScene (451)
[2018.09.19-10.46.03:314][771]LogModuleManager: Shutting down and abandoning module AnimGraph (449)
[2018.09.19-10.46.03:315][771]LogModuleManager: Shutting down and abandoning module Kismet (446)
[2018.09.19-10.46.03:325][771]LogModuleManager: Shutting down and abandoning module GraphEditor (444)
[2018.09.19-10.46.03:325][771]LogModuleManager: Shutting down and abandoning module ClassViewer (442)
[2018.09.19-10.46.03:328][771]LogModuleManager: Shutting down and abandoning module Toolbox (440)
[2018.09.19-10.46.03:328][771]LogModuleManager: Shutting down and abandoning module ModuleUI (438)
[2018.09.19-10.46.03:328][771]LogModuleManager: Shutting down and abandoning module MovieSceneTools (436)
[2018.09.19-10.46.03:328][771]LogModuleManager: Shutting down and abandoning module OutputLog (434)
[2018.09.19-10.46.03:328][771]LogModuleManager: Shutting down and abandoning module GammaUI (432)
[2018.09.19-10.46.03:328][771]LogModuleManager: Shutting down and abandoning module Documentation (430)
[2018.09.19-10.46.03:328][771]LogModuleManager: Shutting down and abandoning module MovieSceneTracks (428)
[2018.09.19-10.46.03:328][771]LogModuleManager: Shutting down and abandoning module MovieScene (426)
[2018.09.19-10.46.03:328][771]LogModuleManager: Shutting down and abandoning module StreamingPauseRendering (424)
[2018.09.19-10.46.03:328][771]LogModuleManager: Shutting down and abandoning module LauncherPlatform (422)
[2018.09.19-10.46.03:328][771]LogModuleManager: Shutting down and abandoning module AnalyticsET (420)
[2018.09.19-10.46.03:328][771]LogModuleManager: Shutting down and abandoning module PortalServices (418)
[2018.09.19-10.46.03:329][771]LogModuleManager: Shutting down and abandoning module PortalRpc (416)
[2018.09.19-10.46.03:329][771]LogModuleManager: Shutting down and abandoning module MessagingRpc (414)
[2018.09.19-10.46.03:329][771]LogModuleManager: Shutting down and abandoning module AIModule (412)
[2018.09.19-10.46.03:329][771]LogModuleManager: Shutting down and abandoning module GameplayDebugger (411)
[2018.09.19-10.46.03:329][771]LogModuleManager: Shutting down and abandoning module AITestSuite (409)
[2018.09.19-10.46.03:329][771]LogModuleManager: Shutting down and abandoning module NavigationSystem (407)
[2018.09.19-10.46.03:329][771]LogModuleManager: Shutting down and abandoning module DesktopPlatform (404)
[2018.09.19-10.46.03:329][771]LogModuleManager: Shutting down and abandoning module ProfilerService (402)
[2018.09.19-10.46.03:468][771]LogModuleManager: Shutting down and abandoning module TaskGraph (400)
[2018.09.19-10.46.03:468][771]LogModuleManager: Shutting down and abandoning module SteamVRController (398)
[2018.09.19-10.46.03:468][771]LogModuleManager: Shutting down and abandoning module ProceduralMeshComponentEditor (396)
[2018.09.19-10.46.03:469][771]LogModuleManager: Shutting down and abandoning module ProceduralMeshComponent (394)
[2018.09.19-10.46.03:469][771]LogModuleManager: Shutting down and abandoning module OculusInput (392)
[2018.09.19-10.46.03:469][771]LogModuleManager: Shutting down and abandoning module MobilePatchingUtils (390)
[2018.09.19-10.46.03:469][771]LogModuleManager: Shutting down and abandoning module EditableMesh (388)
[2018.09.19-10.46.03:469][771]LogModuleManager: Shutting down and abandoning module CustomMeshComponent (386)
[2018.09.19-10.46.03:469][771]LogModuleManager: Shutting down and abandoning module CableComponent (384)
[2018.09.19-10.46.03:469][771]LogModuleManager: Shutting down and abandoning module AudioCapture (382)
[2018.09.19-10.46.03:469][771]LogModuleManager: Shutting down and abandoning module ArchVisCharacter (380)
[2018.09.19-10.46.03:469][771]LogModuleManager: Shutting down and abandoning module AndroidPermission (378)
[2018.09.19-10.46.03:469][771]LogModuleManager: Shutting down and abandoning module NUTUnrealEngine4 (376)
[2018.09.19-10.46.03:469][771]LogModuleManager: Shutting down and abandoning module NetcodeUnitTest (374)
[2018.09.19-10.46.03:469][771]LogModuleManager: Shutting down and abandoning module MediaCompositingEditor (372)
[2018.09.19-10.46.03:469][771]LogModuleManager: Shutting down and abandoning module MediaCompositing (370)
[2018.09.19-10.46.03:469][771]LogModuleManager: Shutting down and abandoning module LinearTimecode (368)
[2018.09.19-10.46.03:470][771]LogModuleManager: Shutting down and abandoning module ImgMedia (366)
[2018.09.19-10.46.03:480][771]LogModuleManager: Shutting down and abandoning module HTML5Networking (364)
[2018.09.19-10.46.03:480][771]LogModuleManager: Shutting down and abandoning module GeometryCacheTracks (362)
[2018.09.19-10.46.03:480][771]LogModuleManager: Shutting down and abandoning module GeometryCacheSequencer (360)
[2018.09.19-10.46.03:481][771]LogModuleManager: Shutting down and abandoning module BackChannel (358)
[2018.09.19-10.46.03:481][771]LogModuleManager: Shutting down and abandoning module AppleVision (356)
[2018.09.19-10.46.03:481][771]LogModuleManager: Shutting down and abandoning module AppleImageUtils (354)
[2018.09.19-10.46.03:481][771]LogModuleManager: Shutting down and abandoning module AlembicImporter (352)
[2018.09.19-10.46.03:481][771]LogModuleManager: Shutting down and abandoning module AlembicLibrary (351)
[2018.09.19-10.46.03:481][771]LogModuleManager: Shutting down and abandoning module GeometryCache (350)
[2018.09.19-10.46.03:481][771]LogModuleManager: Shutting down and abandoning module GeometryCacheEd (349)
[2018.09.19-10.46.03:481][771]LogModuleManager: Shutting down and abandoning module DatasmithContentEditor (344)
[2018.09.19-10.46.03:481][771]LogModuleManager: Shutting down and abandoning module DatasmithContent (342)
[2018.09.19-10.46.03:486][771]LogModuleManager: Shutting down and abandoning module SpeedTreeImporter (340)
[2018.09.19-10.46.03:487][771]LogModuleManager: Shutting down and abandoning module PluginBrowser (338)
[2018.09.19-10.46.03:487][771]LogModuleManager: Shutting down and abandoning module MobileLauncherProfileWizard (336)
[2018.09.19-10.46.03:487][771]LogModuleManager: Shutting down and abandoning module PolygonModeling (334)
[2018.09.19-10.46.03:487][771]LogModuleManager: Shutting down and abandoning module MeshEditor (332)
[2018.09.19-10.46.03:487][771]LogModuleManager: Shutting down and abandoning module CryptoKeysOpenSSL (330)
[2018.09.19-10.46.03:487][771]LogModuleManager: Shutting down and abandoning module CryptoKeys (328)
[2018.09.19-10.46.03:488][771]LogModuleManager: Shutting down and abandoning module VisualStudioSourceCodeAccess (326)
[2018.09.19-10.46.03:488][771]LogModuleManager: Shutting down and abandoning module VisualStudioCodeSourceCodeAccess (324)
[2018.09.19-10.46.03:488][771]LogModuleManager: Shutting down and abandoning module UObjectPlugin (322)
[2018.09.19-10.46.03:488][771]LogModuleManager: Shutting down and abandoning module SubversionSourceControl (320)
[2018.09.19-10.46.03:488][771]LogModuleManager: Shutting down and abandoning module PerforceSourceControl (318)
[2018.09.19-10.46.03:488][771]LogModuleManager: Shutting down and abandoning module GitSourceControl (316)
[2018.09.19-10.46.03:488][771]LogModuleManager: Shutting down and abandoning module SourceControl (315)
[2018.09.19-10.46.03:488][771]LogModuleManager: Shutting down and abandoning module CLionSourceCodeAccess (312)
[2018.09.19-10.46.03:488][771]LogModuleManager: Shutting down and abandoning module LightPropagationVolumeEditor (310)
[2018.09.19-10.46.03:488][771]LogModuleManager: Shutting down and abandoning module PaperTiledImporter (308)
[2018.09.19-10.46.03:488][771]LogModuleManager: Shutting down and abandoning module PaperSpriteSheetImporter (306)
[2018.09.19-10.46.03:488][771]LogModuleManager: Shutting down and abandoning module Paper2DEditor (304)
[2018.09.19-10.46.03:488][771]LogModuleManager: Shutting down and abandoning module MeshPaint (303)
[2018.09.19-10.46.03:489][771]LogModuleManager: Shutting down and abandoning module RuntimePhysXCooking (300)
[2018.09.19-10.46.03:489][771]LogModuleManager: Shutting down and abandoning module PhysXVehiclesEditor (298)
[2018.09.19-10.46.03:489][771]LogModuleManager: Shutting down and abandoning module PhysXVehicles (296)
[2018.09.19-10.46.03:489][771]LogModuleManager: Shutting down and abandoning module OculusEditor (294)
[2018.09.19-10.46.03:489][771]LogModuleManager: Shutting down and abandoning module LocationServicesBPLibrary (292)
[2018.09.19-10.46.03:489][771]LogModuleManager: Shutting down and abandoning module ImmediatePhysicsEditor (290)
[2018.09.19-10.46.03:489][771]LogModuleManager: Shutting down and abandoning module ImmediatePhysics (288)
[2018.09.19-10.46.03:489][771]LogModuleManager: Shutting down and abandoning module ActorSequence (286)
[2018.09.19-10.46.03:489][771]LogModuleManager: Shutting down and abandoning module UdpMessaging (284)
[2018.09.19-10.46.03:590][771]LogModuleManager: Shutting down and abandoning module TcpMessaging (282)
[2018.09.19-10.46.03:692][771]LogModuleManager: Shutting down and abandoning module MagicLeapAudio (280)
[2018.09.19-10.46.03:692][771]LogModuleManager: Shutting down and abandoning module GameplayTagsEditor (278)
[2018.09.19-10.46.03:692][771]LogModuleManager: Shutting down and abandoning module FacialAnimationEditor (276)
[2018.09.19-10.46.03:692][771]LogModuleManager: Shutting down and abandoning module FacialAnimation (274)
[2018.09.19-10.46.03:692][771]LogModuleManager: Shutting down and abandoning module DataValidation (272)
[2018.09.19-10.46.03:692][771]LogModuleManager: Shutting down and abandoning module AssetManagerEditor (270)
[2018.09.19-10.46.03:692][771]LogModuleManager: Shutting down and abandoning module LevelEditor (269)
[2018.09.19-10.46.03:692][771]LogModuleManager: Shutting down and abandoning module PixelInspectorModule (268)
[2018.09.19-10.46.03:692][771]LogModuleManager: Shutting down and abandoning module CommonMenuExtensions (266)
[2018.09.19-10.46.03:693][771]LogModuleManager: Shutting down and abandoning module MainFrame (264)
[2018.09.19-10.46.03:693][771]LogModuleManager: Shutting down and abandoning module HotReload (263)
[2018.09.19-10.46.03:693][771]LogModuleManager: Shutting down and abandoning module ContentBrowser (259)
[2018.09.19-10.46.03:694][771]LogModuleManager: Shutting down and abandoning module TreeMap (257)
[2018.09.19-10.46.03:694][771]LogModuleManager: Shutting down and abandoning module LightPropagationVolumeRuntime (254)
[2018.09.19-10.46.03:694][771]LogModuleManager: Shutting down and abandoning module AISupportModule (252)
[2018.09.19-10.46.03:694][771]LogModuleManager: Shutting down and abandoning module Paper2D (250)
[2018.09.19-10.46.03:694][771]LogModuleManager: Shutting down and abandoning module WindowsMoviePlayer (248)
[2018.09.19-10.46.03:694][771]LogModuleManager: Shutting down and abandoning module WmfMedia (246)
[2018.09.19-10.46.03:695][771]LogModuleManager: Shutting down and abandoning module Media (245)
[2018.09.19-10.46.03:701][771]LogModuleManager: Shutting down and abandoning module PacketHandler (242)
[2018.09.19-10.46.03:701][771]LogModuleManager: Shutting down and abandoning module ClothingSystemEditor (240)
[2018.09.19-10.46.03:701][771]LogModuleManager: Shutting down and abandoning module ClothingSystemRuntime (238)
[2018.09.19-10.46.03:701][771]LogModuleManager: Shutting down and abandoning module MediaAssets (236)
[2018.09.19-10.46.03:701][771]LogModuleManager: Shutting down and abandoning module Overlay (234)
[2018.09.19-10.46.03:701][771]LogModuleManager: Shutting down and abandoning module OverlayEditor (233)
[2018.09.19-10.46.03:701][771]LogModuleManager: Shutting down and abandoning module EnvironmentQueryEditor (230)
[2018.09.19-10.46.03:701][771]LogModuleManager: Shutting down and abandoning module VREditor (228)
[2018.09.19-10.46.03:701][771]LogModuleManager: Shutting down and abandoning module StringTableEditor (226)
[2018.09.19-10.46.03:701][771]LogModuleManager: Shutting down and abandoning module GameplayTasksEditor (224)
[2018.09.19-10.46.03:701][771]LogModuleManager: Shutting down and abandoning module BehaviorTreeEditor (222)
[2018.09.19-10.46.03:701][771]LogModuleManager: Shutting down and abandoning module FunctionalTesting (220)
[2018.09.19-10.46.03:701][771]LogModuleManager: Shutting down and abandoning module CollisionAnalyzer (218)
[2018.09.19-10.46.03:701][771]LogModuleManager: Shutting down and abandoning module WorkspaceMenuStructure (217)
[2018.09.19-10.46.03:701][771]LogModuleManager: Shutting down and abandoning module UMG (214)
[2018.09.19-10.46.03:702][771]LogModuleManager: Shutting down and abandoning module UMGEditor (213)
[2018.09.19-10.46.03:702][771]LogModuleManager: Shutting down and abandoning module Sequencer (212)
[2018.09.19-10.46.03:702][771]LogModuleManager: Shutting down and abandoning module MessageLog (209)
[2018.09.19-10.46.03:702][771]LogModuleManager: Shutting down and abandoning module SlateReflector (204)
[2018.09.19-10.46.03:702][771]LogModuleManager: Shutting down and abandoning module Slate (202)
[2018.09.19-10.46.03:702][771]LogModuleManager: Shutting down and abandoning module EditorStyle (200)
[2018.09.19-10.46.03:703][771]LogModuleManager: Shutting down and abandoning module MRMesh (198)
[2018.09.19-10.46.03:703][771]LogModuleManager: Shutting down and abandoning module SourceCodeAccess (196)
[2018.09.19-10.46.03:703][771]LogModuleManager: Shutting down and abandoning module HeadMountedDisplay (194)
[2018.09.19-10.46.03:703][771]LogModuleManager: Shutting down and abandoning module XAudio2 (192)
[2018.09.19-10.46.03:703][771]LogModuleManager: Shutting down and abandoning module Networking (190)
[2018.09.19-10.46.03:703][771]LogModuleManager: Shutting down and abandoning module Core (188)
[2018.09.19-10.46.03:703][771]LogModuleManager: Shutting down and abandoning module LevelSequence (186)
[2018.09.19-10.46.03:703][771]LogModuleManager: Shutting down and abandoning module KismetCompiler (184)
[2018.09.19-10.46.03:703][771]LogModuleManager: Shutting down and abandoning module MeshUtilities (182)
[2018.09.19-10.46.03:703][771]LogModuleManager: Shutting down and abandoning module MeshMergeUtilities (181)
[2018.09.19-10.46.03:703][771]LogModuleManager: Shutting down and abandoning module MeshReductionInterface (180)
[2018.09.19-10.46.03:703][771]LogModuleManager: Shutting down and abandoning module SimplygonSwarm (179)
[2018.09.19-10.46.03:703][771]LogModuleManager: Shutting down and abandoning module ProxyLODMeshReduction (177)
[2018.09.19-10.46.03:704][771]LogModuleManager: Shutting down and abandoning module SimplygonMeshReduction (175)
[2018.09.19-10.46.03:704][771]LogModuleManager: Shutting down and abandoning module QuadricMeshReduction (173)
[2018.09.19-10.46.03:704][771]LogModuleManager: Shutting down and abandoning module MaterialBaking (169)
[2018.09.19-10.46.03:704][771]LogModuleManager: Shutting down and abandoning module DirectoryWatcher (165)
[2018.09.19-10.46.03:704][771]LogModuleManager: Shutting down and abandoning module DerivedDataCache (162)
[2018.09.19-10.46.03:788][771]LogDerivedDataCache: Shutdown
[2018.09.19-10.46.03:788][771]LogModuleManager: Shutting down and abandoning module XGEController (160)
[2018.09.19-10.46.03:789][771]LogXGEController: Cleaning working directory: C:/Users/User/AppData/Local/Temp/UnrealXGEWorkingDir/
[2018.09.19-10.46.03:789][771]LogModuleManager: Shutting down and abandoning module TargetPlatform (158)
[2018.09.19-10.46.03:789][771]LogModuleManager: Shutting down and abandoning module VulkanShaderFormat (157)
[2018.09.19-10.46.03:789][771]LogModuleManager: Shutting down and abandoning module ShaderFormatVectorVM (155)
[2018.09.19-10.46.03:789][771]LogModuleManager: Shutting down and abandoning module ShaderFormatOpenGL (153)
[2018.09.19-10.46.03:789][771]LogModuleManager: Shutting down and abandoning module ShaderFormatD3D (151)
[2018.09.19-10.46.03:789][771]LogModuleManager: Shutting down and abandoning module MetalShaderFormat (149)
[2018.09.19-10.46.03:789][771]LogModuleManager: Shutting down and abandoning module TextureFormatUncompressed (147)
[2018.09.19-10.46.03:789][771]LogModuleManager: Shutting down and abandoning module TextureFormatPVR (145)
[2018.09.19-10.46.03:789][771]LogModuleManager: Shutting down and abandoning module TextureFormatDXT (143)
[2018.09.19-10.46.03:789][771]LogModuleManager: Shutting down and abandoning module TextureFormatIntelISPCTexComp (141)
[2018.09.19-10.46.03:789][771]LogModuleManager: Shutting down and abandoning module TextureFormatASTC (139)
[2018.09.19-10.46.03:789][771]LogModuleManager: Shutting down and abandoning module ImageWrapper (138)
[2018.09.19-10.46.03:789][771]LogModuleManager: Shutting down and abandoning module TextureFormatAndroid (135)
[2018.09.19-10.46.03:789][771]LogModuleManager: Shutting down and abandoning module AudioFormatOpus (133)
[2018.09.19-10.46.03:789][771]LogModuleManager: Shutting down and abandoning module AudioFormatOgg (131)
[2018.09.19-10.46.03:789][771]LogModuleManager: Shutting down and abandoning module AudioFormatADPCM (129)
[2018.09.19-10.46.03:789][771]LogModuleManager: Shutting down and abandoning module LuminTargetPlatform (127)
[2018.09.19-10.46.03:789][771]LogModuleManager: Shutting down and abandoning module LinuxTargetPlatform (125)
[2018.09.19-10.46.03:789][771]LogModuleManager: Shutting down and abandoning module LinuxServerTargetPlatform (123)
[2018.09.19-10.46.03:789][771]LogModuleManager: Shutting down and abandoning module LinuxNoEditorTargetPlatform (121)
[2018.09.19-10.46.03:789][771]LogModuleManager: Shutting down and abandoning module LinuxClientTargetPlatform (119)
[2018.09.19-10.46.03:789][771]LogModuleManager: Shutting down and abandoning module TVOSTargetPlatform (117)
[2018.09.19-10.46.03:790][771]LogModuleManager: Shutting down and abandoning module Messaging (115)
[2018.09.19-10.46.03:790][771]LogModuleManager: Shutting down and abandoning module IOSTargetPlatform (113)
[2018.09.19-10.46.03:791][771]LogModuleManager: Shutting down and abandoning module HTML5TargetPlatform (111)
[2018.09.19-10.46.03:791][771]LogModuleManager: Shutting down and abandoning module AndroidTargetPlatform (109)
[2018.09.19-10.46.03:800][771]LogModuleManager: Shutting down and abandoning module WindowsTargetPlatform (107)
[2018.09.19-10.46.03:800][771]LogModuleManager: Shutting down and abandoning module WindowsServerTargetPlatform (105)
[2018.09.19-10.46.03:800][771]LogModuleManager: Shutting down and abandoning module WindowsNoEditorTargetPlatform (103)
[2018.09.19-10.46.03:800][771]LogModuleManager: Shutting down and abandoning module WindowsClientTargetPlatform (101)
[2018.09.19-10.46.03:800][771]LogModuleManager: Shutting down and abandoning module MacTargetPlatform (99)
[2018.09.19-10.46.03:800][771]LogModuleManager: Shutting down and abandoning module MacServerTargetPlatform (97)
[2018.09.19-10.46.03:800][771]LogModuleManager: Shutting down and abandoning module MacNoEditorTargetPlatform (95)
[2018.09.19-10.46.03:800][771]LogModuleManager: Shutting down and abandoning module MacClientTargetPlatform (93)
[2018.09.19-10.46.03:800][771]LogModuleManager: Shutting down and abandoning module AllDesktopTargetPlatform (91)
[2018.09.19-10.46.03:800][771]LogModuleManager: Shutting down and abandoning module InputCore (88)
[2018.09.19-10.46.03:800][771]LogModuleManager: Shutting down and abandoning module Settings (86)
[2018.09.19-10.46.03:800][771]LogModuleManager: Shutting down and abandoning module PhysXCooking (84)
[2018.09.19-10.46.03:800][771]LogModuleManager: Shutting down and abandoning module SteamVR (82)
[2018.09.19-10.46.03:800][771]LogModuleManager: Shutting down and abandoning module OculusHMD (80)
[2018.09.19-10.46.03:800][771]LogModuleManager: Shutting down and abandoning module ExampleDeviceProfileSelector (78)
[2018.09.19-10.46.03:800][771]LogModuleManager: Shutting down and abandoning module LauncherChunkInstaller (76)
[2018.09.19-10.46.03:800][771]LogModuleManager: Shutting down and abandoning module OnlineBlueprintSupport (74)
[2018.09.19-10.46.03:800][771]LogModuleManager: Shutting down and abandoning module OnlineSubsystem (70)
[2018.09.19-10.46.03:801][771]LogModuleManager: Shutting down and abandoning module XMPP (65)
[2018.09.19-10.46.03:801][771]LogModuleManager: Shutting down and abandoning module WebSockets (64)
[2018.09.19-10.46.03:816][771]LogModuleManager: Shutting down and abandoning module HTTP (61)
[2018.09.19-10.46.03:816][771]LogHttp: Display: Http module shutting down, but needs to wait on 1 outstanding Http requests:
[2018.09.19-10.46.03:816][771]LogHttp: Display: 	verb=[POST] url=[https://datarouter.ol.epicgames.com/datarouter/api/v1/public/data?SessionID=%7B8F1DF175-41A9-C04D-71A3-848773B34D0F%7D&AppID=UEEditor.Rocket.Release&AppVersion=4.20.2-4302132%2B%2B%2BUE4%2BRelease-4.20&UserID=cca2e83c4c922e6278f0f0b24b85f416%7C5557c92c270a4d1980a46e232588ee31%7Cc91b5b9e-cbf4-490a-9c11-a6e8e5d6d008&AppEnvironment=datacollector-binary&UploadType=eteventstream] status=Processing
[2018.09.19-10.46.03:845][771]LogModuleManager: Shutting down and abandoning module SSL (60)
[2018.09.19-10.46.03:846][771]LogModuleManager: Shutting down and abandoning module MagicLeapEmulator (56)
[2018.09.19-10.46.03:846][771]LogModuleManager: Shutting down and abandoning module MagicLeapPrivileges (54)
[2018.09.19-10.46.03:846][771]LogModuleManager: Shutting down and abandoning module MagicLeapIdentity (52)
[2018.09.19-10.46.03:846][771]LogModuleManager: Shutting down and abandoning module MagicLeapHelperVulkan (50)
[2018.09.19-10.46.03:846][771]LogModuleManager: Shutting down and abandoning module MagicLeapHelperOpenGL (48)
[2018.09.19-10.46.03:846][771]LogModuleManager: Shutting down and abandoning module MagicLeapSecureStorage (46)
[2018.09.19-10.46.03:846][771]LogModuleManager: Shutting down and abandoning module MagicLeapGestures (44)
[2018.09.19-10.46.03:846][771]LogModuleManager: Shutting down and abandoning module MagicLeapEyeTracker (42)
[2018.09.19-10.46.03:846][771]LogModuleManager: Shutting down and abandoning module MagicLeapController (40)
[2018.09.19-10.46.03:846][771]LogSlate: Slate User Destroyed.  User Index 0, Is Virtual User: 0
[2018.09.19-10.46.03:846][771]LogModuleManager: Shutting down and abandoning module MagicLeap (38)
[2018.09.19-10.46.03:846][771]LogModuleManager: Shutting down and abandoning module AnimationModifiers (36)
[2018.09.19-10.46.03:846][771]LogModuleManager: Shutting down and abandoning module PropertyEditor (35)
[2018.09.19-10.46.03:846][771]LogModuleManager: Shutting down and abandoning module AudioEditor (32)
[2018.09.19-10.46.03:846][771]LogModuleManager: Shutting down and abandoning module TextureCompressor (30)
[2018.09.19-10.46.03:847][771]LogModuleManager: Shutting down and abandoning module ShaderCore (28)
[2018.09.19-10.46.03:847][771]LogModuleManager: Shutting down and abandoning module Landscape (26)
[2018.09.19-10.46.03:847][771]LogModuleManager: Shutting down and abandoning module SlateRHIRenderer (24)
[2018.09.19-10.46.03:847][771]LogModuleManager: Shutting down and abandoning module OpenGLDrv (22)
[2018.09.19-10.46.03:847][771]LogModuleManager: Shutting down and abandoning module D3D11RHI (20)
[2018.09.19-10.46.03:847][771]LogModuleManager: Shutting down and abandoning module AnimGraphRuntime (18)
[2018.09.19-10.46.03:847][771]LogModuleManager: Shutting down and abandoning module Renderer (16)
[2018.09.19-10.46.03:847][771]LogModuleManager: Shutting down and abandoning module Engine (14)
[2018.09.19-10.46.03:847][771]LogModuleManager: Shutting down and abandoning module CoreUObject (12)
[2018.09.19-10.46.03:847][771]LogModuleManager: Shutting down and abandoning module NetworkFile (10)
[2018.09.19-10.46.03:847][771]LogModuleManager: Shutting down and abandoning module CookedIterativeFile (8)
[2018.09.19-10.46.03:847][771]LogModuleManager: Shutting down and abandoning module StreamingFile (6)
[2018.09.19-10.46.03:847][771]LogModuleManager: Shutting down and abandoning module SandboxFile (4)
[2018.09.19-10.46.03:847][771]LogModuleManager: Shutting down and abandoning module PakFile (2)
[2018.09.19-10.46.03:851][771]LogExit: Exiting.
[2018.09.19-10.46.03:863][771]Log file closed, 09/19/18 13:46:03
