Log file open, 09/25/18 21:01:54
LogWindows: Failed to load 'aqProf.dll' (GetLastError=126)
LogWindows: File 'aqProf.dll' does not exist
LogWindows: Failed to load 'VtuneApi.dll' (GetLastError=126)
LogWindows: File 'VtuneApi.dll' does not exist
LogWindows: Failed to load 'VtuneApi32e.dll' (GetLastError=126)
LogWindows: File 'VtuneApi32e.dll' does not exist
LogInit: Display: Running engine for game: parkour_sys
LogPlatformFile: Not using cached read wrapper
LogTaskGraph: Started task graph with 5 named threads and 14 total threads with 3 sets of task threads.
LogStats: Stats thread started at 0.186414
LogD3D11RHI: Loaded GFSDK_Aftermath_Lib.x64.dll
LogICUInternationalization: Display: ICU TimeZone Detection - Raw Offset: +2:00, Platform Override: ''
LogPluginManager: Mounting plugin Paper2D
LogPluginManager: Mounting plugin AISupport
LogPluginManager: Mounting plugin LightPropagationVolume
LogPluginManager: Mounting plugin CLionSourceCodeAccess
LogPluginManager: Mounting plugin CodeLiteSourceCodeAccess
LogPluginManager: Mounting plugin GitSourceControl
LogPluginManager: Mounting plugin KDevelopSourceCodeAccess
LogPluginManager: Mounting plugin NullSourceCodeAccess
LogPluginManager: Mounting plugin PerforceSourceControl
LogPluginManager: Mounting plugin SubversionSourceControl
LogPluginManager: Mounting plugin UObjectPlugin
LogPluginManager: Mounting plugin VisualStudioCodeSourceCodeAccess
LogPluginManager: Mounting plugin VisualStudioSourceCodeAccess
LogPluginManager: Mounting plugin XCodeSourceCodeAccess
LogPluginManager: Mounting plugin AssetManagerEditor
LogPluginManager: Mounting plugin CryptoKeys
LogPluginManager: Mounting plugin DataValidation
LogPluginManager: Mounting plugin FacialAnimation
LogPluginManager: Mounting plugin GameplayTagsEditor
LogPluginManager: Mounting plugin MacGraphicsSwitching
LogPluginManager: Mounting plugin MeshEditor
LogPluginManager: Mounting plugin MobileLauncherProfileWizard
LogPluginManager: Mounting plugin PluginBrowser
LogPluginManager: Mounting plugin SpeedTreeImporter
LogPluginManager: Mounting plugin DatasmithContent
LogPluginManager: Mounting plugin AlembicImporter
LogPluginManager: Mounting plugin AppleImageUtils
LogPluginManager: Mounting plugin AppleVision
LogPluginManager: Mounting plugin BackChannel
LogPluginManager: Mounting plugin CharacterAI
LogPluginManager: Mounting plugin GeometryCache
LogPluginManager: Mounting plugin HTML5Networking
LogPluginManager: Mounting plugin ProxyLODPlugin
LogPluginManager: Mounting plugin MagicLeap
LogPluginManager: Mounting plugin MagicLeapEmulator
LogPluginManager: Mounting plugin MagicLeapMedia
LogPluginManager: Mounting plugin AndroidMedia
LogPluginManager: Mounting plugin AvfMedia
LogPluginManager: Mounting plugin ImgMedia
LogPluginManager: Mounting plugin LinearTimecode
LogPluginManager: Mounting plugin MediaCompositing
LogPluginManager: Mounting plugin MediaPlayerEditor
LogPluginManager: Mounting plugin WmfMedia
LogPluginManager: Mounting plugin TcpMessaging
LogPluginManager: Mounting plugin UdpMessaging
LogPluginManager: Mounting plugin ActorSequence
LogPluginManager: Mounting plugin LevelSequenceEditor
LogPluginManager: Mounting plugin MatineeToLevelSequence
LogPluginManager: Mounting plugin NetcodeUnitTest
LogPluginManager: Mounting plugin NUTUnrealEngine4
LogPluginManager: Mounting plugin OnlineSubsystemGooglePlay
LogPluginManager: Mounting plugin OnlineSubsystemIOS
LogPluginManager: Mounting plugin OnlineSubsystem
LogPluginManager: Mounting plugin OnlineSubsystemNull
LogPluginManager: Mounting plugin OnlineSubsystemUtils
LogPluginManager: Mounting plugin LauncherChunkInstaller
LogPluginManager: Mounting plugin AndroidDeviceProfileSelector
LogPluginManager: Mounting plugin AndroidMoviePlayer
LogPluginManager: Mounting plugin AndroidPermission
LogPluginManager: Mounting plugin AppleMoviePlayer
LogPluginManager: Mounting plugin ArchVisCharacter
LogPluginManager: Mounting plugin AudioCapture
LogPluginManager: Mounting plugin CableComponent
LogPluginManager: Mounting plugin CustomMeshComponent
LogPluginManager: Mounting plugin EditableMesh
LogPluginManager: Mounting plugin ExampleDeviceProfileSelector
LogPluginManager: Mounting plugin GoogleCloudMessaging
LogPluginManager: Mounting plugin ImmediatePhysics
LogPluginManager: Mounting plugin IOSDeviceProfileSelector
LogPluginManager: Mounting plugin LinuxDeviceProfileSelector
LogPluginManager: Mounting plugin LocationServicesBPLibrary
LogPluginManager: Mounting plugin MobilePatchingUtils
LogPluginManager: Mounting plugin OculusVR
LogPluginManager: Plugin shader directory ../../../Engine/Plugins/Runtime/Oculus/OculusVR/Shaders found
LogPluginManager: Mapping shader source directory ../../../Engine/Plugins/Runtime/Oculus/OculusVR/Shaders to virtual directory /Plugin/OculusVR
LogPluginManager: Mounting plugin PhysXVehicles
LogPluginManager: Mounting plugin ProceduralMeshComponent
LogPluginManager: Mounting plugin RuntimePhysXCooking
LogPluginManager: Mounting plugin SteamVR
LogPluginManager: Mounting plugin WindowsMoviePlayer
LogStreaming: Display: Took  0.116s to configure plugins.
LogInit: Using libcurl 7.55.1-DEV
LogInit:  - built for x86_64-pc-win32
LogInit:  - supports SSL with OpenSSL/1.0.2h
LogInit:  - supports HTTP deflate (compression) using libz 1.2.8
LogInit:  - other features:
LogInit:      CURL_VERSION_SSL
LogInit:      CURL_VERSION_LIBZ
LogInit:      CURL_VERSION_IPV6
LogInit:      CURL_VERSION_ASYNCHDNS
LogInit:      CURL_VERSION_LARGEFILE
LogInit:      CURL_VERSION_IDN
LogInit:  CurlRequestOptions (configurable via config and command line):
LogInit:  - bVerifyPeer = false  - Libcurl will NOT verify peer certificate
LogInit:  - bUseHttpProxy = false  - Libcurl will NOT use HTTP proxy
LogInit:  - bDontReuseConnections = false  - Libcurl will reuse connections
LogInit:  - CertBundlePath = nullptr  - Libcurl will use whatever was configured at build time.
LogInit:  - MaxHostConnections = 16  - Libcurl will limit the number of connections to a host
LogInit:  - LocalHostAddr = Default
LogInit:  - BufferSize = 65536
LogInit: WinSock: version 1.1 (2.2), MaxSocks=32767, MaxUdp=65467
LogInit: Build: ++UE4+Release-4.20-CL-4369336
LogInit: Engine Version: 4.20.3-4369336+++UE4+Release-4.20
LogInit: Compatible Engine Version: 4.20.0-4212847+++UE4+Release-4.20
LogInit: Net CL: 4212847
LogInit: OS: Windows 10 (), CPU: Intel(R) Core(TM) i5-7400 CPU @ 3.00GHz, GPU: NVIDIA GeForce GTX 1050
LogInit: Compiled (64-bit): Sep 17 2018 12:26:19
LogInit: Compiled with Visual C++: 19.13.26129.00
LogInit: Build Configuration: Development
LogInit: Branch Name: ++UE4+Release-4.20
LogInit: Command Line:  
LogInit: Base Directory: D:/epicSDK/UE_4.20/Engine/Binaries/Win64/
LogInit: Installed Engine Build: 1
LogDevObjectVersion: Number of dev versions registered: 20
LogDevObjectVersion:   Dev-Blueprints (B0D832E4-1F89-4F0D-ACCF-7EB736FD4AA2): 10
LogDevObjectVersion:   Dev-Build (E1C64328-A22C-4D53-A36C-8E866417BD8C): 0
LogDevObjectVersion:   Dev-Core (375EC13C-06E4-48FB-B500-84F0262A717E): 2
LogDevObjectVersion:   Dev-Editor (E4B068ED-F494-42E9-A231-DA0B2E46BB41): 24
LogDevObjectVersion:   Dev-Framework (CFFC743F-43B0-4480-9391-14DF171D2073): 34
LogDevObjectVersion:   Dev-Mobile (B02B49B5-BB20-44E9-A304-32B752E40360): 2
LogDevObjectVersion:   Dev-Networking (A4E4105C-59A1-49B5-A7C5-40C4547EDFEE): 0
LogDevObjectVersion:   Dev-Online (39C831C9-5AE6-47DC-9A44-9C173E1C8E7C): 0
LogDevObjectVersion:   Dev-Physics (78F01B33-EBEA-4F98-B9B4-84EACCB95AA2): 0
LogDevObjectVersion:   Dev-Platform (6631380F-2D4D-43E0-8009-CF276956A95A): 0
LogDevObjectVersion:   Dev-Rendering (12F88B9F-8875-4AFC-A67C-D90C383ABD29): 26
LogDevObjectVersion:   Dev-Sequencer (7B5AE74C-D270-4C10-A958-57980B212A5A): 9
LogDevObjectVersion:   Dev-VR (D7296918-1DD6-4BDD-9DE2-64A83CC13884): 2
LogDevObjectVersion:   Dev-LoadTimes (C2A15278-BFE7-4AFE-6C17-90FF531DF755): 1
LogDevObjectVersion:   Private-Geometry (6EACA3D4-40EC-4CC1-B786-8BED09428FC5): 3
LogDevObjectVersion:   Dev-AnimPhys (29E575DD-E0A3-4627-9D10-D276232CDCEA): 17
LogDevObjectVersion:   Dev-ReflectionCapture (6B266CEC-1EC7-4B8F-A30B-E4D90942FC07): 1
LogDevObjectVersion:   Dev-Automation (0DF73D61-A23F-47EA-B727-89E90C41499A): 1
LogDevObjectVersion:   FortniteMain (601D1886-AC64-4F84-AA16-D3DE0DEAC7D6): 12
LogDevObjectVersion:   Dev-Enterprise (9DFFBCD6-494F-0158-E221-12823C92A888): 1
LogStreaming: Display: Took  0.002s to delete old logs.
LogInit: Presizing for max 8388607 objects, including 0 objects not considered by GC, pre-allocating 0 bytes for permanent pool.
LogInit: Object subsystem initialized
[2018.09.25-18.01.54:542][  0]LogInit: Selected Device Profile: [Windows]
[2018.09.25-18.01.54:542][  0]LogInit: Applying CVar settings loaded from the selected device profile: [Windows]
[2018.09.25-18.01.54:554][  0]LogHAL: Display: Platform has ~ 16 GB [17136578560 / 17179869184 / 16], which maps to Larger [LargestMinGB=32, LargerMinGB=12, DefaultMinGB=8, SmallerMinGB=6, SmallestMinGB=0)
[2018.09.25-18.01.54:554][  0]LogInit: Setting Device Profile CVar: [[r.Vulkan.UseRealUBs:1]]
[2018.09.25-18.01.54:554][  0]LogInit: Going up to parent DeviceProfile []
[2018.09.25-18.01.54:554][  0]LogInit: Computer: DESKTOP-1FJRS5V
[2018.09.25-18.01.54:554][  0]LogInit: User: User
[2018.09.25-18.01.54:554][  0]LogInit: CPU Page size=4096, Cores=4
[2018.09.25-18.01.54:554][  0]LogInit: High frequency timer resolution =2.929689 MHz
[2018.09.25-18.01.54:554][  0]LogMemory: Memory total: Physical=16.0GB (16GB approx)
[2018.09.25-18.01.54:554][  0]LogMemory: Platform Memory Stats for Windows
[2018.09.25-18.01.54:554][  0]LogMemory: Process Physical Memory: 101.34 MB used, 101.34 MB peak
[2018.09.25-18.01.54:554][  0]LogMemory: Process Virtual Memory: 95.74 MB used, 95.74 MB peak
[2018.09.25-18.01.54:555][  0]LogMemory: Physical Memory: 6593.71 MB used,  9749.00 MB free, 16342.71 MB total
[2018.09.25-18.01.54:555][  0]LogMemory: Virtual Memory: 4636.80 MB used,  9749.00 MB free, 134217728.00 MB total
[2018.09.25-18.01.54:568][  0]LogInit: Using OS detected language (ru-RU).
[2018.09.25-18.01.54:568][  0]LogInit: Using OS detected locale (ru-UA).
[2018.09.25-18.01.54:569][  0]LogTextLocalizationManager: No specific localization for 'ru-RU' exists, so the 'ru' localization will be used.
[2018.09.25-18.01.54:570][  0]LogStreaming: Display: Took  0.002s to InitEngineTextLocalization.
[2018.09.25-18.01.54:571][  0]LogInit: Setting process to per monitor DPI aware
[2018.09.25-18.01.54:597][  0]LogSlate: New Slate User Created.  User Index 0, Is Virtual User: 0
[2018.09.25-18.01.54:597][  0]LogSlate: Slate User Registered.  User Index 0, Is Virtual User: 0
[2018.09.25-18.01.54:751][  0]LogHMD: Failed to initialize OpenVR with code 110
[2018.09.25-18.01.54:751][  0]LogD3D11RHI: D3D11 adapters:
[2018.09.25-18.01.54:791][  0]LogD3D11RHI:    0. 'NVIDIA GeForce GTX 1050' (Feature Level 11_0)
[2018.09.25-18.01.54:791][  0]LogD3D11RHI:       1977/0/8171 MB DedicatedVideo/DedicatedSystem/SharedSystem, Outputs:1, VendorId:0x10de
[2018.09.25-18.01.54:792][  0]LogD3D11RHI:    1. 'Microsoft Basic Render Driver' (Feature Level 11_0)
[2018.09.25-18.01.54:792][  0]LogD3D11RHI:       0/0/8171 MB DedicatedVideo/DedicatedSystem/SharedSystem, Outputs:0, VendorId:0x1414
[2018.09.25-18.01.54:792][  0]LogD3D11RHI: Chosen D3D11 Adapter: 0
[2018.09.25-18.01.54:798][  0]LogD3D11RHI: Creating new Direct3DDevice
[2018.09.25-18.01.54:798][  0]LogD3D11RHI:     GPU DeviceId: 0x1c81 (for the marketing name, search the web for "GPU Device Id")
[2018.09.25-18.01.54:798][  0]LogWindows: EnumDisplayDevices:
[2018.09.25-18.01.54:798][  0]LogWindows:    0. 'NVIDIA GeForce GTX 1050' (P:1 D:1)
[2018.09.25-18.01.54:798][  0]LogWindows:    1. 'NVIDIA GeForce GTX 1050' (P:0 D:0)
[2018.09.25-18.01.54:799][  0]LogWindows:    2. 'NVIDIA GeForce GTX 1050' (P:0 D:0)
[2018.09.25-18.01.54:799][  0]LogWindows:    3. 'NVIDIA GeForce GTX 1050' (P:0 D:0)
[2018.09.25-18.01.54:799][  0]LogWindows: DebugString: FoundDriverCount:4 
[2018.09.25-18.01.54:799][  0]LogD3D11RHI:     Adapter Name: NVIDIA GeForce GTX 1050
[2018.09.25-18.01.54:799][  0]LogD3D11RHI:   Driver Version: 390.77 (internal:23.21.13.9077, unified:390.77)
[2018.09.25-18.01.54:799][  0]LogD3D11RHI:      Driver Date: 1-23-2018
[2018.09.25-18.01.54:799][  0]LogRHI: Texture pool is 1384 MB (70% of 1977 MB)
[2018.09.25-18.01.54:827][  0]LogD3D11RHI: Async texture creation enabled
[2018.09.25-18.01.54:844][  0]LogD3D11RHI: GPU Timing Frequency: 1000.000000 (Debug: 2 2)
[2018.09.25-18.01.54:845][  0]LogShaderCompilers: Guid format shader working directory is -7 characters bigger than the processId version (C:/Users/User/Documents/Unreal Projects/parkour_sys/Intermediate/Shaders/WorkingDirectory/11232/).
[2018.09.25-18.01.54:845][  0]LogShaderCompilers: Cleaned the shader compiler working directory 'C:/Users/User/AppData/Local/Temp/UnrealShaderWorkingDir/FCDCDE894D3CDB0D81586FAE9CF8EEAD/'.
[2018.09.25-18.01.55:106][  0]LogTemp: Display: Loaded TP AllDesktopTargetPlatform
[2018.09.25-18.01.55:118][  0]LogTemp: Display: Loaded TP MacClientTargetPlatform
[2018.09.25-18.01.55:131][  0]LogTemp: Display: Loaded TP MacNoEditorTargetPlatform
[2018.09.25-18.01.55:144][  0]LogTemp: Display: Loaded TP MacServerTargetPlatform
[2018.09.25-18.01.55:157][  0]LogTemp: Display: Loaded TP MacTargetPlatform
[2018.09.25-18.01.55:171][  0]LogTemp: Display: Loaded TP WindowsClientTargetPlatform
[2018.09.25-18.01.55:184][  0]LogTemp: Display: Loaded TP WindowsNoEditorTargetPlatform
[2018.09.25-18.01.55:197][  0]LogTemp: Display: Loaded TP WindowsServerTargetPlatform
[2018.09.25-18.01.55:203][  0]LogTemp: Display: Loaded TP WindowsTargetPlatform
[2018.09.25-18.01.55:286][  0]LogTemp: Display: Loaded TP AndroidTargetPlatform
[2018.09.25-18.01.55:286][  0]LogTemp: Display: Loaded TP AndroidTargetPlatform
[2018.09.25-18.01.55:286][  0]LogTemp: Display: Loaded TP AndroidTargetPlatform
[2018.09.25-18.01.55:286][  0]LogTemp: Display: Loaded TP AndroidTargetPlatform
[2018.09.25-18.01.55:286][  0]LogTemp: Display: Loaded TP AndroidTargetPlatform
[2018.09.25-18.01.55:286][  0]LogTemp: Display: Loaded TP AndroidTargetPlatform
[2018.09.25-18.01.55:286][  0]LogTemp: Display: Loaded TP AndroidTargetPlatform
[2018.09.25-18.01.55:286][  0]LogTemp: Display: Loaded TP AndroidTargetPlatform
[2018.09.25-18.01.55:286][  0]LogTemp: Display: Loaded TP AndroidTargetPlatform
[2018.09.25-18.01.55:286][  0]LogTemp: Display: Loaded TP AndroidTargetPlatform
[2018.09.25-18.01.55:286][  0]LogTemp: Display: Loaded TP AndroidTargetPlatform
[2018.09.25-18.01.55:286][  0]LogTemp: Display: Loaded TP AndroidTargetPlatform
[2018.09.25-18.01.55:286][  0]LogTemp: Display: Loaded TP AndroidTargetPlatform
[2018.09.25-18.01.55:286][  0]LogTemp: Display: Loaded TP AndroidTargetPlatform
[2018.09.25-18.01.55:286][  0]LogTemp: Display: Loaded TP AndroidTargetPlatform
[2018.09.25-18.01.55:286][  0]LogTemp: Display: Loaded TP AndroidTargetPlatform
[2018.09.25-18.01.55:286][  0]LogTemp: Display: Loaded TP AndroidTargetPlatform
[2018.09.25-18.01.55:286][  0]LogTemp: Display: Loaded TP AndroidTargetPlatform
[2018.09.25-18.01.55:287][  0]LogTemp: Display: Loaded TP HTML5TargetPlatform
[2018.09.25-18.01.55:346][  0]LogTemp: Display: Loaded TP IOSTargetPlatform
[2018.09.25-18.01.55:346][  0]LogTemp: Display: Loaded TP IOSTargetPlatform
[2018.09.25-18.01.55:371][  0]LogTemp: Display: Loaded TP TVOSTargetPlatform
[2018.09.25-18.01.55:371][  0]LogTemp: Display: Loaded TP TVOSTargetPlatform
[2018.09.25-18.01.55:383][  0]LogTemp: Display: Loaded TP LinuxClientTargetPlatform
[2018.09.25-18.01.55:395][  0]LogTemp: Display: Loaded TP LinuxNoEditorTargetPlatform
[2018.09.25-18.01.55:407][  0]LogTemp: Display: Loaded TP LinuxServerTargetPlatform
[2018.09.25-18.01.55:420][  0]LogTemp: Display: Loaded TP LinuxTargetPlatform
[2018.09.25-18.01.55:429][  0]LogTemp: Display: Loaded TP LuminTargetPlatform
[2018.09.25-18.01.55:429][  0]LogTargetPlatformManager: Display: Building Assets For Windows
[2018.09.25-18.01.55:468][  0]LogXGEController: Cannot use XGE Controller as Incredibuild is not installed on this machine.
[2018.09.25-18.01.55:468][  0]LogShaderCompilers: Cannot use XGE Shader Compiler as Incredibuild is not installed on this machine.
[2018.09.25-18.01.55:468][  0]LogShaderCompilers: Display: Using Local Shader Compiler.
[2018.09.25-18.01.56:114][  0]LogDerivedDataCache: Display: Max Cache Size: 512 MB
[2018.09.25-18.01.56:170][  0]LogDerivedDataCache: Loaded boot cache 0.06s 71MB C:/Users/User/AppData/Local/UnrealEngine/4.20/DerivedDataCache/Boot.ddc.
[2018.09.25-18.01.56:171][  0]LogDerivedDataCache: Display: Loaded Boot cache: C:/Users/User/AppData/Local/UnrealEngine/4.20/DerivedDataCache/Boot.ddc
[2018.09.25-18.01.56:171][  0]LogDerivedDataCache: FDerivedDataBackendGraph:  Pak pak cache file C:/Users/User/Documents/Unreal Projects/parkour_sys/DerivedDataCache/DDC.ddp not found, will not use a pak cache.
[2018.09.25-18.01.56:171][  0]LogDerivedDataCache: Unable to find inner node Pak for hierarchical cache Hierarchy.
[2018.09.25-18.01.56:171][  0]LogDerivedDataCache: FDerivedDataBackendGraph:  CompressedPak pak cache file C:/Users/User/Documents/Unreal Projects/parkour_sys/DerivedDataCache/Compressed.ddp not found, will not use a pak cache.
[2018.09.25-18.01.56:171][  0]LogDerivedDataCache: Unable to find inner node CompressedPak for hierarchical cache Hierarchy.
[2018.09.25-18.01.56:184][  0]LogDerivedDataCache: Display: Pak cache opened for reading ../../../Engine/DerivedDataCache/Compressed.ddp.
[2018.09.25-18.01.56:197][  0]LogDerivedDataCache: Using Local data cache path C:/Users/User/AppData/Local/UnrealEngine/Common/DerivedDataCache: Writable
[2018.09.25-18.01.56:197][  0]LogDerivedDataCache: Shared data cache path not found in *engine.ini, will not use an Shared cache.
[2018.09.25-18.01.56:197][  0]LogDerivedDataCache: Unable to find inner node Shared for hierarchical cache Hierarchy.
[2018.09.25-18.01.56:215][  0]LogMaterial: Verifying Global Shaders for PCD3D_SM5
[2018.09.25-18.01.56:217][  0]LogSlate: Using FreeType 2.6.0
[2018.09.25-18.01.56:217][  0]LogSlate: SlateFontServices - WITH_FREETYPE: 1, WITH_HARFBUZZ: 1
[2018.09.25-18.01.56:285][  0]LogAssetRegistry: FAssetRegistry took 0.0257 seconds to start up
[2018.09.25-18.01.56:582][  0]LogInit: Selected Device Profile: [Windows]
[2018.09.25-18.01.56:705][  0]LogSimplygon: Simplygon DLL not present - disabling.
[2018.09.25-18.01.56:707][  0]LogMeshReduction: Using SimplygonSwarm for distributed automatic mesh merging
[2018.09.25-18.01.56:707][  0]LogMeshReduction: Using ProxyLODMeshReduction for automatic mesh merging
[2018.09.25-18.01.56:707][  0]LogMeshReduction: Using QuadricMeshReduction for automatic static mesh reduction
[2018.09.25-18.01.56:707][  0]LogMeshReduction: No automatic skeletal mesh reduction module available
[2018.09.25-18.01.56:720][  0]LogNetVersion: parkour_sys 1.0.0, NetCL: 4212847, EngineNetVer: 5, GameNetVer: 0 (Checksum: 2775540849)
[2018.09.25-18.01.57:208][  0]LogPackageLocalizationCache: Processed 11 localized package path(s) for 2 prioritized culture(s) in 0.093543 seconds
[2018.09.25-18.01.57:215][  0]LogUObjectArray: 38425 objects as part of root set at end of initial load.
[2018.09.25-18.01.57:215][  0]LogUObjectAllocator: 6690872 out of 0 bytes used by permanent object pool.
[2018.09.25-18.01.57:215][  0]LogUObjectArray: CloseDisregardForGC: 0/0 objects in disregard for GC pool
[2018.09.25-18.01.57:975][  0]LogTcpMessaging: Initializing TcpMessaging bridge
[2018.09.25-18.01.57:989][  0]LogUdpMessaging: Initializing bridge on interface 0.0.0.0:0 to multicast group 230.0.0.1:6666.
[2018.09.25-18.01.58:119][  0]SourceControl: Source control is disabled
[2018.09.25-18.01.58:120][  0]SourceControl: Source control is disabled
[2018.09.25-18.01.58:121][  0]SourceControl: Source control is disabled
[2018.09.25-18.01.58:121][  0]SourceControl: Source control is disabled
[2018.09.25-18.01.58:270][  0]LogAndroidPermission: UAndroidPermissionCallbackProxy::GetInstance
[2018.09.25-18.01.58:318][  0]LogOcInput: OculusInput pre-init called
[2018.09.25-18.01.58:371][  0]LogEngine: Initializing Engine...
[2018.09.25-18.01.58:371][  0]LogHMD: Failed to initialize OpenVR with code 110
[2018.09.25-18.01.58:373][  0]LogStats: UGameplayTagsManager::ConstructGameplayTagTree: ImportINI prefixes -  0.000 s
[2018.09.25-18.01.58:373][  0]LogStats: UGameplayTagsManager::ConstructGameplayTagTree: Construct from data asset -  0.000 s
[2018.09.25-18.01.58:373][  0]LogStats: UGameplayTagsManager::ConstructGameplayTagTree: ImportINI -  0.000 s
[2018.09.25-18.01.58:373][  0]LogStats: UGameplayTagsManager::ConstructGameplayTagTree: GameplayTagTreeChangedEvent.Broadcast -  0.000 s
[2018.09.25-18.01.58:567][  0]LogInit: Initializing FReadOnlyCVARCache
[2018.09.25-18.01.58:576][  0]LogAIModule: Creating AISystem for world Untitled
[2018.09.25-18.01.58:587][  0]LogInit: XAudio2 using 'Динамики (Realtek High Definition Audio)' : 2 channels at 48 kHz using 32 bits per sample (channel mask 0x3)
[2018.09.25-18.01.58:604][  0]LogInit: FAudioDevice initialized.
[2018.09.25-18.01.58:604][  0]LogNetVersion: Set ProjectVersion to 1.0.0.0. Version Checksum will be recalculated on next use.
[2018.09.25-18.01.58:736][  0]LogDerivedDataCache: Saved boot cache 0.13s 71MB C:/Users/User/AppData/Local/UnrealEngine/4.20/DerivedDataCache/Boot.ddc.
[2018.09.25-18.01.58:740][  0]LogInit: Texture streaming: Enabled
[2018.09.25-18.01.58:750][  0]LogEngineSessionManager: EngineSessionManager initialized
[2018.09.25-18.01.58:759][  0]LogInit: Transaction tracking system initialized
[2018.09.25-18.01.58:773][  0]BlueprintLog: New page: Editor Load
[2018.09.25-18.01.58:822][  0]LocalizationService: Localization service is disabled
[2018.09.25-18.01.59:077][  0]LogCook: Display: Max memory allowance for cook 16384mb min free memory 0mb
[2018.09.25-18.01.59:077][  0]LogCook: Display: Mobile HDR setting 1
[2018.09.25-18.01.59:077][  0]LogGameplayTags: Display: UGameplayTagsManager::DoneAddingNativeTags. DelegateIsBound: 0
[2018.09.25-18.01.59:077][  0]LogStats: UGameplayTagsManager::ConstructGameplayTagTree: ImportINI prefixes -  0.000 s
[2018.09.25-18.01.59:077][  0]LogStats: UGameplayTagsManager::ConstructGameplayTagTree: Construct from data asset -  0.000 s
[2018.09.25-18.01.59:077][  0]LogStats: UGameplayTagsManager::ConstructGameplayTagTree: ImportINI -  0.000 s
[2018.09.25-18.01.59:077][  0]LogStats: UGameplayTagsManager::ConstructGameplayTagTree: GameplayTagTreeChangedEvent.Broadcast -  0.000 s
[2018.09.25-18.01.59:166][  0]LogFileCache: Scanning file cache for directory 'C:/Users/User/Documents/Unreal Projects/parkour_sys/Content/' took 0.01s
[2018.09.25-18.01.59:166][  0]SourceControl: Source control is disabled
[2018.09.25-18.01.59:166][  0]Cmd: MAP LOAD FILE="C:/Users/User/Documents/Unreal Projects/parkour_sys/Content/ThirdPersonBP/Maps/ThirdPersonExampleMap.umap" TEMPLATE=0 SHOWPROGRESS=1 FEATURELEVEL=3
[2018.09.25-18.01.59:166][  0]LightingResults: New page: Lighting Build
[2018.09.25-18.01.59:168][  0]MapCheck: New page: Map Check
[2018.09.25-18.01.59:168][  0]LightingResults: New page: Lighting Build
[2018.09.25-18.02.00:936][  0]LogAIModule: Creating AISystem for world ThirdPersonExampleMap
[2018.09.25-18.02.00:952][  0]LogEditorServer: Finished looking for orphan Actors (0.000 secs)
[2018.09.25-18.02.00:983][  0]Cmd: MAP CHECKDEP NOCLEARLOG
[2018.09.25-18.02.01:044][  0]MapCheck: Map check complete: 0 Error(s), 0 Warning(s), took 60,432ms to complete.
[2018.09.25-18.02.01:044][  0]LogFileHelpers: Loading map 'ThirdPersonExampleMap' took 1.879
[2018.09.25-18.02.01:131][  0]LogSlate: Updating window title bar state: overlay mode, drag disabled, window buttons hidden, title bar hidden
[2018.09.25-18.02.01:138][  0]LogSlate: Updating window title bar state: overlay mode, drag disabled, window buttons hidden, title bar hidden
[2018.09.25-18.02.01:145][  0]LogSlate: Updating window title bar state: overlay mode, drag disabled, window buttons hidden, title bar hidden
[2018.09.25-18.02.01:152][  0]LogSlate: Updating window title bar state: overlay mode, drag disabled, window buttons hidden, title bar hidden
[2018.09.25-18.02.01:156][  0]LogCollectionManager: Loaded 0 collections in 0.000772 seconds
[2018.09.25-18.02.01:195][  0]LogFileCache: Scanning file cache for directory 'C:/Users/User/Documents/Unreal Projects/parkour_sys/Saved/Collections/' took 0.01s
[2018.09.25-18.02.01:196][  0]LogFileCache: Scanning file cache for directory 'C:/Users/User/Documents/Unreal Projects/parkour_sys/Content/Developers/User/Collections/' took 0.01s
[2018.09.25-18.02.01:196][  0]LogFileCache: Scanning file cache for directory 'C:/Users/User/Documents/Unreal Projects/parkour_sys/Content/Collections/' took 0.01s
[2018.09.25-18.02.01:196][  0]LogCollectionManager: Rebuilt the GUID cache for 0 collections in 0.000000 seconds
[2018.09.25-18.02.01:204][  0]LogContentBrowser: Native class hierarchy populated in 0.0090 seconds. Added 2579 classes and 605 folders.
[2018.09.25-18.02.01:209][  0]LogContentBrowser: Native class hierarchy updated for 'WidgetCarousel' in 0.0002 seconds. Added 0 classes and 0 folders.
[2018.09.25-18.02.01:240][  0]LogContentBrowser: Native class hierarchy updated for 'AddContentDialog' in 0.0002 seconds. Added 0 classes and 0 folders.
[2018.09.25-18.02.01:243][  0]LogContentBrowser: Native class hierarchy updated for 'SceneOutliner' in 0.0002 seconds. Added 1 classes and 2 folders.
[2018.09.25-18.02.01:257][  0]LogSlate: Took 0.000182 seconds to synchronously load lazily loaded font '../../../Engine/Content/Slate/Fonts/Roboto-Regular.ttf' (155K)
[2018.09.25-18.02.01:259][  0]LogSlate: Took 0.000176 seconds to synchronously load lazily loaded font '../../../Engine/Content/Slate/Fonts/Roboto-Bold.ttf' (160K)
[2018.09.25-18.02.01:264][  0]LogSlate: Took 0.000238 seconds to synchronously load lazily loaded font '../../../Engine/Content/Editor/Slate/Fonts/FontAwesome.ttf' (139K)
[2018.09.25-18.02.01:368][  0]LogRenderer: Reallocating scene render targets to support 1208x576 Format 9 NumSamples 1 (Frame:1).
[2018.09.25-18.02.01:470][  0]LogContentBrowser: Native class hierarchy updated for 'HierarchicalLODOutliner' in 0.0003 seconds. Added 0 classes and 0 folders.
[2018.09.25-18.02.01:470][  0]LogLoad: (Engine Initialization) Total time: 8.09 seconds
[2018.09.25-18.02.01:470][  0]LogLoad: (Engine Initialization) Total Blueprint compile time: 0.00 seconds
[2018.09.25-18.02.01:480][  0]LogWindowsTextInputMethodSystem: Display: IME system now deactivated.
[2018.09.25-18.02.01:502][  0]LogContentStreaming: Texture pool size now 800 MB
[2018.09.25-18.02.01:600][  0]LogSlate: Took 0.000128 seconds to synchronously load lazily loaded font '../../../Engine/Content/Slate/Fonts/Roboto-Light.ttf' (167K)
[2018.09.25-18.02.01:620][  1]LogAssetRegistry: Asset discovery search completed in 5.3572 seconds
[2018.09.25-18.02.01:622][  1]LogCollectionManager: Rebuilt the object cache for 0 collections in 0.000000 seconds (found 0 objects)
[2018.09.25-18.02.01:622][  1]LogCollectionManager: Fixed up redirectors for 0 collections in 0.000055 seconds (updated 0 objects)
[2018.09.25-18.02.04:298][314]LogSlate: FSceneViewport::OnFocusLost() reason 0
[2018.09.25-18.02.04:429][326]LogRenderer: Reallocating scene render targets to support 1208x924 Format 9 NumSamples 1 (Frame:318).
[2018.09.25-18.02.19:421][998]LogTemp: Repeating last play command: New Editor Window (PIE)
[2018.09.25-18.02.19:443][998]LogBlueprintUserMessages: Early PlayInEditor Detection: Level '/Game/ThirdPersonBP/Maps/ThirdPersonExampleMap.ThirdPersonExampleMap:PersistentLevel' has LevelScriptBlueprint '/Game/ThirdPersonBP/Maps/ThirdPersonExampleMap.ThirdPersonExampleMap:PersistentLevel.ThirdPersonExampleMap' with GeneratedClass '/Game/ThirdPersonBP/Maps/ThirdPersonExampleMap.ThirdPersonExampleMap_C' with ClassGeneratedBy '/Game/ThirdPersonBP/Maps/ThirdPersonExampleMap.ThirdPersonExampleMap:PersistentLevel.ThirdPersonExampleMap'
[2018.09.25-18.02.19:443][998]LogPlayLevel: PlayLevel: No blueprints needed recompiling
[2018.09.25-18.02.19:456][998]PIE: New page: PIE session: ThirdPersonExampleMap (26 сент. 2018, 00:02:19)
[2018.09.25-18.02.19:456][998]LogPlayLevel: Creating play world package: /Game/ThirdPersonBP/Maps/UEDPIE_0_ThirdPersonExampleMap
[2018.09.25-18.02.19:478][998]LogPlayLevel: PIE: StaticDuplicateObject took: (0.021844s)
[2018.09.25-18.02.19:479][998]LogAIModule: Creating AISystem for world ThirdPersonExampleMap
[2018.09.25-18.02.19:479][998]LogPlayLevel: PIE: World Init took: (0.001078s)
[2018.09.25-18.02.19:479][998]LogPlayLevel: PIE: Created PIE world by copying editor world from /Game/ThirdPersonBP/Maps/ThirdPersonExampleMap.ThirdPersonExampleMap to /Game/ThirdPersonBP/Maps/UEDPIE_0_ThirdPersonExampleMap.ThirdPersonExampleMap (0.023168s)
[2018.09.25-18.02.19:507][998]LogInit: XAudio2 using 'Динамики (Realtek High Definition Audio)' : 2 channels at 48 kHz using 32 bits per sample (channel mask 0x3)
[2018.09.25-18.02.19:520][998]LogInit: FAudioDevice initialized.
[2018.09.25-18.02.19:526][998]LogSlate: Updating window title bar state: overlay mode, drag disabled, window buttons hidden, title bar hidden
[2018.09.25-18.02.19:577][998]LogLoad: Game class is 'ThirdPersonGameMode_C'
[2018.09.25-18.02.19:583][998]LogWorld: Bringing World /Game/ThirdPersonBP/Maps/UEDPIE_0_ThirdPersonExampleMap.ThirdPersonExampleMap up for play (max tick rate 0) at 2018.09.25-21.02.19
[2018.09.25-18.02.19:584][998]LogWorld: Bringing up level for play took: 0.004980
[2018.09.25-18.02.19:599][998]LogContentBrowser: Native class hierarchy updated for 'MovieSceneCapture' in 0.0003 seconds. Added 10 classes and 0 folders.
[2018.09.25-18.02.19:606][998]PIE: Play in editor start time for /Game/ThirdPersonBP/Maps/UEDPIE_0_ThirdPersonExampleMap 0,604
[2018.09.25-18.02.19:607][998]LogBlueprintUserMessages: Late PlayInEditor Detection: Level '/Game/ThirdPersonBP/Maps/ThirdPersonExampleMap.ThirdPersonExampleMap:PersistentLevel' has LevelScriptBlueprint '/Game/ThirdPersonBP/Maps/ThirdPersonExampleMap.ThirdPersonExampleMap:PersistentLevel.ThirdPersonExampleMap' with GeneratedClass '/Game/ThirdPersonBP/Maps/ThirdPersonExampleMap.ThirdPersonExampleMap_C' with ClassGeneratedBy '/Game/ThirdPersonBP/Maps/ThirdPersonExampleMap.ThirdPersonExampleMap:PersistentLevel.ThirdPersonExampleMap'
[2018.09.25-18.02.19:627][998]LogRenderer: Reallocating scene render targets to support 1452x936 Format 9 NumSamples 1 (Frame:1).
[2018.09.25-18.02.20:536][ 99]LogBlueprintUserMessages: [ThirdPersonCharacter_C_0] HIGHTLITED
[2018.09.25-18.02.20:544][100]LogBlueprintUserMessages: [ThirdPersonCharacter_C_0] HIGHTLITED
[2018.09.25-18.02.20:552][101]LogBlueprintUserMessages: [ThirdPersonCharacter_C_0] HIGHTLITED
[2018.09.25-18.02.20:561][102]LogBlueprintUserMessages: [ThirdPersonCharacter_C_0] HIGHTLITED
[2018.09.25-18.02.20:569][103]LogBlueprintUserMessages: [ThirdPersonCharacter_C_0] HIGHTLITED
[2018.09.25-18.02.20:577][104]LogBlueprintUserMessages: [ThirdPersonCharacter_C_0] HIGHTLITED
[2018.09.25-18.02.20:586][105]LogBlueprintUserMessages: [ThirdPersonCharacter_C_0] HIGHTLITED
[2018.09.25-18.02.20:594][106]LogBlueprintUserMessages: [ThirdPersonCharacter_C_0] HIGHTLITED
[2018.09.25-18.02.20:602][107]LogBlueprintUserMessages: [ThirdPersonCharacter_C_0] HIGHTLITED
[2018.09.25-18.02.20:611][108]LogBlueprintUserMessages: [ThirdPersonCharacter_C_0] HIGHTLITED
[2018.09.25-18.02.20:619][109]LogBlueprintUserMessages: [ThirdPersonCharacter_C_0] HIGHTLITED
[2018.09.25-18.02.20:628][110]LogBlueprintUserMessages: [ThirdPersonCharacter_C_0] HIGHTLITED
[2018.09.25-18.02.20:636][111]LogBlueprintUserMessages: [ThirdPersonCharacter_C_0] HIGHTLITED
[2018.09.25-18.02.20:644][112]LogBlueprintUserMessages: [ThirdPersonCharacter_C_0] HIGHTLITED
[2018.09.25-18.02.20:653][113]LogBlueprintUserMessages: [ThirdPersonCharacter_C_0] HIGHTLITED
[2018.09.25-18.02.20:661][114]LogBlueprintUserMessages: [ThirdPersonCharacter_C_0] HIGHTLITED
[2018.09.25-18.02.20:669][115]LogBlueprintUserMessages: [ThirdPersonCharacter_C_0] HIGHTLITED
[2018.09.25-18.02.20:677][116]LogBlueprintUserMessages: [ThirdPersonCharacter_C_0] HIGHTLITED
[2018.09.25-18.02.20:685][117]LogBlueprintUserMessages: [ThirdPersonCharacter_C_0] HIGHTLITED
[2018.09.25-18.02.20:693][118]LogBlueprintUserMessages: [ThirdPersonCharacter_C_0] HIGHTLITED
[2018.09.25-18.02.20:702][119]LogBlueprintUserMessages: [ThirdPersonCharacter_C_0] HIGHTLITED
[2018.09.25-18.02.20:710][120]LogBlueprintUserMessages: [ThirdPersonCharacter_C_0] HIGHTLITED
[2018.09.25-18.02.20:718][121]LogBlueprintUserMessages: [ThirdPersonCharacter_C_0] HIGHTLITED
[2018.09.25-18.02.20:727][122]LogBlueprintUserMessages: [ThirdPersonCharacter_C_0] HIGHTLITED
[2018.09.25-18.02.20:735][123]LogBlueprintUserMessages: [ThirdPersonCharacter_C_0] HIGHTLITED
[2018.09.25-18.02.20:743][124]LogBlueprintUserMessages: [ThirdPersonCharacter_C_0] AddToWeapon
[2018.09.25-18.02.20:911][144]LogBlueprintUserMessages: [ThirdPersonCharacter_C_0] HIGHTLITED
[2018.09.25-18.02.20:919][145]LogBlueprintUserMessages: [ThirdPersonCharacter_C_0] HIGHTLITED
[2018.09.25-18.02.20:927][146]LogBlueprintUserMessages: [ThirdPersonCharacter_C_0] HIGHTLITED
[2018.09.25-18.02.20:936][147]LogBlueprintUserMessages: [ThirdPersonCharacter_C_0] HIGHTLITED
[2018.09.25-18.02.20:944][148]LogBlueprintUserMessages: [ThirdPersonCharacter_C_0] HIGHTLITED
[2018.09.25-18.02.20:952][149]LogBlueprintUserMessages: [ThirdPersonCharacter_C_0] HIGHTLITED
[2018.09.25-18.02.20:961][150]LogBlueprintUserMessages: [ThirdPersonCharacter_C_0] HIGHTLITED
[2018.09.25-18.02.20:969][151]LogBlueprintUserMessages: [ThirdPersonCharacter_C_0] HIGHTLITED
[2018.09.25-18.02.20:978][152]LogBlueprintUserMessages: [ThirdPersonCharacter_C_0] HIGHTLITED
[2018.09.25-18.02.20:986][153]LogBlueprintUserMessages: [ThirdPersonCharacter_C_0] HIGHTLITED
[2018.09.25-18.02.20:994][154]LogBlueprintUserMessages: [ThirdPersonCharacter_C_0] HIGHTLITED
[2018.09.25-18.02.21:002][155]LogBlueprintUserMessages: [ThirdPersonCharacter_C_0] HIGHTLITED
[2018.09.25-18.02.21:011][156]LogBlueprintUserMessages: [ThirdPersonCharacter_C_0] HIGHTLITED
[2018.09.25-18.02.21:019][157]LogBlueprintUserMessages: [ThirdPersonCharacter_C_0] HIGHTLITED
[2018.09.25-18.02.21:028][158]LogBlueprintUserMessages: [ThirdPersonCharacter_C_0] HIGHTLITED
[2018.09.25-18.02.21:035][159]LogBlueprintUserMessages: [ThirdPersonCharacter_C_0] HIGHTLITED
[2018.09.25-18.02.21:044][160]LogBlueprintUserMessages: [ThirdPersonCharacter_C_0] HIGHTLITED
[2018.09.25-18.02.21:053][161]LogBlueprintUserMessages: [ThirdPersonCharacter_C_0] HIGHTLITED
[2018.09.25-18.02.22:028][278]LogSlate: FSceneViewport::OnFocusLost() reason 0
[2018.09.25-18.02.22:112][288]LogBlueprintUserMessages: [ThirdPersonCharacter_C_0] 10.0
[2018.09.25-18.02.22:112][288]LogBlueprintUserMessages: [ThirdPersonCharacter_C_0] 40
[2018.09.25-18.02.22:112][288]LogBlueprintUserMessages: [ThirdPersonCharacter_C_0] 17
[2018.09.25-18.02.22:112][288]LogBlueprintUserMessages: [ThirdPersonCharacter_C_0] 3.0
[2018.09.25-18.02.22:112][288]LogBlueprintUserMessages: [ThirdPersonCharacter_C_0] 0.1
[2018.09.25-18.02.22:112][288]LogBlueprintUserMessages: [ThirdPersonCharacter_C_0] removedFromWeaponInv
[2018.09.25-18.02.23:487][453]LogBlueprintUserMessages: [ThirdPersonCharacter_C_0] hold weapon
[2018.09.25-18.02.25:460][689]LogBlueprintUserMessages: [ThirdPersonCharacter_C_0] donthold weapon
[2018.09.25-18.02.26:952][868]LogSlate: FSceneViewport::OnFocusLost() reason 0
[2018.09.25-18.02.27:044][879]LogBlueprintUserMessages: [ThirdPersonCharacter_C_0] AddToWeaponREPLASED
[2018.09.25-18.02.30:360][277]LogSlate: FSceneViewport::OnFocusLost() reason 0
[2018.09.25-18.02.30:435][286]LogBlueprintUserMessages: [ThirdPersonCharacter_C_0] 10.0
[2018.09.25-18.02.30:435][286]LogBlueprintUserMessages: [ThirdPersonCharacter_C_0] 40
[2018.09.25-18.02.30:435][286]LogBlueprintUserMessages: [ThirdPersonCharacter_C_0] 14
[2018.09.25-18.02.30:435][286]LogBlueprintUserMessages: [ThirdPersonCharacter_C_0] 3.0
[2018.09.25-18.02.30:435][286]LogBlueprintUserMessages: [ThirdPersonCharacter_C_0] 0.1
[2018.09.25-18.02.30:435][286]LogBlueprintUserMessages: [ThirdPersonCharacter_C_0] removedFromWeaponInv
[2018.09.25-18.02.31:477][411]LogBlueprintUserMessages: [ThirdPersonCharacter_C_0] hold weapon
[2018.09.25-18.02.35:952][948]LogBlueprintUserMessages: [ThirdPersonCharacter_C_0] donthold weapon
[2018.09.25-18.02.44:328][953]LogBlueprintUserMessages: [ThirdPersonCharacter_C_0] hold weapon
[2018.09.25-18.03.05:876][538]LogBlueprintUserMessages: [AI_Character_2] 10.0
[2018.09.25-18.03.05:966][549]LogBlueprintUserMessages: [AI_Character_2] 10.0
[2018.09.25-18.03.06:066][561]LogBlueprintUserMessages: [AI_Character_2] 10.0
[2018.09.25-18.03.06:166][573]LogBlueprintUserMessages: [AI_Character_2] 10.0
[2018.09.25-18.03.06:266][585]LogBlueprintUserMessages: [AI_Character_2] 10.0
[2018.09.25-18.03.06:366][597]LogBlueprintUserMessages: [AI_Character_2] 10.0
[2018.09.25-18.03.06:467][609]LogBlueprintUserMessages: [AI_Character_2] 10.0
[2018.09.25-18.03.06:566][621]LogBlueprintUserMessages: [AI_Character_2] 10.0
[2018.09.25-18.03.09:766][  5]LogBlueprintUserMessages: [ThirdPersonCharacter_C_0] donthold weapon
[2018.09.25-18.03.14:301][549]LogSlate: FSceneViewport::OnFocusLost() reason 0
[2018.09.25-18.03.14:400][561]LogBlueprintUserMessages: [ThirdPersonCharacter_C_0] AddToWeaponREPLASED
[2018.09.25-18.03.16:876][858]LogBlueprintUserMessages: [ThirdPersonCharacter_C_0] 10.0
[2018.09.25-18.03.16:876][858]LogBlueprintUserMessages: [ThirdPersonCharacter_C_0] 40
[2018.09.25-18.03.16:876][858]LogBlueprintUserMessages: [ThirdPersonCharacter_C_0] 32
[2018.09.25-18.03.16:876][858]LogBlueprintUserMessages: [ThirdPersonCharacter_C_0] 3.0
[2018.09.25-18.03.16:876][858]LogBlueprintUserMessages: [ThirdPersonCharacter_C_0] 0.1
[2018.09.25-18.03.16:876][858]LogBlueprintUserMessages: [ThirdPersonCharacter_C_0] removedFromWeaponInv
[2018.09.25-18.03.18:277][ 26]LogBlueprintUserMessages: [ThirdPersonCharacter_C_0] hold weapon
[2018.09.25-18.03.20:179][254]LogBlueprintUserMessages: [AI_Character_2] 10.0
[2018.09.25-18.03.20:268][265]LogBlueprintUserMessages: [AI_Character_2] 10.0
[2018.09.25-18.03.20:369][277]LogBlueprintUserMessages: [AI_Character_2] 10.0
[2018.09.25-18.03.20:469][289]LogBlueprintUserMessages: [AI_Character_2] 10.0
[2018.09.25-18.03.20:571][299]LogBlueprintUserMessages: [AI_Character_2] 10.0
[2018.09.25-18.03.20:672][311]LogBlueprintUserMessages: [AI_Character_2] 10.0
[2018.09.25-18.03.20:763][322]LogBlueprintUserMessages: [AI_Character_2] 10.0
[2018.09.25-18.03.20:863][334]LogBlueprintUserMessages: [AI_Character_2] 10.0
[2018.09.25-18.03.20:962][346]LogBlueprintUserMessages: [AI_Character_2] 10.0
[2018.09.25-18.03.21:063][358]LogBlueprintUserMessages: [AI_Character_2] 10.0
[2018.09.25-18.03.21:163][370]LogBlueprintUserMessages: [AI_Character_2] 10.0
[2018.09.25-18.03.21:263][382]LogBlueprintUserMessages: [AI_Character_2] 10.0
[2018.09.25-18.03.21:363][394]LogBlueprintUserMessages: [AI_Character_2] 10.0
[2018.09.25-18.03.21:464][406]LogBlueprintUserMessages: [AI_Character_2] 10.0
[2018.09.25-18.03.21:563][418]LogBlueprintUserMessages: [AI_Character_2] 10.0
[2018.09.25-18.03.21:763][442]LogBlueprintUserMessages: [AI_Character_2] 10.0
[2018.09.25-18.03.21:863][454]LogBlueprintUserMessages: [AI_Character_2] 10.0
[2018.09.25-18.03.21:963][466]LogBlueprintUserMessages: [AI_Character_2] 10.0
[2018.09.25-18.03.22:064][478]LogBlueprintUserMessages: [AI_Character_2] 10.0
[2018.09.25-18.03.32:649][748]LogBlueprintUserMessages: [AI_Character_2] 10.0
[2018.09.25-18.03.32:740][759]LogBlueprintUserMessages: [AI_Character_2] 10.0
[2018.09.25-18.03.35:549][ 96]LogBlueprintUserMessages: [AI_Character_2] 10.0
[2018.09.25-18.03.35:640][107]LogBlueprintUserMessages: [AI_Character_2] 10.0
[2018.09.25-18.03.35:740][119]LogBlueprintUserMessages: [AI_Character_2] 10.0
[2018.09.25-18.03.35:840][131]LogBlueprintUserMessages: [AI_Character_2] 10.0
[2018.09.25-18.03.35:991][149]LogBlueprintUserMessages: [AI_Character_2] 10.0
[2018.09.25-18.03.36:086][160]LogBlueprintUserMessages: [AI_Character_2] 10.0
[2018.09.25-18.03.36:189][172]LogBlueprintUserMessages: [AI_Character_2] 10.0
[2018.09.25-18.03.36:289][184]LogBlueprintUserMessages: [AI_Character_2] 10.0
[2018.09.25-18.03.36:474][206]LogBlueprintUserMessages: [AI_Character_2] 10.0
[2018.09.25-18.03.36:564][217]LogBlueprintUserMessages: [AI_Character_2] 10.0
[2018.09.25-18.03.36:664][229]LogBlueprintUserMessages: [AI_Character_2] 10.0
[2018.09.25-18.03.36:923][260]LogBlueprintUserMessages: [AI_Character_2] 10.0
[2018.09.25-18.03.37:013][271]LogBlueprintUserMessages: [AI_Character_2] 10.0
[2018.09.25-18.03.37:340][310]LogBlueprintUserMessages: [AI_Character_2] 10.0
[2018.09.25-18.03.37:431][321]LogBlueprintUserMessages: [AI_Character_2] 10.0
[2018.09.25-18.03.38:374][434]LogBlueprintUserMessages: [AI_Character_2] 10.0
[2018.09.25-18.03.38:465][445]LogBlueprintUserMessages: [AI_Character_2] 10.0
[2018.09.25-18.03.38:707][474]LogBlueprintUserMessages: [AI_Character_2] 10.0
[2018.09.25-18.03.53:298][214]LogBlueprintUserMessages: [AI_Character_2] 10.0
[2018.09.25-18.03.53:388][225]LogBlueprintUserMessages: [AI_Character_2] 10.0
[2018.09.25-18.03.53:489][237]LogBlueprintUserMessages: [AI_Character_2] 10.0
[2018.09.25-18.03.53:589][249]LogBlueprintUserMessages: [AI_Character_2] 10.0
[2018.09.25-18.03.53:689][261]LogBlueprintUserMessages: [AI_Character_2] 10.0
[2018.09.25-18.03.53:789][273]LogBlueprintUserMessages: [AI_Character_2] 10.0
[2018.09.25-18.03.53:888][285]LogBlueprintUserMessages: [AI_Character_2] 10.0
[2018.09.25-18.03.53:989][297]LogBlueprintUserMessages: [AI_Character_2] 10.0
[2018.09.25-18.03.54:089][309]LogBlueprintUserMessages: [AI_Character_2] 10.0
[2018.09.25-18.03.54:189][321]LogBlueprintUserMessages: [AI_Character_2] 10.0
[2018.09.25-18.03.54:289][333]LogBlueprintUserMessages: [AI_Character_2] 10.0
[2018.09.25-18.03.54:389][345]LogBlueprintUserMessages: [AI_Character_2] 10.0
[2018.09.25-18.03.54:489][357]LogBlueprintUserMessages: [AI_Character_2] 10.0
[2018.09.25-18.03.54:589][369]LogBlueprintUserMessages: [AI_Character_2] 10.0
[2018.09.25-18.03.54:689][381]LogBlueprintUserMessages: [AI_Character_2] 10.0
[2018.09.25-18.03.54:789][393]LogBlueprintUserMessages: [AI_Character_2] 10.0
[2018.09.25-18.03.54:889][405]LogBlueprintUserMessages: [AI_Character_2] 10.0
[2018.09.25-18.03.54:989][417]LogBlueprintUserMessages: [AI_Character_2] 10.0
[2018.09.25-18.03.55:089][429]LogBlueprintUserMessages: [AI_Character_2] 10.0
[2018.09.25-18.03.55:189][441]LogBlueprintUserMessages: [AI_Character_2] 10.0
[2018.09.25-18.03.55:289][453]LogBlueprintUserMessages: [AI_Character_2] 10.0
[2018.09.25-18.03.55:489][477]LogBlueprintUserMessages: [AI_Character_2] 10.0
[2018.09.25-18.03.55:789][513]LogBlueprintUserMessages: [AI_Character_2] 10.0
[2018.09.25-18.03.55:889][525]LogBlueprintUserMessages: [AI_Character_2] 10.0
[2018.09.25-18.04.09:755][177]LogBlueprintUserMessages: Early EndPlayMap Detection: Level '/Game/ThirdPersonBP/Maps/ThirdPersonExampleMap.ThirdPersonExampleMap:PersistentLevel' has LevelScriptBlueprint '/Game/ThirdPersonBP/Maps/ThirdPersonExampleMap.ThirdPersonExampleMap:PersistentLevel.ThirdPersonExampleMap' with GeneratedClass '/Game/ThirdPersonBP/Maps/ThirdPersonExampleMap.ThirdPersonExampleMap_C' with ClassGeneratedBy '/Game/ThirdPersonBP/Maps/ThirdPersonExampleMap.ThirdPersonExampleMap:PersistentLevel.ThirdPersonExampleMap'
[2018.09.25-18.04.09:755][177]LogSlate: Updating window title bar state: overlay mode, drag disabled, window buttons hidden, title bar hidden
[2018.09.25-18.04.09:778][177]LogSlate: Window 'parkour_sys Game Preview Standalone (64-bit/PCD3D_SM5)' being destroyed
[2018.09.25-18.04.09:812][177]LogPlayLevel: Display: Shutting down PIE online subsystems
[2018.09.25-18.04.09:813][177]LogBlueprintUserMessages: Late EndPlayMap Detection: Level '/Game/ThirdPersonBP/Maps/ThirdPersonExampleMap.ThirdPersonExampleMap:PersistentLevel' has LevelScriptBlueprint '/Game/ThirdPersonBP/Maps/ThirdPersonExampleMap.ThirdPersonExampleMap:PersistentLevel.ThirdPersonExampleMap' with GeneratedClass '/Game/ThirdPersonBP/Maps/ThirdPersonExampleMap.ThirdPersonExampleMap_C' with ClassGeneratedBy '/Game/ThirdPersonBP/Maps/ThirdPersonExampleMap.ThirdPersonExampleMap:PersistentLevel.ThirdPersonExampleMap'
[2018.09.25-18.04.09:875][179]LogPlayLevel: Display: Destroying online subsystem :Context_1
[2018.09.25-18.15.10:853][516]LogWindowsTextInputMethodSystem: Display: IME system now deactivated.
[2018.09.25-18.15.10:853][516]LogWindowsTextInputMethodSystem: Display: IME system now deactivated.
[2018.09.25-18.15.15:225][ 15]LogSlate: Window 'parkour_sys - Unreal Editor' being destroyed
[2018.09.25-18.15.15:433][ 16]Cmd: QUIT_EDITOR
[2018.09.25-18.15.16:311][ 16]LogWindowsTextInputMethodSystem: Display: IME system now deactivated.
[2018.09.25-18.15.16:321][ 16]LogExit: Preparing to exit.
[2018.09.25-18.15.17:462][ 16]LogExit: Editor shut down
[2018.09.25-18.15.17:463][ 16]LogExit: Transaction tracking system shut down
[2018.09.25-18.15.17:798][ 16]LogExit: Object subsystem successfully closed.
[2018.09.25-18.15.17:816][ 16]LogShaderCompilers: Display: Shaders left to compile 0
[2018.09.25-18.15.17:820][ 16]LogD3D11RHI: Shutdown
[2018.09.25-18.15.17:820][ 16]LogD3D11RHI: CleanupD3DDevice
[2018.09.25-18.15.17:822][ 16]LogD3D11RHI: ~FD3D11DynamicRHI
[2018.09.25-18.15.17:833][ 16]LogModuleManager: Shutting down and abandoning module MovieSceneCapture (616)
[2018.09.25-18.15.17:833][ 16]LogModuleManager: Shutting down and abandoning module Voice (614)
[2018.09.25-18.15.17:833][ 16]LogModuleManager: Shutting down and abandoning module HierarchicalLODOutliner (612)
[2018.09.25-18.15.17:833][ 16]LogModuleManager: Shutting down and abandoning module SceneOutliner (610)
[2018.09.25-18.15.17:833][ 16]LogModuleManager: Shutting down and abandoning module AddContentDialog (608)
[2018.09.25-18.15.17:834][ 16]LogModuleManager: Shutting down and abandoning module WidgetCarousel (607)
[2018.09.25-18.15.17:835][ 16]LogModuleManager: Shutting down and abandoning module EditorWidgets (604)
[2018.09.25-18.15.17:835][ 16]LogModuleManager: Shutting down and abandoning module CollectionManager (602)
[2018.09.25-18.15.17:835][ 16]LogModuleManager: Shutting down and abandoning module StatsViewer (600)
[2018.09.25-18.15.17:835][ 16]LogModuleManager: Shutting down and abandoning module FoliageEdit (598)
[2018.09.25-18.15.17:835][ 16]LogModuleManager: Shutting down and abandoning module LandscapeEditor (596)
[2018.09.25-18.15.17:835][ 16]LogModuleManager: Shutting down and abandoning module MeshPaintMode (594)
[2018.09.25-18.15.17:835][ 16]LogModuleManager: Shutting down and abandoning module SceneDepthPickerMode (592)
[2018.09.25-18.15.17:835][ 16]LogModuleManager: Shutting down and abandoning module ActorPickerMode (590)
[2018.09.25-18.15.17:835][ 16]LogModuleManager: Shutting down and abandoning module GeometryMode (588)
[2018.09.25-18.15.17:835][ 16]LogModuleManager: Shutting down and abandoning module TextureAlignMode (586)
[2018.09.25-18.15.17:835][ 16]LogModuleManager: Shutting down and abandoning module BspMode (584)
[2018.09.25-18.15.17:835][ 16]LogModuleManager: Shutting down and abandoning module PIEPreviewDeviceProfileSelector (582)
[2018.09.25-18.15.17:835][ 16]LogModuleManager: Shutting down and abandoning module SequenceRecorderSections (580)
[2018.09.25-18.15.17:835][ 16]LogModuleManager: Shutting down and abandoning module AutomationWorker (578)
[2018.09.25-18.15.17:835][ 16]LogModuleManager: Shutting down and abandoning module AudioCaptureEditor (576)
[2018.09.25-18.15.17:835][ 16]LogModuleManager: Shutting down and abandoning module SequenceRecorder (575)
[2018.09.25-18.15.17:835][ 16]LogModuleManager: Shutting down and abandoning module MatineeToLevelSequence (572)
[2018.09.25-18.15.17:835][ 16]LogModuleManager: Shutting down and abandoning module LevelSequenceEditor (570)
[2018.09.25-18.15.17:835][ 16]LogModuleManager: Shutting down and abandoning module PlacementMode (569)
[2018.09.25-18.15.17:835][ 16]LogModuleManager: Shutting down and abandoning module MaterialEditor (568)
[2018.09.25-18.15.17:835][ 16]LogModuleManager: Shutting down and abandoning module WmfMediaFactory (564)
[2018.09.25-18.15.17:835][ 16]LogModuleManager: Shutting down and abandoning module WmfMediaEditor (562)
[2018.09.25-18.15.17:836][ 16]LogModuleManager: Shutting down and abandoning module MediaPlayerEditor (560)
[2018.09.25-18.15.17:836][ 16]LogModuleManager: Shutting down and abandoning module OpenExrWrapper (558)
[2018.09.25-18.15.17:836][ 16]LogModuleManager: Shutting down and abandoning module ImgMediaFactory (556)
[2018.09.25-18.15.17:836][ 16]LogModuleManager: Shutting down and abandoning module ImgMediaEditor (554)
[2018.09.25-18.15.17:836][ 16]LogModuleManager: Shutting down and abandoning module AvfMediaFactory (552)
[2018.09.25-18.15.17:836][ 16]LogModuleManager: Shutting down and abandoning module AvfMediaEditor (550)
[2018.09.25-18.15.17:836][ 16]LogModuleManager: Shutting down and abandoning module AndroidMediaFactory (548)
[2018.09.25-18.15.17:836][ 16]LogModuleManager: Shutting down and abandoning module AndroidMediaEditor (546)
[2018.09.25-18.15.17:836][ 16]LogModuleManager: Shutting down and abandoning module MagicLeapCameraPreviewFactory (544)
[2018.09.25-18.15.17:836][ 16]LogModuleManager: Shutting down and abandoning module MagicLeapMediaFactory (542)
[2018.09.25-18.15.17:836][ 16]LogModuleManager: Shutting down and abandoning module MagicLeapMediaEditor (540)
[2018.09.25-18.15.17:836][ 16]LogModuleManager: Shutting down and abandoning module CharacterAI (538)
[2018.09.25-18.15.17:836][ 16]LogModuleManager: Shutting down and abandoning module SmartSnapping (536)
[2018.09.25-18.15.17:836][ 16]LogModuleManager: Shutting down and abandoning module SessionServices (534)
[2018.09.25-18.15.17:836][ 16]LogModuleManager: Shutting down and abandoning module ViewportSnapping (532)
[2018.09.25-18.15.17:836][ 16]LogModuleManager: Shutting down and abandoning module ViewportInteraction (530)
[2018.09.25-18.15.17:836][ 16]LogModuleManager: Shutting down and abandoning module ClothPainter (528)
[2018.09.25-18.15.17:836][ 16]LogModuleManager: Shutting down and abandoning module SkeletalMeshEditor (527)
[2018.09.25-18.15.17:836][ 16]LogModuleManager: Shutting down and abandoning module LogVisualizer (524)
[2018.09.25-18.15.17:836][ 16]LogModuleManager: Shutting down and abandoning module IntroTutorials (522)
[2018.09.25-18.15.17:836][ 16]LogModuleManager: Shutting down and abandoning module GameProjectGeneration (521)
[2018.09.25-18.15.17:836][ 16]LogModuleManager: Shutting down and abandoning module LuminPlatformEditor (518)
[2018.09.25-18.15.17:836][ 16]LogModuleManager: Shutting down and abandoning module IOSPlatformEditor (516)
[2018.09.25-18.15.17:836][ 16]LogModuleManager: Shutting down and abandoning module HTML5PlatformEditor (514)
[2018.09.25-18.15.17:837][ 16]LogModuleManager: Shutting down and abandoning module AndroidPlatformEditor (512)
[2018.09.25-18.15.17:837][ 16]LogModuleManager: Shutting down and abandoning module AndroidDeviceDetection (511)
[2018.09.25-18.15.18:311][ 16]LogModuleManager: Shutting down and abandoning module WindowsPlatformEditor (508)
[2018.09.25-18.15.18:311][ 16]LogModuleManager: Shutting down and abandoning module LuminRuntimeSettings (506)
[2018.09.25-18.15.18:311][ 16]LogModuleManager: Shutting down and abandoning module IOSRuntimeSettings (504)
[2018.09.25-18.15.18:311][ 16]LogModuleManager: Shutting down and abandoning module AndroidRuntimeSettings (502)
[2018.09.25-18.15.18:311][ 16]LogModuleManager: Shutting down and abandoning module InputBindingEditor (500)
[2018.09.25-18.15.18:311][ 16]LogModuleManager: Shutting down and abandoning module MergeActors (498)
[2018.09.25-18.15.18:311][ 16]LogModuleManager: Shutting down and abandoning module LocalizationDashboard (496)
[2018.09.25-18.15.18:311][ 16]LogModuleManager: Shutting down and abandoning module LocalizationService (495)
[2018.09.25-18.15.18:311][ 16]LogModuleManager: Shutting down and abandoning module HardwareTargeting (492)
[2018.09.25-18.15.18:311][ 16]LogModuleManager: Shutting down and abandoning module DeviceProfileEditor (490)
[2018.09.25-18.15.18:311][ 16]LogModuleManager: Shutting down and abandoning module UndoHistory (488)
[2018.09.25-18.15.18:311][ 16]LogModuleManager: Shutting down and abandoning module XmlParser (486)
[2018.09.25-18.15.18:311][ 16]LogModuleManager: Shutting down and abandoning module Blutility (484)
[2018.09.25-18.15.18:311][ 16]LogModuleManager: Shutting down and abandoning module ProjectSettingsViewer (482)
[2018.09.25-18.15.18:312][ 16]LogModuleManager: Shutting down and abandoning module ProjectTargetPlatformEditor (481)
[2018.09.25-18.15.18:312][ 16]LogModuleManager: Shutting down and abandoning module EditorSettingsViewer (478)
[2018.09.25-18.15.18:312][ 16]LogModuleManager: Shutting down and abandoning module SettingsEditor (476)
[2018.09.25-18.15.18:312][ 16]LogModuleManager: Shutting down and abandoning module ProjectLauncher (474)
[2018.09.25-18.15.18:312][ 16]LogModuleManager: Shutting down and abandoning module SessionFrontend (472)
[2018.09.25-18.15.18:312][ 16]LogModuleManager: Shutting down and abandoning module ProfilerClient (470)
[2018.09.25-18.15.18:312][ 16]LogModuleManager: Shutting down and abandoning module DeviceManager (468)
[2018.09.25-18.15.18:312][ 16]LogModuleManager: Shutting down and abandoning module TargetDeviceServices (467)
[2018.09.25-18.15.18:355][ 16]LogModuleManager: Shutting down and abandoning module AutomationController (464)
[2018.09.25-18.15.18:355][ 16]LogModuleManager: Shutting down and abandoning module AutomationWindow (462)
[2018.09.25-18.15.18:355][ 16]LogModuleManager: Shutting down and abandoning module Layers (460)
[2018.09.25-18.15.18:355][ 16]LogModuleManager: Shutting down and abandoning module ComponentVisualizers (458)
[2018.09.25-18.15.18:355][ 16]LogModuleManager: Shutting down and abandoning module DetailCustomizations (456)
[2018.09.25-18.15.18:355][ 16]LogModuleManager: Shutting down and abandoning module PackagesDialog (454)
[2018.09.25-18.15.18:355][ 16]LogModuleManager: Shutting down and abandoning module Persona (452)
[2018.09.25-18.15.18:355][ 16]LogModuleManager: Shutting down and abandoning module AdvancedPreviewScene (451)
[2018.09.25-18.15.18:355][ 16]LogModuleManager: Shutting down and abandoning module AnimGraph (449)
[2018.09.25-18.15.18:355][ 16]LogModuleManager: Shutting down and abandoning module Kismet (446)
[2018.09.25-18.15.18:359][ 16]LogModuleManager: Shutting down and abandoning module GraphEditor (444)
[2018.09.25-18.15.18:359][ 16]LogModuleManager: Shutting down and abandoning module ClassViewer (442)
[2018.09.25-18.15.18:359][ 16]LogModuleManager: Shutting down and abandoning module Toolbox (440)
[2018.09.25-18.15.18:359][ 16]LogModuleManager: Shutting down and abandoning module ModuleUI (438)
[2018.09.25-18.15.18:359][ 16]LogModuleManager: Shutting down and abandoning module MovieSceneTools (436)
[2018.09.25-18.15.18:359][ 16]LogModuleManager: Shutting down and abandoning module OutputLog (434)
[2018.09.25-18.15.18:359][ 16]LogModuleManager: Shutting down and abandoning module GammaUI (432)
[2018.09.25-18.15.18:359][ 16]LogModuleManager: Shutting down and abandoning module Documentation (430)
[2018.09.25-18.15.18:359][ 16]LogModuleManager: Shutting down and abandoning module MovieSceneTracks (428)
[2018.09.25-18.15.18:359][ 16]LogModuleManager: Shutting down and abandoning module MovieScene (426)
[2018.09.25-18.15.18:359][ 16]LogModuleManager: Shutting down and abandoning module StreamingPauseRendering (424)
[2018.09.25-18.15.18:359][ 16]LogModuleManager: Shutting down and abandoning module LauncherPlatform (422)
[2018.09.25-18.15.18:359][ 16]LogModuleManager: Shutting down and abandoning module AnalyticsET (420)
[2018.09.25-18.15.18:359][ 16]LogModuleManager: Shutting down and abandoning module PortalServices (418)
[2018.09.25-18.15.18:360][ 16]LogModuleManager: Shutting down and abandoning module PortalRpc (416)
[2018.09.25-18.15.18:360][ 16]LogModuleManager: Shutting down and abandoning module MessagingRpc (414)
[2018.09.25-18.15.18:360][ 16]LogModuleManager: Shutting down and abandoning module AIModule (412)
[2018.09.25-18.15.18:360][ 16]LogModuleManager: Shutting down and abandoning module GameplayDebugger (411)
[2018.09.25-18.15.18:360][ 16]LogModuleManager: Shutting down and abandoning module AITestSuite (409)
[2018.09.25-18.15.18:360][ 16]LogModuleManager: Shutting down and abandoning module NavigationSystem (407)
[2018.09.25-18.15.18:360][ 16]LogModuleManager: Shutting down and abandoning module DesktopPlatform (404)
[2018.09.25-18.15.18:360][ 16]LogModuleManager: Shutting down and abandoning module ProfilerService (402)
[2018.09.25-18.15.18:594][ 16]LogModuleManager: Shutting down and abandoning module TaskGraph (400)
[2018.09.25-18.15.18:594][ 16]LogModuleManager: Shutting down and abandoning module SteamVRController (398)
[2018.09.25-18.15.18:594][ 16]LogModuleManager: Shutting down and abandoning module ProceduralMeshComponentEditor (396)
[2018.09.25-18.15.18:594][ 16]LogModuleManager: Shutting down and abandoning module ProceduralMeshComponent (394)
[2018.09.25-18.15.18:594][ 16]LogModuleManager: Shutting down and abandoning module OculusInput (392)
[2018.09.25-18.15.18:594][ 16]LogModuleManager: Shutting down and abandoning module MobilePatchingUtils (390)
[2018.09.25-18.15.18:594][ 16]LogModuleManager: Shutting down and abandoning module EditableMesh (388)
[2018.09.25-18.15.18:594][ 16]LogModuleManager: Shutting down and abandoning module CustomMeshComponent (386)
[2018.09.25-18.15.18:594][ 16]LogModuleManager: Shutting down and abandoning module CableComponent (384)
[2018.09.25-18.15.18:594][ 16]LogModuleManager: Shutting down and abandoning module AudioCapture (382)
[2018.09.25-18.15.18:594][ 16]LogModuleManager: Shutting down and abandoning module ArchVisCharacter (380)
[2018.09.25-18.15.18:594][ 16]LogModuleManager: Shutting down and abandoning module AndroidPermission (378)
[2018.09.25-18.15.18:594][ 16]LogModuleManager: Shutting down and abandoning module NUTUnrealEngine4 (376)
[2018.09.25-18.15.18:595][ 16]LogModuleManager: Shutting down and abandoning module NetcodeUnitTest (374)
[2018.09.25-18.15.18:595][ 16]LogModuleManager: Shutting down and abandoning module MediaCompositingEditor (372)
[2018.09.25-18.15.18:595][ 16]LogModuleManager: Shutting down and abandoning module MediaCompositing (370)
[2018.09.25-18.15.18:595][ 16]LogModuleManager: Shutting down and abandoning module LinearTimecode (368)
[2018.09.25-18.15.18:595][ 16]LogModuleManager: Shutting down and abandoning module ImgMedia (366)
[2018.09.25-18.15.18:602][ 16]LogModuleManager: Shutting down and abandoning module HTML5Networking (364)
[2018.09.25-18.15.18:603][ 16]LogModuleManager: Shutting down and abandoning module GeometryCacheTracks (362)
[2018.09.25-18.15.18:603][ 16]LogModuleManager: Shutting down and abandoning module GeometryCacheSequencer (360)
[2018.09.25-18.15.18:603][ 16]LogModuleManager: Shutting down and abandoning module BackChannel (358)
[2018.09.25-18.15.18:603][ 16]LogModuleManager: Shutting down and abandoning module AppleVision (356)
[2018.09.25-18.15.18:603][ 16]LogModuleManager: Shutting down and abandoning module AppleImageUtils (354)
[2018.09.25-18.15.18:603][ 16]LogModuleManager: Shutting down and abandoning module AlembicImporter (352)
[2018.09.25-18.15.18:603][ 16]LogModuleManager: Shutting down and abandoning module AlembicLibrary (351)
[2018.09.25-18.15.18:604][ 16]LogModuleManager: Shutting down and abandoning module GeometryCache (350)
[2018.09.25-18.15.18:604][ 16]LogModuleManager: Shutting down and abandoning module GeometryCacheEd (349)
[2018.09.25-18.15.18:604][ 16]LogModuleManager: Shutting down and abandoning module DatasmithContentEditor (344)
[2018.09.25-18.15.18:604][ 16]LogModuleManager: Shutting down and abandoning module DatasmithContent (342)
[2018.09.25-18.15.18:606][ 16]LogModuleManager: Shutting down and abandoning module SpeedTreeImporter (340)
[2018.09.25-18.15.18:606][ 16]LogModuleManager: Shutting down and abandoning module PluginBrowser (338)
[2018.09.25-18.15.18:606][ 16]LogModuleManager: Shutting down and abandoning module MobileLauncherProfileWizard (336)
[2018.09.25-18.15.18:606][ 16]LogModuleManager: Shutting down and abandoning module PolygonModeling (334)
[2018.09.25-18.15.18:606][ 16]LogModuleManager: Shutting down and abandoning module MeshEditor (332)
[2018.09.25-18.15.18:606][ 16]LogModuleManager: Shutting down and abandoning module CryptoKeysOpenSSL (330)
[2018.09.25-18.15.18:607][ 16]LogModuleManager: Shutting down and abandoning module CryptoKeys (328)
[2018.09.25-18.15.18:607][ 16]LogModuleManager: Shutting down and abandoning module VisualStudioSourceCodeAccess (326)
[2018.09.25-18.15.18:607][ 16]LogModuleManager: Shutting down and abandoning module VisualStudioCodeSourceCodeAccess (324)
[2018.09.25-18.15.18:607][ 16]LogModuleManager: Shutting down and abandoning module UObjectPlugin (322)
[2018.09.25-18.15.18:607][ 16]LogModuleManager: Shutting down and abandoning module SubversionSourceControl (320)
[2018.09.25-18.15.18:607][ 16]LogModuleManager: Shutting down and abandoning module PerforceSourceControl (318)
[2018.09.25-18.15.18:607][ 16]LogModuleManager: Shutting down and abandoning module GitSourceControl (316)
[2018.09.25-18.15.18:607][ 16]LogModuleManager: Shutting down and abandoning module SourceControl (315)
[2018.09.25-18.15.18:607][ 16]LogModuleManager: Shutting down and abandoning module CLionSourceCodeAccess (312)
[2018.09.25-18.15.18:607][ 16]LogModuleManager: Shutting down and abandoning module LightPropagationVolumeEditor (310)
[2018.09.25-18.15.18:607][ 16]LogModuleManager: Shutting down and abandoning module PaperTiledImporter (308)
[2018.09.25-18.15.18:607][ 16]LogModuleManager: Shutting down and abandoning module PaperSpriteSheetImporter (306)
[2018.09.25-18.15.18:607][ 16]LogModuleManager: Shutting down and abandoning module Paper2DEditor (304)
[2018.09.25-18.15.18:607][ 16]LogModuleManager: Shutting down and abandoning module MeshPaint (303)
[2018.09.25-18.15.18:608][ 16]LogModuleManager: Shutting down and abandoning module RuntimePhysXCooking (300)
[2018.09.25-18.15.18:608][ 16]LogModuleManager: Shutting down and abandoning module PhysXVehiclesEditor (298)
[2018.09.25-18.15.18:608][ 16]LogModuleManager: Shutting down and abandoning module PhysXVehicles (296)
[2018.09.25-18.15.18:608][ 16]LogModuleManager: Shutting down and abandoning module OculusEditor (294)
[2018.09.25-18.15.18:608][ 16]LogModuleManager: Shutting down and abandoning module LocationServicesBPLibrary (292)
[2018.09.25-18.15.18:608][ 16]LogModuleManager: Shutting down and abandoning module ImmediatePhysicsEditor (290)
[2018.09.25-18.15.18:608][ 16]LogModuleManager: Shutting down and abandoning module ImmediatePhysics (288)
[2018.09.25-18.15.18:608][ 16]LogModuleManager: Shutting down and abandoning module ActorSequence (286)
[2018.09.25-18.15.18:608][ 16]LogModuleManager: Shutting down and abandoning module UdpMessaging (284)
[2018.09.25-18.15.18:708][ 16]LogModuleManager: Shutting down and abandoning module TcpMessaging (282)
[2018.09.25-18.15.18:809][ 16]LogModuleManager: Shutting down and abandoning module MagicLeapAudio (280)
[2018.09.25-18.15.18:809][ 16]LogModuleManager: Shutting down and abandoning module GameplayTagsEditor (278)
[2018.09.25-18.15.18:809][ 16]LogModuleManager: Shutting down and abandoning module FacialAnimationEditor (276)
[2018.09.25-18.15.18:809][ 16]LogModuleManager: Shutting down and abandoning module FacialAnimation (274)
[2018.09.25-18.15.18:809][ 16]LogModuleManager: Shutting down and abandoning module DataValidation (272)
[2018.09.25-18.15.18:809][ 16]LogModuleManager: Shutting down and abandoning module AssetManagerEditor (270)
[2018.09.25-18.15.18:809][ 16]LogModuleManager: Shutting down and abandoning module LevelEditor (269)
[2018.09.25-18.15.18:811][ 16]LogModuleManager: Shutting down and abandoning module PixelInspectorModule (268)
[2018.09.25-18.15.18:811][ 16]LogModuleManager: Shutting down and abandoning module CommonMenuExtensions (266)
[2018.09.25-18.15.18:811][ 16]LogModuleManager: Shutting down and abandoning module MainFrame (264)
[2018.09.25-18.15.18:811][ 16]LogModuleManager: Shutting down and abandoning module HotReload (263)
[2018.09.25-18.15.18:812][ 16]LogModuleManager: Shutting down and abandoning module ContentBrowser (259)
[2018.09.25-18.15.18:814][ 16]LogModuleManager: Shutting down and abandoning module TreeMap (257)
[2018.09.25-18.15.18:814][ 16]LogModuleManager: Shutting down and abandoning module LightPropagationVolumeRuntime (254)
[2018.09.25-18.15.18:814][ 16]LogModuleManager: Shutting down and abandoning module AISupportModule (252)
[2018.09.25-18.15.18:814][ 16]LogModuleManager: Shutting down and abandoning module Paper2D (250)
[2018.09.25-18.15.18:814][ 16]LogModuleManager: Shutting down and abandoning module WindowsMoviePlayer (248)
[2018.09.25-18.15.18:814][ 16]LogModuleManager: Shutting down and abandoning module WmfMedia (246)
[2018.09.25-18.15.18:816][ 16]LogModuleManager: Shutting down and abandoning module Media (245)
[2018.09.25-18.15.18:825][ 16]LogModuleManager: Shutting down and abandoning module PacketHandler (242)
[2018.09.25-18.15.18:825][ 16]LogModuleManager: Shutting down and abandoning module ClothingSystemEditor (240)
[2018.09.25-18.15.18:825][ 16]LogModuleManager: Shutting down and abandoning module ClothingSystemRuntime (238)
[2018.09.25-18.15.18:825][ 16]LogModuleManager: Shutting down and abandoning module MediaAssets (236)
[2018.09.25-18.15.18:825][ 16]LogModuleManager: Shutting down and abandoning module Overlay (234)
[2018.09.25-18.15.18:825][ 16]LogModuleManager: Shutting down and abandoning module OverlayEditor (233)
[2018.09.25-18.15.18:825][ 16]LogModuleManager: Shutting down and abandoning module EnvironmentQueryEditor (230)
[2018.09.25-18.15.18:825][ 16]LogModuleManager: Shutting down and abandoning module VREditor (228)
[2018.09.25-18.15.18:825][ 16]LogModuleManager: Shutting down and abandoning module StringTableEditor (226)
[2018.09.25-18.15.18:825][ 16]LogModuleManager: Shutting down and abandoning module GameplayTasksEditor (224)
[2018.09.25-18.15.18:825][ 16]LogModuleManager: Shutting down and abandoning module BehaviorTreeEditor (222)
[2018.09.25-18.15.18:825][ 16]LogModuleManager: Shutting down and abandoning module FunctionalTesting (220)
[2018.09.25-18.15.18:825][ 16]LogModuleManager: Shutting down and abandoning module CollisionAnalyzer (218)
[2018.09.25-18.15.18:825][ 16]LogModuleManager: Shutting down and abandoning module WorkspaceMenuStructure (217)
[2018.09.25-18.15.18:826][ 16]LogModuleManager: Shutting down and abandoning module UMG (214)
[2018.09.25-18.15.18:826][ 16]LogModuleManager: Shutting down and abandoning module UMGEditor (213)
[2018.09.25-18.15.18:826][ 16]LogModuleManager: Shutting down and abandoning module Sequencer (212)
[2018.09.25-18.15.18:826][ 16]LogModuleManager: Shutting down and abandoning module MessageLog (209)
[2018.09.25-18.15.18:826][ 16]LogModuleManager: Shutting down and abandoning module SlateReflector (204)
[2018.09.25-18.15.18:826][ 16]LogModuleManager: Shutting down and abandoning module Slate (202)
[2018.09.25-18.15.18:826][ 16]LogModuleManager: Shutting down and abandoning module EditorStyle (200)
[2018.09.25-18.15.18:828][ 16]LogModuleManager: Shutting down and abandoning module MRMesh (198)
[2018.09.25-18.15.18:828][ 16]LogModuleManager: Shutting down and abandoning module SourceCodeAccess (196)
[2018.09.25-18.15.18:828][ 16]LogModuleManager: Shutting down and abandoning module HeadMountedDisplay (194)
[2018.09.25-18.15.18:828][ 16]LogModuleManager: Shutting down and abandoning module XAudio2 (192)
[2018.09.25-18.15.18:828][ 16]LogModuleManager: Shutting down and abandoning module Networking (190)
[2018.09.25-18.15.18:828][ 16]LogModuleManager: Shutting down and abandoning module Core (188)
[2018.09.25-18.15.18:828][ 16]LogModuleManager: Shutting down and abandoning module LevelSequence (186)
[2018.09.25-18.15.18:828][ 16]LogModuleManager: Shutting down and abandoning module KismetCompiler (184)
[2018.09.25-18.15.18:828][ 16]LogModuleManager: Shutting down and abandoning module MeshUtilities (182)
[2018.09.25-18.15.18:828][ 16]LogModuleManager: Shutting down and abandoning module MeshMergeUtilities (181)
[2018.09.25-18.15.18:829][ 16]LogModuleManager: Shutting down and abandoning module MeshReductionInterface (180)
[2018.09.25-18.15.18:829][ 16]LogModuleManager: Shutting down and abandoning module SimplygonSwarm (179)
[2018.09.25-18.15.18:829][ 16]LogModuleManager: Shutting down and abandoning module ProxyLODMeshReduction (177)
[2018.09.25-18.15.18:829][ 16]LogModuleManager: Shutting down and abandoning module SimplygonMeshReduction (175)
[2018.09.25-18.15.18:829][ 16]LogModuleManager: Shutting down and abandoning module QuadricMeshReduction (173)
[2018.09.25-18.15.18:829][ 16]LogModuleManager: Shutting down and abandoning module MaterialBaking (169)
[2018.09.25-18.15.18:829][ 16]LogModuleManager: Shutting down and abandoning module DirectoryWatcher (165)
[2018.09.25-18.15.18:829][ 16]LogModuleManager: Shutting down and abandoning module DerivedDataCache (162)
[2018.09.25-18.15.18:850][ 16]LogDerivedDataCache: Shutdown
[2018.09.25-18.15.18:850][ 16]LogModuleManager: Shutting down and abandoning module XGEController (160)
[2018.09.25-18.15.18:851][ 16]LogModuleManager: Shutting down and abandoning module TargetPlatform (158)
[2018.09.25-18.15.18:851][ 16]LogModuleManager: Shutting down and abandoning module VulkanShaderFormat (157)
[2018.09.25-18.15.18:851][ 16]LogModuleManager: Shutting down and abandoning module ShaderFormatVectorVM (155)
[2018.09.25-18.15.18:851][ 16]LogModuleManager: Shutting down and abandoning module ShaderFormatOpenGL (153)
[2018.09.25-18.15.18:851][ 16]LogModuleManager: Shutting down and abandoning module ShaderFormatD3D (151)
[2018.09.25-18.15.18:851][ 16]LogModuleManager: Shutting down and abandoning module MetalShaderFormat (149)
[2018.09.25-18.15.18:851][ 16]LogModuleManager: Shutting down and abandoning module TextureFormatUncompressed (147)
[2018.09.25-18.15.18:851][ 16]LogModuleManager: Shutting down and abandoning module TextureFormatPVR (145)
[2018.09.25-18.15.18:851][ 16]LogModuleManager: Shutting down and abandoning module TextureFormatDXT (143)
[2018.09.25-18.15.18:851][ 16]LogModuleManager: Shutting down and abandoning module TextureFormatIntelISPCTexComp (141)
[2018.09.25-18.15.18:851][ 16]LogModuleManager: Shutting down and abandoning module TextureFormatASTC (139)
[2018.09.25-18.15.18:851][ 16]LogModuleManager: Shutting down and abandoning module ImageWrapper (138)
[2018.09.25-18.15.18:851][ 16]LogModuleManager: Shutting down and abandoning module TextureFormatAndroid (135)
[2018.09.25-18.15.18:851][ 16]LogModuleManager: Shutting down and abandoning module AudioFormatOpus (133)
[2018.09.25-18.15.18:851][ 16]LogModuleManager: Shutting down and abandoning module AudioFormatOgg (131)
[2018.09.25-18.15.18:851][ 16]LogModuleManager: Shutting down and abandoning module AudioFormatADPCM (129)
[2018.09.25-18.15.18:851][ 16]LogModuleManager: Shutting down and abandoning module LuminTargetPlatform (127)
[2018.09.25-18.15.18:851][ 16]LogModuleManager: Shutting down and abandoning module LinuxTargetPlatform (125)
[2018.09.25-18.15.18:851][ 16]LogModuleManager: Shutting down and abandoning module LinuxServerTargetPlatform (123)
[2018.09.25-18.15.18:851][ 16]LogModuleManager: Shutting down and abandoning module LinuxNoEditorTargetPlatform (121)
[2018.09.25-18.15.18:851][ 16]LogModuleManager: Shutting down and abandoning module LinuxClientTargetPlatform (119)
[2018.09.25-18.15.18:851][ 16]LogModuleManager: Shutting down and abandoning module TVOSTargetPlatform (117)
[2018.09.25-18.15.18:852][ 16]LogModuleManager: Shutting down and abandoning module Messaging (115)
[2018.09.25-18.15.18:852][ 16]LogModuleManager: Shutting down and abandoning module IOSTargetPlatform (113)
[2018.09.25-18.15.18:854][ 16]LogModuleManager: Shutting down and abandoning module HTML5TargetPlatform (111)
[2018.09.25-18.15.18:854][ 16]LogModuleManager: Shutting down and abandoning module AndroidTargetPlatform (109)
[2018.09.25-18.15.18:861][ 16]LogModuleManager: Shutting down and abandoning module WindowsTargetPlatform (107)
[2018.09.25-18.15.18:861][ 16]LogModuleManager: Shutting down and abandoning module WindowsServerTargetPlatform (105)
[2018.09.25-18.15.18:861][ 16]LogModuleManager: Shutting down and abandoning module WindowsNoEditorTargetPlatform (103)
[2018.09.25-18.15.18:861][ 16]LogModuleManager: Shutting down and abandoning module WindowsClientTargetPlatform (101)
[2018.09.25-18.15.18:861][ 16]LogModuleManager: Shutting down and abandoning module MacTargetPlatform (99)
[2018.09.25-18.15.18:861][ 16]LogModuleManager: Shutting down and abandoning module MacServerTargetPlatform (97)
[2018.09.25-18.15.18:861][ 16]LogModuleManager: Shutting down and abandoning module MacNoEditorTargetPlatform (95)
[2018.09.25-18.15.18:862][ 16]LogModuleManager: Shutting down and abandoning module MacClientTargetPlatform (93)
[2018.09.25-18.15.18:862][ 16]LogModuleManager: Shutting down and abandoning module AllDesktopTargetPlatform (91)
[2018.09.25-18.15.18:862][ 16]LogModuleManager: Shutting down and abandoning module InputCore (88)
[2018.09.25-18.15.18:862][ 16]LogModuleManager: Shutting down and abandoning module Settings (86)
[2018.09.25-18.15.18:862][ 16]LogModuleManager: Shutting down and abandoning module PhysXCooking (84)
[2018.09.25-18.15.18:862][ 16]LogModuleManager: Shutting down and abandoning module SteamVR (82)
[2018.09.25-18.15.18:862][ 16]LogModuleManager: Shutting down and abandoning module OculusHMD (80)
[2018.09.25-18.15.18:862][ 16]LogModuleManager: Shutting down and abandoning module ExampleDeviceProfileSelector (78)
[2018.09.25-18.15.18:862][ 16]LogModuleManager: Shutting down and abandoning module LauncherChunkInstaller (76)
[2018.09.25-18.15.18:862][ 16]LogModuleManager: Shutting down and abandoning module OnlineBlueprintSupport (74)
[2018.09.25-18.15.18:862][ 16]LogModuleManager: Shutting down and abandoning module OnlineSubsystem (70)
[2018.09.25-18.15.18:863][ 16]LogModuleManager: Shutting down and abandoning module XMPP (65)
[2018.09.25-18.15.18:863][ 16]LogModuleManager: Shutting down and abandoning module WebSockets (64)
[2018.09.25-18.15.18:894][ 16]LogModuleManager: Shutting down and abandoning module HTTP (61)
[2018.09.25-18.15.18:894][ 16]LogHttp: Display: Http module shutting down, but needs to wait on 1 outstanding Http requests:
[2018.09.25-18.15.18:894][ 16]LogHttp: Display: 	verb=[POST] url=[https://datarouter.ol.epicgames.com/datarouter/api/v1/public/data?SessionID=%7B6E71E1B9-4699-F133-4532-CEBC2A1ED893%7D&AppID=UEEditor.Rocket.Release&AppVersion=4.20.3-4369336%2B%2B%2BUE4%2BRelease-4.20&UserID=cca2e83c4c922e6278f0f0b24b85f416%7C5557c92c270a4d1980a46e232588ee31%7Cc91b5b9e-cbf4-490a-9c11-a6e8e5d6d008&AppEnvironment=datacollector-binary&UploadType=eteventstream] status=Processing
[2018.09.25-18.15.18:897][ 16]LogModuleManager: Shutting down and abandoning module SSL (60)
[2018.09.25-18.15.18:899][ 16]LogModuleManager: Shutting down and abandoning module MagicLeapEmulator (56)
[2018.09.25-18.15.18:899][ 16]LogModuleManager: Shutting down and abandoning module MagicLeapPrivileges (54)
[2018.09.25-18.15.18:899][ 16]LogModuleManager: Shutting down and abandoning module MagicLeapIdentity (52)
[2018.09.25-18.15.18:899][ 16]LogModuleManager: Shutting down and abandoning module MagicLeapHelperVulkan (50)
[2018.09.25-18.15.18:899][ 16]LogModuleManager: Shutting down and abandoning module MagicLeapHelperOpenGL (48)
[2018.09.25-18.15.18:899][ 16]LogModuleManager: Shutting down and abandoning module MagicLeapSecureStorage (46)
[2018.09.25-18.15.18:899][ 16]LogModuleManager: Shutting down and abandoning module MagicLeapGestures (44)
[2018.09.25-18.15.18:899][ 16]LogModuleManager: Shutting down and abandoning module MagicLeapEyeTracker (42)
[2018.09.25-18.15.18:899][ 16]LogModuleManager: Shutting down and abandoning module MagicLeapController (40)
[2018.09.25-18.15.18:899][ 16]LogSlate: Slate User Destroyed.  User Index 0, Is Virtual User: 0
[2018.09.25-18.15.18:899][ 16]LogModuleManager: Shutting down and abandoning module MagicLeap (38)
[2018.09.25-18.15.18:899][ 16]LogModuleManager: Shutting down and abandoning module AnimationModifiers (36)
[2018.09.25-18.15.18:899][ 16]LogModuleManager: Shutting down and abandoning module PropertyEditor (35)
[2018.09.25-18.15.18:900][ 16]LogModuleManager: Shutting down and abandoning module AudioEditor (32)
[2018.09.25-18.15.18:900][ 16]LogModuleManager: Shutting down and abandoning module TextureCompressor (30)
[2018.09.25-18.15.18:900][ 16]LogModuleManager: Shutting down and abandoning module ShaderCore (28)
[2018.09.25-18.15.18:900][ 16]LogModuleManager: Shutting down and abandoning module Landscape (26)
[2018.09.25-18.15.18:900][ 16]LogModuleManager: Shutting down and abandoning module SlateRHIRenderer (24)
[2018.09.25-18.15.18:900][ 16]LogModuleManager: Shutting down and abandoning module OpenGLDrv (22)
[2018.09.25-18.15.18:900][ 16]LogModuleManager: Shutting down and abandoning module D3D11RHI (20)
[2018.09.25-18.15.18:900][ 16]LogModuleManager: Shutting down and abandoning module AnimGraphRuntime (18)
[2018.09.25-18.15.18:900][ 16]LogModuleManager: Shutting down and abandoning module Renderer (16)
[2018.09.25-18.15.18:900][ 16]LogModuleManager: Shutting down and abandoning module Engine (14)
[2018.09.25-18.15.18:900][ 16]LogModuleManager: Shutting down and abandoning module CoreUObject (12)
[2018.09.25-18.15.18:900][ 16]LogModuleManager: Shutting down and abandoning module NetworkFile (10)
[2018.09.25-18.15.18:900][ 16]LogModuleManager: Shutting down and abandoning module CookedIterativeFile (8)
[2018.09.25-18.15.18:900][ 16]LogModuleManager: Shutting down and abandoning module StreamingFile (6)
[2018.09.25-18.15.18:900][ 16]LogModuleManager: Shutting down and abandoning module SandboxFile (4)
[2018.09.25-18.15.18:900][ 16]LogModuleManager: Shutting down and abandoning module PakFile (2)
[2018.09.25-18.15.18:906][ 16]LogExit: Exiting.
[2018.09.25-18.15.18:918][ 16]Log file closed, 09/25/18 21:15:18
