Log file open, 09/26/18 17:47:17
LogWindows: Failed to load 'aqProf.dll' (GetLastError=126)
LogWindows: File 'aqProf.dll' does not exist
LogWindows: Failed to load 'VtuneApi.dll' (GetLastError=126)
LogWindows: File 'VtuneApi.dll' does not exist
LogWindows: Failed to load 'VtuneApi32e.dll' (GetLastError=126)
LogWindows: File 'VtuneApi32e.dll' does not exist
LogInit: Display: Running engine for game: parkour_sys
LogPlatformFile: Not using cached read wrapper
LogTaskGraph: Started task graph with 5 named threads and 14 total threads with 3 sets of task threads.
LogStats: Stats thread started at 1.088316
LogD3D11RHI: Loaded GFSDK_Aftermath_Lib.x64.dll
LogICUInternationalization: Display: ICU TimeZone Detection - Raw Offset: +2:00, Platform Override: ''
LogPluginManager: Mounting plugin Paper2D
LogPluginManager: Mounting plugin AISupport
LogPluginManager: Mounting plugin LightPropagationVolume
LogPluginManager: Mounting plugin CLionSourceCodeAccess
LogPluginManager: Mounting plugin CodeLiteSourceCodeAccess
LogPluginManager: Mounting plugin GitSourceControl
LogPluginManager: Mounting plugin KDevelopSourceCodeAccess
LogPluginManager: Mounting plugin NullSourceCodeAccess
LogPluginManager: Mounting plugin PerforceSourceControl
LogPluginManager: Mounting plugin SubversionSourceControl
LogPluginManager: Mounting plugin UObjectPlugin
LogPluginManager: Mounting plugin VisualStudioCodeSourceCodeAccess
LogPluginManager: Mounting plugin VisualStudioSourceCodeAccess
LogPluginManager: Mounting plugin XCodeSourceCodeAccess
LogPluginManager: Mounting plugin AssetManagerEditor
LogPluginManager: Mounting plugin CryptoKeys
LogPluginManager: Mounting plugin DataValidation
LogPluginManager: Mounting plugin FacialAnimation
LogPluginManager: Mounting plugin GameplayTagsEditor
LogPluginManager: Mounting plugin MacGraphicsSwitching
LogPluginManager: Mounting plugin MeshEditor
LogPluginManager: Mounting plugin MobileLauncherProfileWizard
LogPluginManager: Mounting plugin PluginBrowser
LogPluginManager: Mounting plugin SpeedTreeImporter
LogPluginManager: Mounting plugin DatasmithContent
LogPluginManager: Mounting plugin AlembicImporter
LogPluginManager: Mounting plugin AppleImageUtils
LogPluginManager: Mounting plugin AppleVision
LogPluginManager: Mounting plugin BackChannel
LogPluginManager: Mounting plugin CharacterAI
LogPluginManager: Mounting plugin GeometryCache
LogPluginManager: Mounting plugin HTML5Networking
LogPluginManager: Mounting plugin ProxyLODPlugin
LogPluginManager: Mounting plugin MagicLeap
LogPluginManager: Mounting plugin MagicLeapEmulator
LogPluginManager: Mounting plugin MagicLeapMedia
LogPluginManager: Mounting plugin AndroidMedia
LogPluginManager: Mounting plugin AvfMedia
LogPluginManager: Mounting plugin ImgMedia
LogPluginManager: Mounting plugin LinearTimecode
LogPluginManager: Mounting plugin MediaCompositing
LogPluginManager: Mounting plugin MediaPlayerEditor
LogPluginManager: Mounting plugin WmfMedia
LogPluginManager: Mounting plugin TcpMessaging
LogPluginManager: Mounting plugin UdpMessaging
LogPluginManager: Mounting plugin ActorSequence
LogPluginManager: Mounting plugin LevelSequenceEditor
LogPluginManager: Mounting plugin MatineeToLevelSequence
LogPluginManager: Mounting plugin NetcodeUnitTest
LogPluginManager: Mounting plugin NUTUnrealEngine4
LogPluginManager: Mounting plugin OnlineSubsystemGooglePlay
LogPluginManager: Mounting plugin OnlineSubsystemIOS
LogPluginManager: Mounting plugin OnlineSubsystem
LogPluginManager: Mounting plugin OnlineSubsystemNull
LogPluginManager: Mounting plugin OnlineSubsystemUtils
LogPluginManager: Mounting plugin LauncherChunkInstaller
LogPluginManager: Mounting plugin AndroidDeviceProfileSelector
LogPluginManager: Mounting plugin AndroidMoviePlayer
LogPluginManager: Mounting plugin AndroidPermission
LogPluginManager: Mounting plugin AppleMoviePlayer
LogPluginManager: Mounting plugin ArchVisCharacter
LogPluginManager: Mounting plugin AudioCapture
LogPluginManager: Mounting plugin CableComponent
LogPluginManager: Mounting plugin CustomMeshComponent
LogPluginManager: Mounting plugin EditableMesh
LogPluginManager: Mounting plugin ExampleDeviceProfileSelector
LogPluginManager: Mounting plugin GoogleCloudMessaging
LogPluginManager: Mounting plugin ImmediatePhysics
LogPluginManager: Mounting plugin IOSDeviceProfileSelector
LogPluginManager: Mounting plugin LinuxDeviceProfileSelector
LogPluginManager: Mounting plugin LocationServicesBPLibrary
LogPluginManager: Mounting plugin MobilePatchingUtils
LogPluginManager: Mounting plugin OculusVR
LogPluginManager: Plugin shader directory ../../../Engine/Plugins/Runtime/Oculus/OculusVR/Shaders found
LogPluginManager: Mapping shader source directory ../../../Engine/Plugins/Runtime/Oculus/OculusVR/Shaders to virtual directory /Plugin/OculusVR
LogPluginManager: Mounting plugin PhysXVehicles
LogPluginManager: Mounting plugin ProceduralMeshComponent
LogPluginManager: Mounting plugin RuntimePhysXCooking
LogPluginManager: Mounting plugin SteamVR
LogPluginManager: Mounting plugin WindowsMoviePlayer
LogStreaming: Display: Took  0.510s to configure plugins.
LogInit: Using libcurl 7.55.1-DEV
LogInit:  - built for x86_64-pc-win32
LogInit:  - supports SSL with OpenSSL/1.0.2h
LogInit:  - supports HTTP deflate (compression) using libz 1.2.8
LogInit:  - other features:
LogInit:      CURL_VERSION_SSL
LogInit:      CURL_VERSION_LIBZ
LogInit:      CURL_VERSION_IPV6
LogInit:      CURL_VERSION_ASYNCHDNS
LogInit:      CURL_VERSION_LARGEFILE
LogInit:      CURL_VERSION_IDN
LogInit:  CurlRequestOptions (configurable via config and command line):
LogInit:  - bVerifyPeer = false  - Libcurl will NOT verify peer certificate
LogInit:  - bUseHttpProxy = false  - Libcurl will NOT use HTTP proxy
LogInit:  - bDontReuseConnections = false  - Libcurl will reuse connections
LogInit:  - CertBundlePath = nullptr  - Libcurl will use whatever was configured at build time.
LogInit:  - MaxHostConnections = 16  - Libcurl will limit the number of connections to a host
LogInit:  - LocalHostAddr = Default
LogInit:  - BufferSize = 65536
LogInit: WinSock: version 1.1 (2.2), MaxSocks=32767, MaxUdp=65467
LogInit: Build: ++UE4+Release-4.20-CL-4369336
LogInit: Engine Version: 4.20.3-4369336+++UE4+Release-4.20
LogInit: Compatible Engine Version: 4.20.0-4212847+++UE4+Release-4.20
LogInit: Net CL: 4212847
LogInit: OS: Windows 10 (), CPU: Intel(R) Core(TM) i5-7400 CPU @ 3.00GHz, GPU: NVIDIA GeForce GTX 1050
LogInit: Compiled (64-bit): Sep 17 2018 12:26:19
LogInit: Compiled with Visual C++: 19.13.26129.00
LogInit: Build Configuration: Development
LogInit: Branch Name: ++UE4+Release-4.20
LogInit: Command Line:  
LogInit: Base Directory: D:/epicSDK/UE_4.20/Engine/Binaries/Win64/
LogInit: Installed Engine Build: 1
LogDevObjectVersion: Number of dev versions registered: 20
LogDevObjectVersion:   Dev-Blueprints (B0D832E4-1F89-4F0D-ACCF-7EB736FD4AA2): 10
LogDevObjectVersion:   Dev-Build (E1C64328-A22C-4D53-A36C-8E866417BD8C): 0
LogDevObjectVersion:   Dev-Core (375EC13C-06E4-48FB-B500-84F0262A717E): 2
LogDevObjectVersion:   Dev-Editor (E4B068ED-F494-42E9-A231-DA0B2E46BB41): 24
LogDevObjectVersion:   Dev-Framework (CFFC743F-43B0-4480-9391-14DF171D2073): 34
LogDevObjectVersion:   Dev-Mobile (B02B49B5-BB20-44E9-A304-32B752E40360): 2
LogDevObjectVersion:   Dev-Networking (A4E4105C-59A1-49B5-A7C5-40C4547EDFEE): 0
LogDevObjectVersion:   Dev-Online (39C831C9-5AE6-47DC-9A44-9C173E1C8E7C): 0
LogDevObjectVersion:   Dev-Physics (78F01B33-EBEA-4F98-B9B4-84EACCB95AA2): 0
LogDevObjectVersion:   Dev-Platform (6631380F-2D4D-43E0-8009-CF276956A95A): 0
LogDevObjectVersion:   Dev-Rendering (12F88B9F-8875-4AFC-A67C-D90C383ABD29): 26
LogDevObjectVersion:   Dev-Sequencer (7B5AE74C-D270-4C10-A958-57980B212A5A): 9
LogDevObjectVersion:   Dev-VR (D7296918-1DD6-4BDD-9DE2-64A83CC13884): 2
LogDevObjectVersion:   Dev-LoadTimes (C2A15278-BFE7-4AFE-6C17-90FF531DF755): 1
LogDevObjectVersion:   Private-Geometry (6EACA3D4-40EC-4CC1-B786-8BED09428FC5): 3
LogDevObjectVersion:   Dev-AnimPhys (29E575DD-E0A3-4627-9D10-D276232CDCEA): 17
LogDevObjectVersion:   Dev-ReflectionCapture (6B266CEC-1EC7-4B8F-A30B-E4D90942FC07): 1
LogDevObjectVersion:   Dev-Automation (0DF73D61-A23F-47EA-B727-89E90C41499A): 1
LogDevObjectVersion:   FortniteMain (601D1886-AC64-4F84-AA16-D3DE0DEAC7D6): 12
LogDevObjectVersion:   Dev-Enterprise (9DFFBCD6-494F-0158-E221-12823C92A888): 1
LogStreaming: Display: Took  0.099s to delete old logs.
LogInit: Presizing for max 8388607 objects, including 0 objects not considered by GC, pre-allocating 0 bytes for permanent pool.
LogInit: Object subsystem initialized
[2018.09.26-14.47.26:988][  0]LogInit: Selected Device Profile: [Windows]
[2018.09.26-14.47.26:988][  0]LogInit: Applying CVar settings loaded from the selected device profile: [Windows]
[2018.09.26-14.47.27:367][  0]LogHAL: Display: Platform has ~ 16 GB [17136578560 / 17179869184 / 16], which maps to Larger [LargestMinGB=32, LargerMinGB=12, DefaultMinGB=8, SmallerMinGB=6, SmallestMinGB=0)
[2018.09.26-14.47.27:367][  0]LogInit: Setting Device Profile CVar: [[r.Vulkan.UseRealUBs:1]]
[2018.09.26-14.47.27:367][  0]LogInit: Going up to parent DeviceProfile []
[2018.09.26-14.47.27:403][  0]LogInit: Computer: DESKTOP-1FJRS5V
[2018.09.26-14.47.27:403][  0]LogInit: User: User
[2018.09.26-14.47.27:403][  0]LogInit: CPU Page size=4096, Cores=4
[2018.09.26-14.47.27:404][  0]LogInit: High frequency timer resolution =2.929689 MHz
[2018.09.26-14.47.27:404][  0]LogMemory: Memory total: Physical=16.0GB (16GB approx)
[2018.09.26-14.47.27:404][  0]LogMemory: Platform Memory Stats for Windows
[2018.09.26-14.47.27:404][  0]LogMemory: Process Physical Memory: 101.39 MB used, 101.39 MB peak
[2018.09.26-14.47.27:404][  0]LogMemory: Process Virtual Memory: 96.29 MB used, 96.29 MB peak
[2018.09.26-14.47.27:404][  0]LogMemory: Physical Memory: 4291.28 MB used,  12051.44 MB free, 16342.71 MB total
[2018.09.26-14.47.27:404][  0]LogMemory: Virtual Memory: 4637.37 MB used,  12051.44 MB free, 134217728.00 MB total
[2018.09.26-14.47.29:892][  0]LogInit: Using OS detected language (ru-RU).
[2018.09.26-14.47.29:892][  0]LogInit: Using OS detected locale (ru-UA).
[2018.09.26-14.47.29:990][  0]LogTextLocalizationManager: No specific localization for 'ru-RU' exists, so the 'ru' localization will be used.
[2018.09.26-14.47.30:197][  0]LogStreaming: Display: Took  0.305s to InitEngineTextLocalization.
[2018.09.26-14.47.30:197][  0]LogInit: Setting process to per monitor DPI aware
[2018.09.26-14.47.30:923][  0]LogSlate: New Slate User Created.  User Index 0, Is Virtual User: 0
[2018.09.26-14.47.30:923][  0]LogSlate: Slate User Registered.  User Index 0, Is Virtual User: 0
[2018.09.26-14.47.39:144][  0]LogHMD: Failed to initialize OpenVR with code 110
[2018.09.26-14.47.39:144][  0]LogD3D11RHI: D3D11 adapters:
[2018.09.26-14.47.39:196][  0]LogD3D11RHI:    0. 'NVIDIA GeForce GTX 1050' (Feature Level 11_0)
[2018.09.26-14.47.39:196][  0]LogD3D11RHI:       1977/0/8171 MB DedicatedVideo/DedicatedSystem/SharedSystem, Outputs:1, VendorId:0x10de
[2018.09.26-14.47.39:198][  0]LogD3D11RHI:    1. 'Microsoft Basic Render Driver' (Feature Level 11_0)
[2018.09.26-14.47.39:198][  0]LogD3D11RHI:       0/0/8171 MB DedicatedVideo/DedicatedSystem/SharedSystem, Outputs:0, VendorId:0x1414
[2018.09.26-14.47.39:198][  0]LogD3D11RHI: Chosen D3D11 Adapter: 0
[2018.09.26-14.47.39:210][  0]LogD3D11RHI: Creating new Direct3DDevice
[2018.09.26-14.47.39:210][  0]LogD3D11RHI:     GPU DeviceId: 0x1c81 (for the marketing name, search the web for "GPU Device Id")
[2018.09.26-14.47.39:210][  0]LogWindows: EnumDisplayDevices:
[2018.09.26-14.47.39:210][  0]LogWindows:    0. 'NVIDIA GeForce GTX 1050' (P:1 D:1)
[2018.09.26-14.47.39:210][  0]LogWindows:    1. 'NVIDIA GeForce GTX 1050' (P:0 D:0)
[2018.09.26-14.47.39:210][  0]LogWindows:    2. 'NVIDIA GeForce GTX 1050' (P:0 D:0)
[2018.09.26-14.47.39:211][  0]LogWindows:    3. 'NVIDIA GeForce GTX 1050' (P:0 D:0)
[2018.09.26-14.47.39:211][  0]LogWindows: DebugString: FoundDriverCount:4 
[2018.09.26-14.47.39:211][  0]LogD3D11RHI:     Adapter Name: NVIDIA GeForce GTX 1050
[2018.09.26-14.47.39:211][  0]LogD3D11RHI:   Driver Version: 390.77 (internal:23.21.13.9077, unified:390.77)
[2018.09.26-14.47.39:211][  0]LogD3D11RHI:      Driver Date: 1-23-2018
[2018.09.26-14.47.39:211][  0]LogRHI: Texture pool is 1384 MB (70% of 1977 MB)
[2018.09.26-14.47.39:248][  0]LogD3D11RHI: Async texture creation enabled
[2018.09.26-14.47.39:266][  0]LogD3D11RHI: GPU Timing Frequency: 1000.000000 (Debug: 2 2)
[2018.09.26-14.47.39:267][  0]LogShaderCompilers: Guid format shader working directory is -5 characters bigger than the processId version (C:/Users/User/Documents/Unreal Projects/parkour_sys/Intermediate/Shaders/WorkingDirectory/504/).
[2018.09.26-14.47.39:267][  0]LogShaderCompilers: Cleaned the shader compiler working directory 'C:/Users/User/AppData/Local/Temp/UnrealShaderWorkingDir/D02D31AA44013179B4567FB9E2E5BE60/'.
[2018.09.26-14.47.40:824][  0]LogTemp: Display: Loaded TP AllDesktopTargetPlatform
[2018.09.26-14.47.40:866][  0]LogTemp: Display: Loaded TP MacClientTargetPlatform
[2018.09.26-14.47.40:891][  0]LogTemp: Display: Loaded TP MacNoEditorTargetPlatform
[2018.09.26-14.47.40:942][  0]LogTemp: Display: Loaded TP MacServerTargetPlatform
[2018.09.26-14.47.41:080][  0]LogTemp: Display: Loaded TP MacTargetPlatform
[2018.09.26-14.47.41:153][  0]LogTemp: Display: Loaded TP WindowsClientTargetPlatform
[2018.09.26-14.47.41:230][  0]LogTemp: Display: Loaded TP WindowsNoEditorTargetPlatform
[2018.09.26-14.47.41:294][  0]LogTemp: Display: Loaded TP WindowsServerTargetPlatform
[2018.09.26-14.47.41:432][  0]LogTemp: Display: Loaded TP WindowsTargetPlatform
[2018.09.26-14.47.41:674][  0]LogTemp: Display: Loaded TP AndroidTargetPlatform
[2018.09.26-14.47.41:674][  0]LogTemp: Display: Loaded TP AndroidTargetPlatform
[2018.09.26-14.47.41:674][  0]LogTemp: Display: Loaded TP AndroidTargetPlatform
[2018.09.26-14.47.41:674][  0]LogTemp: Display: Loaded TP AndroidTargetPlatform
[2018.09.26-14.47.41:674][  0]LogTemp: Display: Loaded TP AndroidTargetPlatform
[2018.09.26-14.47.41:674][  0]LogTemp: Display: Loaded TP AndroidTargetPlatform
[2018.09.26-14.47.41:674][  0]LogTemp: Display: Loaded TP AndroidTargetPlatform
[2018.09.26-14.47.41:674][  0]LogTemp: Display: Loaded TP AndroidTargetPlatform
[2018.09.26-14.47.41:674][  0]LogTemp: Display: Loaded TP AndroidTargetPlatform
[2018.09.26-14.47.41:674][  0]LogTemp: Display: Loaded TP AndroidTargetPlatform
[2018.09.26-14.47.41:674][  0]LogTemp: Display: Loaded TP AndroidTargetPlatform
[2018.09.26-14.47.41:674][  0]LogTemp: Display: Loaded TP AndroidTargetPlatform
[2018.09.26-14.47.41:674][  0]LogTemp: Display: Loaded TP AndroidTargetPlatform
[2018.09.26-14.47.41:674][  0]LogTemp: Display: Loaded TP AndroidTargetPlatform
[2018.09.26-14.47.41:674][  0]LogTemp: Display: Loaded TP AndroidTargetPlatform
[2018.09.26-14.47.41:674][  0]LogTemp: Display: Loaded TP AndroidTargetPlatform
[2018.09.26-14.47.41:674][  0]LogTemp: Display: Loaded TP AndroidTargetPlatform
[2018.09.26-14.47.41:674][  0]LogTemp: Display: Loaded TP AndroidTargetPlatform
[2018.09.26-14.47.41:744][  0]LogTemp: Display: Loaded TP HTML5TargetPlatform
[2018.09.26-14.47.42:425][  0]LogTemp: Display: Loaded TP IOSTargetPlatform
[2018.09.26-14.47.42:425][  0]LogTemp: Display: Loaded TP IOSTargetPlatform
[2018.09.26-14.47.42:478][  0]LogTemp: Display: Loaded TP TVOSTargetPlatform
[2018.09.26-14.47.42:478][  0]LogTemp: Display: Loaded TP TVOSTargetPlatform
[2018.09.26-14.47.42:529][  0]LogTemp: Display: Loaded TP LinuxClientTargetPlatform
[2018.09.26-14.47.42:598][  0]LogTemp: Display: Loaded TP LinuxNoEditorTargetPlatform
[2018.09.26-14.47.42:689][  0]LogTemp: Display: Loaded TP LinuxServerTargetPlatform
[2018.09.26-14.47.42:779][  0]LogTemp: Display: Loaded TP LinuxTargetPlatform
[2018.09.26-14.47.42:813][  0]LogTemp: Display: Loaded TP LuminTargetPlatform
[2018.09.26-14.47.42:813][  0]LogTargetPlatformManager: Display: Building Assets For Windows
[2018.09.26-14.47.47:024][  0]LogXGEController: Cleaning working directory: C:/Users/User/AppData/Local/Temp/UnrealXGEWorkingDir/
[2018.09.26-14.47.47:024][  0]LogXGEController: Cannot use XGE Controller as Incredibuild is not installed on this machine.
[2018.09.26-14.47.47:024][  0]LogShaderCompilers: Cannot use XGE Shader Compiler as Incredibuild is not installed on this machine.
[2018.09.26-14.47.47:024][  0]LogShaderCompilers: Display: Using Local Shader Compiler.
[2018.09.26-14.47.50:837][  0]LogDerivedDataCache: Display: Max Cache Size: 512 MB
[2018.09.26-14.47.51:744][  0]LogDerivedDataCache: Loaded boot cache 0.91s 71MB C:/Users/User/AppData/Local/UnrealEngine/4.20/DerivedDataCache/Boot.ddc.
[2018.09.26-14.47.51:745][  0]LogDerivedDataCache: Display: Loaded Boot cache: C:/Users/User/AppData/Local/UnrealEngine/4.20/DerivedDataCache/Boot.ddc
[2018.09.26-14.47.51:745][  0]LogDerivedDataCache: FDerivedDataBackendGraph:  Pak pak cache file C:/Users/User/Documents/Unreal Projects/parkour_sys/DerivedDataCache/DDC.ddp not found, will not use a pak cache.
[2018.09.26-14.47.51:745][  0]LogDerivedDataCache: Unable to find inner node Pak for hierarchical cache Hierarchy.
[2018.09.26-14.47.51:745][  0]LogDerivedDataCache: FDerivedDataBackendGraph:  CompressedPak pak cache file C:/Users/User/Documents/Unreal Projects/parkour_sys/DerivedDataCache/Compressed.ddp not found, will not use a pak cache.
[2018.09.26-14.47.51:745][  0]LogDerivedDataCache: Unable to find inner node CompressedPak for hierarchical cache Hierarchy.
[2018.09.26-14.47.51:867][  0]LogDerivedDataCache: Display: Pak cache opened for reading ../../../Engine/DerivedDataCache/Compressed.ddp.
[2018.09.26-14.47.51:881][  0]LogDerivedDataCache: Using Local data cache path C:/Users/User/AppData/Local/UnrealEngine/Common/DerivedDataCache: Writable
[2018.09.26-14.47.51:881][  0]LogDerivedDataCache: Shared data cache path not found in *engine.ini, will not use an Shared cache.
[2018.09.26-14.47.51:881][  0]LogDerivedDataCache: Unable to find inner node Shared for hierarchical cache Hierarchy.
[2018.09.26-14.47.51:902][  0]LogMaterial: Verifying Global Shaders for PCD3D_SM5
[2018.09.26-14.47.51:904][  0]LogSlate: Using FreeType 2.6.0
[2018.09.26-14.47.51:951][  0]LogSlate: SlateFontServices - WITH_FREETYPE: 1, WITH_HARFBUZZ: 1
[2018.09.26-14.47.52:747][  0]LogAssetRegistry: FAssetRegistry took 0.0261 seconds to start up
[2018.09.26-14.47.53:122][  0]LogInit: Selected Device Profile: [Windows]
[2018.09.26-14.48.00:166][  0]LogSimplygon: Simplygon DLL not present - disabling.
[2018.09.26-14.48.01:405][  0]LogMeshReduction: Using SimplygonSwarm for distributed automatic mesh merging
[2018.09.26-14.48.01:405][  0]LogMeshReduction: Using ProxyLODMeshReduction for automatic mesh merging
[2018.09.26-14.48.01:405][  0]LogMeshReduction: Using QuadricMeshReduction for automatic static mesh reduction
[2018.09.26-14.48.01:405][  0]LogMeshReduction: No automatic skeletal mesh reduction module available
[2018.09.26-14.48.01:806][  0]LogNetVersion: parkour_sys 1.0.0, NetCL: 4212847, EngineNetVer: 5, GameNetVer: 0 (Checksum: 2775540849)
[2018.09.26-14.48.08:692][  0]LogPackageLocalizationCache: Processed 11 localized package path(s) for 2 prioritized culture(s) in 0.135546 seconds
[2018.09.26-14.48.08:699][  0]LogUObjectArray: 38425 objects as part of root set at end of initial load.
[2018.09.26-14.48.08:699][  0]LogUObjectAllocator: 6690872 out of 0 bytes used by permanent object pool.
[2018.09.26-14.48.08:699][  0]LogUObjectArray: CloseDisregardForGC: 0/0 objects in disregard for GC pool
[2018.09.26-14.48.38:792][  0]LogTcpMessaging: Initializing TcpMessaging bridge
[2018.09.26-14.48.38:950][  0]LogUdpMessaging: Initializing bridge on interface 0.0.0.0:0 to multicast group 230.0.0.1:6666.
[2018.09.26-14.48.41:432][  0]SourceControl: Source control is disabled
[2018.09.26-14.48.41:432][  0]SourceControl: Source control is disabled
[2018.09.26-14.48.41:576][  0]SourceControl: Source control is disabled
[2018.09.26-14.48.42:029][  0]SourceControl: Source control is disabled
[2018.09.26-14.48.46:470][  0]LogAndroidPermission: UAndroidPermissionCallbackProxy::GetInstance
[2018.09.26-14.48.47:427][  0]LogOcInput: OculusInput pre-init called
[2018.09.26-14.48.48:807][  0]LogEngine: Initializing Engine...
[2018.09.26-14.48.48:809][  0]LogHMD: Failed to initialize OpenVR with code 110
[2018.09.26-14.48.48:812][  0]LogStats: UGameplayTagsManager::ConstructGameplayTagTree: ImportINI prefixes -  0.000 s
[2018.09.26-14.48.48:812][  0]LogStats: UGameplayTagsManager::ConstructGameplayTagTree: Construct from data asset -  0.000 s
[2018.09.26-14.48.48:812][  0]LogStats: UGameplayTagsManager::ConstructGameplayTagTree: ImportINI -  0.000 s
[2018.09.26-14.48.48:812][  0]LogStats: UGameplayTagsManager::ConstructGameplayTagTree: GameplayTagTreeChangedEvent.Broadcast -  0.000 s
[2018.09.26-14.48.49:837][  0]LogInit: Initializing FReadOnlyCVARCache
[2018.09.26-14.48.49:968][  0]LogAIModule: Creating AISystem for world Untitled
[2018.09.26-14.48.49:984][  0]LogInit: XAudio2 using 'Динамики (Realtek High Definition Audio)' : 2 channels at 48 kHz using 32 bits per sample (channel mask 0x3)
[2018.09.26-14.48.50:003][  0]LogInit: FAudioDevice initialized.
[2018.09.26-14.48.50:003][  0]LogNetVersion: Set ProjectVersion to 1.0.0.0. Version Checksum will be recalculated on next use.
[2018.09.26-14.48.50:166][  0]LogDerivedDataCache: Saved boot cache 0.16s 71MB C:/Users/User/AppData/Local/UnrealEngine/4.20/DerivedDataCache/Boot.ddc.
[2018.09.26-14.48.50:170][  0]LogInit: Texture streaming: Enabled
[2018.09.26-14.48.50:278][  0]LogEngineSessionManager: EngineSessionManager initialized
[2018.09.26-14.48.50:444][  0]LogInit: Transaction tracking system initialized
[2018.09.26-14.48.50:719][  0]BlueprintLog: New page: Editor Load
[2018.09.26-14.48.55:493][  0]LocalizationService: Localization service is disabled
[2018.09.26-14.49.05:456][  0]LogCook: Display: Max memory allowance for cook 16384mb min free memory 0mb
[2018.09.26-14.49.05:456][  0]LogCook: Display: Mobile HDR setting 1
[2018.09.26-14.49.05:456][  0]LogGameplayTags: Display: UGameplayTagsManager::DoneAddingNativeTags. DelegateIsBound: 0
[2018.09.26-14.49.05:456][  0]LogStats: UGameplayTagsManager::ConstructGameplayTagTree: ImportINI prefixes -  0.000 s
[2018.09.26-14.49.05:456][  0]LogStats: UGameplayTagsManager::ConstructGameplayTagTree: Construct from data asset -  0.000 s
[2018.09.26-14.49.05:456][  0]LogStats: UGameplayTagsManager::ConstructGameplayTagTree: ImportINI -  0.000 s
[2018.09.26-14.49.05:456][  0]LogStats: UGameplayTagsManager::ConstructGameplayTagTree: GameplayTagTreeChangedEvent.Broadcast -  0.000 s
[2018.09.26-14.49.06:112][  0]LogFileCache: Scanning file cache for directory 'C:/Users/User/Documents/Unreal Projects/parkour_sys/Content/' took 0.02s
[2018.09.26-14.49.09:636][  0]SourceControl: Source control is disabled
[2018.09.26-14.49.09:636][  0]Cmd: MAP LOAD FILE="C:/Users/User/Documents/Unreal Projects/parkour_sys/Content/ThirdPersonBP/Maps/ThirdPersonExampleMap.umap" TEMPLATE=0 SHOWPROGRESS=1 FEATURELEVEL=3
[2018.09.26-14.49.09:890][  0]LightingResults: New page: Lighting Build
[2018.09.26-14.49.09:894][  0]MapCheck: New page: Map Check
[2018.09.26-14.49.09:894][  0]LightingResults: New page: Lighting Build
[2018.09.26-14.49.19:510][  0]LogAIModule: Creating AISystem for world ThirdPersonExampleMap
[2018.09.26-14.49.19:574][  0]LogEditorServer: Finished looking for orphan Actors (0.000 secs)
[2018.09.26-14.49.19:608][  0]Cmd: MAP CHECKDEP NOCLEARLOG
[2018.09.26-14.49.19:680][  0]MapCheck: Map check complete: 0 Error(s), 0 Warning(s), took 72,421ms to complete.
[2018.09.26-14.49.19:681][  0]LogFileHelpers: Loading map 'ThirdPersonExampleMap' took 10.044
[2018.09.26-14.49.19:919][  0]LogSlate: Updating window title bar state: overlay mode, drag disabled, window buttons hidden, title bar hidden
[2018.09.26-14.49.19:926][  0]LogSlate: Updating window title bar state: overlay mode, drag disabled, window buttons hidden, title bar hidden
[2018.09.26-14.49.19:935][  0]LogSlate: Updating window title bar state: overlay mode, drag disabled, window buttons hidden, title bar hidden
[2018.09.26-14.49.19:944][  0]LogSlate: Updating window title bar state: overlay mode, drag disabled, window buttons hidden, title bar hidden
[2018.09.26-14.49.20:174][  0]LogCollectionManager: Loaded 0 collections in 0.000877 seconds
[2018.09.26-14.49.20:213][  0]LogFileCache: Scanning file cache for directory 'C:/Users/User/Documents/Unreal Projects/parkour_sys/Saved/Collections/' took 0.01s
[2018.09.26-14.49.20:213][  0]LogFileCache: Scanning file cache for directory 'C:/Users/User/Documents/Unreal Projects/parkour_sys/Content/Developers/User/Collections/' took 0.01s
[2018.09.26-14.49.20:213][  0]LogFileCache: Scanning file cache for directory 'C:/Users/User/Documents/Unreal Projects/parkour_sys/Content/Collections/' took 0.01s
[2018.09.26-14.49.20:213][  0]LogCollectionManager: Rebuilt the GUID cache for 0 collections in 0.000001 seconds
[2018.09.26-14.49.20:223][  0]LogContentBrowser: Native class hierarchy populated in 0.0099 seconds. Added 2580 classes and 607 folders.
[2018.09.26-14.49.20:229][  0]LogContentBrowser: Native class hierarchy updated for 'WidgetCarousel' in 0.0003 seconds. Added 0 classes and 0 folders.
[2018.09.26-14.49.24:010][  0]LogContentBrowser: Native class hierarchy updated for 'AddContentDialog' in 0.0004 seconds. Added 0 classes and 0 folders.
[2018.09.26-14.49.24:078][  0]LogSlate: Took 0.041969 seconds to synchronously load lazily loaded font '../../../Engine/Content/Slate/Fonts/Roboto-Regular.ttf' (155K)
[2018.09.26-14.49.24:087][  0]LogSlate: Took 0.008154 seconds to synchronously load lazily loaded font '../../../Engine/Content/Slate/Fonts/Roboto-Bold.ttf' (160K)
[2018.09.26-14.49.24:136][  0]LogSlate: Took 0.042732 seconds to synchronously load lazily loaded font '../../../Engine/Content/Editor/Slate/Fonts/FontAwesome.ttf' (139K)
[2018.09.26-14.49.24:493][  0]LogRenderer: Reallocating scene render targets to support 1116x924 Format 9 NumSamples 1 (Frame:1).
[2018.09.26-14.49.24:760][  0]LogContentBrowser: Native class hierarchy updated for 'HierarchicalLODOutliner' in 0.0003 seconds. Added 0 classes and 0 folders.
[2018.09.26-14.49.24:760][  0]LogLoad: (Engine Initialization) Total time: 171.68 seconds
[2018.09.26-14.49.24:760][  0]LogLoad: (Engine Initialization) Total Blueprint compile time: 0.00 seconds
[2018.09.26-14.49.24:797][  0]LogContentStreaming: Texture pool size now 800 MB
[2018.09.26-14.49.24:874][  1]LogAssetRegistry: Asset discovery search completed in 92.1491 seconds
[2018.09.26-14.49.24:876][  1]LogCollectionManager: Rebuilt the object cache for 0 collections in 0.000000 seconds (found 0 objects)
[2018.09.26-14.49.24:876][  1]LogCollectionManager: Fixed up redirectors for 0 collections in 0.000054 seconds (updated 0 objects)
[2018.09.26-14.51.50:032][948]LogSlate: FSceneViewport::OnFocusLost() reason 0
[2018.09.26-14.51.52:367][216]LogSlate: Took 0.018152 seconds to synchronously load lazily loaded font '../../../Engine/Content/Slate/Fonts/Roboto-Light.ttf' (167K)
[2018.09.26-14.51.52:373][216]LogAssetEditorManager: Opening Asset editor for Blueprint /Game/ThirdPersonBP/Blueprints/ThirdPersonCharacter.ThirdPersonCharacter
[2018.09.26-14.51.53:188][216]LogContentBrowser: Native class hierarchy updated for 'BlueprintGraph' in 0.0007 seconds. Added 116 classes and 0 folders.
[2018.09.26-14.51.54:633][216]LogSlate: Took 0.018473 seconds to synchronously load lazily loaded font '../../../Engine/Content/Slate/Fonts/Roboto-BoldCondensed.ttf' (158K)
[2018.09.26-14.51.55:558][299]LogSlate: Took 0.018824 seconds to synchronously load lazily loaded font '../../../Engine/Content/Slate/Fonts/Roboto-Italic.ttf' (157K)
[2018.09.26-14.52.19:445][943]LogSlate: Window 'Reset UI Layout' being destroyed
[2018.09.26-14.52.49:930][541]LogRenderer: Reallocating scene render targets to support 1328x924 Format 9 NumSamples 1 (Frame:1).
[2018.09.26-14.54.41:358][585]BlueprintLog: New page: Compile ThirdPersonCharacter
[2018.09.26-14.55.07:984][642]BlueprintLog: New page: Compile ThirdPersonCharacter
[2018.09.26-14.55.09:234][686]LogTemp: Repeating last play command: New Editor Window (PIE)
[2018.09.26-14.55.09:260][686]LogBlueprintUserMessages: Early PlayInEditor Detection: Level '/Game/ThirdPersonBP/Maps/ThirdPersonExampleMap.ThirdPersonExampleMap:PersistentLevel' has LevelScriptBlueprint '/Game/ThirdPersonBP/Maps/ThirdPersonExampleMap.ThirdPersonExampleMap:PersistentLevel.ThirdPersonExampleMap' with GeneratedClass '/Game/ThirdPersonBP/Maps/ThirdPersonExampleMap.ThirdPersonExampleMap_C' with ClassGeneratedBy '/Game/ThirdPersonBP/Maps/ThirdPersonExampleMap.ThirdPersonExampleMap:PersistentLevel.ThirdPersonExampleMap'
[2018.09.26-14.55.09:260][686]LogPlayLevel: PlayLevel: No blueprints needed recompiling
[2018.09.26-14.55.09:272][686]PIE: New page: PIE session: ThirdPersonExampleMap (26 сент. 2018, 20:55:09)
[2018.09.26-14.55.09:272][686]LogPlayLevel: Creating play world package: /Game/ThirdPersonBP/Maps/UEDPIE_0_ThirdPersonExampleMap
[2018.09.26-14.55.09:294][686]LogPlayLevel: PIE: StaticDuplicateObject took: (0.022186s)
[2018.09.26-14.55.09:296][686]LogAIModule: Creating AISystem for world ThirdPersonExampleMap
[2018.09.26-14.55.09:296][686]LogPlayLevel: PIE: World Init took: (0.001629s)
[2018.09.26-14.55.09:296][686]LogPlayLevel: PIE: Created PIE world by copying editor world from /Game/ThirdPersonBP/Maps/ThirdPersonExampleMap.ThirdPersonExampleMap to /Game/ThirdPersonBP/Maps/UEDPIE_0_ThirdPersonExampleMap.ThirdPersonExampleMap (0.024152s)
[2018.09.26-14.55.09:339][686]LogInit: XAudio2 using 'Динамики (Realtek High Definition Audio)' : 2 channels at 48 kHz using 32 bits per sample (channel mask 0x3)
[2018.09.26-14.55.09:352][686]LogInit: FAudioDevice initialized.
[2018.09.26-14.55.09:359][686]LogSlate: Updating window title bar state: overlay mode, drag disabled, window buttons hidden, title bar hidden
[2018.09.26-14.55.09:475][686]LogLoad: Game class is 'ThirdPersonGameMode_C'
[2018.09.26-14.55.09:480][686]LogWorld: Bringing World /Game/ThirdPersonBP/Maps/UEDPIE_0_ThirdPersonExampleMap.ThirdPersonExampleMap up for play (max tick rate 0) at 2018.09.26-17.55.09
[2018.09.26-14.55.09:481][686]LogWorld: Bringing up level for play took: 0.004191
[2018.09.26-14.55.09:500][686]LogContentBrowser: Native class hierarchy updated for 'MovieSceneCapture' in 0.0003 seconds. Added 10 classes and 0 folders.
[2018.09.26-14.55.09:507][686]PIE: Play in editor start time for /Game/ThirdPersonBP/Maps/UEDPIE_0_ThirdPersonExampleMap 0,386
[2018.09.26-14.55.09:507][686]LogBlueprintUserMessages: Late PlayInEditor Detection: Level '/Game/ThirdPersonBP/Maps/ThirdPersonExampleMap.ThirdPersonExampleMap:PersistentLevel' has LevelScriptBlueprint '/Game/ThirdPersonBP/Maps/ThirdPersonExampleMap.ThirdPersonExampleMap:PersistentLevel.ThirdPersonExampleMap' with GeneratedClass '/Game/ThirdPersonBP/Maps/ThirdPersonExampleMap.ThirdPersonExampleMap_C' with ClassGeneratedBy '/Game/ThirdPersonBP/Maps/ThirdPersonExampleMap.ThirdPersonExampleMap:PersistentLevel.ThirdPersonExampleMap'
[2018.09.26-14.55.09:531][686]LogRenderer: Reallocating scene render targets to support 1452x936 Format 9 NumSamples 1 (Frame:1).
[2018.09.26-14.55.10:377][762]LogBlueprintUserMessages: [ThirdPersonCharacter_C_0] HIGHTLITED
[2018.09.26-14.55.10:388][763]LogBlueprintUserMessages: [ThirdPersonCharacter_C_0] HIGHTLITED
[2018.09.26-14.55.10:397][764]LogBlueprintUserMessages: [ThirdPersonCharacter_C_0] HIGHTLITED
[2018.09.26-14.55.10:406][765]LogBlueprintUserMessages: [ThirdPersonCharacter_C_0] HIGHTLITED
[2018.09.26-14.55.10:414][766]LogBlueprintUserMessages: [ThirdPersonCharacter_C_0] HIGHTLITED
[2018.09.26-14.55.10:423][767]LogBlueprintUserMessages: [ThirdPersonCharacter_C_0] HIGHTLITED
[2018.09.26-14.55.10:431][768]LogBlueprintUserMessages: [ThirdPersonCharacter_C_0] HIGHTLITED
[2018.09.26-14.55.10:439][769]LogBlueprintUserMessages: [ThirdPersonCharacter_C_0] HIGHTLITED
[2018.09.26-14.55.10:448][770]LogBlueprintUserMessages: [ThirdPersonCharacter_C_0] HIGHTLITED
[2018.09.26-14.55.10:456][771]LogBlueprintUserMessages: [ThirdPersonCharacter_C_0] HIGHTLITED
[2018.09.26-14.55.10:465][772]LogBlueprintUserMessages: [ThirdPersonCharacter_C_0] HIGHTLITED
[2018.09.26-14.55.10:473][773]LogBlueprintUserMessages: [ThirdPersonCharacter_C_0] HIGHTLITED
[2018.09.26-14.55.10:481][774]LogBlueprintUserMessages: [ThirdPersonCharacter_C_0] HIGHTLITED
[2018.09.26-14.55.10:490][775]LogBlueprintUserMessages: [ThirdPersonCharacter_C_0] HIGHTLITED
[2018.09.26-14.55.10:499][776]LogBlueprintUserMessages: [ThirdPersonCharacter_C_0] HIGHTLITED
[2018.09.26-14.55.10:508][777]LogBlueprintUserMessages: [ThirdPersonCharacter_C_0] HIGHTLITED
[2018.09.26-14.55.10:516][778]LogBlueprintUserMessages: [ThirdPersonCharacter_C_0] HIGHTLITED
[2018.09.26-14.55.10:525][779]LogBlueprintUserMessages: [ThirdPersonCharacter_C_0] HIGHTLITED
[2018.09.26-14.55.10:533][780]LogBlueprintUserMessages: [ThirdPersonCharacter_C_0] HIGHTLITED
[2018.09.26-14.55.10:542][781]LogBlueprintUserMessages: [ThirdPersonCharacter_C_0] HIGHTLITED
[2018.09.26-14.55.10:551][782]LogBlueprintUserMessages: [ThirdPersonCharacter_C_0] HIGHTLITED
[2018.09.26-14.55.10:559][783]LogBlueprintUserMessages: [ThirdPersonCharacter_C_0] HIGHTLITED
[2018.09.26-14.55.10:568][784]LogBlueprintUserMessages: [ThirdPersonCharacter_C_0] HIGHTLITED
[2018.09.26-14.55.10:577][785]LogBlueprintUserMessages: [ThirdPersonCharacter_C_0] HIGHTLITED
[2018.09.26-14.55.10:585][786]LogBlueprintUserMessages: [ThirdPersonCharacter_C_0] HIGHTLITED
[2018.09.26-14.55.10:593][787]LogBlueprintUserMessages: [ThirdPersonCharacter_C_0] AddToWeapon
[2018.09.26-14.55.10:688][798]LogBlueprintUserMessages: [ThirdPersonCharacter_C_0] HIGHTLITED
[2018.09.26-14.55.10:697][799]LogBlueprintUserMessages: [ThirdPersonCharacter_C_0] HIGHTLITED
[2018.09.26-14.55.10:705][800]LogBlueprintUserMessages: [ThirdPersonCharacter_C_0] HIGHTLITED
[2018.09.26-14.55.10:714][801]LogBlueprintUserMessages: [ThirdPersonCharacter_C_0] HIGHTLITED
[2018.09.26-14.55.10:722][802]LogBlueprintUserMessages: [ThirdPersonCharacter_C_0] HIGHTLITED
[2018.09.26-14.55.10:731][803]LogBlueprintUserMessages: [ThirdPersonCharacter_C_0] HIGHTLITED
[2018.09.26-14.55.10:740][804]LogBlueprintUserMessages: [ThirdPersonCharacter_C_0] HIGHTLITED
[2018.09.26-14.55.12:812][ 41]LogSlate: FSceneViewport::OnFocusLost() reason 0
[2018.09.26-14.55.12:898][ 51]LogBlueprintUserMessages: [ThirdPersonCharacter_C_0] 10.0
[2018.09.26-14.55.12:898][ 51]LogBlueprintUserMessages: [ThirdPersonCharacter_C_0] 40
[2018.09.26-14.55.12:898][ 51]LogBlueprintUserMessages: [ThirdPersonCharacter_C_0] 26
[2018.09.26-14.55.12:898][ 51]LogBlueprintUserMessages: [ThirdPersonCharacter_C_0] 3.0
[2018.09.26-14.55.12:898][ 51]LogBlueprintUserMessages: [ThirdPersonCharacter_C_0] 0.1
[2018.09.26-14.55.12:898][ 51]LogBlueprintUserMessages: [ThirdPersonCharacter_C_0] removedFromWeaponInv
[2018.09.26-14.55.14:434][228]LogBlueprintUserMessages: [ThirdPersonCharacter_C_0] hold weapon
[2018.09.26-14.55.17:493][577]LogBlueprintUserMessages: [ThirdPersonCharacter_C_0] donthold weapon
[2018.09.26-14.55.19:237][773]LogSlate: FSceneViewport::OnFocusLost() reason 0
[2018.09.26-14.55.19:339][785]LogBlueprintUserMessages: [ThirdPersonCharacter_C_0] AddToWeaponREPLASED
[2018.09.26-14.55.23:983][310]LogSlate: FSceneViewport::OnFocusLost() reason 0
[2018.09.26-14.55.24:079][321]LogBlueprintUserMessages: [ThirdPersonCharacter_C_0] 10.0
[2018.09.26-14.55.24:079][321]LogBlueprintUserMessages: [ThirdPersonCharacter_C_0] 40
[2018.09.26-14.55.24:079][321]LogBlueprintUserMessages: [ThirdPersonCharacter_C_0] 23
[2018.09.26-14.55.24:079][321]LogBlueprintUserMessages: [ThirdPersonCharacter_C_0] 3.0
[2018.09.26-14.55.24:079][321]LogBlueprintUserMessages: [ThirdPersonCharacter_C_0] 0.1
[2018.09.26-14.55.24:079][321]LogBlueprintUserMessages: [ThirdPersonCharacter_C_0] removedFromWeaponInv
[2018.09.26-14.55.25:488][483]LogBlueprintUserMessages: [ThirdPersonCharacter_C_0] hold weapon
[2018.09.26-14.55.35:454][628]LogBlueprintUserMessages: [AI_Base_2] 10.0
[2018.09.26-14.55.35:546][639]LogBlueprintUserMessages: [AI_Base_2] 10.0
[2018.09.26-14.55.35:790][667]LogBlueprintUserMessages: [AI_Base_2] 10.0
[2018.09.26-14.55.36:094][702]LogBlueprintUserMessages: [AI_Base_2] HEADSHOT
[2018.09.26-14.55.36:201][714]LogBlueprintUserMessages: [AI_Base_2] HEADSHOT
[2018.09.26-14.55.36:306][726]LogBlueprintUserMessages: [AI_Base_2] 10.0
[2018.09.26-14.55.36:516][750]LogBlueprintUserMessages: [AI_Base_2] 10.0
[2018.09.26-14.55.40:642][212]LogBlueprintUserMessages: [AI_Base_2] 10.0
[2018.09.26-14.55.40:946][246]LogBlueprintUserMessages: [AI_Base_2] 10.0
[2018.09.26-14.55.41:055][258]LogBlueprintUserMessages: [AI_Base_2] 10.0
[2018.09.26-14.55.41:157][270]LogBlueprintUserMessages: [AI_Base_2] 10.0
[2018.09.26-14.55.41:420][300]LogBlueprintUserMessages: [ThirdPersonCharacter_C_0] HIGHTLITED
[2018.09.26-14.55.41:447][303]LogBlueprintUserMessages: [ThirdPersonCharacter_C_0] HIGHTLITED
[2018.09.26-14.55.41:456][304]LogBlueprintUserMessages: [ThirdPersonCharacter_C_0] HIGHTLITED
[2018.09.26-14.55.41:464][305]LogBlueprintUserMessages: [ThirdPersonCharacter_C_0] HIGHTLITED
[2018.09.26-14.55.41:473][306]LogBlueprintUserMessages: [ThirdPersonCharacter_C_0] HIGHTLITED
[2018.09.26-14.55.41:558][316]LogBlueprintUserMessages: [ThirdPersonCharacter_C_0] HIGHTLITED
[2018.09.26-14.55.41:566][317]LogBlueprintUserMessages: [ThirdPersonCharacter_C_0] HIGHTLITED
[2018.09.26-14.55.41:574][318]LogBlueprintUserMessages: [ThirdPersonCharacter_C_0] HIGHTLITED
[2018.09.26-14.55.41:583][319]LogBlueprintUserMessages: [ThirdPersonCharacter_C_0] HIGHTLITED
[2018.09.26-14.55.41:593][320]LogBlueprintUserMessages: [ThirdPersonCharacter_C_0] HIGHTLITED
[2018.09.26-14.55.41:601][321]LogBlueprintUserMessages: [ThirdPersonCharacter_C_0] HIGHTLITED
[2018.09.26-14.55.41:610][322]LogBlueprintUserMessages: [ThirdPersonCharacter_C_0] HIGHTLITED
[2018.09.26-14.55.41:618][323]LogBlueprintUserMessages: [ThirdPersonCharacter_C_0] HIGHTLITED
[2018.09.26-14.55.41:627][324]LogBlueprintUserMessages: [ThirdPersonCharacter_C_0] HIGHTLITED
[2018.09.26-14.55.41:635][325]LogBlueprintUserMessages: [ThirdPersonCharacter_C_0] HIGHTLITED
[2018.09.26-14.55.41:645][326]LogBlueprintUserMessages: [ThirdPersonCharacter_C_0] HIGHTLITED
[2018.09.26-14.55.41:654][327]LogBlueprintUserMessages: [ThirdPersonCharacter_C_0] HIGHTLITED
[2018.09.26-14.55.41:709][333]LogBlueprintUserMessages: [ThirdPersonCharacter_C_0] HIGHTLITED
[2018.09.26-14.55.41:717][334]LogBlueprintUserMessages: [ThirdPersonCharacter_C_0] HIGHTLITED
[2018.09.26-14.55.41:726][335]LogBlueprintUserMessages: [ThirdPersonCharacter_C_0] HIGHTLITED
[2018.09.26-14.55.41:735][336]LogBlueprintUserMessages: [ThirdPersonCharacter_C_0] HIGHTLITED
[2018.09.26-14.55.42:689][446]LogBlueprintUserMessages: Early EndPlayMap Detection: Level '/Game/ThirdPersonBP/Maps/ThirdPersonExampleMap.ThirdPersonExampleMap:PersistentLevel' has LevelScriptBlueprint '/Game/ThirdPersonBP/Maps/ThirdPersonExampleMap.ThirdPersonExampleMap:PersistentLevel.ThirdPersonExampleMap' with GeneratedClass '/Game/ThirdPersonBP/Maps/ThirdPersonExampleMap.ThirdPersonExampleMap_C' with ClassGeneratedBy '/Game/ThirdPersonBP/Maps/ThirdPersonExampleMap.ThirdPersonExampleMap:PersistentLevel.ThirdPersonExampleMap'
[2018.09.26-14.55.42:690][446]LogSlate: Updating window title bar state: overlay mode, drag disabled, window buttons hidden, title bar hidden
[2018.09.26-14.55.42:715][446]LogSlate: Window 'parkour_sys Game Preview Standalone (64-bit/PCD3D_SM5)' being destroyed
[2018.09.26-14.55.42:748][446]LogPlayLevel: Display: Shutting down PIE online subsystems
[2018.09.26-14.55.42:749][446]LogBlueprintUserMessages: Late EndPlayMap Detection: Level '/Game/ThirdPersonBP/Maps/ThirdPersonExampleMap.ThirdPersonExampleMap:PersistentLevel' has LevelScriptBlueprint '/Game/ThirdPersonBP/Maps/ThirdPersonExampleMap.ThirdPersonExampleMap:PersistentLevel.ThirdPersonExampleMap' with GeneratedClass '/Game/ThirdPersonBP/Maps/ThirdPersonExampleMap.ThirdPersonExampleMap_C' with ClassGeneratedBy '/Game/ThirdPersonBP/Maps/ThirdPersonExampleMap.ThirdPersonExampleMap:PersistentLevel.ThirdPersonExampleMap'
[2018.09.26-14.55.42:797][447]LogPlayLevel: Display: Destroying online subsystem :Context_3
[2018.09.26-14.59.58:708][517]LogFileHelpers: Editor autosave (incl. sublevels) for '/Game/ThirdPersonBP/Maps/ThirdPersonExampleMap' took 0.032
[2018.09.26-14.59.58:711][517]OBJ SavePackage: Generating thumbnails for [1] asset(s) in package [/Game/ThirdPersonBP/Blueprints/ThirdPersonCharacter] ([1] browsable assets)...
[2018.09.26-14.59.58:754][517]OBJ SavePackage:     Rendered thumbnail for [Blueprint /Game/ThirdPersonBP/Blueprints/ThirdPersonCharacter.ThirdPersonCharacter]
[2018.09.26-14.59.58:754][517]OBJ SavePackage: Finished generating thumbnails for package [/Game/ThirdPersonBP/Blueprints/ThirdPersonCharacter]
[2018.09.26-14.59.59:418][517]LogSavePackage: Moving 'C:/Users/User/Documents/Unreal Projects/parkour_sys/Saved/ThirdPersonCharacter_Auto13E6C3FC34A19F944C3F2AD99D3F4E4F1.tmp' to 'C:/Users/User/Documents/Unreal Projects/parkour_sys/Saved/Autosaves/Game/ThirdPersonBP/Blueprints/ThirdPersonCharacter_Auto1.uasset'
[2018.09.26-14.59.59:420][517]LogFileHelpers: Auto-saving content packages took 0.711
[2018.09.26-15.29.18:591][907]LogSlate: Window 'Save Content' being destroyed
[2018.09.26-15.29.19:258][907]LogSavePackage: Moving 'C:/Users/User/Documents/Unreal Projects/parkour_sys/Saved/ThirdPersonCharacter563D94E243D50356E93FF2B03F5C5203.tmp' to 'C:/Users/User/Documents/Unreal Projects/parkour_sys/Content/ThirdPersonBP/Blueprints/ThirdPersonCharacter.uasset'
[2018.09.26-15.29.19:436][907]LogSlate: Window 'parkour_sys - Unreal Editor' being destroyed
[2018.09.26-15.29.19:630][908]Cmd: QUIT_EDITOR
[2018.09.26-15.29.20:368][908]LogWindowsTextInputMethodSystem: Display: IME system now deactivated.
[2018.09.26-15.29.20:388][908]LogExit: Preparing to exit.
[2018.09.26-15.29.21:223][908]LogExit: Editor shut down
[2018.09.26-15.29.21:224][908]LogExit: Transaction tracking system shut down
[2018.09.26-15.29.21:493][908]LogExit: Object subsystem successfully closed.
[2018.09.26-15.29.21:511][908]LogShaderCompilers: Display: Shaders left to compile 0
[2018.09.26-15.29.21:515][908]LogD3D11RHI: Shutdown
[2018.09.26-15.29.21:515][908]LogD3D11RHI: CleanupD3DDevice
[2018.09.26-15.29.21:516][908]LogD3D11RHI: ~FD3D11DynamicRHI
[2018.09.26-15.29.21:526][908]LogModuleManager: Shutting down and abandoning module MovieSceneCapture (618)
[2018.09.26-15.29.21:526][908]LogModuleManager: Shutting down and abandoning module Voice (616)
[2018.09.26-15.29.21:526][908]LogModuleManager: Shutting down and abandoning module BlueprintGraph (614)
[2018.09.26-15.29.21:526][908]LogModuleManager: Shutting down and abandoning module HierarchicalLODOutliner (612)
[2018.09.26-15.29.21:526][908]LogModuleManager: Shutting down and abandoning module AddContentDialog (610)
[2018.09.26-15.29.21:526][908]LogModuleManager: Shutting down and abandoning module WidgetCarousel (609)
[2018.09.26-15.29.21:526][908]LogModuleManager: Shutting down and abandoning module EditorWidgets (606)
[2018.09.26-15.29.21:526][908]LogModuleManager: Shutting down and abandoning module CollectionManager (604)
[2018.09.26-15.29.21:526][908]LogModuleManager: Shutting down and abandoning module SceneOutliner (602)
[2018.09.26-15.29.21:526][908]LogModuleManager: Shutting down and abandoning module StatsViewer (600)
[2018.09.26-15.29.21:526][908]LogModuleManager: Shutting down and abandoning module FoliageEdit (598)
[2018.09.26-15.29.21:526][908]LogModuleManager: Shutting down and abandoning module LandscapeEditor (596)
[2018.09.26-15.29.21:526][908]LogModuleManager: Shutting down and abandoning module MeshPaintMode (594)
[2018.09.26-15.29.21:526][908]LogModuleManager: Shutting down and abandoning module SceneDepthPickerMode (592)
[2018.09.26-15.29.21:526][908]LogModuleManager: Shutting down and abandoning module ActorPickerMode (590)
[2018.09.26-15.29.21:526][908]LogModuleManager: Shutting down and abandoning module GeometryMode (588)
[2018.09.26-15.29.21:526][908]LogModuleManager: Shutting down and abandoning module TextureAlignMode (586)
[2018.09.26-15.29.21:526][908]LogModuleManager: Shutting down and abandoning module BspMode (584)
[2018.09.26-15.29.21:526][908]LogModuleManager: Shutting down and abandoning module PIEPreviewDeviceProfileSelector (582)
[2018.09.26-15.29.21:526][908]LogModuleManager: Shutting down and abandoning module SequenceRecorderSections (580)
[2018.09.26-15.29.21:526][908]LogModuleManager: Shutting down and abandoning module AutomationWorker (578)
[2018.09.26-15.29.21:526][908]LogModuleManager: Shutting down and abandoning module AudioCaptureEditor (576)
[2018.09.26-15.29.21:526][908]LogModuleManager: Shutting down and abandoning module SequenceRecorder (575)
[2018.09.26-15.29.21:526][908]LogModuleManager: Shutting down and abandoning module MatineeToLevelSequence (572)
[2018.09.26-15.29.21:526][908]LogModuleManager: Shutting down and abandoning module LevelSequenceEditor (570)
[2018.09.26-15.29.21:527][908]LogModuleManager: Shutting down and abandoning module PlacementMode (569)
[2018.09.26-15.29.21:527][908]LogModuleManager: Shutting down and abandoning module MaterialEditor (568)
[2018.09.26-15.29.21:527][908]LogModuleManager: Shutting down and abandoning module WmfMediaFactory (564)
[2018.09.26-15.29.21:527][908]LogModuleManager: Shutting down and abandoning module WmfMediaEditor (562)
[2018.09.26-15.29.21:527][908]LogModuleManager: Shutting down and abandoning module MediaPlayerEditor (560)
[2018.09.26-15.29.21:527][908]LogModuleManager: Shutting down and abandoning module OpenExrWrapper (558)
[2018.09.26-15.29.21:527][908]LogModuleManager: Shutting down and abandoning module ImgMediaFactory (556)
[2018.09.26-15.29.21:527][908]LogModuleManager: Shutting down and abandoning module ImgMediaEditor (554)
[2018.09.26-15.29.21:527][908]LogModuleManager: Shutting down and abandoning module AvfMediaFactory (552)
[2018.09.26-15.29.21:527][908]LogModuleManager: Shutting down and abandoning module AvfMediaEditor (550)
[2018.09.26-15.29.21:527][908]LogModuleManager: Shutting down and abandoning module AndroidMediaFactory (548)
[2018.09.26-15.29.21:527][908]LogModuleManager: Shutting down and abandoning module AndroidMediaEditor (546)
[2018.09.26-15.29.21:527][908]LogModuleManager: Shutting down and abandoning module MagicLeapCameraPreviewFactory (544)
[2018.09.26-15.29.21:527][908]LogModuleManager: Shutting down and abandoning module MagicLeapMediaFactory (542)
[2018.09.26-15.29.21:527][908]LogModuleManager: Shutting down and abandoning module MagicLeapMediaEditor (540)
[2018.09.26-15.29.21:527][908]LogModuleManager: Shutting down and abandoning module CharacterAI (538)
[2018.09.26-15.29.21:527][908]LogModuleManager: Shutting down and abandoning module SmartSnapping (536)
[2018.09.26-15.29.21:527][908]LogModuleManager: Shutting down and abandoning module SessionServices (534)
[2018.09.26-15.29.21:527][908]LogModuleManager: Shutting down and abandoning module ViewportSnapping (532)
[2018.09.26-15.29.21:527][908]LogModuleManager: Shutting down and abandoning module ViewportInteraction (530)
[2018.09.26-15.29.21:527][908]LogModuleManager: Shutting down and abandoning module ClothPainter (528)
[2018.09.26-15.29.21:527][908]LogModuleManager: Shutting down and abandoning module SkeletalMeshEditor (527)
[2018.09.26-15.29.21:527][908]LogModuleManager: Shutting down and abandoning module LogVisualizer (524)
[2018.09.26-15.29.21:527][908]LogModuleManager: Shutting down and abandoning module IntroTutorials (522)
[2018.09.26-15.29.21:527][908]LogModuleManager: Shutting down and abandoning module GameProjectGeneration (521)
[2018.09.26-15.29.21:527][908]LogModuleManager: Shutting down and abandoning module LuminPlatformEditor (518)
[2018.09.26-15.29.21:527][908]LogModuleManager: Shutting down and abandoning module IOSPlatformEditor (516)
[2018.09.26-15.29.21:527][908]LogModuleManager: Shutting down and abandoning module HTML5PlatformEditor (514)
[2018.09.26-15.29.21:527][908]LogModuleManager: Shutting down and abandoning module AndroidPlatformEditor (512)
[2018.09.26-15.29.21:527][908]LogModuleManager: Shutting down and abandoning module AndroidDeviceDetection (511)
[2018.09.26-15.29.22:123][908]LogModuleManager: Shutting down and abandoning module WindowsPlatformEditor (508)
[2018.09.26-15.29.22:123][908]LogModuleManager: Shutting down and abandoning module LuminRuntimeSettings (506)
[2018.09.26-15.29.22:123][908]LogModuleManager: Shutting down and abandoning module IOSRuntimeSettings (504)
[2018.09.26-15.29.22:123][908]LogModuleManager: Shutting down and abandoning module AndroidRuntimeSettings (502)
[2018.09.26-15.29.22:123][908]LogModuleManager: Shutting down and abandoning module InputBindingEditor (500)
[2018.09.26-15.29.22:123][908]LogModuleManager: Shutting down and abandoning module MergeActors (498)
[2018.09.26-15.29.22:123][908]LogModuleManager: Shutting down and abandoning module LocalizationDashboard (496)
[2018.09.26-15.29.22:123][908]LogModuleManager: Shutting down and abandoning module LocalizationService (495)
[2018.09.26-15.29.22:123][908]LogModuleManager: Shutting down and abandoning module HardwareTargeting (492)
[2018.09.26-15.29.22:123][908]LogModuleManager: Shutting down and abandoning module DeviceProfileEditor (490)
[2018.09.26-15.29.22:123][908]LogModuleManager: Shutting down and abandoning module UndoHistory (488)
[2018.09.26-15.29.22:123][908]LogModuleManager: Shutting down and abandoning module XmlParser (486)
[2018.09.26-15.29.22:123][908]LogModuleManager: Shutting down and abandoning module Blutility (484)
[2018.09.26-15.29.22:123][908]LogModuleManager: Shutting down and abandoning module ProjectSettingsViewer (482)
[2018.09.26-15.29.22:123][908]LogModuleManager: Shutting down and abandoning module ProjectTargetPlatformEditor (481)
[2018.09.26-15.29.22:124][908]LogModuleManager: Shutting down and abandoning module EditorSettingsViewer (478)
[2018.09.26-15.29.22:124][908]LogModuleManager: Shutting down and abandoning module SettingsEditor (476)
[2018.09.26-15.29.22:124][908]LogModuleManager: Shutting down and abandoning module ProjectLauncher (474)
[2018.09.26-15.29.22:124][908]LogModuleManager: Shutting down and abandoning module SessionFrontend (472)
[2018.09.26-15.29.22:124][908]LogModuleManager: Shutting down and abandoning module ProfilerClient (470)
[2018.09.26-15.29.22:124][908]LogModuleManager: Shutting down and abandoning module DeviceManager (468)
[2018.09.26-15.29.22:124][908]LogModuleManager: Shutting down and abandoning module TargetDeviceServices (467)
[2018.09.26-15.29.22:167][908]LogModuleManager: Shutting down and abandoning module AutomationController (464)
[2018.09.26-15.29.22:167][908]LogModuleManager: Shutting down and abandoning module AutomationWindow (462)
[2018.09.26-15.29.22:167][908]LogModuleManager: Shutting down and abandoning module Layers (460)
[2018.09.26-15.29.22:167][908]LogModuleManager: Shutting down and abandoning module ComponentVisualizers (458)
[2018.09.26-15.29.22:167][908]LogModuleManager: Shutting down and abandoning module DetailCustomizations (456)
[2018.09.26-15.29.22:167][908]LogModuleManager: Shutting down and abandoning module PackagesDialog (454)
[2018.09.26-15.29.22:167][908]LogModuleManager: Shutting down and abandoning module Persona (452)
[2018.09.26-15.29.22:167][908]LogModuleManager: Shutting down and abandoning module AdvancedPreviewScene (451)
[2018.09.26-15.29.22:167][908]LogModuleManager: Shutting down and abandoning module AnimGraph (449)
[2018.09.26-15.29.22:167][908]LogModuleManager: Shutting down and abandoning module Kismet (446)
[2018.09.26-15.29.22:178][908]LogModuleManager: Shutting down and abandoning module GraphEditor (444)
[2018.09.26-15.29.22:178][908]LogModuleManager: Shutting down and abandoning module ClassViewer (442)
[2018.09.26-15.29.22:178][908]LogModuleManager: Shutting down and abandoning module Toolbox (440)
[2018.09.26-15.29.22:178][908]LogModuleManager: Shutting down and abandoning module ModuleUI (438)
[2018.09.26-15.29.22:178][908]LogModuleManager: Shutting down and abandoning module MovieSceneTools (436)
[2018.09.26-15.29.22:178][908]LogModuleManager: Shutting down and abandoning module OutputLog (434)
[2018.09.26-15.29.22:178][908]LogModuleManager: Shutting down and abandoning module GammaUI (432)
[2018.09.26-15.29.22:178][908]LogModuleManager: Shutting down and abandoning module Documentation (430)
[2018.09.26-15.29.22:178][908]LogModuleManager: Shutting down and abandoning module MovieSceneTracks (428)
[2018.09.26-15.29.22:178][908]LogModuleManager: Shutting down and abandoning module MovieScene (426)
[2018.09.26-15.29.22:178][908]LogModuleManager: Shutting down and abandoning module StreamingPauseRendering (424)
[2018.09.26-15.29.22:178][908]LogModuleManager: Shutting down and abandoning module LauncherPlatform (422)
[2018.09.26-15.29.22:178][908]LogModuleManager: Shutting down and abandoning module AnalyticsET (420)
[2018.09.26-15.29.22:178][908]LogModuleManager: Shutting down and abandoning module PortalServices (418)
[2018.09.26-15.29.22:178][908]LogModuleManager: Shutting down and abandoning module PortalRpc (416)
[2018.09.26-15.29.22:178][908]LogModuleManager: Shutting down and abandoning module MessagingRpc (414)
[2018.09.26-15.29.22:179][908]LogModuleManager: Shutting down and abandoning module AIModule (412)
[2018.09.26-15.29.22:179][908]LogModuleManager: Shutting down and abandoning module GameplayDebugger (411)
[2018.09.26-15.29.22:179][908]LogModuleManager: Shutting down and abandoning module AITestSuite (409)
[2018.09.26-15.29.22:179][908]LogModuleManager: Shutting down and abandoning module NavigationSystem (407)
[2018.09.26-15.29.22:179][908]LogModuleManager: Shutting down and abandoning module DesktopPlatform (404)
[2018.09.26-15.29.22:179][908]LogModuleManager: Shutting down and abandoning module ProfilerService (402)
[2018.09.26-15.29.22:362][908]LogModuleManager: Shutting down and abandoning module TaskGraph (400)
[2018.09.26-15.29.22:362][908]LogModuleManager: Shutting down and abandoning module SteamVRController (398)
[2018.09.26-15.29.22:362][908]LogModuleManager: Shutting down and abandoning module ProceduralMeshComponentEditor (396)
[2018.09.26-15.29.22:362][908]LogModuleManager: Shutting down and abandoning module ProceduralMeshComponent (394)
[2018.09.26-15.29.22:362][908]LogModuleManager: Shutting down and abandoning module OculusInput (392)
[2018.09.26-15.29.22:362][908]LogModuleManager: Shutting down and abandoning module MobilePatchingUtils (390)
[2018.09.26-15.29.22:362][908]LogModuleManager: Shutting down and abandoning module EditableMesh (388)
[2018.09.26-15.29.22:362][908]LogModuleManager: Shutting down and abandoning module CustomMeshComponent (386)
[2018.09.26-15.29.22:362][908]LogModuleManager: Shutting down and abandoning module CableComponent (384)
[2018.09.26-15.29.22:362][908]LogModuleManager: Shutting down and abandoning module AudioCapture (382)
[2018.09.26-15.29.22:362][908]LogModuleManager: Shutting down and abandoning module ArchVisCharacter (380)
[2018.09.26-15.29.22:362][908]LogModuleManager: Shutting down and abandoning module AndroidPermission (378)
[2018.09.26-15.29.22:362][908]LogModuleManager: Shutting down and abandoning module NUTUnrealEngine4 (376)
[2018.09.26-15.29.22:362][908]LogModuleManager: Shutting down and abandoning module NetcodeUnitTest (374)
[2018.09.26-15.29.22:362][908]LogModuleManager: Shutting down and abandoning module MediaCompositingEditor (372)
[2018.09.26-15.29.22:362][908]LogModuleManager: Shutting down and abandoning module MediaCompositing (370)
[2018.09.26-15.29.22:362][908]LogModuleManager: Shutting down and abandoning module LinearTimecode (368)
[2018.09.26-15.29.22:362][908]LogModuleManager: Shutting down and abandoning module ImgMedia (366)
[2018.09.26-15.29.22:365][908]LogModuleManager: Shutting down and abandoning module HTML5Networking (364)
[2018.09.26-15.29.22:365][908]LogModuleManager: Shutting down and abandoning module GeometryCacheTracks (362)
[2018.09.26-15.29.22:365][908]LogModuleManager: Shutting down and abandoning module GeometryCacheSequencer (360)
[2018.09.26-15.29.22:365][908]LogModuleManager: Shutting down and abandoning module BackChannel (358)
[2018.09.26-15.29.22:365][908]LogModuleManager: Shutting down and abandoning module AppleVision (356)
[2018.09.26-15.29.22:365][908]LogModuleManager: Shutting down and abandoning module AppleImageUtils (354)
[2018.09.26-15.29.22:365][908]LogModuleManager: Shutting down and abandoning module AlembicImporter (352)
[2018.09.26-15.29.22:365][908]LogModuleManager: Shutting down and abandoning module AlembicLibrary (351)
[2018.09.26-15.29.22:365][908]LogModuleManager: Shutting down and abandoning module GeometryCache (350)
[2018.09.26-15.29.22:365][908]LogModuleManager: Shutting down and abandoning module GeometryCacheEd (349)
[2018.09.26-15.29.22:365][908]LogModuleManager: Shutting down and abandoning module DatasmithContentEditor (344)
[2018.09.26-15.29.22:365][908]LogModuleManager: Shutting down and abandoning module DatasmithContent (342)
[2018.09.26-15.29.22:366][908]LogModuleManager: Shutting down and abandoning module SpeedTreeImporter (340)
[2018.09.26-15.29.22:366][908]LogModuleManager: Shutting down and abandoning module PluginBrowser (338)
[2018.09.26-15.29.22:366][908]LogModuleManager: Shutting down and abandoning module MobileLauncherProfileWizard (336)
[2018.09.26-15.29.22:366][908]LogModuleManager: Shutting down and abandoning module PolygonModeling (334)
[2018.09.26-15.29.22:366][908]LogModuleManager: Shutting down and abandoning module MeshEditor (332)
[2018.09.26-15.29.22:366][908]LogModuleManager: Shutting down and abandoning module CryptoKeysOpenSSL (330)
[2018.09.26-15.29.22:366][908]LogModuleManager: Shutting down and abandoning module CryptoKeys (328)
[2018.09.26-15.29.22:366][908]LogModuleManager: Shutting down and abandoning module VisualStudioSourceCodeAccess (326)
[2018.09.26-15.29.22:366][908]LogModuleManager: Shutting down and abandoning module VisualStudioCodeSourceCodeAccess (324)
[2018.09.26-15.29.22:366][908]LogModuleManager: Shutting down and abandoning module UObjectPlugin (322)
[2018.09.26-15.29.22:366][908]LogModuleManager: Shutting down and abandoning module SubversionSourceControl (320)
[2018.09.26-15.29.22:366][908]LogModuleManager: Shutting down and abandoning module PerforceSourceControl (318)
[2018.09.26-15.29.22:366][908]LogModuleManager: Shutting down and abandoning module GitSourceControl (316)
[2018.09.26-15.29.22:366][908]LogModuleManager: Shutting down and abandoning module SourceControl (315)
[2018.09.26-15.29.22:366][908]LogModuleManager: Shutting down and abandoning module CLionSourceCodeAccess (312)
[2018.09.26-15.29.22:366][908]LogModuleManager: Shutting down and abandoning module LightPropagationVolumeEditor (310)
[2018.09.26-15.29.22:366][908]LogModuleManager: Shutting down and abandoning module PaperTiledImporter (308)
[2018.09.26-15.29.22:366][908]LogModuleManager: Shutting down and abandoning module PaperSpriteSheetImporter (306)
[2018.09.26-15.29.22:366][908]LogModuleManager: Shutting down and abandoning module Paper2DEditor (304)
[2018.09.26-15.29.22:366][908]LogModuleManager: Shutting down and abandoning module MeshPaint (303)
[2018.09.26-15.29.22:366][908]LogModuleManager: Shutting down and abandoning module RuntimePhysXCooking (300)
[2018.09.26-15.29.22:366][908]LogModuleManager: Shutting down and abandoning module PhysXVehiclesEditor (298)
[2018.09.26-15.29.22:366][908]LogModuleManager: Shutting down and abandoning module PhysXVehicles (296)
[2018.09.26-15.29.22:366][908]LogModuleManager: Shutting down and abandoning module OculusEditor (294)
[2018.09.26-15.29.22:366][908]LogModuleManager: Shutting down and abandoning module LocationServicesBPLibrary (292)
[2018.09.26-15.29.22:366][908]LogModuleManager: Shutting down and abandoning module ImmediatePhysicsEditor (290)
[2018.09.26-15.29.22:366][908]LogModuleManager: Shutting down and abandoning module ImmediatePhysics (288)
[2018.09.26-15.29.22:366][908]LogModuleManager: Shutting down and abandoning module ActorSequence (286)
[2018.09.26-15.29.22:366][908]LogModuleManager: Shutting down and abandoning module UdpMessaging (284)
[2018.09.26-15.29.22:467][908]LogModuleManager: Shutting down and abandoning module TcpMessaging (282)
[2018.09.26-15.29.22:568][908]LogModuleManager: Shutting down and abandoning module MagicLeapAudio (280)
[2018.09.26-15.29.22:568][908]LogModuleManager: Shutting down and abandoning module GameplayTagsEditor (278)
[2018.09.26-15.29.22:568][908]LogModuleManager: Shutting down and abandoning module FacialAnimationEditor (276)
[2018.09.26-15.29.22:568][908]LogModuleManager: Shutting down and abandoning module FacialAnimation (274)
[2018.09.26-15.29.22:568][908]LogModuleManager: Shutting down and abandoning module DataValidation (272)
[2018.09.26-15.29.22:568][908]LogModuleManager: Shutting down and abandoning module AssetManagerEditor (270)
[2018.09.26-15.29.22:569][908]LogModuleManager: Shutting down and abandoning module LevelEditor (269)
[2018.09.26-15.29.22:571][908]LogModuleManager: Shutting down and abandoning module PixelInspectorModule (268)
[2018.09.26-15.29.22:572][908]LogModuleManager: Shutting down and abandoning module CommonMenuExtensions (266)
[2018.09.26-15.29.22:572][908]LogModuleManager: Shutting down and abandoning module MainFrame (264)
[2018.09.26-15.29.22:573][908]LogModuleManager: Shutting down and abandoning module HotReload (263)
[2018.09.26-15.29.22:573][908]LogModuleManager: Shutting down and abandoning module ContentBrowser (259)
[2018.09.26-15.29.22:576][908]LogModuleManager: Shutting down and abandoning module TreeMap (257)
[2018.09.26-15.29.22:576][908]LogModuleManager: Shutting down and abandoning module LightPropagationVolumeRuntime (254)
[2018.09.26-15.29.22:576][908]LogModuleManager: Shutting down and abandoning module AISupportModule (252)
[2018.09.26-15.29.22:576][908]LogModuleManager: Shutting down and abandoning module Paper2D (250)
[2018.09.26-15.29.22:576][908]LogModuleManager: Shutting down and abandoning module WindowsMoviePlayer (248)
[2018.09.26-15.29.22:576][908]LogModuleManager: Shutting down and abandoning module WmfMedia (246)
[2018.09.26-15.29.22:578][908]LogModuleManager: Shutting down and abandoning module Media (245)
[2018.09.26-15.29.22:586][908]LogModuleManager: Shutting down and abandoning module PacketHandler (242)
[2018.09.26-15.29.22:586][908]LogModuleManager: Shutting down and abandoning module ClothingSystemEditor (240)
[2018.09.26-15.29.22:587][908]LogModuleManager: Shutting down and abandoning module ClothingSystemRuntime (238)
[2018.09.26-15.29.22:587][908]LogModuleManager: Shutting down and abandoning module MediaAssets (236)
[2018.09.26-15.29.22:587][908]LogModuleManager: Shutting down and abandoning module Overlay (234)
[2018.09.26-15.29.22:588][908]LogModuleManager: Shutting down and abandoning module OverlayEditor (233)
[2018.09.26-15.29.22:588][908]LogModuleManager: Shutting down and abandoning module EnvironmentQueryEditor (230)
[2018.09.26-15.29.22:588][908]LogModuleManager: Shutting down and abandoning module VREditor (228)
[2018.09.26-15.29.22:588][908]LogModuleManager: Shutting down and abandoning module StringTableEditor (226)
[2018.09.26-15.29.22:588][908]LogModuleManager: Shutting down and abandoning module GameplayTasksEditor (224)
[2018.09.26-15.29.22:588][908]LogModuleManager: Shutting down and abandoning module BehaviorTreeEditor (222)
[2018.09.26-15.29.22:588][908]LogModuleManager: Shutting down and abandoning module FunctionalTesting (220)
[2018.09.26-15.29.22:588][908]LogModuleManager: Shutting down and abandoning module CollisionAnalyzer (218)
[2018.09.26-15.29.22:589][908]LogModuleManager: Shutting down and abandoning module WorkspaceMenuStructure (217)
[2018.09.26-15.29.22:589][908]LogModuleManager: Shutting down and abandoning module UMG (214)
[2018.09.26-15.29.22:589][908]LogModuleManager: Shutting down and abandoning module UMGEditor (213)
[2018.09.26-15.29.22:589][908]LogModuleManager: Shutting down and abandoning module Sequencer (212)
[2018.09.26-15.29.22:589][908]LogModuleManager: Shutting down and abandoning module MessageLog (209)
[2018.09.26-15.29.22:589][908]LogModuleManager: Shutting down and abandoning module SlateReflector (204)
[2018.09.26-15.29.22:589][908]LogModuleManager: Shutting down and abandoning module Slate (202)
[2018.09.26-15.29.22:589][908]LogModuleManager: Shutting down and abandoning module EditorStyle (200)
[2018.09.26-15.29.22:595][908]LogModuleManager: Shutting down and abandoning module MRMesh (198)
[2018.09.26-15.29.22:595][908]LogModuleManager: Shutting down and abandoning module SourceCodeAccess (196)
[2018.09.26-15.29.22:595][908]LogModuleManager: Shutting down and abandoning module HeadMountedDisplay (194)
[2018.09.26-15.29.22:595][908]LogModuleManager: Shutting down and abandoning module XAudio2 (192)
[2018.09.26-15.29.22:595][908]LogModuleManager: Shutting down and abandoning module Networking (190)
[2018.09.26-15.29.22:595][908]LogModuleManager: Shutting down and abandoning module Core (188)
[2018.09.26-15.29.22:596][908]LogModuleManager: Shutting down and abandoning module LevelSequence (186)
[2018.09.26-15.29.22:596][908]LogModuleManager: Shutting down and abandoning module KismetCompiler (184)
[2018.09.26-15.29.22:596][908]LogModuleManager: Shutting down and abandoning module MeshUtilities (182)
[2018.09.26-15.29.22:596][908]LogModuleManager: Shutting down and abandoning module MeshMergeUtilities (181)
[2018.09.26-15.29.22:596][908]LogModuleManager: Shutting down and abandoning module MeshReductionInterface (180)
[2018.09.26-15.29.22:596][908]LogModuleManager: Shutting down and abandoning module SimplygonSwarm (179)
[2018.09.26-15.29.22:596][908]LogModuleManager: Shutting down and abandoning module ProxyLODMeshReduction (177)
[2018.09.26-15.29.22:596][908]LogModuleManager: Shutting down and abandoning module SimplygonMeshReduction (175)
[2018.09.26-15.29.22:596][908]LogModuleManager: Shutting down and abandoning module QuadricMeshReduction (173)
[2018.09.26-15.29.22:596][908]LogModuleManager: Shutting down and abandoning module MaterialBaking (169)
[2018.09.26-15.29.22:596][908]LogModuleManager: Shutting down and abandoning module DirectoryWatcher (165)
[2018.09.26-15.29.22:599][908]LogModuleManager: Shutting down and abandoning module DerivedDataCache (162)
[2018.09.26-15.29.22:693][908]LogDerivedDataCache: Shutdown
[2018.09.26-15.29.22:693][908]LogModuleManager: Shutting down and abandoning module XGEController (160)
[2018.09.26-15.29.22:693][908]LogXGEController: Cleaning working directory: C:/Users/User/AppData/Local/Temp/UnrealXGEWorkingDir/
[2018.09.26-15.29.22:694][908]LogModuleManager: Shutting down and abandoning module TargetPlatform (158)
[2018.09.26-15.29.22:694][908]LogModuleManager: Shutting down and abandoning module VulkanShaderFormat (157)
[2018.09.26-15.29.22:694][908]LogModuleManager: Shutting down and abandoning module ShaderFormatVectorVM (155)
[2018.09.26-15.29.22:694][908]LogModuleManager: Shutting down and abandoning module ShaderFormatOpenGL (153)
[2018.09.26-15.29.22:694][908]LogModuleManager: Shutting down and abandoning module ShaderFormatD3D (151)
[2018.09.26-15.29.22:694][908]LogModuleManager: Shutting down and abandoning module MetalShaderFormat (149)
[2018.09.26-15.29.22:694][908]LogModuleManager: Shutting down and abandoning module TextureFormatUncompressed (147)
[2018.09.26-15.29.22:694][908]LogModuleManager: Shutting down and abandoning module TextureFormatPVR (145)
[2018.09.26-15.29.22:694][908]LogModuleManager: Shutting down and abandoning module TextureFormatDXT (143)
[2018.09.26-15.29.22:694][908]LogModuleManager: Shutting down and abandoning module TextureFormatIntelISPCTexComp (141)
[2018.09.26-15.29.22:695][908]LogModuleManager: Shutting down and abandoning module TextureFormatASTC (139)
[2018.09.26-15.29.22:695][908]LogModuleManager: Shutting down and abandoning module ImageWrapper (138)
[2018.09.26-15.29.22:695][908]LogModuleManager: Shutting down and abandoning module TextureFormatAndroid (135)
[2018.09.26-15.29.22:695][908]LogModuleManager: Shutting down and abandoning module AudioFormatOpus (133)
[2018.09.26-15.29.22:695][908]LogModuleManager: Shutting down and abandoning module AudioFormatOgg (131)
[2018.09.26-15.29.22:695][908]LogModuleManager: Shutting down and abandoning module AudioFormatADPCM (129)
[2018.09.26-15.29.22:695][908]LogModuleManager: Shutting down and abandoning module LuminTargetPlatform (127)
[2018.09.26-15.29.22:695][908]LogModuleManager: Shutting down and abandoning module LinuxTargetPlatform (125)
[2018.09.26-15.29.22:695][908]LogModuleManager: Shutting down and abandoning module LinuxServerTargetPlatform (123)
[2018.09.26-15.29.22:695][908]LogModuleManager: Shutting down and abandoning module LinuxNoEditorTargetPlatform (121)
[2018.09.26-15.29.22:695][908]LogModuleManager: Shutting down and abandoning module LinuxClientTargetPlatform (119)
[2018.09.26-15.29.22:695][908]LogModuleManager: Shutting down and abandoning module TVOSTargetPlatform (117)
[2018.09.26-15.29.22:698][908]LogModuleManager: Shutting down and abandoning module Messaging (115)
[2018.09.26-15.29.22:698][908]LogModuleManager: Shutting down and abandoning module IOSTargetPlatform (113)
[2018.09.26-15.29.22:701][908]LogModuleManager: Shutting down and abandoning module HTML5TargetPlatform (111)
[2018.09.26-15.29.22:701][908]LogModuleManager: Shutting down and abandoning module AndroidTargetPlatform (109)
[2018.09.26-15.29.22:717][908]LogModuleManager: Shutting down and abandoning module WindowsTargetPlatform (107)
[2018.09.26-15.29.22:717][908]LogModuleManager: Shutting down and abandoning module WindowsServerTargetPlatform (105)
[2018.09.26-15.29.22:717][908]LogModuleManager: Shutting down and abandoning module WindowsNoEditorTargetPlatform (103)
[2018.09.26-15.29.22:717][908]LogModuleManager: Shutting down and abandoning module WindowsClientTargetPlatform (101)
[2018.09.26-15.29.22:717][908]LogModuleManager: Shutting down and abandoning module MacTargetPlatform (99)
[2018.09.26-15.29.22:717][908]LogModuleManager: Shutting down and abandoning module MacServerTargetPlatform (97)
[2018.09.26-15.29.22:717][908]LogModuleManager: Shutting down and abandoning module MacNoEditorTargetPlatform (95)
[2018.09.26-15.29.22:717][908]LogModuleManager: Shutting down and abandoning module MacClientTargetPlatform (93)
[2018.09.26-15.29.22:718][908]LogModuleManager: Shutting down and abandoning module AllDesktopTargetPlatform (91)
[2018.09.26-15.29.22:718][908]LogModuleManager: Shutting down and abandoning module InputCore (88)
[2018.09.26-15.29.22:718][908]LogModuleManager: Shutting down and abandoning module Settings (86)
[2018.09.26-15.29.22:718][908]LogModuleManager: Shutting down and abandoning module PhysXCooking (84)
[2018.09.26-15.29.22:718][908]LogModuleManager: Shutting down and abandoning module SteamVR (82)
[2018.09.26-15.29.22:718][908]LogModuleManager: Shutting down and abandoning module OculusHMD (80)
[2018.09.26-15.29.22:718][908]LogModuleManager: Shutting down and abandoning module ExampleDeviceProfileSelector (78)
[2018.09.26-15.29.22:718][908]LogModuleManager: Shutting down and abandoning module LauncherChunkInstaller (76)
[2018.09.26-15.29.22:718][908]LogModuleManager: Shutting down and abandoning module OnlineBlueprintSupport (74)
[2018.09.26-15.29.22:718][908]LogModuleManager: Shutting down and abandoning module OnlineSubsystem (70)
[2018.09.26-15.29.22:719][908]LogModuleManager: Shutting down and abandoning module XMPP (65)
[2018.09.26-15.29.22:719][908]LogModuleManager: Shutting down and abandoning module WebSockets (64)
[2018.09.26-15.29.22:734][908]LogModuleManager: Shutting down and abandoning module HTTP (61)
[2018.09.26-15.29.22:734][908]LogHttp: Display: Http module shutting down, but needs to wait on 1 outstanding Http requests:
[2018.09.26-15.29.22:734][908]LogHttp: Display: 	verb=[POST] url=[https://datarouter.ol.epicgames.com/datarouter/api/v1/public/data?SessionID=%7BDD8497BB-42DD-7840-EAA8-14A398C5D71A%7D&AppID=UEEditor.Rocket.Release&AppVersion=4.20.3-4369336%2B%2B%2BUE4%2BRelease-4.20&UserID=cca2e83c4c922e6278f0f0b24b85f416%7C5557c92c270a4d1980a46e232588ee31%7Cc91b5b9e-cbf4-490a-9c11-a6e8e5d6d008&AppEnvironment=datacollector-binary&UploadType=eteventstream] status=Processing
[2018.09.26-15.29.22:743][908]LogModuleManager: Shutting down and abandoning module SSL (60)
[2018.09.26-15.29.22:745][908]LogModuleManager: Shutting down and abandoning module MagicLeapEmulator (56)
[2018.09.26-15.29.22:745][908]LogModuleManager: Shutting down and abandoning module MagicLeapPrivileges (54)
[2018.09.26-15.29.22:745][908]LogModuleManager: Shutting down and abandoning module MagicLeapIdentity (52)
[2018.09.26-15.29.22:745][908]LogModuleManager: Shutting down and abandoning module MagicLeapHelperVulkan (50)
[2018.09.26-15.29.22:745][908]LogModuleManager: Shutting down and abandoning module MagicLeapHelperOpenGL (48)
[2018.09.26-15.29.22:745][908]LogModuleManager: Shutting down and abandoning module MagicLeapSecureStorage (46)
[2018.09.26-15.29.22:745][908]LogModuleManager: Shutting down and abandoning module MagicLeapGestures (44)
[2018.09.26-15.29.22:745][908]LogModuleManager: Shutting down and abandoning module MagicLeapEyeTracker (42)
[2018.09.26-15.29.22:745][908]LogModuleManager: Shutting down and abandoning module MagicLeapController (40)
[2018.09.26-15.29.22:745][908]LogSlate: Slate User Destroyed.  User Index 0, Is Virtual User: 0
[2018.09.26-15.29.22:745][908]LogModuleManager: Shutting down and abandoning module MagicLeap (38)
[2018.09.26-15.29.22:746][908]LogModuleManager: Shutting down and abandoning module AnimationModifiers (36)
[2018.09.26-15.29.22:746][908]LogModuleManager: Shutting down and abandoning module PropertyEditor (35)
[2018.09.26-15.29.22:746][908]LogModuleManager: Shutting down and abandoning module AudioEditor (32)
[2018.09.26-15.29.22:746][908]LogModuleManager: Shutting down and abandoning module TextureCompressor (30)
[2018.09.26-15.29.22:746][908]LogModuleManager: Shutting down and abandoning module ShaderCore (28)
[2018.09.26-15.29.22:746][908]LogModuleManager: Shutting down and abandoning module Landscape (26)
[2018.09.26-15.29.22:746][908]LogModuleManager: Shutting down and abandoning module SlateRHIRenderer (24)
[2018.09.26-15.29.22:748][908]LogModuleManager: Shutting down and abandoning module OpenGLDrv (22)
[2018.09.26-15.29.22:748][908]LogModuleManager: Shutting down and abandoning module D3D11RHI (20)
[2018.09.26-15.29.22:748][908]LogModuleManager: Shutting down and abandoning module AnimGraphRuntime (18)
[2018.09.26-15.29.22:748][908]LogModuleManager: Shutting down and abandoning module Renderer (16)
[2018.09.26-15.29.22:748][908]LogModuleManager: Shutting down and abandoning module Engine (14)
[2018.09.26-15.29.22:748][908]LogModuleManager: Shutting down and abandoning module CoreUObject (12)
[2018.09.26-15.29.22:748][908]LogModuleManager: Shutting down and abandoning module NetworkFile (10)
[2018.09.26-15.29.22:748][908]LogModuleManager: Shutting down and abandoning module CookedIterativeFile (8)
[2018.09.26-15.29.22:748][908]LogModuleManager: Shutting down and abandoning module StreamingFile (6)
[2018.09.26-15.29.22:748][908]LogModuleManager: Shutting down and abandoning module SandboxFile (4)
[2018.09.26-15.29.22:750][908]LogModuleManager: Shutting down and abandoning module PakFile (2)
[2018.09.26-15.29.22:755][908]LogExit: Exiting.
[2018.09.26-15.29.22:766][908]Log file closed, 09/26/18 18:29:22
