Log file open, 09/06/18 23:26:52
LogWindows: Failed to load 'aqProf.dll' (GetLastError=126)
LogWindows: File 'aqProf.dll' does not exist
LogWindows: Failed to load 'VtuneApi.dll' (GetLastError=126)
LogWindows: File 'VtuneApi.dll' does not exist
LogWindows: Failed to load 'VtuneApi32e.dll' (GetLastError=126)
LogWindows: File 'VtuneApi32e.dll' does not exist
LogInit: Display: Running engine for game: parkour_sys
LogPlatformFile: Not using cached read wrapper
LogTaskGraph: Started task graph with 5 named threads and 14 total threads with 3 sets of task threads.
LogStats: Stats thread started at 0.176961
LogD3D11RHI: Loaded GFSDK_Aftermath_Lib.x64.dll
LogICUInternationalization: Display: ICU TimeZone Detection - Raw Offset: +2:00, Platform Override: ''
LogPluginManager: Mounting plugin Paper2D
LogPluginManager: Mounting plugin AISupport
LogPluginManager: Mounting plugin LightPropagationVolume
LogPluginManager: Mounting plugin CLionSourceCodeAccess
LogPluginManager: Mounting plugin CodeLiteSourceCodeAccess
LogPluginManager: Mounting plugin GitSourceControl
LogPluginManager: Mounting plugin KDevelopSourceCodeAccess
LogPluginManager: Mounting plugin NullSourceCodeAccess
LogPluginManager: Mounting plugin PerforceSourceControl
LogPluginManager: Mounting plugin SubversionSourceControl
LogPluginManager: Mounting plugin UObjectPlugin
LogPluginManager: Mounting plugin VisualStudioCodeSourceCodeAccess
LogPluginManager: Mounting plugin VisualStudioSourceCodeAccess
LogPluginManager: Mounting plugin XCodeSourceCodeAccess
LogPluginManager: Mounting plugin AssetManagerEditor
LogPluginManager: Mounting plugin CryptoKeys
LogPluginManager: Mounting plugin DataValidation
LogPluginManager: Mounting plugin FacialAnimation
LogPluginManager: Mounting plugin GameplayTagsEditor
LogPluginManager: Mounting plugin MacGraphicsSwitching
LogPluginManager: Mounting plugin MeshEditor
LogPluginManager: Mounting plugin MobileLauncherProfileWizard
LogPluginManager: Mounting plugin PluginBrowser
LogPluginManager: Mounting plugin SpeedTreeImporter
LogPluginManager: Mounting plugin DatasmithContent
LogPluginManager: Mounting plugin AlembicImporter
LogPluginManager: Mounting plugin AppleImageUtils
LogPluginManager: Mounting plugin AppleVision
LogPluginManager: Mounting plugin BackChannel
LogPluginManager: Mounting plugin CharacterAI
LogPluginManager: Mounting plugin GeometryCache
LogPluginManager: Mounting plugin HTML5Networking
LogPluginManager: Mounting plugin ProxyLODPlugin
LogPluginManager: Mounting plugin MagicLeap
LogPluginManager: Mounting plugin MagicLeapEmulator
LogPluginManager: Mounting plugin MagicLeapMedia
LogPluginManager: Mounting plugin AndroidMedia
LogPluginManager: Mounting plugin AvfMedia
LogPluginManager: Mounting plugin ImgMedia
LogPluginManager: Mounting plugin LinearTimecode
LogPluginManager: Mounting plugin MediaCompositing
LogPluginManager: Mounting plugin MediaPlayerEditor
LogPluginManager: Mounting plugin WmfMedia
LogPluginManager: Mounting plugin TcpMessaging
LogPluginManager: Mounting plugin UdpMessaging
LogPluginManager: Mounting plugin ActorSequence
LogPluginManager: Mounting plugin LevelSequenceEditor
LogPluginManager: Mounting plugin MatineeToLevelSequence
LogPluginManager: Mounting plugin NetcodeUnitTest
LogPluginManager: Mounting plugin NUTUnrealEngine4
LogPluginManager: Mounting plugin OnlineSubsystemGooglePlay
LogPluginManager: Mounting plugin OnlineSubsystemIOS
LogPluginManager: Mounting plugin OnlineSubsystem
LogPluginManager: Mounting plugin OnlineSubsystemNull
LogPluginManager: Mounting plugin OnlineSubsystemUtils
LogPluginManager: Mounting plugin LauncherChunkInstaller
LogPluginManager: Mounting plugin AndroidDeviceProfileSelector
LogPluginManager: Mounting plugin AndroidMoviePlayer
LogPluginManager: Mounting plugin AndroidPermission
LogPluginManager: Mounting plugin AppleMoviePlayer
LogPluginManager: Mounting plugin ArchVisCharacter
LogPluginManager: Mounting plugin AudioCapture
LogPluginManager: Mounting plugin CableComponent
LogPluginManager: Mounting plugin CustomMeshComponent
LogPluginManager: Mounting plugin EditableMesh
LogPluginManager: Mounting plugin ExampleDeviceProfileSelector
LogPluginManager: Mounting plugin GoogleCloudMessaging
LogPluginManager: Mounting plugin ImmediatePhysics
LogPluginManager: Mounting plugin IOSDeviceProfileSelector
LogPluginManager: Mounting plugin LinuxDeviceProfileSelector
LogPluginManager: Mounting plugin LocationServicesBPLibrary
LogPluginManager: Mounting plugin MobilePatchingUtils
LogPluginManager: Mounting plugin OculusVR
LogPluginManager: Plugin shader directory ../../../Engine/Plugins/Runtime/Oculus/OculusVR/Shaders found
LogPluginManager: Mapping shader source directory ../../../Engine/Plugins/Runtime/Oculus/OculusVR/Shaders to virtual directory /Plugin/OculusVR
LogPluginManager: Mounting plugin PhysXVehicles
LogPluginManager: Mounting plugin ProceduralMeshComponent
LogPluginManager: Mounting plugin RuntimePhysXCooking
LogPluginManager: Mounting plugin SteamVR
LogPluginManager: Mounting plugin WindowsMoviePlayer
LogStreaming: Display: Took  0.079s to configure plugins.
LogInit: Using libcurl 7.55.1-DEV
LogInit:  - built for x86_64-pc-win32
LogInit:  - supports SSL with OpenSSL/1.0.2h
LogInit:  - supports HTTP deflate (compression) using libz 1.2.8
LogInit:  - other features:
LogInit:      CURL_VERSION_SSL
LogInit:      CURL_VERSION_LIBZ
LogInit:      CURL_VERSION_IPV6
LogInit:      CURL_VERSION_ASYNCHDNS
LogInit:      CURL_VERSION_LARGEFILE
LogInit:      CURL_VERSION_IDN
LogInit:  CurlRequestOptions (configurable via config and command line):
LogInit:  - bVerifyPeer = false  - Libcurl will NOT verify peer certificate
LogInit:  - bUseHttpProxy = false  - Libcurl will NOT use HTTP proxy
LogInit:  - bDontReuseConnections = false  - Libcurl will reuse connections
LogInit:  - CertBundlePath = nullptr  - Libcurl will use whatever was configured at build time.
LogInit:  - MaxHostConnections = 16  - Libcurl will limit the number of connections to a host
LogInit:  - LocalHostAddr = Default
LogInit:  - BufferSize = 65536
LogInit: WinSock: version 1.1 (2.2), MaxSocks=32767, MaxUdp=65467
LogInit: Build: ++UE4+Release-4.20-CL-4302132
LogInit: Engine Version: 4.20.2-4302132+++UE4+Release-4.20
LogInit: Compatible Engine Version: 4.20.0-4212847+++UE4+Release-4.20
LogInit: Net CL: 4212847
LogInit: OS: Windows 10 (), CPU: Intel(R) Core(TM) i5-7400 CPU @ 3.00GHz, GPU: NVIDIA GeForce GTX 1050
LogInit: Compiled (64-bit): Aug 21 2018 02:06:06
LogInit: Compiled with Visual C++: 19.13.26129.00
LogInit: Build Configuration: Development
LogInit: Branch Name: ++UE4+Release-4.20
LogInit: Command Line:  
LogInit: Base Directory: D:/epicSDK/UE_4.20/Engine/Binaries/Win64/
LogInit: Installed Engine Build: 1
LogDevObjectVersion: Number of dev versions registered: 20
LogDevObjectVersion:   Dev-Blueprints (B0D832E4-1F89-4F0D-ACCF-7EB736FD4AA2): 10
LogDevObjectVersion:   Dev-Build (E1C64328-A22C-4D53-A36C-8E866417BD8C): 0
LogDevObjectVersion:   Dev-Core (375EC13C-06E4-48FB-B500-84F0262A717E): 2
LogDevObjectVersion:   Dev-Editor (E4B068ED-F494-42E9-A231-DA0B2E46BB41): 24
LogDevObjectVersion:   Dev-Framework (CFFC743F-43B0-4480-9391-14DF171D2073): 34
LogDevObjectVersion:   Dev-Mobile (B02B49B5-BB20-44E9-A304-32B752E40360): 2
LogDevObjectVersion:   Dev-Networking (A4E4105C-59A1-49B5-A7C5-40C4547EDFEE): 0
LogDevObjectVersion:   Dev-Online (39C831C9-5AE6-47DC-9A44-9C173E1C8E7C): 0
LogDevObjectVersion:   Dev-Physics (78F01B33-EBEA-4F98-B9B4-84EACCB95AA2): 0
LogDevObjectVersion:   Dev-Platform (6631380F-2D4D-43E0-8009-CF276956A95A): 0
LogDevObjectVersion:   Dev-Rendering (12F88B9F-8875-4AFC-A67C-D90C383ABD29): 26
LogDevObjectVersion:   Dev-Sequencer (7B5AE74C-D270-4C10-A958-57980B212A5A): 9
LogDevObjectVersion:   Dev-VR (D7296918-1DD6-4BDD-9DE2-64A83CC13884): 2
LogDevObjectVersion:   Dev-LoadTimes (C2A15278-BFE7-4AFE-6C17-90FF531DF755): 1
LogDevObjectVersion:   Private-Geometry (6EACA3D4-40EC-4CC1-B786-8BED09428FC5): 3
LogDevObjectVersion:   Dev-AnimPhys (29E575DD-E0A3-4627-9D10-D276232CDCEA): 17
LogDevObjectVersion:   Dev-ReflectionCapture (6B266CEC-1EC7-4B8F-A30B-E4D90942FC07): 1
LogDevObjectVersion:   Dev-Automation (0DF73D61-A23F-47EA-B727-89E90C41499A): 1
LogDevObjectVersion:   FortniteMain (601D1886-AC64-4F84-AA16-D3DE0DEAC7D6): 12
LogDevObjectVersion:   Dev-Enterprise (9DFFBCD6-494F-0158-E221-12823C92A888): 1
LogStreaming: Display: Took  0.001s to delete old logs.
LogInit: Presizing for max 8388607 objects, including 0 objects not considered by GC, pre-allocating 0 bytes for permanent pool.
LogInit: Object subsystem initialized
[2018.09.06-20.26.53:032][  0]LogInit: Selected Device Profile: [Windows]
[2018.09.06-20.26.53:032][  0]LogInit: Applying CVar settings loaded from the selected device profile: [Windows]
[2018.09.06-20.26.53:045][  0]LogHAL: Display: Platform has ~ 16 GB [17136578560 / 17179869184 / 16], which maps to Larger [LargestMinGB=32, LargerMinGB=12, DefaultMinGB=8, SmallerMinGB=6, SmallestMinGB=0)
[2018.09.06-20.26.53:045][  0]LogInit: Setting Device Profile CVar: [[r.Vulkan.UseRealUBs:1]]
[2018.09.06-20.26.53:045][  0]LogInit: Going up to parent DeviceProfile []
[2018.09.06-20.26.53:045][  0]LogInit: Computer: DESKTOP-1FJRS5V
[2018.09.06-20.26.53:045][  0]LogInit: User: User
[2018.09.06-20.26.53:045][  0]LogInit: CPU Page size=4096, Cores=4
[2018.09.06-20.26.53:045][  0]LogInit: High frequency timer resolution =2.929688 MHz
[2018.09.06-20.26.53:045][  0]LogMemory: Memory total: Physical=16.0GB (16GB approx)
[2018.09.06-20.26.53:045][  0]LogMemory: Platform Memory Stats for Windows
[2018.09.06-20.26.53:045][  0]LogMemory: Process Physical Memory: 100.87 MB used, 100.87 MB peak
[2018.09.06-20.26.53:045][  0]LogMemory: Process Virtual Memory: 84.32 MB used, 84.32 MB peak
[2018.09.06-20.26.53:045][  0]LogMemory: Physical Memory: 4788.83 MB used,  11553.88 MB free, 16342.71 MB total
[2018.09.06-20.26.53:045][  0]LogMemory: Virtual Memory: 4625.36 MB used,  11553.88 MB free, 134217728.00 MB total
[2018.09.06-20.26.53:059][  0]LogInit: Using OS detected language (ru-RU).
[2018.09.06-20.26.53:059][  0]LogInit: Using OS detected locale (ru-UA).
[2018.09.06-20.26.53:060][  0]LogTextLocalizationManager: No specific localization for 'ru-RU' exists, so the 'ru' localization will be used.
[2018.09.06-20.26.53:061][  0]LogStreaming: Display: Took  0.002s to InitEngineTextLocalization.
[2018.09.06-20.26.53:061][  0]LogInit: Setting process to per monitor DPI aware
[2018.09.06-20.26.53:082][  0]LogSlate: New Slate User Created.  User Index 0, Is Virtual User: 0
[2018.09.06-20.26.53:082][  0]LogSlate: Slate User Registered.  User Index 0, Is Virtual User: 0
[2018.09.06-20.26.53:233][  0]LogHMD: Failed to initialize OpenVR with code 110
[2018.09.06-20.26.53:233][  0]LogD3D11RHI: D3D11 adapters:
[2018.09.06-20.26.53:283][  0]LogD3D11RHI:    0. 'NVIDIA GeForce GTX 1050' (Feature Level 11_0)
[2018.09.06-20.26.53:283][  0]LogD3D11RHI:       1977/0/8171 MB DedicatedVideo/DedicatedSystem/SharedSystem, Outputs:1, VendorId:0x10de
[2018.09.06-20.26.53:285][  0]LogD3D11RHI:    1. 'Microsoft Basic Render Driver' (Feature Level 11_0)
[2018.09.06-20.26.53:285][  0]LogD3D11RHI:       0/0/8171 MB DedicatedVideo/DedicatedSystem/SharedSystem, Outputs:0, VendorId:0x1414
[2018.09.06-20.26.53:285][  0]LogD3D11RHI: Chosen D3D11 Adapter: 0
[2018.09.06-20.26.53:290][  0]LogD3D11RHI: Creating new Direct3DDevice
[2018.09.06-20.26.53:290][  0]LogD3D11RHI:     GPU DeviceId: 0x1c81 (for the marketing name, search the web for "GPU Device Id")
[2018.09.06-20.26.53:290][  0]LogWindows: EnumDisplayDevices:
[2018.09.06-20.26.53:290][  0]LogWindows:    0. 'NVIDIA GeForce GTX 1050' (P:1 D:1)
[2018.09.06-20.26.53:290][  0]LogWindows:    1. 'NVIDIA GeForce GTX 1050' (P:0 D:0)
[2018.09.06-20.26.53:290][  0]LogWindows:    2. 'NVIDIA GeForce GTX 1050' (P:0 D:0)
[2018.09.06-20.26.53:290][  0]LogWindows:    3. 'NVIDIA GeForce GTX 1050' (P:0 D:0)
[2018.09.06-20.26.53:291][  0]LogWindows: DebugString: FoundDriverCount:4 
[2018.09.06-20.26.53:291][  0]LogD3D11RHI:     Adapter Name: NVIDIA GeForce GTX 1050
[2018.09.06-20.26.53:291][  0]LogD3D11RHI:   Driver Version: 390.77 (internal:23.21.13.9077, unified:390.77)
[2018.09.06-20.26.53:291][  0]LogD3D11RHI:      Driver Date: 1-23-2018
[2018.09.06-20.26.53:291][  0]LogRHI: Texture pool is 1384 MB (70% of 1977 MB)
[2018.09.06-20.26.53:316][  0]LogD3D11RHI: Async texture creation enabled
[2018.09.06-20.26.53:332][  0]LogD3D11RHI: GPU Timing Frequency: 1000.000000 (Debug: 2 2)
[2018.09.06-20.26.53:333][  0]LogShaderCompilers: Guid format shader working directory is -6 characters bigger than the processId version (C:/Users/User/Documents/Unreal Projects/parkour_sys/Intermediate/Shaders/WorkingDirectory/6936/).
[2018.09.06-20.26.53:333][  0]LogShaderCompilers: Cleaned the shader compiler working directory 'C:/Users/User/AppData/Local/Temp/UnrealShaderWorkingDir/0B495F584AECC8C767327E834D93B018/'.
[2018.09.06-20.26.53:595][  0]LogTemp: Display: Loaded TP AllDesktopTargetPlatform
[2018.09.06-20.26.53:608][  0]LogTemp: Display: Loaded TP MacClientTargetPlatform
[2018.09.06-20.26.53:621][  0]LogTemp: Display: Loaded TP MacNoEditorTargetPlatform
[2018.09.06-20.26.53:635][  0]LogTemp: Display: Loaded TP MacServerTargetPlatform
[2018.09.06-20.26.53:648][  0]LogTemp: Display: Loaded TP MacTargetPlatform
[2018.09.06-20.26.53:661][  0]LogTemp: Display: Loaded TP WindowsClientTargetPlatform
[2018.09.06-20.26.53:675][  0]LogTemp: Display: Loaded TP WindowsNoEditorTargetPlatform
[2018.09.06-20.26.53:688][  0]LogTemp: Display: Loaded TP WindowsServerTargetPlatform
[2018.09.06-20.26.53:694][  0]LogTemp: Display: Loaded TP WindowsTargetPlatform
[2018.09.06-20.26.53:775][  0]LogTemp: Display: Loaded TP AndroidTargetPlatform
[2018.09.06-20.26.53:775][  0]LogTemp: Display: Loaded TP AndroidTargetPlatform
[2018.09.06-20.26.53:775][  0]LogTemp: Display: Loaded TP AndroidTargetPlatform
[2018.09.06-20.26.53:775][  0]LogTemp: Display: Loaded TP AndroidTargetPlatform
[2018.09.06-20.26.53:775][  0]LogTemp: Display: Loaded TP AndroidTargetPlatform
[2018.09.06-20.26.53:775][  0]LogTemp: Display: Loaded TP AndroidTargetPlatform
[2018.09.06-20.26.53:775][  0]LogTemp: Display: Loaded TP AndroidTargetPlatform
[2018.09.06-20.26.53:775][  0]LogTemp: Display: Loaded TP AndroidTargetPlatform
[2018.09.06-20.26.53:775][  0]LogTemp: Display: Loaded TP AndroidTargetPlatform
[2018.09.06-20.26.53:775][  0]LogTemp: Display: Loaded TP AndroidTargetPlatform
[2018.09.06-20.26.53:775][  0]LogTemp: Display: Loaded TP AndroidTargetPlatform
[2018.09.06-20.26.53:775][  0]LogTemp: Display: Loaded TP AndroidTargetPlatform
[2018.09.06-20.26.53:775][  0]LogTemp: Display: Loaded TP AndroidTargetPlatform
[2018.09.06-20.26.53:775][  0]LogTemp: Display: Loaded TP AndroidTargetPlatform
[2018.09.06-20.26.53:775][  0]LogTemp: Display: Loaded TP AndroidTargetPlatform
[2018.09.06-20.26.53:775][  0]LogTemp: Display: Loaded TP AndroidTargetPlatform
[2018.09.06-20.26.53:775][  0]LogTemp: Display: Loaded TP AndroidTargetPlatform
[2018.09.06-20.26.53:775][  0]LogTemp: Display: Loaded TP AndroidTargetPlatform
[2018.09.06-20.26.53:776][  0]LogTemp: Display: Loaded TP HTML5TargetPlatform
[2018.09.06-20.26.53:836][  0]LogTemp: Display: Loaded TP IOSTargetPlatform
[2018.09.06-20.26.53:836][  0]LogTemp: Display: Loaded TP IOSTargetPlatform
[2018.09.06-20.26.53:859][  0]LogTemp: Display: Loaded TP TVOSTargetPlatform
[2018.09.06-20.26.53:859][  0]LogTemp: Display: Loaded TP TVOSTargetPlatform
[2018.09.06-20.26.53:872][  0]LogTemp: Display: Loaded TP LinuxClientTargetPlatform
[2018.09.06-20.26.53:884][  0]LogTemp: Display: Loaded TP LinuxNoEditorTargetPlatform
[2018.09.06-20.26.53:896][  0]LogTemp: Display: Loaded TP LinuxServerTargetPlatform
[2018.09.06-20.26.53:908][  0]LogTemp: Display: Loaded TP LinuxTargetPlatform
[2018.09.06-20.26.53:917][  0]LogTemp: Display: Loaded TP LuminTargetPlatform
[2018.09.06-20.26.53:917][  0]LogTargetPlatformManager: Display: Building Assets For Windows
[2018.09.06-20.26.53:953][  0]LogXGEController: Cleaning working directory: C:/Users/User/AppData/Local/Temp/UnrealXGEWorkingDir/
[2018.09.06-20.26.53:953][  0]LogXGEController: Cannot use XGE Controller as Incredibuild is not installed on this machine.
[2018.09.06-20.26.53:953][  0]LogShaderCompilers: Cannot use XGE Shader Compiler as Incredibuild is not installed on this machine.
[2018.09.06-20.26.53:953][  0]LogShaderCompilers: Display: Using Local Shader Compiler.
[2018.09.06-20.26.54:610][  0]LogDerivedDataCache: Display: Max Cache Size: 512 MB
[2018.09.06-20.26.54:665][  0]LogDerivedDataCache: Loaded boot cache 0.05s 71MB C:/Users/User/AppData/Local/UnrealEngine/4.20/DerivedDataCache/Boot.ddc.
[2018.09.06-20.26.54:665][  0]LogDerivedDataCache: Display: Loaded Boot cache: C:/Users/User/AppData/Local/UnrealEngine/4.20/DerivedDataCache/Boot.ddc
[2018.09.06-20.26.54:665][  0]LogDerivedDataCache: FDerivedDataBackendGraph:  Pak pak cache file C:/Users/User/Documents/Unreal Projects/parkour_sys/DerivedDataCache/DDC.ddp not found, will not use a pak cache.
[2018.09.06-20.26.54:665][  0]LogDerivedDataCache: Unable to find inner node Pak for hierarchical cache Hierarchy.
[2018.09.06-20.26.54:665][  0]LogDerivedDataCache: FDerivedDataBackendGraph:  CompressedPak pak cache file C:/Users/User/Documents/Unreal Projects/parkour_sys/DerivedDataCache/Compressed.ddp not found, will not use a pak cache.
[2018.09.06-20.26.54:665][  0]LogDerivedDataCache: Unable to find inner node CompressedPak for hierarchical cache Hierarchy.
[2018.09.06-20.26.54:678][  0]LogDerivedDataCache: Display: Pak cache opened for reading ../../../Engine/DerivedDataCache/Compressed.ddp.
[2018.09.06-20.26.54:690][  0]LogDerivedDataCache: Using Local data cache path C:/Users/User/AppData/Local/UnrealEngine/Common/DerivedDataCache: Writable
[2018.09.06-20.26.54:690][  0]LogDerivedDataCache: Shared data cache path not found in *engine.ini, will not use an Shared cache.
[2018.09.06-20.26.54:690][  0]LogDerivedDataCache: Unable to find inner node Shared for hierarchical cache Hierarchy.
[2018.09.06-20.26.54:708][  0]LogMaterial: Verifying Global Shaders for PCD3D_SM5
[2018.09.06-20.26.54:710][  0]LogSlate: Using FreeType 2.6.0
[2018.09.06-20.26.54:710][  0]LogSlate: SlateFontServices - WITH_FREETYPE: 1, WITH_HARFBUZZ: 1
[2018.09.06-20.26.54:779][  0]LogAssetRegistry: FAssetRegistry took 0.0258 seconds to start up
[2018.09.06-20.26.55:079][  0]LogInit: Selected Device Profile: [Windows]
[2018.09.06-20.26.55:195][  0]LogSimplygon: Simplygon DLL not present - disabling.
[2018.09.06-20.26.55:198][  0]LogMeshReduction: Using SimplygonSwarm for distributed automatic mesh merging
[2018.09.06-20.26.55:198][  0]LogMeshReduction: Using ProxyLODMeshReduction for automatic mesh merging
[2018.09.06-20.26.55:198][  0]LogMeshReduction: Using QuadricMeshReduction for automatic static mesh reduction
[2018.09.06-20.26.55:198][  0]LogMeshReduction: No automatic skeletal mesh reduction module available
[2018.09.06-20.26.55:209][  0]LogNetVersion: parkour_sys 1.0.0, NetCL: 4212847, EngineNetVer: 5, GameNetVer: 0 (Checksum: 2775540849)
[2018.09.06-20.26.55:649][  0]LogPackageLocalizationCache: Processed 11 localized package path(s) for 2 prioritized culture(s) in 0.088533 seconds
[2018.09.06-20.26.55:654][  0]LogUObjectArray: 38425 objects as part of root set at end of initial load.
[2018.09.06-20.26.55:654][  0]LogUObjectAllocator: 6690872 out of 0 bytes used by permanent object pool.
[2018.09.06-20.26.55:654][  0]LogUObjectArray: CloseDisregardForGC: 0/0 objects in disregard for GC pool
[2018.09.06-20.26.56:397][  0]LogTcpMessaging: Initializing TcpMessaging bridge
[2018.09.06-20.26.56:410][  0]LogUdpMessaging: Initializing bridge on interface 0.0.0.0:0 to multicast group 230.0.0.1:6666.
[2018.09.06-20.26.56:539][  0]SourceControl: Source control is disabled
[2018.09.06-20.26.56:539][  0]SourceControl: Source control is disabled
[2018.09.06-20.26.56:540][  0]SourceControl: Source control is disabled
[2018.09.06-20.26.56:540][  0]SourceControl: Source control is disabled
[2018.09.06-20.26.56:687][  0]LogAndroidPermission: UAndroidPermissionCallbackProxy::GetInstance
[2018.09.06-20.26.56:736][  0]LogOcInput: OculusInput pre-init called
[2018.09.06-20.26.56:790][  0]LogEngine: Initializing Engine...
[2018.09.06-20.26.56:791][  0]LogHMD: Failed to initialize OpenVR with code 110
[2018.09.06-20.26.56:793][  0]LogStats: UGameplayTagsManager::ConstructGameplayTagTree: ImportINI prefixes -  0.000 s
[2018.09.06-20.26.56:793][  0]LogStats: UGameplayTagsManager::ConstructGameplayTagTree: Construct from data asset -  0.000 s
[2018.09.06-20.26.56:793][  0]LogStats: UGameplayTagsManager::ConstructGameplayTagTree: ImportINI -  0.000 s
[2018.09.06-20.26.56:793][  0]LogStats: UGameplayTagsManager::ConstructGameplayTagTree: GameplayTagTreeChangedEvent.Broadcast -  0.000 s
[2018.09.06-20.26.56:989][  0]LogInit: Initializing FReadOnlyCVARCache
[2018.09.06-20.26.56:998][  0]LogAIModule: Creating AISystem for world Untitled
[2018.09.06-20.26.57:007][  0]LogInit: XAudio2 using 'Динамики (Realtek High Definition Audio)' : 2 channels at 48 kHz using 32 bits per sample (channel mask 0x3)
[2018.09.06-20.26.57:024][  0]LogInit: FAudioDevice initialized.
[2018.09.06-20.26.57:024][  0]LogNetVersion: Set ProjectVersion to 1.0.0.0. Version Checksum will be recalculated on next use.
[2018.09.06-20.26.57:178][  0]LogDerivedDataCache: Saved boot cache 0.15s 71MB C:/Users/User/AppData/Local/UnrealEngine/4.20/DerivedDataCache/Boot.ddc.
[2018.09.06-20.26.57:190][  0]LogInit: Texture streaming: Enabled
[2018.09.06-20.26.57:200][  0]LogEngineSessionManager: EngineSessionManager initialized
[2018.09.06-20.26.57:213][  0]LogInit: Transaction tracking system initialized
[2018.09.06-20.26.57:227][  0]BlueprintLog: New page: Editor Load
[2018.09.06-20.26.57:274][  0]LocalizationService: Localization service is disabled
[2018.09.06-20.26.57:497][  0]LogCook: Display: Max memory allowance for cook 16384mb min free memory 0mb
[2018.09.06-20.26.57:497][  0]LogCook: Display: Mobile HDR setting 1
[2018.09.06-20.26.57:497][  0]LogGameplayTags: Display: UGameplayTagsManager::DoneAddingNativeTags. DelegateIsBound: 0
[2018.09.06-20.26.57:497][  0]LogStats: UGameplayTagsManager::ConstructGameplayTagTree: ImportINI prefixes -  0.000 s
[2018.09.06-20.26.57:497][  0]LogStats: UGameplayTagsManager::ConstructGameplayTagTree: Construct from data asset -  0.000 s
[2018.09.06-20.26.57:497][  0]LogStats: UGameplayTagsManager::ConstructGameplayTagTree: ImportINI -  0.000 s
[2018.09.06-20.26.57:497][  0]LogStats: UGameplayTagsManager::ConstructGameplayTagTree: GameplayTagTreeChangedEvent.Broadcast -  0.000 s
[2018.09.06-20.26.57:590][  0]LogFileCache: Scanning file cache for directory 'C:/Users/User/Documents/Unreal Projects/parkour_sys/Content/' took 0.01s
[2018.09.06-20.26.57:590][  0]SourceControl: Source control is disabled
[2018.09.06-20.26.57:591][  0]Cmd: MAP LOAD FILE="C:/Users/User/Documents/Unreal Projects/parkour_sys/Content/ThirdPersonBP/Maps/ThirdPersonExampleMap.umap" TEMPLATE=0 SHOWPROGRESS=1 FEATURELEVEL=3
[2018.09.06-20.26.57:591][  0]LightingResults: New page: Lighting Build
[2018.09.06-20.26.57:593][  0]MapCheck: New page: Map Check
[2018.09.06-20.26.57:593][  0]LightingResults: New page: Lighting Build
[2018.09.06-20.26.58:234][  0]LogAIModule: Creating AISystem for world ThirdPersonExampleMap
[2018.09.06-20.26.58:246][  0]LogEditorServer: Finished looking for orphan Actors (0.000 secs)
[2018.09.06-20.26.58:275][  0]Cmd: MAP CHECKDEP NOCLEARLOG
[2018.09.06-20.26.58:321][  0]MapCheck: Map check complete: 0 Error(s), 0 Warning(s), took 45,727ms to complete.
[2018.09.06-20.26.58:321][  0]LogFileHelpers: Loading map 'ThirdPersonExampleMap' took 0.731
[2018.09.06-20.26.58:415][  0]LogSlate: Updating window title bar state: overlay mode, drag disabled, window buttons hidden, title bar hidden
[2018.09.06-20.26.58:426][  0]LogSlate: Updating window title bar state: overlay mode, drag disabled, window buttons hidden, title bar hidden
[2018.09.06-20.26.58:435][  0]LogSlate: Updating window title bar state: overlay mode, drag disabled, window buttons hidden, title bar hidden
[2018.09.06-20.26.58:443][  0]LogSlate: Updating window title bar state: overlay mode, drag disabled, window buttons hidden, title bar hidden
[2018.09.06-20.26.58:450][  0]LogCollectionManager: Loaded 0 collections in 0.000806 seconds
[2018.09.06-20.26.58:488][  0]LogFileCache: Scanning file cache for directory 'C:/Users/User/Documents/Unreal Projects/parkour_sys/Saved/Collections/' took 0.01s
[2018.09.06-20.26.58:489][  0]LogFileCache: Scanning file cache for directory 'C:/Users/User/Documents/Unreal Projects/parkour_sys/Content/Developers/User/Collections/' took 0.01s
[2018.09.06-20.26.58:489][  0]LogFileCache: Scanning file cache for directory 'C:/Users/User/Documents/Unreal Projects/parkour_sys/Content/Collections/' took 0.01s
[2018.09.06-20.26.58:489][  0]LogCollectionManager: Rebuilt the GUID cache for 0 collections in 0.000000 seconds
[2018.09.06-20.26.58:497][  0]LogContentBrowser: Native class hierarchy populated in 0.0087 seconds. Added 2573 classes and 605 folders.
[2018.09.06-20.26.58:503][  0]LogContentBrowser: Native class hierarchy updated for 'WidgetCarousel' in 0.0002 seconds. Added 0 classes and 0 folders.
[2018.09.06-20.26.58:533][  0]LogContentBrowser: Native class hierarchy updated for 'AddContentDialog' in 0.0002 seconds. Added 0 classes and 0 folders.
[2018.09.06-20.26.58:548][  0]LogSlate: Took 0.000190 seconds to synchronously load lazily loaded font '../../../Engine/Content/Slate/Fonts/Roboto-Regular.ttf' (155K)
[2018.09.06-20.26.58:553][  0]LogSlate: Took 0.000181 seconds to synchronously load lazily loaded font '../../../Engine/Content/Slate/Fonts/Roboto-Bold.ttf' (160K)
[2018.09.06-20.26.58:555][  0]LogSlate: Took 0.000200 seconds to synchronously load lazily loaded font '../../../Engine/Content/Editor/Slate/Fonts/FontAwesome.ttf' (139K)
[2018.09.06-20.26.58:630][  0]LogRenderer: Reallocating scene render targets to support 1084x924 Format 9 NumSamples 1 (Frame:1).
[2018.09.06-20.26.58:722][  0]LogContentBrowser: Native class hierarchy updated for 'HierarchicalLODOutliner' in 0.0002 seconds. Added 0 classes and 0 folders.
[2018.09.06-20.26.58:722][  0]LogLoad: (Engine Initialization) Total time: 6.78 seconds
[2018.09.06-20.26.58:722][  0]LogLoad: (Engine Initialization) Total Blueprint compile time: 0.00 seconds
[2018.09.06-20.26.58:757][  0]LogContentStreaming: Texture pool size now 800 MB
[2018.09.06-20.26.58:811][  1]LogAssetRegistry: Asset discovery search completed in 4.0538 seconds
[2018.09.06-20.26.58:812][  1]LogCollectionManager: Rebuilt the object cache for 0 collections in 0.000001 seconds (found 0 objects)
[2018.09.06-20.26.58:812][  1]LogCollectionManager: Fixed up redirectors for 0 collections in 0.000049 seconds (updated 0 objects)
[2018.09.06-20.28.41:267][714]LogSlate: FSceneViewport::OnFocusLost() reason 0
[2018.09.06-20.29.14:945][670]LogSlate: Took 0.000218 seconds to synchronously load lazily loaded font '../../../Engine/Content/Slate/Fonts/Roboto-Light.ttf' (167K)
[2018.09.06-20.29.14:958][670]LogLinker: Warning: Can't find file '/Game/FirstPerson/FPWeapon/Materials/MaterialLayers/ML_GlossyBlack_Latex_UE4'
[2018.09.06-20.29.14:958][670]LogLinker: Warning: Can't find file for asset '/Game/FirstPerson/FPWeapon/Materials/MaterialLayers/ML_GlossyBlack_Latex_UE4' while loading C:/Users/User/Documents/Unreal Projects/parkour_sys/Content/ThirdPerson/Meshes/FirstPerson/FPWeapon/Materials/M_FPGun.uasset.
[2018.09.06-20.29.14:958][670]LoadErrors: Error: /Game/ThirdPerson/Meshes/FirstPerson/FPWeapon/Materials/M_FPGun : Can't find file for asset. /Game/FirstPerson/FPWeapon/Materials/MaterialLayers/ML_GlossyBlack_Latex_UE4
[2018.09.06-20.29.14:959][670]LogLinker: Warning: Can't find file '/Game/FirstPerson/FPWeapon/Materials/MaterialLayers/ML_Plastic_Shiny_Beige'
[2018.09.06-20.29.14:959][670]LogLinker: Warning: Can't find file for asset '/Game/FirstPerson/FPWeapon/Materials/MaterialLayers/ML_Plastic_Shiny_Beige' while loading C:/Users/User/Documents/Unreal Projects/parkour_sys/Content/ThirdPerson/Meshes/FirstPerson/FPWeapon/Materials/M_FPGun.uasset.
[2018.09.06-20.29.14:959][670]LoadErrors: Error: /Game/ThirdPerson/Meshes/FirstPerson/FPWeapon/Materials/M_FPGun : Can't find file for asset. /Game/FirstPerson/FPWeapon/Materials/MaterialLayers/ML_Plastic_Shiny_Beige
[2018.09.06-20.29.14:959][670]LogLinker: Warning: Can't find file '/Game/FirstPerson/FPWeapon/Materials/MaterialLayers/ML_Screen'
[2018.09.06-20.29.14:959][670]LogLinker: Warning: Can't find file for asset '/Game/FirstPerson/FPWeapon/Materials/MaterialLayers/ML_Screen' while loading C:/Users/User/Documents/Unreal Projects/parkour_sys/Content/ThirdPerson/Meshes/FirstPerson/FPWeapon/Materials/M_FPGun.uasset.
[2018.09.06-20.29.14:959][670]LoadErrors: Error: /Game/ThirdPerson/Meshes/FirstPerson/FPWeapon/Materials/M_FPGun : Can't find file for asset. /Game/FirstPerson/FPWeapon/Materials/MaterialLayers/ML_Screen
[2018.09.06-20.29.14:959][670]LogLinker: Warning: Can't find file '/Game/FirstPerson/FPWeapon/Materials/MaterialLayers/ML_SoftMetal_UE4'
[2018.09.06-20.29.14:959][670]LogLinker: Warning: Can't find file for asset '/Game/FirstPerson/FPWeapon/Materials/MaterialLayers/ML_SoftMetal_UE4' while loading C:/Users/User/Documents/Unreal Projects/parkour_sys/Content/ThirdPerson/Meshes/FirstPerson/FPWeapon/Materials/M_FPGun.uasset.
[2018.09.06-20.29.14:959][670]LoadErrors: Error: /Game/ThirdPerson/Meshes/FirstPerson/FPWeapon/Materials/M_FPGun : Can't find file for asset. /Game/FirstPerson/FPWeapon/Materials/MaterialLayers/ML_SoftMetal_UE4
[2018.09.06-20.29.14:960][670]LogLinker: Warning: Can't find file '/Game/FirstPerson/FPWeapon/Materials/MaterialLayers/ML_GlossyBlack_Latex_UE4'
[2018.09.06-20.29.14:960][670]LogLinker: Warning: Can't find file for asset '/Game/FirstPerson/FPWeapon/Materials/MaterialLayers/ML_GlossyBlack_Latex_UE4' while loading C:/Users/User/Documents/Unreal Projects/parkour_sys/Content/ThirdPerson/Meshes/FirstPerson/FPWeapon/Materials/M_FPGun.uasset.
[2018.09.06-20.29.14:960][670]LogLinker: Warning: Can't find file '/Game/FirstPerson/FPWeapon/Materials/MaterialLayers/ML_Plastic_Shiny_Beige'
[2018.09.06-20.29.14:960][670]LogLinker: Warning: Can't find file for asset '/Game/FirstPerson/FPWeapon/Materials/MaterialLayers/ML_Plastic_Shiny_Beige' while loading C:/Users/User/Documents/Unreal Projects/parkour_sys/Content/ThirdPerson/Meshes/FirstPerson/FPWeapon/Materials/M_FPGun.uasset.
[2018.09.06-20.29.14:960][670]LogLinker: Warning: Can't find file '/Game/FirstPerson/FPWeapon/Materials/MaterialLayers/ML_Screen'
[2018.09.06-20.29.14:960][670]LogLinker: Warning: Can't find file for asset '/Game/FirstPerson/FPWeapon/Materials/MaterialLayers/ML_Screen' while loading C:/Users/User/Documents/Unreal Projects/parkour_sys/Content/ThirdPerson/Meshes/FirstPerson/FPWeapon/Materials/M_FPGun.uasset.
[2018.09.06-20.29.14:961][670]LogLinker: Warning: Can't find file '/Game/FirstPerson/FPWeapon/Materials/MaterialLayers/ML_SoftMetal_UE4'
[2018.09.06-20.29.14:961][670]LogLinker: Warning: Can't find file for asset '/Game/FirstPerson/FPWeapon/Materials/MaterialLayers/ML_SoftMetal_UE4' while loading C:/Users/User/Documents/Unreal Projects/parkour_sys/Content/ThirdPerson/Meshes/FirstPerson/FPWeapon/Materials/M_FPGun.uasset.
[2018.09.06-20.29.14:961][670]LogLinker: Warning: Can't find file '/Game/FirstPerson/FPWeapon/Textures/T_FPGun_M'
[2018.09.06-20.29.14:961][670]LogLinker: Warning: Can't find file for asset '/Game/FirstPerson/FPWeapon/Textures/T_FPGun_M' while loading C:/Users/User/Documents/Unreal Projects/parkour_sys/Content/ThirdPerson/Meshes/FirstPerson/FPWeapon/Materials/M_FPGun.uasset.
[2018.09.06-20.29.14:961][670]LoadErrors: Error: /Game/ThirdPerson/Meshes/FirstPerson/FPWeapon/Materials/M_FPGun : Can't find file for asset. /Game/FirstPerson/FPWeapon/Textures/T_FPGun_M
[2018.09.06-20.29.14:961][670]LogLinker: Warning: Can't find file '/Game/FirstPerson/FPWeapon/Textures/T_FPGun_N'
[2018.09.06-20.29.14:961][670]LogLinker: Warning: Can't find file for asset '/Game/FirstPerson/FPWeapon/Textures/T_FPGun_N' while loading C:/Users/User/Documents/Unreal Projects/parkour_sys/Content/ThirdPerson/Meshes/FirstPerson/FPWeapon/Materials/M_FPGun.uasset.
[2018.09.06-20.29.14:961][670]LoadErrors: Error: /Game/ThirdPerson/Meshes/FirstPerson/FPWeapon/Materials/M_FPGun : Can't find file for asset. /Game/FirstPerson/FPWeapon/Textures/T_FPGun_N
[2018.09.06-20.29.14:961][670]LogLinker: Warning: Can't find file '/Game/FirstPerson/FPWeapon/Textures/T_FPGun_M'
[2018.09.06-20.29.14:961][670]LogLinker: Warning: Can't find file for asset '/Game/FirstPerson/FPWeapon/Textures/T_FPGun_M' while loading C:/Users/User/Documents/Unreal Projects/parkour_sys/Content/ThirdPerson/Meshes/FirstPerson/FPWeapon/Materials/M_FPGun.uasset.
[2018.09.06-20.29.14:962][670]LogLinker: Warning: Can't find file '/Game/FirstPerson/FPWeapon/Textures/T_FPGun_N'
[2018.09.06-20.29.14:962][670]LogLinker: Warning: Can't find file for asset '/Game/FirstPerson/FPWeapon/Textures/T_FPGun_N' while loading C:/Users/User/Documents/Unreal Projects/parkour_sys/Content/ThirdPerson/Meshes/FirstPerson/FPWeapon/Materials/M_FPGun.uasset.
[2018.09.06-20.29.14:962][670]LogLinker: Warning: Can't find file '/Game/FirstPerson/FPWeapon/Materials/MaterialLayers/ML_SoftMetal_UE4'
[2018.09.06-20.29.14:963][670]LoadErrors: Failed to load /Game/FirstPerson/FPWeapon/Materials/MaterialLayers/ML_SoftMetal_UE4.ML_SoftMetal_UE4 Referenced by M_FPGun
[2018.09.06-20.29.14:963][670]LogLinker: Warning: Can't find file for asset '/Game/FirstPerson/FPWeapon/Materials/MaterialLayers/ML_SoftMetal_UE4' while loading NULL.
[2018.09.06-20.29.14:963][670]LogLinker: Warning: Can't find file '/Game/FirstPerson/FPWeapon/Materials/MaterialLayers/ML_GlossyBlack_Latex_UE4'
[2018.09.06-20.29.14:963][670]LoadErrors: Failed to load /Game/FirstPerson/FPWeapon/Materials/MaterialLayers/ML_GlossyBlack_Latex_UE4.ML_GlossyBlack_Latex_UE4 Referenced by M_FPGun
[2018.09.06-20.29.14:963][670]LogLinker: Warning: Can't find file for asset '/Game/FirstPerson/FPWeapon/Materials/MaterialLayers/ML_GlossyBlack_Latex_UE4' while loading NULL.
[2018.09.06-20.29.14:963][670]LogLinker: Warning: Can't find file '/Game/FirstPerson/FPWeapon/Materials/MaterialLayers/ML_Plastic_Shiny_Beige'
[2018.09.06-20.29.14:963][670]LoadErrors: Failed to load /Game/FirstPerson/FPWeapon/Materials/MaterialLayers/ML_Plastic_Shiny_Beige.ML_Plastic_Shiny_Beige Referenced by M_FPGun
[2018.09.06-20.29.14:963][670]LogLinker: Warning: Can't find file for asset '/Game/FirstPerson/FPWeapon/Materials/MaterialLayers/ML_Plastic_Shiny_Beige' while loading NULL.
[2018.09.06-20.29.14:963][670]LogLinker: Warning: Can't find file '/Game/FirstPerson/FPWeapon/Materials/MaterialLayers/ML_Screen'
[2018.09.06-20.29.14:963][670]LoadErrors: Failed to load /Game/FirstPerson/FPWeapon/Materials/MaterialLayers/ML_Screen.ML_Screen Referenced by M_FPGun
[2018.09.06-20.29.14:964][670]LogLinker: Warning: Can't find file for asset '/Game/FirstPerson/FPWeapon/Materials/MaterialLayers/ML_Screen' while loading NULL.
[2018.09.06-20.29.14:964][670]LogLinker: Warning: Can't find file '/Game/FirstPerson/FPWeapon/Materials/MaterialLayers/ML_Plastic_Shiny_Beige'
[2018.09.06-20.29.14:964][670]LoadErrors: Failed to load /Game/FirstPerson/FPWeapon/Materials/MaterialLayers/ML_Plastic_Shiny_Beige.ML_Plastic_Shiny_Beige Referenced by MaterialExpressionMaterialFunctionCall_13
[2018.09.06-20.29.14:964][670]LogLinker: Warning: Can't find file for asset '/Game/FirstPerson/FPWeapon/Materials/MaterialLayers/ML_Plastic_Shiny_Beige' while loading NULL.
[2018.09.06-20.29.14:964][670]LogLinker: Warning: Can't find file '/Game/FirstPerson/FPWeapon/Materials/MaterialLayers/ML_Screen'
[2018.09.06-20.29.14:964][670]LoadErrors: Failed to load /Game/FirstPerson/FPWeapon/Materials/MaterialLayers/ML_Screen.ML_Screen Referenced by MaterialExpressionMaterialFunctionCall_4
[2018.09.06-20.29.14:964][670]LogLinker: Warning: Can't find file for asset '/Game/FirstPerson/FPWeapon/Materials/MaterialLayers/ML_Screen' while loading NULL.
[2018.09.06-20.29.14:965][670]LogLinker: Warning: Can't find file '/Game/FirstPerson/FPWeapon/Materials/MaterialLayers/ML_SoftMetal_UE4'
[2018.09.06-20.29.14:965][670]LoadErrors: Failed to load /Game/FirstPerson/FPWeapon/Materials/MaterialLayers/ML_SoftMetal_UE4.ML_SoftMetal_UE4 Referenced by MaterialExpressionMaterialFunctionCall_8
[2018.09.06-20.29.14:965][670]LogLinker: Warning: Can't find file for asset '/Game/FirstPerson/FPWeapon/Materials/MaterialLayers/ML_SoftMetal_UE4' while loading NULL.
[2018.09.06-20.29.14:965][670]LogLinker: Warning: Can't find file '/Game/FirstPerson/FPWeapon/Materials/MaterialLayers/ML_GlossyBlack_Latex_UE4'
[2018.09.06-20.29.14:965][670]LoadErrors: Failed to load /Game/FirstPerson/FPWeapon/Materials/MaterialLayers/ML_GlossyBlack_Latex_UE4.ML_GlossyBlack_Latex_UE4 Referenced by MaterialExpressionMaterialFunctionCall_9
[2018.09.06-20.29.14:965][670]LogLinker: Warning: Can't find file for asset '/Game/FirstPerson/FPWeapon/Materials/MaterialLayers/ML_GlossyBlack_Latex_UE4' while loading NULL.
[2018.09.06-20.29.14:965][670]LogLinker: Warning: Can't find file '/Game/FirstPerson/FPWeapon/Textures/T_FPGun_N'
[2018.09.06-20.29.14:965][670]LoadErrors: Failed to load /Game/FirstPerson/FPWeapon/Textures/T_FPGun_N.T_FPGun_N Referenced by MaterialExpressionTextureSampleParameter2D_2
[2018.09.06-20.29.14:965][670]LogLinker: Warning: Can't find file for asset '/Game/FirstPerson/FPWeapon/Textures/T_FPGun_N' while loading NULL.
[2018.09.06-20.29.14:966][670]LogLinker: Warning: Can't find file '/Game/FirstPerson/FPWeapon/Textures/T_FPGun_M'
[2018.09.06-20.29.14:966][670]LoadErrors: Failed to load /Game/FirstPerson/FPWeapon/Textures/T_FPGun_M.T_FPGun_M Referenced by MaterialExpressionTextureSampleParameter2D_3
[2018.09.06-20.29.14:966][670]LogLinker: Warning: Can't find file for asset '/Game/FirstPerson/FPWeapon/Textures/T_FPGun_M' while loading NULL.
[2018.09.06-20.29.14:968][670]LogMaterial: Display: Missing cached shader map for material M_FPGun, compiling. 
[2018.09.06-20.29.14:971][670]LogMaterial: Warning: C:\Users\User\Documents\Unreal Projects\parkour_sys\Content\ThirdPerson\Meshes\FirstPerson\FPWeapon\Materials\M_FPGun.uasset: Failed to compile Material for platform PCD3D_SM5, Default Material will be used in game.
[2018.09.06-20.29.14:971][670]LogMaterial: 	Missing Material Function
[2018.09.06-20.29.14:971][670]LogMaterial: 	(Node TextureSampleParameter2D) Param2D> Requires Texture2D
[2018.09.06-20.29.14:971][670]LogMaterial: 	Function MatLayerBlend_NormalBlend: (Node MakeMaterialAttributes) Error on property Normal
[2018.09.06-20.29.14:971][670]LogMaterial: 	Function MatLayerBlend_Simple: (Node MakeMaterialAttributes) Error on property EmissiveColor
[2018.09.06-20.29.14:971][670]LogMaterial: 	Function MatLayerBlend_Simple: (Node MakeMaterialAttributes) Error on property BaseColor
[2018.09.06-20.29.14:971][670]LogMaterial: 	Function MatLayerBlend_Simple: (Node MakeMaterialAttributes) Error on property Metallic
[2018.09.06-20.29.14:971][670]LogMaterial: 	Function MatLayerBlend_Simple: (Node MakeMaterialAttributes) Error on property Roughness
[2018.09.06-20.29.14:973][670]LogLinker: Warning: Can't find file '/Game/FirstPerson/FPWeapon/Materials/MaterialLayers/T_ML_Rubber_Blue_01_D'
[2018.09.06-20.29.14:973][670]LogLinker: Warning: Can't find file for asset '/Game/FirstPerson/FPWeapon/Materials/MaterialLayers/T_ML_Rubber_Blue_01_D' while loading C:/Users/User/Documents/Unreal Projects/parkour_sys/Content/ThirdPerson/Meshes/FirstPerson/FPWeapon/Materials/MaterialLayers/ML_GlossyBlack_Latex_UE4.uasset.
[2018.09.06-20.29.14:973][670]LoadErrors: Error: /Game/ThirdPerson/Meshes/FirstPerson/FPWeapon/Materials/MaterialLayers/ML_GlossyBlack_Latex_UE4 : Can't find file for asset. /Game/FirstPerson/FPWeapon/Materials/MaterialLayers/T_ML_Rubber_Blue_01_D
[2018.09.06-20.29.14:973][670]LogLinker: Warning: Can't find file '/Game/FirstPerson/FPWeapon/Materials/MaterialLayers/T_ML_Rubber_Blue_01_N'
[2018.09.06-20.29.14:973][670]LogLinker: Warning: Can't find file for asset '/Game/FirstPerson/FPWeapon/Materials/MaterialLayers/T_ML_Rubber_Blue_01_N' while loading C:/Users/User/Documents/Unreal Projects/parkour_sys/Content/ThirdPerson/Meshes/FirstPerson/FPWeapon/Materials/MaterialLayers/ML_GlossyBlack_Latex_UE4.uasset.
[2018.09.06-20.29.14:973][670]LoadErrors: Error: /Game/ThirdPerson/Meshes/FirstPerson/FPWeapon/Materials/MaterialLayers/ML_GlossyBlack_Latex_UE4 : Can't find file for asset. /Game/FirstPerson/FPWeapon/Materials/MaterialLayers/T_ML_Rubber_Blue_01_N
[2018.09.06-20.29.14:973][670]LogLinker: Warning: Can't find file '/Game/FirstPerson/FPWeapon/Materials/MaterialLayers/T_ML_Rubber_Blue_01_D'
[2018.09.06-20.29.14:973][670]LogLinker: Warning: Can't find file for asset '/Game/FirstPerson/FPWeapon/Materials/MaterialLayers/T_ML_Rubber_Blue_01_D' while loading C:/Users/User/Documents/Unreal Projects/parkour_sys/Content/ThirdPerson/Meshes/FirstPerson/FPWeapon/Materials/MaterialLayers/ML_GlossyBlack_Latex_UE4.uasset.
[2018.09.06-20.29.14:973][670]LogLinker: Warning: Can't find file '/Game/FirstPerson/FPWeapon/Materials/MaterialLayers/T_ML_Rubber_Blue_01_N'
[2018.09.06-20.29.14:974][670]LogLinker: Warning: Can't find file for asset '/Game/FirstPerson/FPWeapon/Materials/MaterialLayers/T_ML_Rubber_Blue_01_N' while loading C:/Users/User/Documents/Unreal Projects/parkour_sys/Content/ThirdPerson/Meshes/FirstPerson/FPWeapon/Materials/MaterialLayers/ML_GlossyBlack_Latex_UE4.uasset.
[2018.09.06-20.29.14:975][670]LogLinker: Warning: Can't find file '/Game/FirstPerson/FPWeapon/Materials/MaterialLayers/T_ML_Rubber_Blue_01_N'
[2018.09.06-20.29.14:975][670]LoadErrors: Failed to load /Game/FirstPerson/FPWeapon/Materials/MaterialLayers/T_ML_Rubber_Blue_01_N.T_ML_Rubber_Blue_01_N Referenced by MaterialExpressionTextureSample_10
[2018.09.06-20.29.14:975][670]LogLinker: Warning: Can't find file for asset '/Game/FirstPerson/FPWeapon/Materials/MaterialLayers/T_ML_Rubber_Blue_01_N' while loading NULL.
[2018.09.06-20.29.14:975][670]LogLinker: Warning: Can't find file '/Game/FirstPerson/FPWeapon/Materials/MaterialLayers/T_ML_Rubber_Blue_01_D'
[2018.09.06-20.29.14:975][670]LoadErrors: Failed to load /Game/FirstPerson/FPWeapon/Materials/MaterialLayers/T_ML_Rubber_Blue_01_D.T_ML_Rubber_Blue_01_D Referenced by MaterialExpressionTextureSample_9
[2018.09.06-20.29.14:975][670]LogLinker: Warning: Can't find file for asset '/Game/FirstPerson/FPWeapon/Materials/MaterialLayers/T_ML_Rubber_Blue_01_D' while loading NULL.
[2018.09.06-20.29.14:980][670]LogLinker: Warning: Can't find file '/Game/FirstPerson/FPWeapon/Materials/MaterialLayers/T_ML_Aluminum01'
[2018.09.06-20.29.14:980][670]LogLinker: Warning: Can't find file for asset '/Game/FirstPerson/FPWeapon/Materials/MaterialLayers/T_ML_Aluminum01' while loading C:/Users/User/Documents/Unreal Projects/parkour_sys/Content/ThirdPerson/Meshes/FirstPerson/FPWeapon/Materials/MaterialLayers/ML_SoftMetal_UE4.uasset.
[2018.09.06-20.29.14:981][670]LoadErrors: Error: /Game/ThirdPerson/Meshes/FirstPerson/FPWeapon/Materials/MaterialLayers/ML_SoftMetal_UE4 : Can't find file for asset. /Game/FirstPerson/FPWeapon/Materials/MaterialLayers/T_ML_Aluminum01
[2018.09.06-20.29.14:981][670]LogLinker: Warning: Can't find file '/Game/FirstPerson/FPWeapon/Materials/MaterialLayers/T_ML_Aluminum01_N'
[2018.09.06-20.29.14:981][670]LogLinker: Warning: Can't find file for asset '/Game/FirstPerson/FPWeapon/Materials/MaterialLayers/T_ML_Aluminum01_N' while loading C:/Users/User/Documents/Unreal Projects/parkour_sys/Content/ThirdPerson/Meshes/FirstPerson/FPWeapon/Materials/MaterialLayers/ML_SoftMetal_UE4.uasset.
[2018.09.06-20.29.14:981][670]LoadErrors: Error: /Game/ThirdPerson/Meshes/FirstPerson/FPWeapon/Materials/MaterialLayers/ML_SoftMetal_UE4 : Can't find file for asset. /Game/FirstPerson/FPWeapon/Materials/MaterialLayers/T_ML_Aluminum01_N
[2018.09.06-20.29.14:981][670]LogLinker: Warning: Can't find file '/Game/FirstPerson/FPWeapon/Materials/MaterialLayers/T_ML_Aluminum01'
[2018.09.06-20.29.14:981][670]LogLinker: Warning: Can't find file for asset '/Game/FirstPerson/FPWeapon/Materials/MaterialLayers/T_ML_Aluminum01' while loading C:/Users/User/Documents/Unreal Projects/parkour_sys/Content/ThirdPerson/Meshes/FirstPerson/FPWeapon/Materials/MaterialLayers/ML_SoftMetal_UE4.uasset.
[2018.09.06-20.29.14:981][670]LogLinker: Warning: Can't find file '/Game/FirstPerson/FPWeapon/Materials/MaterialLayers/T_ML_Aluminum01_N'
[2018.09.06-20.29.14:981][670]LogLinker: Warning: Can't find file for asset '/Game/FirstPerson/FPWeapon/Materials/MaterialLayers/T_ML_Aluminum01_N' while loading C:/Users/User/Documents/Unreal Projects/parkour_sys/Content/ThirdPerson/Meshes/FirstPerson/FPWeapon/Materials/MaterialLayers/ML_SoftMetal_UE4.uasset.
[2018.09.06-20.29.14:982][670]LogLinker: Warning: Can't find file '/Game/FirstPerson/FPWeapon/Materials/MaterialLayers/T_ML_Aluminum01'
[2018.09.06-20.29.14:982][670]LoadErrors: Failed to load /Game/FirstPerson/FPWeapon/Materials/MaterialLayers/T_ML_Aluminum01.T_ML_Aluminum01 Referenced by MaterialExpressionTextureSample_7
[2018.09.06-20.29.14:982][670]LogLinker: Warning: Can't find file for asset '/Game/FirstPerson/FPWeapon/Materials/MaterialLayers/T_ML_Aluminum01' while loading NULL.
[2018.09.06-20.29.14:983][670]LogLinker: Warning: Can't find file '/Game/FirstPerson/FPWeapon/Materials/MaterialLayers/T_ML_Aluminum01_N'
[2018.09.06-20.29.14:983][670]LoadErrors: Failed to load /Game/FirstPerson/FPWeapon/Materials/MaterialLayers/T_ML_Aluminum01_N.T_ML_Aluminum01_N Referenced by MaterialExpressionTextureSample_8
[2018.09.06-20.29.14:983][670]LogLinker: Warning: Can't find file for asset '/Game/FirstPerson/FPWeapon/Materials/MaterialLayers/T_ML_Aluminum01_N' while loading NULL.
[2018.09.06-20.29.14:993][670]LogLinker: Warning: Can't find file '/Game/FirstPerson/FPWeapon/Materials/M_FPGun'
[2018.09.06-20.29.14:994][670]LogLinker: Warning: Can't find file for asset '/Game/FirstPerson/FPWeapon/Materials/M_FPGun' while loading C:/Users/User/Documents/Unreal Projects/parkour_sys/Content/ThirdPerson/Meshes/FirstPerson/FPWeapon/Mesh/SK_FPGun.uasset.
[2018.09.06-20.29.14:994][670]LoadErrors: Error: /Game/ThirdPerson/Meshes/FirstPerson/FPWeapon/Mesh/SK_FPGun : Can't find file for asset. /Game/FirstPerson/FPWeapon/Materials/M_FPGun
[2018.09.06-20.29.14:994][670]LogLinker: Warning: Can't find file '/Game/FirstPerson/FPWeapon/Materials/M_FPGun'
[2018.09.06-20.29.14:994][670]LogLinker: Warning: Can't find file for asset '/Game/FirstPerson/FPWeapon/Materials/M_FPGun' while loading C:/Users/User/Documents/Unreal Projects/parkour_sys/Content/ThirdPerson/Meshes/FirstPerson/FPWeapon/Mesh/SK_FPGun.uasset.
[2018.09.06-20.29.14:994][670]LogLinker: Warning: Can't find file '/Game/FirstPerson/FPWeapon/Mesh/SK_FPGun_Skeleton'
[2018.09.06-20.29.14:994][670]LogLinker: Warning: Can't find file for asset '/Game/FirstPerson/FPWeapon/Mesh/SK_FPGun_Skeleton' while loading C:/Users/User/Documents/Unreal Projects/parkour_sys/Content/ThirdPerson/Meshes/FirstPerson/FPWeapon/Mesh/SK_FPGun.uasset.
[2018.09.06-20.29.14:994][670]LoadErrors: Error: /Game/ThirdPerson/Meshes/FirstPerson/FPWeapon/Mesh/SK_FPGun : Can't find file for asset. /Game/FirstPerson/FPWeapon/Mesh/SK_FPGun_Skeleton
[2018.09.06-20.29.14:994][670]LogLinker: Warning: Can't find file '/Game/FirstPerson/FPWeapon/Mesh/SK_FPGun_Skeleton'
[2018.09.06-20.29.14:994][670]LogLinker: Warning: Can't find file for asset '/Game/FirstPerson/FPWeapon/Mesh/SK_FPGun_Skeleton' while loading C:/Users/User/Documents/Unreal Projects/parkour_sys/Content/ThirdPerson/Meshes/FirstPerson/FPWeapon/Mesh/SK_FPGun.uasset.
[2018.09.06-20.29.14:995][670]LogLinker: Warning: Can't find file '/Game/FirstPerson/FPWeapon/Mesh/SK_FPGun_Skeleton'
[2018.09.06-20.29.14:995][670]LoadErrors: Failed to load /Game/FirstPerson/FPWeapon/Mesh/SK_FPGun_Skeleton.SK_FPGun_Skeleton Referenced by SK_FPGun
[2018.09.06-20.29.14:995][670]LogLinker: Warning: Can't find file for asset '/Game/FirstPerson/FPWeapon/Mesh/SK_FPGun_Skeleton' while loading NULL.
[2018.09.06-20.29.14:996][670]LogLinker: Warning: Can't find file '/Game/FirstPerson/FPWeapon/Materials/M_FPGun'
[2018.09.06-20.29.14:996][670]LoadErrors: Failed to load /Game/FirstPerson/FPWeapon/Materials/M_FPGun.M_FPGun Referenced by SK_FPGun
[2018.09.06-20.29.14:996][670]LogLinker: Warning: Can't find file for asset '/Game/FirstPerson/FPWeapon/Materials/M_FPGun' while loading NULL.
[2018.09.06-20.29.15:005][670]LogSkeletalMesh: Building Skeletal Mesh SK_FPGun...
[2018.09.06-20.29.15:020][670]LogSkeletalMesh: Built Skeletal Mesh [0.02s] /Game/ThirdPerson/Meshes/FirstPerson/FPWeapon/Mesh/SK_FPGun.SK_FPGun
[2018.09.06-20.29.15:212][670]LogSavePackage: Moving 'C:/Users/User/Documents/Unreal Projects/parkour_sys/Saved/M_FPGun36C8B71D4049E6C1E7B802A2754A3327.tmp' to 'C:/Users/User/Documents/Unreal Projects/parkour_sys/Content/ThirdPerson/Meshes/FPWeapon/Materials/M_FPGun.uasset'
[2018.09.06-20.29.15:228][670]LogMaterial: Display: Missing cached shader map for material Material_0, compiling. 
[2018.09.06-20.29.15:229][670]LogMaterial: Warning: /Engine/Transient.Material_0 (no disk path found): Failed to compile Material for platform PCD3D_SM5, Default Material will be used in game.
[2018.09.06-20.29.15:229][670]LogMaterial: 	(Node TextureSample) Texture Sample> Missing input texture
[2018.09.06-20.29.15:229][670]LogMaterial: 	(Node MakeMaterialAttributes) Error on property Normal
[2018.09.06-20.29.15:229][670]LogMaterial: 	(Node MakeMaterialAttributes) Error on property BaseColor
[2018.09.06-20.29.15:229][670]LogMaterial: 	(Node MakeMaterialAttributes) Error on property Roughness
[2018.09.06-20.29.15:264][670]LogSavePackage: Moving 'C:/Users/User/Documents/Unreal Projects/parkour_sys/Saved/ML_GlossyBlack_Latex_UE401E2CEF9421B48A221D2D3B7F5646A49.tmp' to 'C:/Users/User/Documents/Unreal Projects/parkour_sys/Content/ThirdPerson/Meshes/FPWeapon/Materials/MaterialLayers/ML_GlossyBlack_Latex_UE4.uasset'
[2018.09.06-20.29.15:272][670]LogMaterial: Display: Missing cached shader map for material Material_1, compiling. 
[2018.09.06-20.29.15:347][670]LogShaderCompilers: Display: Shaders left to compile 44
[2018.09.06-20.29.15:347][670]LogShaderCompilers: Display: Shaders left to compile 34
[2018.09.06-20.29.15:347][670]LogShaderCompilers: Display: Shaders left to compile 24
[2018.09.06-20.29.15:367][670]LogSavePackage: Moving 'C:/Users/User/Documents/Unreal Projects/parkour_sys/Saved/ML_Plastic_Shiny_BeigeB86D923E44BC7F2E6BF0079D53F487EC.tmp' to 'C:/Users/User/Documents/Unreal Projects/parkour_sys/Content/ThirdPerson/Meshes/FPWeapon/Materials/MaterialLayers/ML_Plastic_Shiny_Beige.uasset'
[2018.09.06-20.29.15:377][670]LogMaterial: Display: Missing cached shader map for material Material_2, compiling. 
[2018.09.06-20.29.15:444][670]LogSavePackage: Moving 'C:/Users/User/Documents/Unreal Projects/parkour_sys/Saved/ML_ScreenF63BF522480C7931A9281EB079C5AFC7.tmp' to 'C:/Users/User/Documents/Unreal Projects/parkour_sys/Content/ThirdPerson/Meshes/FPWeapon/Materials/MaterialLayers/ML_Screen.uasset'
[2018.09.06-20.29.15:453][670]LogMaterial: Display: Missing cached shader map for material Material_3, compiling. 
[2018.09.06-20.29.15:453][670]LogMaterial: Warning: /Engine/Transient.Material_3 (no disk path found): Failed to compile Material for platform PCD3D_SM5, Default Material will be used in game.
[2018.09.06-20.29.15:453][670]LogMaterial: 	(Node TextureSample) Texture Sample> Missing input texture
[2018.09.06-20.29.15:453][670]LogMaterial: 	(Node MakeMaterialAttributes) Error on property Normal
[2018.09.06-20.29.15:453][670]LogMaterial: 	(Node MakeMaterialAttributes) Error on property BaseColor
[2018.09.06-20.29.15:453][670]LogMaterial: 	(Node MakeMaterialAttributes) Error on property Roughness
[2018.09.06-20.29.15:565][670]LogSavePackage: Moving 'C:/Users/User/Documents/Unreal Projects/parkour_sys/Saved/ML_SoftMetal_UE456F518C648CE63DEB2A01DBA1CBA03B1.tmp' to 'C:/Users/User/Documents/Unreal Projects/parkour_sys/Content/ThirdPerson/Meshes/FPWeapon/Materials/MaterialLayers/ML_SoftMetal_UE4.uasset'
[2018.09.06-20.29.15:699][670]LogSavePackage: Moving 'C:/Users/User/Documents/Unreal Projects/parkour_sys/Saved/T_ML_Aluminum01CB08C46643205DEF9ACEC1B5DEB1D4F0.tmp' to 'C:/Users/User/Documents/Unreal Projects/parkour_sys/Content/ThirdPerson/Meshes/FPWeapon/Materials/MaterialLayers/T_ML_Aluminum01.uasset'
[2018.09.06-20.29.15:774][670]LogSavePackage: Moving 'C:/Users/User/Documents/Unreal Projects/parkour_sys/Saved/T_ML_Aluminum01_NF6177D404F9B4DADADA35DA3A69F7263.tmp' to 'C:/Users/User/Documents/Unreal Projects/parkour_sys/Content/ThirdPerson/Meshes/FPWeapon/Materials/MaterialLayers/T_ML_Aluminum01_N.uasset'
[2018.09.06-20.29.15:958][670]LogSavePackage: Moving 'C:/Users/User/Documents/Unreal Projects/parkour_sys/Saved/T_ML_Rubber_Blue_01_DBD509835483ACF9EF94CDCBA0D142912.tmp' to 'C:/Users/User/Documents/Unreal Projects/parkour_sys/Content/ThirdPerson/Meshes/FPWeapon/Materials/MaterialLayers/T_ML_Rubber_Blue_01_D.uasset'
[2018.09.06-20.29.16:039][670]LogSavePackage: Moving 'C:/Users/User/Documents/Unreal Projects/parkour_sys/Saved/T_ML_Rubber_Blue_01_N78F89ABE4835A1EFAEE00099BB92F5AB.tmp' to 'C:/Users/User/Documents/Unreal Projects/parkour_sys/Content/ThirdPerson/Meshes/FPWeapon/Materials/MaterialLayers/T_ML_Rubber_Blue_01_N.uasset'
[2018.09.06-20.29.16:048][670]LogAnimation: Warning: SkeletalMesh SK_FPGun has no skeleton. This needs to fixed before an animation can be set
[2018.09.06-20.29.16:091][670]LogSavePackage: Moving 'C:/Users/User/Documents/Unreal Projects/parkour_sys/Saved/SK_FPGunCADE74F14FEB836169C0EB91F4D2470F.tmp' to 'C:/Users/User/Documents/Unreal Projects/parkour_sys/Content/ThirdPerson/Meshes/FPWeapon/Mesh/SK_FPGun.uasset'
[2018.09.06-20.29.16:103][670]LogSavePackage: Moving 'C:/Users/User/Documents/Unreal Projects/parkour_sys/Saved/SK_FPGun_SkeletonD590722B45FB77728E4467AB0238E10B.tmp' to 'C:/Users/User/Documents/Unreal Projects/parkour_sys/Content/ThirdPerson/Meshes/FPWeapon/Mesh/SK_FPGun_Skeleton.uasset'
[2018.09.06-20.29.16:130][670]LogSavePackage: Moving 'C:/Users/User/Documents/Unreal Projects/parkour_sys/Saved/T_FPGun_M05B533984784A448C2957BAC9221C8CE.tmp' to 'C:/Users/User/Documents/Unreal Projects/parkour_sys/Content/ThirdPerson/Meshes/FPWeapon/Textures/T_FPGun_M.uasset'
[2018.09.06-20.29.16:182][670]LogSavePackage: Moving 'C:/Users/User/Documents/Unreal Projects/parkour_sys/Saved/T_FPGun_N4401492C49241A75C9E1A0848DD12848.tmp' to 'C:/Users/User/Documents/Unreal Projects/parkour_sys/Content/ThirdPerson/Meshes/FPWeapon/Textures/T_FPGun_N.uasset'
[2018.09.06-20.29.22:834][286]LogShaderCompilers: Display: Shaders left to compile 58
[2018.09.06-20.29.23:557][366]LogShaderCompilers: Display: Shaders left to compile 48
[2018.09.06-20.29.23:754][387]LogShaderCompilers: Display: Shaders left to compile 38
[2018.09.06-20.29.25:706][602]LogShaderCompilers: Display: Shaders left to compile 28
[2018.09.06-20.29.26:625][703]LogShaderCompilers: Display: Shaders left to compile 18
[2018.09.06-20.29.27:749][735]LogShaderCompilers: Display: Shaders left to compile 8
[2018.09.06-20.30.40:343][464]LogSavePackage: Moving 'C:/Users/User/Documents/Unreal Projects/parkour_sys/Saved/ThirdPersonExampleMapC4F1A44844926D0BCD061C8BA8110BA7.tmp' to 'C:/Users/User/Documents/Unreal Projects/parkour_sys/Content/ThirdPersonBP/Maps/ThirdPersonExampleMap.umap'
[2018.09.06-20.30.40:555][464]LogSavePackage: Moving 'C:/Users/User/Documents/Unreal Projects/parkour_sys/Saved/ThirdPersonExampleMap_BuiltData7B27667443E76105DA57ABB06E16C3B8.tmp' to 'C:/Users/User/Documents/Unreal Projects/parkour_sys/Content/ThirdPersonBP/Maps/ThirdPersonExampleMap_BuiltData.uasset'
[2018.09.06-20.30.45:816][ 92]LogDirectoryWatcher: Warning: Failed to begin reading directory changes for C:/Users/User/Documents/Unreal Projects/parkour_sys/Plugins/. Error: Не удается найти указанный файл. (0x00000002)
[2018.09.06-20.31.52:683][558]LogSlate: Window 'Plugins' being destroyed
[2018.09.06-20.31.52:687][558]LogSlate: Window 'Plugins' being destroyed
[2018.09.06-20.31.52:687][558]LogDirectoryWatcher: A directory notification for '../../../Engine/Plugins/' was aborted.
[2018.09.06-20.31.54:015][700]LogSavePackage: Moving 'C:/Users/User/Documents/Unreal Projects/parkour_sys/Saved/ThirdPersonExampleMapB3B36F8849C5B15A88A8B89052C95A80.tmp' to 'C:/Users/User/Documents/Unreal Projects/parkour_sys/Content/ThirdPersonBP/Maps/ThirdPersonExampleMap.umap'
[2018.09.06-20.31.54:173][700]LogSavePackage: Moving 'C:/Users/User/Documents/Unreal Projects/parkour_sys/Saved/ThirdPersonExampleMap_BuiltData2095A45545C667DA07BC4EA113B2DE74.tmp' to 'C:/Users/User/Documents/Unreal Projects/parkour_sys/Content/ThirdPersonBP/Maps/ThirdPersonExampleMap_BuiltData.uasset'
[2018.09.06-20.31.55:188][810]LogSlate: Window 'parkour_sys - Unreal Editor' being destroyed
[2018.09.06-20.31.55:188][810]LogWindowsTextInputMethodSystem: Display: IME system now deactivated.
[2018.09.06-20.31.55:365][811]Cmd: QUIT_EDITOR
[2018.09.06-20.31.55:389][811]LogExit: Preparing to exit.
[2018.09.06-20.31.56:625][811]LogExit: Editor shut down
[2018.09.06-20.31.56:626][811]LogExit: Transaction tracking system shut down
[2018.09.06-20.31.56:951][811]LogExit: Object subsystem successfully closed.
[2018.09.06-20.31.56:971][811]LogShaderCompilers: Display: Shaders left to compile 0
[2018.09.06-20.31.56:974][811]LogD3D11RHI: Shutdown
[2018.09.06-20.31.56:974][811]LogD3D11RHI: CleanupD3DDevice
[2018.09.06-20.31.56:975][811]LogD3D11RHI: ~FD3D11DynamicRHI
[2018.09.06-20.31.56:984][811]LogModuleManager: Shutting down and abandoning module HierarchicalLODOutliner (610)
[2018.09.06-20.31.56:984][811]LogModuleManager: Shutting down and abandoning module AddContentDialog (608)
[2018.09.06-20.31.56:987][811]LogModuleManager: Shutting down and abandoning module WidgetCarousel (607)
[2018.09.06-20.31.56:987][811]LogModuleManager: Shutting down and abandoning module EditorWidgets (604)
[2018.09.06-20.31.56:987][811]LogModuleManager: Shutting down and abandoning module CollectionManager (602)
[2018.09.06-20.31.56:987][811]LogModuleManager: Shutting down and abandoning module SceneOutliner (600)
[2018.09.06-20.31.56:987][811]LogModuleManager: Shutting down and abandoning module StatsViewer (598)
[2018.09.06-20.31.56:987][811]LogModuleManager: Shutting down and abandoning module FoliageEdit (596)
[2018.09.06-20.31.56:987][811]LogModuleManager: Shutting down and abandoning module LandscapeEditor (594)
[2018.09.06-20.31.56:988][811]LogModuleManager: Shutting down and abandoning module MeshPaintMode (592)
[2018.09.06-20.31.56:988][811]LogModuleManager: Shutting down and abandoning module SceneDepthPickerMode (590)
[2018.09.06-20.31.56:988][811]LogModuleManager: Shutting down and abandoning module ActorPickerMode (588)
[2018.09.06-20.31.56:988][811]LogModuleManager: Shutting down and abandoning module GeometryMode (586)
[2018.09.06-20.31.56:988][811]LogModuleManager: Shutting down and abandoning module TextureAlignMode (584)
[2018.09.06-20.31.56:988][811]LogModuleManager: Shutting down and abandoning module BspMode (582)
[2018.09.06-20.31.56:988][811]LogModuleManager: Shutting down and abandoning module PIEPreviewDeviceProfileSelector (580)
[2018.09.06-20.31.56:988][811]LogModuleManager: Shutting down and abandoning module SequenceRecorderSections (578)
[2018.09.06-20.31.56:988][811]LogModuleManager: Shutting down and abandoning module AutomationWorker (576)
[2018.09.06-20.31.56:988][811]LogModuleManager: Shutting down and abandoning module AudioCaptureEditor (574)
[2018.09.06-20.31.56:988][811]LogModuleManager: Shutting down and abandoning module SequenceRecorder (573)
[2018.09.06-20.31.56:988][811]LogModuleManager: Shutting down and abandoning module MatineeToLevelSequence (570)
[2018.09.06-20.31.56:988][811]LogModuleManager: Shutting down and abandoning module LevelSequenceEditor (568)
[2018.09.06-20.31.56:988][811]LogModuleManager: Shutting down and abandoning module PlacementMode (567)
[2018.09.06-20.31.56:988][811]LogModuleManager: Shutting down and abandoning module MaterialEditor (566)
[2018.09.06-20.31.56:988][811]LogModuleManager: Shutting down and abandoning module WmfMediaFactory (562)
[2018.09.06-20.31.56:988][811]LogModuleManager: Shutting down and abandoning module WmfMediaEditor (560)
[2018.09.06-20.31.56:988][811]LogModuleManager: Shutting down and abandoning module MediaPlayerEditor (558)
[2018.09.06-20.31.56:988][811]LogModuleManager: Shutting down and abandoning module OpenExrWrapper (556)
[2018.09.06-20.31.56:988][811]LogModuleManager: Shutting down and abandoning module ImgMediaFactory (554)
[2018.09.06-20.31.56:988][811]LogModuleManager: Shutting down and abandoning module ImgMediaEditor (552)
[2018.09.06-20.31.56:988][811]LogModuleManager: Shutting down and abandoning module AvfMediaFactory (550)
[2018.09.06-20.31.56:988][811]LogModuleManager: Shutting down and abandoning module AvfMediaEditor (548)
[2018.09.06-20.31.56:988][811]LogModuleManager: Shutting down and abandoning module AndroidMediaFactory (546)
[2018.09.06-20.31.56:988][811]LogModuleManager: Shutting down and abandoning module AndroidMediaEditor (544)
[2018.09.06-20.31.56:988][811]LogModuleManager: Shutting down and abandoning module MagicLeapCameraPreviewFactory (542)
[2018.09.06-20.31.56:988][811]LogModuleManager: Shutting down and abandoning module MagicLeapMediaFactory (540)
[2018.09.06-20.31.56:988][811]LogModuleManager: Shutting down and abandoning module MagicLeapMediaEditor (538)
[2018.09.06-20.31.56:988][811]LogModuleManager: Shutting down and abandoning module CharacterAI (536)
[2018.09.06-20.31.56:988][811]LogModuleManager: Shutting down and abandoning module SmartSnapping (534)
[2018.09.06-20.31.56:988][811]LogModuleManager: Shutting down and abandoning module SessionServices (532)
[2018.09.06-20.31.56:988][811]LogModuleManager: Shutting down and abandoning module ViewportSnapping (530)
[2018.09.06-20.31.56:988][811]LogModuleManager: Shutting down and abandoning module ViewportInteraction (528)
[2018.09.06-20.31.56:988][811]LogModuleManager: Shutting down and abandoning module ClothPainter (526)
[2018.09.06-20.31.56:988][811]LogModuleManager: Shutting down and abandoning module SkeletalMeshEditor (525)
[2018.09.06-20.31.56:989][811]LogModuleManager: Shutting down and abandoning module LogVisualizer (522)
[2018.09.06-20.31.56:989][811]LogModuleManager: Shutting down and abandoning module IntroTutorials (520)
[2018.09.06-20.31.56:989][811]LogModuleManager: Shutting down and abandoning module GameProjectGeneration (519)
[2018.09.06-20.31.56:989][811]LogModuleManager: Shutting down and abandoning module LuminPlatformEditor (516)
[2018.09.06-20.31.56:989][811]LogModuleManager: Shutting down and abandoning module IOSPlatformEditor (514)
[2018.09.06-20.31.56:989][811]LogModuleManager: Shutting down and abandoning module HTML5PlatformEditor (512)
[2018.09.06-20.31.56:989][811]LogModuleManager: Shutting down and abandoning module AndroidPlatformEditor (510)
[2018.09.06-20.31.56:989][811]LogModuleManager: Shutting down and abandoning module AndroidDeviceDetection (509)
[2018.09.06-20.31.57:472][811]LogModuleManager: Shutting down and abandoning module WindowsPlatformEditor (506)
[2018.09.06-20.31.57:472][811]LogModuleManager: Shutting down and abandoning module LuminRuntimeSettings (504)
[2018.09.06-20.31.57:472][811]LogModuleManager: Shutting down and abandoning module IOSRuntimeSettings (502)
[2018.09.06-20.31.57:472][811]LogModuleManager: Shutting down and abandoning module AndroidRuntimeSettings (500)
[2018.09.06-20.31.57:472][811]LogModuleManager: Shutting down and abandoning module InputBindingEditor (498)
[2018.09.06-20.31.57:472][811]LogModuleManager: Shutting down and abandoning module MergeActors (496)
[2018.09.06-20.31.57:472][811]LogModuleManager: Shutting down and abandoning module LocalizationDashboard (494)
[2018.09.06-20.31.57:473][811]LogModuleManager: Shutting down and abandoning module LocalizationService (493)
[2018.09.06-20.31.57:473][811]LogModuleManager: Shutting down and abandoning module HardwareTargeting (490)
[2018.09.06-20.31.57:473][811]LogModuleManager: Shutting down and abandoning module DeviceProfileEditor (488)
[2018.09.06-20.31.57:473][811]LogModuleManager: Shutting down and abandoning module UndoHistory (486)
[2018.09.06-20.31.57:473][811]LogModuleManager: Shutting down and abandoning module XmlParser (484)
[2018.09.06-20.31.57:473][811]LogModuleManager: Shutting down and abandoning module Blutility (482)
[2018.09.06-20.31.57:473][811]LogModuleManager: Shutting down and abandoning module ProjectSettingsViewer (480)
[2018.09.06-20.31.57:473][811]LogModuleManager: Shutting down and abandoning module ProjectTargetPlatformEditor (479)
[2018.09.06-20.31.57:473][811]LogModuleManager: Shutting down and abandoning module EditorSettingsViewer (476)
[2018.09.06-20.31.57:473][811]LogModuleManager: Shutting down and abandoning module SettingsEditor (474)
[2018.09.06-20.31.57:473][811]LogModuleManager: Shutting down and abandoning module ProjectLauncher (472)
[2018.09.06-20.31.57:473][811]LogModuleManager: Shutting down and abandoning module SessionFrontend (470)
[2018.09.06-20.31.57:473][811]LogModuleManager: Shutting down and abandoning module ProfilerClient (468)
[2018.09.06-20.31.57:473][811]LogModuleManager: Shutting down and abandoning module DeviceManager (466)
[2018.09.06-20.31.57:473][811]LogModuleManager: Shutting down and abandoning module TargetDeviceServices (465)
[2018.09.06-20.31.57:516][811]LogModuleManager: Shutting down and abandoning module AutomationController (462)
[2018.09.06-20.31.57:516][811]LogModuleManager: Shutting down and abandoning module AutomationWindow (460)
[2018.09.06-20.31.57:516][811]LogModuleManager: Shutting down and abandoning module Layers (458)
[2018.09.06-20.31.57:516][811]LogModuleManager: Shutting down and abandoning module ComponentVisualizers (456)
[2018.09.06-20.31.57:516][811]LogModuleManager: Shutting down and abandoning module DetailCustomizations (454)
[2018.09.06-20.31.57:516][811]LogModuleManager: Shutting down and abandoning module PackagesDialog (452)
[2018.09.06-20.31.57:516][811]LogModuleManager: Shutting down and abandoning module Persona (450)
[2018.09.06-20.31.57:516][811]LogModuleManager: Shutting down and abandoning module AdvancedPreviewScene (449)
[2018.09.06-20.31.57:516][811]LogModuleManager: Shutting down and abandoning module AnimGraph (447)
[2018.09.06-20.31.57:516][811]LogModuleManager: Shutting down and abandoning module Kismet (444)
[2018.09.06-20.31.57:517][811]LogModuleManager: Shutting down and abandoning module GraphEditor (442)
[2018.09.06-20.31.57:517][811]LogModuleManager: Shutting down and abandoning module ClassViewer (440)
[2018.09.06-20.31.57:517][811]LogModuleManager: Shutting down and abandoning module Toolbox (438)
[2018.09.06-20.31.57:517][811]LogModuleManager: Shutting down and abandoning module ModuleUI (436)
[2018.09.06-20.31.57:517][811]LogModuleManager: Shutting down and abandoning module MovieSceneTools (434)
[2018.09.06-20.31.57:517][811]LogModuleManager: Shutting down and abandoning module OutputLog (432)
[2018.09.06-20.31.57:517][811]LogModuleManager: Shutting down and abandoning module GammaUI (430)
[2018.09.06-20.31.57:517][811]LogModuleManager: Shutting down and abandoning module Documentation (428)
[2018.09.06-20.31.57:517][811]LogModuleManager: Shutting down and abandoning module MovieSceneTracks (426)
[2018.09.06-20.31.57:517][811]LogModuleManager: Shutting down and abandoning module MovieScene (424)
[2018.09.06-20.31.57:517][811]LogModuleManager: Shutting down and abandoning module StreamingPauseRendering (422)
[2018.09.06-20.31.57:517][811]LogModuleManager: Shutting down and abandoning module LauncherPlatform (420)
[2018.09.06-20.31.57:517][811]LogModuleManager: Shutting down and abandoning module AnalyticsET (418)
[2018.09.06-20.31.57:517][811]LogModuleManager: Shutting down and abandoning module PortalServices (416)
[2018.09.06-20.31.57:517][811]LogModuleManager: Shutting down and abandoning module PortalRpc (414)
[2018.09.06-20.31.57:517][811]LogModuleManager: Shutting down and abandoning module MessagingRpc (412)
[2018.09.06-20.31.57:517][811]LogModuleManager: Shutting down and abandoning module AIModule (410)
[2018.09.06-20.31.57:517][811]LogModuleManager: Shutting down and abandoning module GameplayDebugger (409)
[2018.09.06-20.31.57:517][811]LogModuleManager: Shutting down and abandoning module AITestSuite (407)
[2018.09.06-20.31.57:517][811]LogModuleManager: Shutting down and abandoning module NavigationSystem (405)
[2018.09.06-20.31.57:517][811]LogModuleManager: Shutting down and abandoning module DesktopPlatform (402)
[2018.09.06-20.31.57:517][811]LogModuleManager: Shutting down and abandoning module ProfilerService (400)
[2018.09.06-20.31.57:725][811]LogModuleManager: Shutting down and abandoning module TaskGraph (398)
[2018.09.06-20.31.57:725][811]LogModuleManager: Shutting down and abandoning module SteamVRController (396)
[2018.09.06-20.31.57:725][811]LogModuleManager: Shutting down and abandoning module ProceduralMeshComponentEditor (394)
[2018.09.06-20.31.57:725][811]LogModuleManager: Shutting down and abandoning module ProceduralMeshComponent (392)
[2018.09.06-20.31.57:725][811]LogModuleManager: Shutting down and abandoning module OculusInput (390)
[2018.09.06-20.31.57:725][811]LogModuleManager: Shutting down and abandoning module MobilePatchingUtils (388)
[2018.09.06-20.31.57:725][811]LogModuleManager: Shutting down and abandoning module EditableMesh (386)
[2018.09.06-20.31.57:725][811]LogModuleManager: Shutting down and abandoning module CustomMeshComponent (384)
[2018.09.06-20.31.57:725][811]LogModuleManager: Shutting down and abandoning module CableComponent (382)
[2018.09.06-20.31.57:726][811]LogModuleManager: Shutting down and abandoning module AudioCapture (380)
[2018.09.06-20.31.57:726][811]LogModuleManager: Shutting down and abandoning module ArchVisCharacter (378)
[2018.09.06-20.31.57:726][811]LogModuleManager: Shutting down and abandoning module AndroidPermission (376)
[2018.09.06-20.31.57:726][811]LogModuleManager: Shutting down and abandoning module NUTUnrealEngine4 (374)
[2018.09.06-20.31.57:726][811]LogModuleManager: Shutting down and abandoning module NetcodeUnitTest (372)
[2018.09.06-20.31.57:726][811]LogModuleManager: Shutting down and abandoning module MediaCompositingEditor (370)
[2018.09.06-20.31.57:726][811]LogModuleManager: Shutting down and abandoning module MediaCompositing (368)
[2018.09.06-20.31.57:726][811]LogModuleManager: Shutting down and abandoning module LinearTimecode (366)
[2018.09.06-20.31.57:726][811]LogModuleManager: Shutting down and abandoning module ImgMedia (364)
[2018.09.06-20.31.57:730][811]LogModuleManager: Shutting down and abandoning module HTML5Networking (362)
[2018.09.06-20.31.57:730][811]LogModuleManager: Shutting down and abandoning module GeometryCacheTracks (360)
[2018.09.06-20.31.57:730][811]LogModuleManager: Shutting down and abandoning module GeometryCacheSequencer (358)
[2018.09.06-20.31.57:730][811]LogModuleManager: Shutting down and abandoning module BackChannel (356)
[2018.09.06-20.31.57:730][811]LogModuleManager: Shutting down and abandoning module AppleVision (354)
[2018.09.06-20.31.57:730][811]LogModuleManager: Shutting down and abandoning module AppleImageUtils (352)
[2018.09.06-20.31.57:730][811]LogModuleManager: Shutting down and abandoning module AlembicImporter (350)
[2018.09.06-20.31.57:730][811]LogModuleManager: Shutting down and abandoning module AlembicLibrary (349)
[2018.09.06-20.31.57:730][811]LogModuleManager: Shutting down and abandoning module GeometryCache (348)
[2018.09.06-20.31.57:730][811]LogModuleManager: Shutting down and abandoning module GeometryCacheEd (347)
[2018.09.06-20.31.57:730][811]LogModuleManager: Shutting down and abandoning module DatasmithContentEditor (342)
[2018.09.06-20.31.57:730][811]LogModuleManager: Shutting down and abandoning module DatasmithContent (340)
[2018.09.06-20.31.57:730][811]LogModuleManager: Shutting down and abandoning module SpeedTreeImporter (338)
[2018.09.06-20.31.57:730][811]LogModuleManager: Shutting down and abandoning module PluginBrowser (336)
[2018.09.06-20.31.57:731][811]LogModuleManager: Shutting down and abandoning module MobileLauncherProfileWizard (334)
[2018.09.06-20.31.57:731][811]LogModuleManager: Shutting down and abandoning module PolygonModeling (332)
[2018.09.06-20.31.57:731][811]LogModuleManager: Shutting down and abandoning module MeshEditor (330)
[2018.09.06-20.31.57:731][811]LogModuleManager: Shutting down and abandoning module CryptoKeysOpenSSL (328)
[2018.09.06-20.31.57:731][811]LogModuleManager: Shutting down and abandoning module CryptoKeys (326)
[2018.09.06-20.31.57:731][811]LogModuleManager: Shutting down and abandoning module VisualStudioSourceCodeAccess (324)
[2018.09.06-20.31.57:731][811]LogModuleManager: Shutting down and abandoning module VisualStudioCodeSourceCodeAccess (322)
[2018.09.06-20.31.57:731][811]LogModuleManager: Shutting down and abandoning module UObjectPlugin (320)
[2018.09.06-20.31.57:731][811]LogModuleManager: Shutting down and abandoning module SubversionSourceControl (318)
[2018.09.06-20.31.57:731][811]LogModuleManager: Shutting down and abandoning module PerforceSourceControl (316)
[2018.09.06-20.31.57:731][811]LogModuleManager: Shutting down and abandoning module GitSourceControl (314)
[2018.09.06-20.31.57:731][811]LogModuleManager: Shutting down and abandoning module SourceControl (313)
[2018.09.06-20.31.57:731][811]LogModuleManager: Shutting down and abandoning module CLionSourceCodeAccess (310)
[2018.09.06-20.31.57:731][811]LogModuleManager: Shutting down and abandoning module LightPropagationVolumeEditor (308)
[2018.09.06-20.31.57:731][811]LogModuleManager: Shutting down and abandoning module PaperTiledImporter (306)
[2018.09.06-20.31.57:731][811]LogModuleManager: Shutting down and abandoning module PaperSpriteSheetImporter (304)
[2018.09.06-20.31.57:731][811]LogModuleManager: Shutting down and abandoning module Paper2DEditor (302)
[2018.09.06-20.31.57:731][811]LogModuleManager: Shutting down and abandoning module MeshPaint (301)
[2018.09.06-20.31.57:731][811]LogModuleManager: Shutting down and abandoning module RuntimePhysXCooking (298)
[2018.09.06-20.31.57:731][811]LogModuleManager: Shutting down and abandoning module PhysXVehiclesEditor (296)
[2018.09.06-20.31.57:731][811]LogModuleManager: Shutting down and abandoning module PhysXVehicles (294)
[2018.09.06-20.31.57:731][811]LogModuleManager: Shutting down and abandoning module OculusEditor (292)
[2018.09.06-20.31.57:731][811]LogModuleManager: Shutting down and abandoning module LocationServicesBPLibrary (290)
[2018.09.06-20.31.57:731][811]LogModuleManager: Shutting down and abandoning module ImmediatePhysicsEditor (288)
[2018.09.06-20.31.57:731][811]LogModuleManager: Shutting down and abandoning module ImmediatePhysics (286)
[2018.09.06-20.31.57:731][811]LogModuleManager: Shutting down and abandoning module ActorSequence (284)
[2018.09.06-20.31.57:731][811]LogModuleManager: Shutting down and abandoning module UdpMessaging (282)
[2018.09.06-20.31.57:832][811]LogModuleManager: Shutting down and abandoning module TcpMessaging (280)
[2018.09.06-20.31.57:933][811]LogModuleManager: Shutting down and abandoning module MagicLeapAudio (278)
[2018.09.06-20.31.57:933][811]LogModuleManager: Shutting down and abandoning module GameplayTagsEditor (276)
[2018.09.06-20.31.57:933][811]LogModuleManager: Shutting down and abandoning module FacialAnimationEditor (274)
[2018.09.06-20.31.57:933][811]LogModuleManager: Shutting down and abandoning module FacialAnimation (272)
[2018.09.06-20.31.57:933][811]LogModuleManager: Shutting down and abandoning module DataValidation (270)
[2018.09.06-20.31.57:933][811]LogModuleManager: Shutting down and abandoning module AssetManagerEditor (268)
[2018.09.06-20.31.57:933][811]LogModuleManager: Shutting down and abandoning module LevelEditor (267)
[2018.09.06-20.31.57:934][811]LogModuleManager: Shutting down and abandoning module PixelInspectorModule (266)
[2018.09.06-20.31.57:934][811]LogModuleManager: Shutting down and abandoning module CommonMenuExtensions (264)
[2018.09.06-20.31.57:934][811]LogModuleManager: Shutting down and abandoning module MainFrame (262)
[2018.09.06-20.31.57:934][811]LogModuleManager: Shutting down and abandoning module HotReload (261)
[2018.09.06-20.31.57:934][811]LogModuleManager: Shutting down and abandoning module ContentBrowser (257)
[2018.09.06-20.31.57:935][811]LogModuleManager: Shutting down and abandoning module TreeMap (255)
[2018.09.06-20.31.57:936][811]LogModuleManager: Shutting down and abandoning module LightPropagationVolumeRuntime (252)
[2018.09.06-20.31.57:936][811]LogModuleManager: Shutting down and abandoning module AISupportModule (250)
[2018.09.06-20.31.57:936][811]LogModuleManager: Shutting down and abandoning module Paper2D (248)
[2018.09.06-20.31.57:936][811]LogModuleManager: Shutting down and abandoning module WindowsMoviePlayer (246)
[2018.09.06-20.31.57:936][811]LogModuleManager: Shutting down and abandoning module WmfMedia (244)
[2018.09.06-20.31.57:937][811]LogModuleManager: Shutting down and abandoning module Media (243)
[2018.09.06-20.31.57:943][811]LogModuleManager: Shutting down and abandoning module PacketHandler (240)
[2018.09.06-20.31.57:943][811]LogModuleManager: Shutting down and abandoning module ClothingSystemEditor (238)
[2018.09.06-20.31.57:943][811]LogModuleManager: Shutting down and abandoning module ClothingSystemRuntime (236)
[2018.09.06-20.31.57:943][811]LogModuleManager: Shutting down and abandoning module MediaAssets (234)
[2018.09.06-20.31.57:943][811]LogModuleManager: Shutting down and abandoning module Overlay (232)
[2018.09.06-20.31.57:943][811]LogModuleManager: Shutting down and abandoning module OverlayEditor (231)
[2018.09.06-20.31.57:943][811]LogModuleManager: Shutting down and abandoning module VREditor (228)
[2018.09.06-20.31.57:943][811]LogModuleManager: Shutting down and abandoning module StringTableEditor (226)
[2018.09.06-20.31.57:943][811]LogModuleManager: Shutting down and abandoning module GameplayTasksEditor (224)
[2018.09.06-20.31.57:944][811]LogModuleManager: Shutting down and abandoning module BehaviorTreeEditor (222)
[2018.09.06-20.31.57:944][811]LogModuleManager: Shutting down and abandoning module FunctionalTesting (220)
[2018.09.06-20.31.57:944][811]LogModuleManager: Shutting down and abandoning module CollisionAnalyzer (218)
[2018.09.06-20.31.57:944][811]LogModuleManager: Shutting down and abandoning module WorkspaceMenuStructure (217)
[2018.09.06-20.31.57:944][811]LogModuleManager: Shutting down and abandoning module UMG (214)
[2018.09.06-20.31.57:944][811]LogModuleManager: Shutting down and abandoning module UMGEditor (213)
[2018.09.06-20.31.57:944][811]LogModuleManager: Shutting down and abandoning module Sequencer (212)
[2018.09.06-20.31.57:944][811]LogModuleManager: Shutting down and abandoning module MessageLog (209)
[2018.09.06-20.31.57:944][811]LogModuleManager: Shutting down and abandoning module SlateReflector (204)
[2018.09.06-20.31.57:944][811]LogModuleManager: Shutting down and abandoning module Slate (202)
[2018.09.06-20.31.57:944][811]LogModuleManager: Shutting down and abandoning module EditorStyle (200)
[2018.09.06-20.31.57:946][811]LogModuleManager: Shutting down and abandoning module MRMesh (198)
[2018.09.06-20.31.57:946][811]LogModuleManager: Shutting down and abandoning module SourceCodeAccess (196)
[2018.09.06-20.31.57:946][811]LogModuleManager: Shutting down and abandoning module HeadMountedDisplay (194)
[2018.09.06-20.31.57:946][811]LogModuleManager: Shutting down and abandoning module XAudio2 (192)
[2018.09.06-20.31.57:946][811]LogModuleManager: Shutting down and abandoning module Networking (190)
[2018.09.06-20.31.57:946][811]LogModuleManager: Shutting down and abandoning module Core (188)
[2018.09.06-20.31.57:946][811]LogModuleManager: Shutting down and abandoning module LevelSequence (186)
[2018.09.06-20.31.57:946][811]LogModuleManager: Shutting down and abandoning module KismetCompiler (184)
[2018.09.06-20.31.57:946][811]LogModuleManager: Shutting down and abandoning module MeshUtilities (182)
[2018.09.06-20.31.57:946][811]LogModuleManager: Shutting down and abandoning module MeshMergeUtilities (181)
[2018.09.06-20.31.57:946][811]LogModuleManager: Shutting down and abandoning module MeshReductionInterface (180)
[2018.09.06-20.31.57:946][811]LogModuleManager: Shutting down and abandoning module SimplygonSwarm (179)
[2018.09.06-20.31.57:946][811]LogModuleManager: Shutting down and abandoning module ProxyLODMeshReduction (177)
[2018.09.06-20.31.57:946][811]LogModuleManager: Shutting down and abandoning module SimplygonMeshReduction (175)
[2018.09.06-20.31.57:946][811]LogModuleManager: Shutting down and abandoning module QuadricMeshReduction (173)
[2018.09.06-20.31.57:946][811]LogModuleManager: Shutting down and abandoning module MaterialBaking (169)
[2018.09.06-20.31.57:946][811]LogModuleManager: Shutting down and abandoning module DirectoryWatcher (165)
[2018.09.06-20.31.57:946][811]LogModuleManager: Shutting down and abandoning module DerivedDataCache (162)
[2018.09.06-20.31.58:029][811]LogDerivedDataCache: Shutdown
[2018.09.06-20.31.58:029][811]LogModuleManager: Shutting down and abandoning module XGEController (160)
[2018.09.06-20.31.58:029][811]LogXGEController: Cleaning working directory: C:/Users/User/AppData/Local/Temp/UnrealXGEWorkingDir/
[2018.09.06-20.31.58:030][811]LogModuleManager: Shutting down and abandoning module TargetPlatform (158)
[2018.09.06-20.31.58:030][811]LogModuleManager: Shutting down and abandoning module VulkanShaderFormat (157)
[2018.09.06-20.31.58:030][811]LogModuleManager: Shutting down and abandoning module ShaderFormatVectorVM (155)
[2018.09.06-20.31.58:030][811]LogModuleManager: Shutting down and abandoning module ShaderFormatOpenGL (153)
[2018.09.06-20.31.58:030][811]LogModuleManager: Shutting down and abandoning module ShaderFormatD3D (151)
[2018.09.06-20.31.58:030][811]LogModuleManager: Shutting down and abandoning module MetalShaderFormat (149)
[2018.09.06-20.31.58:030][811]LogModuleManager: Shutting down and abandoning module TextureFormatUncompressed (147)
[2018.09.06-20.31.58:030][811]LogModuleManager: Shutting down and abandoning module TextureFormatPVR (145)
[2018.09.06-20.31.58:030][811]LogModuleManager: Shutting down and abandoning module TextureFormatDXT (143)
[2018.09.06-20.31.58:030][811]LogModuleManager: Shutting down and abandoning module TextureFormatIntelISPCTexComp (141)
[2018.09.06-20.31.58:030][811]LogModuleManager: Shutting down and abandoning module TextureFormatASTC (139)
[2018.09.06-20.31.58:030][811]LogModuleManager: Shutting down and abandoning module ImageWrapper (138)
[2018.09.06-20.31.58:030][811]LogModuleManager: Shutting down and abandoning module TextureFormatAndroid (135)
[2018.09.06-20.31.58:030][811]LogModuleManager: Shutting down and abandoning module AudioFormatOpus (133)
[2018.09.06-20.31.58:030][811]LogModuleManager: Shutting down and abandoning module AudioFormatOgg (131)
[2018.09.06-20.31.58:030][811]LogModuleManager: Shutting down and abandoning module AudioFormatADPCM (129)
[2018.09.06-20.31.58:030][811]LogModuleManager: Shutting down and abandoning module LuminTargetPlatform (127)
[2018.09.06-20.31.58:030][811]LogModuleManager: Shutting down and abandoning module LinuxTargetPlatform (125)
[2018.09.06-20.31.58:030][811]LogModuleManager: Shutting down and abandoning module LinuxServerTargetPlatform (123)
[2018.09.06-20.31.58:030][811]LogModuleManager: Shutting down and abandoning module LinuxNoEditorTargetPlatform (121)
[2018.09.06-20.31.58:030][811]LogModuleManager: Shutting down and abandoning module LinuxClientTargetPlatform (119)
[2018.09.06-20.31.58:030][811]LogModuleManager: Shutting down and abandoning module TVOSTargetPlatform (117)
[2018.09.06-20.31.58:031][811]LogModuleManager: Shutting down and abandoning module Messaging (115)
[2018.09.06-20.31.58:031][811]LogModuleManager: Shutting down and abandoning module IOSTargetPlatform (113)
[2018.09.06-20.31.58:032][811]LogModuleManager: Shutting down and abandoning module HTML5TargetPlatform (111)
[2018.09.06-20.31.58:032][811]LogModuleManager: Shutting down and abandoning module AndroidTargetPlatform (109)
[2018.09.06-20.31.58:040][811]LogModuleManager: Shutting down and abandoning module WindowsTargetPlatform (107)
[2018.09.06-20.31.58:040][811]LogModuleManager: Shutting down and abandoning module WindowsServerTargetPlatform (105)
[2018.09.06-20.31.58:040][811]LogModuleManager: Shutting down and abandoning module WindowsNoEditorTargetPlatform (103)
[2018.09.06-20.31.58:040][811]LogModuleManager: Shutting down and abandoning module WindowsClientTargetPlatform (101)
[2018.09.06-20.31.58:040][811]LogModuleManager: Shutting down and abandoning module MacTargetPlatform (99)
[2018.09.06-20.31.58:040][811]LogModuleManager: Shutting down and abandoning module MacServerTargetPlatform (97)
[2018.09.06-20.31.58:040][811]LogModuleManager: Shutting down and abandoning module MacNoEditorTargetPlatform (95)
[2018.09.06-20.31.58:040][811]LogModuleManager: Shutting down and abandoning module MacClientTargetPlatform (93)
[2018.09.06-20.31.58:040][811]LogModuleManager: Shutting down and abandoning module AllDesktopTargetPlatform (91)
[2018.09.06-20.31.58:040][811]LogModuleManager: Shutting down and abandoning module InputCore (88)
[2018.09.06-20.31.58:040][811]LogModuleManager: Shutting down and abandoning module Settings (86)
[2018.09.06-20.31.58:040][811]LogModuleManager: Shutting down and abandoning module PhysXCooking (84)
[2018.09.06-20.31.58:040][811]LogModuleManager: Shutting down and abandoning module SteamVR (82)
[2018.09.06-20.31.58:040][811]LogModuleManager: Shutting down and abandoning module OculusHMD (80)
[2018.09.06-20.31.58:040][811]LogModuleManager: Shutting down and abandoning module ExampleDeviceProfileSelector (78)
[2018.09.06-20.31.58:040][811]LogModuleManager: Shutting down and abandoning module LauncherChunkInstaller (76)
[2018.09.06-20.31.58:040][811]LogModuleManager: Shutting down and abandoning module OnlineBlueprintSupport (74)
[2018.09.06-20.31.58:040][811]LogModuleManager: Shutting down and abandoning module OnlineSubsystem (70)
[2018.09.06-20.31.58:041][811]LogModuleManager: Shutting down and abandoning module XMPP (65)
[2018.09.06-20.31.58:041][811]LogModuleManager: Shutting down and abandoning module WebSockets (64)
[2018.09.06-20.31.58:074][811]LogModuleManager: Shutting down and abandoning module HTTP (61)
[2018.09.06-20.31.58:074][811]LogHttp: Display: Http module shutting down, but needs to wait on 1 outstanding Http requests:
[2018.09.06-20.31.58:074][811]LogHttp: Display: 	verb=[POST] url=[https://datarouter.ol.epicgames.com/datarouter/api/v1/public/data?SessionID=%7B9354483A-4203-7149-0529-F08BCABB080C%7D&AppID=UEEditor.Rocket.Release&AppVersion=4.20.2-4302132%2B%2B%2BUE4%2BRelease-4.20&UserID=cca2e83c4c922e6278f0f0b24b85f416%7C5557c92c270a4d1980a46e232588ee31%7Cc91b5b9e-cbf4-490a-9c11-a6e8e5d6d008&AppEnvironment=datacollector-binary&UploadType=eteventstream] status=Processing
[2018.09.06-20.31.58:094][811]LogModuleManager: Shutting down and abandoning module SSL (60)
[2018.09.06-20.31.58:095][811]LogModuleManager: Shutting down and abandoning module MagicLeapEmulator (56)
[2018.09.06-20.31.58:095][811]LogModuleManager: Shutting down and abandoning module MagicLeapPrivileges (54)
[2018.09.06-20.31.58:095][811]LogModuleManager: Shutting down and abandoning module MagicLeapIdentity (52)
[2018.09.06-20.31.58:095][811]LogModuleManager: Shutting down and abandoning module MagicLeapHelperVulkan (50)
[2018.09.06-20.31.58:095][811]LogModuleManager: Shutting down and abandoning module MagicLeapHelperOpenGL (48)
[2018.09.06-20.31.58:095][811]LogModuleManager: Shutting down and abandoning module MagicLeapSecureStorage (46)
[2018.09.06-20.31.58:095][811]LogModuleManager: Shutting down and abandoning module MagicLeapGestures (44)
[2018.09.06-20.31.58:095][811]LogModuleManager: Shutting down and abandoning module MagicLeapEyeTracker (42)
[2018.09.06-20.31.58:095][811]LogModuleManager: Shutting down and abandoning module MagicLeapController (40)
[2018.09.06-20.31.58:096][811]LogSlate: Slate User Destroyed.  User Index 0, Is Virtual User: 0
[2018.09.06-20.31.58:096][811]LogModuleManager: Shutting down and abandoning module MagicLeap (38)
[2018.09.06-20.31.58:096][811]LogModuleManager: Shutting down and abandoning module AnimationModifiers (36)
[2018.09.06-20.31.58:096][811]LogModuleManager: Shutting down and abandoning module PropertyEditor (35)
[2018.09.06-20.31.58:096][811]LogModuleManager: Shutting down and abandoning module AudioEditor (32)
[2018.09.06-20.31.58:096][811]LogModuleManager: Shutting down and abandoning module TextureCompressor (30)
[2018.09.06-20.31.58:096][811]LogModuleManager: Shutting down and abandoning module ShaderCore (28)
[2018.09.06-20.31.58:096][811]LogModuleManager: Shutting down and abandoning module Landscape (26)
[2018.09.06-20.31.58:096][811]LogModuleManager: Shutting down and abandoning module SlateRHIRenderer (24)
[2018.09.06-20.31.58:096][811]LogModuleManager: Shutting down and abandoning module OpenGLDrv (22)
[2018.09.06-20.31.58:097][811]LogModuleManager: Shutting down and abandoning module D3D11RHI (20)
[2018.09.06-20.31.58:097][811]LogModuleManager: Shutting down and abandoning module AnimGraphRuntime (18)
[2018.09.06-20.31.58:097][811]LogModuleManager: Shutting down and abandoning module Renderer (16)
[2018.09.06-20.31.58:097][811]LogModuleManager: Shutting down and abandoning module Engine (14)
[2018.09.06-20.31.58:097][811]LogModuleManager: Shutting down and abandoning module CoreUObject (12)
[2018.09.06-20.31.58:097][811]LogModuleManager: Shutting down and abandoning module NetworkFile (10)
[2018.09.06-20.31.58:097][811]LogModuleManager: Shutting down and abandoning module CookedIterativeFile (8)
[2018.09.06-20.31.58:097][811]LogModuleManager: Shutting down and abandoning module StreamingFile (6)
[2018.09.06-20.31.58:097][811]LogModuleManager: Shutting down and abandoning module SandboxFile (4)
[2018.09.06-20.31.58:097][811]LogModuleManager: Shutting down and abandoning module PakFile (2)
[2018.09.06-20.31.58:101][811]LogExit: Exiting.
[2018.09.06-20.31.58:111][811]Log file closed, 09/06/18 23:31:58
