Log file open, 09/18/18 01:41:03
LogWindows: Failed to load 'aqProf.dll' (GetLastError=126)
LogWindows: File 'aqProf.dll' does not exist
LogWindows: Failed to load 'VtuneApi.dll' (GetLastError=126)
LogWindows: File 'VtuneApi.dll' does not exist
LogWindows: Failed to load 'VtuneApi32e.dll' (GetLastError=126)
LogWindows: File 'VtuneApi32e.dll' does not exist
LogInit: Display: Running engine for game: parkour_sys
LogPlatformFile: Not using cached read wrapper
LogTaskGraph: Started task graph with 5 named threads and 14 total threads with 3 sets of task threads.
LogStats: Stats thread started at 0.175838
LogD3D11RHI: Loaded GFSDK_Aftermath_Lib.x64.dll
LogICUInternationalization: Display: ICU TimeZone Detection - Raw Offset: +2:00, Platform Override: ''
LogPluginManager: Mounting plugin Paper2D
LogPluginManager: Mounting plugin AISupport
LogPluginManager: Mounting plugin LightPropagationVolume
LogPluginManager: Mounting plugin CLionSourceCodeAccess
LogPluginManager: Mounting plugin CodeLiteSourceCodeAccess
LogPluginManager: Mounting plugin GitSourceControl
LogPluginManager: Mounting plugin KDevelopSourceCodeAccess
LogPluginManager: Mounting plugin NullSourceCodeAccess
LogPluginManager: Mounting plugin PerforceSourceControl
LogPluginManager: Mounting plugin SubversionSourceControl
LogPluginManager: Mounting plugin UObjectPlugin
LogPluginManager: Mounting plugin VisualStudioCodeSourceCodeAccess
LogPluginManager: Mounting plugin VisualStudioSourceCodeAccess
LogPluginManager: Mounting plugin XCodeSourceCodeAccess
LogPluginManager: Mounting plugin AssetManagerEditor
LogPluginManager: Mounting plugin CryptoKeys
LogPluginManager: Mounting plugin DataValidation
LogPluginManager: Mounting plugin FacialAnimation
LogPluginManager: Mounting plugin GameplayTagsEditor
LogPluginManager: Mounting plugin MacGraphicsSwitching
LogPluginManager: Mounting plugin MeshEditor
LogPluginManager: Mounting plugin MobileLauncherProfileWizard
LogPluginManager: Mounting plugin PluginBrowser
LogPluginManager: Mounting plugin SpeedTreeImporter
LogPluginManager: Mounting plugin DatasmithContent
LogPluginManager: Mounting plugin AlembicImporter
LogPluginManager: Mounting plugin AppleImageUtils
LogPluginManager: Mounting plugin AppleVision
LogPluginManager: Mounting plugin BackChannel
LogPluginManager: Mounting plugin CharacterAI
LogPluginManager: Mounting plugin GeometryCache
LogPluginManager: Mounting plugin HTML5Networking
LogPluginManager: Mounting plugin ProxyLODPlugin
LogPluginManager: Mounting plugin MagicLeap
LogPluginManager: Mounting plugin MagicLeapEmulator
LogPluginManager: Mounting plugin MagicLeapMedia
LogPluginManager: Mounting plugin AndroidMedia
LogPluginManager: Mounting plugin AvfMedia
LogPluginManager: Mounting plugin ImgMedia
LogPluginManager: Mounting plugin LinearTimecode
LogPluginManager: Mounting plugin MediaCompositing
LogPluginManager: Mounting plugin MediaPlayerEditor
LogPluginManager: Mounting plugin WmfMedia
LogPluginManager: Mounting plugin TcpMessaging
LogPluginManager: Mounting plugin UdpMessaging
LogPluginManager: Mounting plugin ActorSequence
LogPluginManager: Mounting plugin LevelSequenceEditor
LogPluginManager: Mounting plugin MatineeToLevelSequence
LogPluginManager: Mounting plugin NetcodeUnitTest
LogPluginManager: Mounting plugin NUTUnrealEngine4
LogPluginManager: Mounting plugin OnlineSubsystemGooglePlay
LogPluginManager: Mounting plugin OnlineSubsystemIOS
LogPluginManager: Mounting plugin OnlineSubsystem
LogPluginManager: Mounting plugin OnlineSubsystemNull
LogPluginManager: Mounting plugin OnlineSubsystemUtils
LogPluginManager: Mounting plugin LauncherChunkInstaller
LogPluginManager: Mounting plugin AndroidDeviceProfileSelector
LogPluginManager: Mounting plugin AndroidMoviePlayer
LogPluginManager: Mounting plugin AndroidPermission
LogPluginManager: Mounting plugin AppleMoviePlayer
LogPluginManager: Mounting plugin ArchVisCharacter
LogPluginManager: Mounting plugin AudioCapture
LogPluginManager: Mounting plugin CableComponent
LogPluginManager: Mounting plugin CustomMeshComponent
LogPluginManager: Mounting plugin EditableMesh
LogPluginManager: Mounting plugin ExampleDeviceProfileSelector
LogPluginManager: Mounting plugin GoogleCloudMessaging
LogPluginManager: Mounting plugin ImmediatePhysics
LogPluginManager: Mounting plugin IOSDeviceProfileSelector
LogPluginManager: Mounting plugin LinuxDeviceProfileSelector
LogPluginManager: Mounting plugin LocationServicesBPLibrary
LogPluginManager: Mounting plugin MobilePatchingUtils
LogPluginManager: Mounting plugin OculusVR
LogPluginManager: Plugin shader directory ../../../Engine/Plugins/Runtime/Oculus/OculusVR/Shaders found
LogPluginManager: Mapping shader source directory ../../../Engine/Plugins/Runtime/Oculus/OculusVR/Shaders to virtual directory /Plugin/OculusVR
LogPluginManager: Mounting plugin PhysXVehicles
LogPluginManager: Mounting plugin ProceduralMeshComponent
LogPluginManager: Mounting plugin RuntimePhysXCooking
LogPluginManager: Mounting plugin SteamVR
LogPluginManager: Mounting plugin WindowsMoviePlayer
LogStreaming: Display: Took  0.082s to configure plugins.
LogInit: Using libcurl 7.55.1-DEV
LogInit:  - built for x86_64-pc-win32
LogInit:  - supports SSL with OpenSSL/1.0.2h
LogInit:  - supports HTTP deflate (compression) using libz 1.2.8
LogInit:  - other features:
LogInit:      CURL_VERSION_SSL
LogInit:      CURL_VERSION_LIBZ
LogInit:      CURL_VERSION_IPV6
LogInit:      CURL_VERSION_ASYNCHDNS
LogInit:      CURL_VERSION_LARGEFILE
LogInit:      CURL_VERSION_IDN
LogInit:  CurlRequestOptions (configurable via config and command line):
LogInit:  - bVerifyPeer = false  - Libcurl will NOT verify peer certificate
LogInit:  - bUseHttpProxy = false  - Libcurl will NOT use HTTP proxy
LogInit:  - bDontReuseConnections = false  - Libcurl will reuse connections
LogInit:  - CertBundlePath = nullptr  - Libcurl will use whatever was configured at build time.
LogInit:  - MaxHostConnections = 16  - Libcurl will limit the number of connections to a host
LogInit:  - LocalHostAddr = Default
LogInit:  - BufferSize = 65536
LogInit: WinSock: version 1.1 (2.2), MaxSocks=32767, MaxUdp=65467
LogInit: Build: ++UE4+Release-4.20-CL-4302132
LogInit: Engine Version: 4.20.2-4302132+++UE4+Release-4.20
LogInit: Compatible Engine Version: 4.20.0-4212847+++UE4+Release-4.20
LogInit: Net CL: 4212847
LogInit: OS: Windows 10 (), CPU: Intel(R) Core(TM) i5-7400 CPU @ 3.00GHz, GPU: NVIDIA GeForce GTX 1050
LogInit: Compiled (64-bit): Aug 21 2018 02:06:06
LogInit: Compiled with Visual C++: 19.13.26129.00
LogInit: Build Configuration: Development
LogInit: Branch Name: ++UE4+Release-4.20
LogInit: Command Line:  
LogInit: Base Directory: D:/epicSDK/UE_4.20/Engine/Binaries/Win64/
LogInit: Installed Engine Build: 1
LogDevObjectVersion: Number of dev versions registered: 20
LogDevObjectVersion:   Dev-Blueprints (B0D832E4-1F89-4F0D-ACCF-7EB736FD4AA2): 10
LogDevObjectVersion:   Dev-Build (E1C64328-A22C-4D53-A36C-8E866417BD8C): 0
LogDevObjectVersion:   Dev-Core (375EC13C-06E4-48FB-B500-84F0262A717E): 2
LogDevObjectVersion:   Dev-Editor (E4B068ED-F494-42E9-A231-DA0B2E46BB41): 24
LogDevObjectVersion:   Dev-Framework (CFFC743F-43B0-4480-9391-14DF171D2073): 34
LogDevObjectVersion:   Dev-Mobile (B02B49B5-BB20-44E9-A304-32B752E40360): 2
LogDevObjectVersion:   Dev-Networking (A4E4105C-59A1-49B5-A7C5-40C4547EDFEE): 0
LogDevObjectVersion:   Dev-Online (39C831C9-5AE6-47DC-9A44-9C173E1C8E7C): 0
LogDevObjectVersion:   Dev-Physics (78F01B33-EBEA-4F98-B9B4-84EACCB95AA2): 0
LogDevObjectVersion:   Dev-Platform (6631380F-2D4D-43E0-8009-CF276956A95A): 0
LogDevObjectVersion:   Dev-Rendering (12F88B9F-8875-4AFC-A67C-D90C383ABD29): 26
LogDevObjectVersion:   Dev-Sequencer (7B5AE74C-D270-4C10-A958-57980B212A5A): 9
LogDevObjectVersion:   Dev-VR (D7296918-1DD6-4BDD-9DE2-64A83CC13884): 2
LogDevObjectVersion:   Dev-LoadTimes (C2A15278-BFE7-4AFE-6C17-90FF531DF755): 1
LogDevObjectVersion:   Private-Geometry (6EACA3D4-40EC-4CC1-B786-8BED09428FC5): 3
LogDevObjectVersion:   Dev-AnimPhys (29E575DD-E0A3-4627-9D10-D276232CDCEA): 17
LogDevObjectVersion:   Dev-ReflectionCapture (6B266CEC-1EC7-4B8F-A30B-E4D90942FC07): 1
LogDevObjectVersion:   Dev-Automation (0DF73D61-A23F-47EA-B727-89E90C41499A): 1
LogDevObjectVersion:   FortniteMain (601D1886-AC64-4F84-AA16-D3DE0DEAC7D6): 12
LogDevObjectVersion:   Dev-Enterprise (9DFFBCD6-494F-0158-E221-12823C92A888): 1
LogStreaming: Display: Took  0.002s to delete old logs.
LogInit: Presizing for max 8388607 objects, including 0 objects not considered by GC, pre-allocating 0 bytes for permanent pool.
LogInit: Object subsystem initialized
[2018.09.17-22.41.03:360][  0]LogInit: Selected Device Profile: [Windows]
[2018.09.17-22.41.03:360][  0]LogInit: Applying CVar settings loaded from the selected device profile: [Windows]
[2018.09.17-22.41.03:371][  0]LogHAL: Display: Platform has ~ 16 GB [17136578560 / 17179869184 / 16], which maps to Larger [LargestMinGB=32, LargerMinGB=12, DefaultMinGB=8, SmallerMinGB=6, SmallestMinGB=0)
[2018.09.17-22.41.03:371][  0]LogInit: Setting Device Profile CVar: [[r.Vulkan.UseRealUBs:1]]
[2018.09.17-22.41.03:371][  0]LogInit: Going up to parent DeviceProfile []
[2018.09.17-22.41.03:372][  0]LogInit: Computer: DESKTOP-1FJRS5V
[2018.09.17-22.41.03:372][  0]LogInit: User: User
[2018.09.17-22.41.03:372][  0]LogInit: CPU Page size=4096, Cores=4
[2018.09.17-22.41.03:372][  0]LogInit: High frequency timer resolution =2.929687 MHz
[2018.09.17-22.41.03:372][  0]LogMemory: Memory total: Physical=16.0GB (16GB approx)
[2018.09.17-22.41.03:372][  0]LogMemory: Platform Memory Stats for Windows
[2018.09.17-22.41.03:372][  0]LogMemory: Process Physical Memory: 102.25 MB used, 102.25 MB peak
[2018.09.17-22.41.03:372][  0]LogMemory: Process Virtual Memory: 97.52 MB used, 97.52 MB peak
[2018.09.17-22.41.03:372][  0]LogMemory: Physical Memory: 4231.52 MB used,  12111.19 MB free, 16342.71 MB total
[2018.09.17-22.41.03:372][  0]LogMemory: Virtual Memory: 4638.43 MB used,  12111.19 MB free, 134217728.00 MB total
[2018.09.17-22.41.03:388][  0]LogInit: Using OS detected language (ru-RU).
[2018.09.17-22.41.03:388][  0]LogInit: Using OS detected locale (ru-UA).
[2018.09.17-22.41.03:389][  0]LogTextLocalizationManager: No specific localization for 'ru-RU' exists, so the 'ru' localization will be used.
[2018.09.17-22.41.03:390][  0]LogStreaming: Display: Took  0.002s to InitEngineTextLocalization.
[2018.09.17-22.41.03:390][  0]LogInit: Setting process to per monitor DPI aware
[2018.09.17-22.41.03:410][  0]LogSlate: New Slate User Created.  User Index 0, Is Virtual User: 0
[2018.09.17-22.41.03:410][  0]LogSlate: Slate User Registered.  User Index 0, Is Virtual User: 0
[2018.09.17-22.41.03:574][  0]LogHMD: Failed to initialize OpenVR with code 110
[2018.09.17-22.41.03:574][  0]LogD3D11RHI: D3D11 adapters:
[2018.09.17-22.41.03:610][  0]LogD3D11RHI:    0. 'NVIDIA GeForce GTX 1050' (Feature Level 11_0)
[2018.09.17-22.41.03:610][  0]LogD3D11RHI:       1977/0/8171 MB DedicatedVideo/DedicatedSystem/SharedSystem, Outputs:1, VendorId:0x10de
[2018.09.17-22.41.03:612][  0]LogD3D11RHI:    1. 'Microsoft Basic Render Driver' (Feature Level 11_0)
[2018.09.17-22.41.03:612][  0]LogD3D11RHI:       0/0/8171 MB DedicatedVideo/DedicatedSystem/SharedSystem, Outputs:0, VendorId:0x1414
[2018.09.17-22.41.03:612][  0]LogD3D11RHI: Chosen D3D11 Adapter: 0
[2018.09.17-22.41.03:617][  0]LogD3D11RHI: Creating new Direct3DDevice
[2018.09.17-22.41.03:617][  0]LogD3D11RHI:     GPU DeviceId: 0x1c81 (for the marketing name, search the web for "GPU Device Id")
[2018.09.17-22.41.03:617][  0]LogWindows: EnumDisplayDevices:
[2018.09.17-22.41.03:617][  0]LogWindows:    0. 'NVIDIA GeForce GTX 1050' (P:1 D:1)
[2018.09.17-22.41.03:617][  0]LogWindows:    1. 'NVIDIA GeForce GTX 1050' (P:0 D:0)
[2018.09.17-22.41.03:617][  0]LogWindows:    2. 'NVIDIA GeForce GTX 1050' (P:0 D:0)
[2018.09.17-22.41.03:617][  0]LogWindows:    3. 'NVIDIA GeForce GTX 1050' (P:0 D:0)
[2018.09.17-22.41.03:618][  0]LogWindows: DebugString: FoundDriverCount:4 
[2018.09.17-22.41.03:618][  0]LogD3D11RHI:     Adapter Name: NVIDIA GeForce GTX 1050
[2018.09.17-22.41.03:618][  0]LogD3D11RHI:   Driver Version: 390.77 (internal:23.21.13.9077, unified:390.77)
[2018.09.17-22.41.03:618][  0]LogD3D11RHI:      Driver Date: 1-23-2018
[2018.09.17-22.41.03:618][  0]LogRHI: Texture pool is 1384 MB (70% of 1977 MB)
[2018.09.17-22.41.03:644][  0]LogD3D11RHI: Async texture creation enabled
[2018.09.17-22.41.03:661][  0]LogD3D11RHI: GPU Timing Frequency: 1000.000000 (Debug: 2 2)
[2018.09.17-22.41.03:663][  0]LogShaderCompilers: Guid format shader working directory is -6 characters bigger than the processId version (C:/Users/User/Documents/Unreal Projects/parkour_sys/Intermediate/Shaders/WorkingDirectory/9200/).
[2018.09.17-22.41.03:663][  0]LogShaderCompilers: Cleaned the shader compiler working directory 'C:/Users/User/AppData/Local/Temp/UnrealShaderWorkingDir/8B5ED11341E7A575211F0FBE15669977/'.
[2018.09.17-22.41.03:940][  0]LogTemp: Display: Loaded TP AllDesktopTargetPlatform
[2018.09.17-22.41.03:953][  0]LogTemp: Display: Loaded TP MacClientTargetPlatform
[2018.09.17-22.41.03:965][  0]LogTemp: Display: Loaded TP MacNoEditorTargetPlatform
[2018.09.17-22.41.03:977][  0]LogTemp: Display: Loaded TP MacServerTargetPlatform
[2018.09.17-22.41.03:991][  0]LogTemp: Display: Loaded TP MacTargetPlatform
[2018.09.17-22.41.04:003][  0]LogTemp: Display: Loaded TP WindowsClientTargetPlatform
[2018.09.17-22.41.04:017][  0]LogTemp: Display: Loaded TP WindowsNoEditorTargetPlatform
[2018.09.17-22.41.04:030][  0]LogTemp: Display: Loaded TP WindowsServerTargetPlatform
[2018.09.17-22.41.04:035][  0]LogTemp: Display: Loaded TP WindowsTargetPlatform
[2018.09.17-22.41.04:119][  0]LogTemp: Display: Loaded TP AndroidTargetPlatform
[2018.09.17-22.41.04:119][  0]LogTemp: Display: Loaded TP AndroidTargetPlatform
[2018.09.17-22.41.04:119][  0]LogTemp: Display: Loaded TP AndroidTargetPlatform
[2018.09.17-22.41.04:119][  0]LogTemp: Display: Loaded TP AndroidTargetPlatform
[2018.09.17-22.41.04:119][  0]LogTemp: Display: Loaded TP AndroidTargetPlatform
[2018.09.17-22.41.04:119][  0]LogTemp: Display: Loaded TP AndroidTargetPlatform
[2018.09.17-22.41.04:119][  0]LogTemp: Display: Loaded TP AndroidTargetPlatform
[2018.09.17-22.41.04:119][  0]LogTemp: Display: Loaded TP AndroidTargetPlatform
[2018.09.17-22.41.04:119][  0]LogTemp: Display: Loaded TP AndroidTargetPlatform
[2018.09.17-22.41.04:119][  0]LogTemp: Display: Loaded TP AndroidTargetPlatform
[2018.09.17-22.41.04:119][  0]LogTemp: Display: Loaded TP AndroidTargetPlatform
[2018.09.17-22.41.04:119][  0]LogTemp: Display: Loaded TP AndroidTargetPlatform
[2018.09.17-22.41.04:119][  0]LogTemp: Display: Loaded TP AndroidTargetPlatform
[2018.09.17-22.41.04:119][  0]LogTemp: Display: Loaded TP AndroidTargetPlatform
[2018.09.17-22.41.04:119][  0]LogTemp: Display: Loaded TP AndroidTargetPlatform
[2018.09.17-22.41.04:119][  0]LogTemp: Display: Loaded TP AndroidTargetPlatform
[2018.09.17-22.41.04:119][  0]LogTemp: Display: Loaded TP AndroidTargetPlatform
[2018.09.17-22.41.04:119][  0]LogTemp: Display: Loaded TP AndroidTargetPlatform
[2018.09.17-22.41.04:120][  0]LogTemp: Display: Loaded TP HTML5TargetPlatform
[2018.09.17-22.41.04:179][  0]LogTemp: Display: Loaded TP IOSTargetPlatform
[2018.09.17-22.41.04:179][  0]LogTemp: Display: Loaded TP IOSTargetPlatform
[2018.09.17-22.41.04:202][  0]LogTemp: Display: Loaded TP TVOSTargetPlatform
[2018.09.17-22.41.04:202][  0]LogTemp: Display: Loaded TP TVOSTargetPlatform
[2018.09.17-22.41.04:215][  0]LogTemp: Display: Loaded TP LinuxClientTargetPlatform
[2018.09.17-22.41.04:228][  0]LogTemp: Display: Loaded TP LinuxNoEditorTargetPlatform
[2018.09.17-22.41.04:241][  0]LogTemp: Display: Loaded TP LinuxServerTargetPlatform
[2018.09.17-22.41.04:254][  0]LogTemp: Display: Loaded TP LinuxTargetPlatform
[2018.09.17-22.41.04:263][  0]LogTemp: Display: Loaded TP LuminTargetPlatform
[2018.09.17-22.41.04:263][  0]LogTargetPlatformManager: Display: Building Assets For Windows
[2018.09.17-22.41.04:304][  0]LogXGEController: Cleaning working directory: C:/Users/User/AppData/Local/Temp/UnrealXGEWorkingDir/
[2018.09.17-22.41.04:304][  0]LogXGEController: Cannot use XGE Controller as Incredibuild is not installed on this machine.
[2018.09.17-22.41.04:304][  0]LogShaderCompilers: Cannot use XGE Shader Compiler as Incredibuild is not installed on this machine.
[2018.09.17-22.41.04:304][  0]LogShaderCompilers: Display: Using Local Shader Compiler.
[2018.09.17-22.41.04:971][  0]LogDerivedDataCache: Display: Max Cache Size: 512 MB
[2018.09.17-22.41.05:025][  0]LogDerivedDataCache: Loaded boot cache 0.05s 71MB C:/Users/User/AppData/Local/UnrealEngine/4.20/DerivedDataCache/Boot.ddc.
[2018.09.17-22.41.05:025][  0]LogDerivedDataCache: Display: Loaded Boot cache: C:/Users/User/AppData/Local/UnrealEngine/4.20/DerivedDataCache/Boot.ddc
[2018.09.17-22.41.05:025][  0]LogDerivedDataCache: FDerivedDataBackendGraph:  Pak pak cache file C:/Users/User/Documents/Unreal Projects/parkour_sys/DerivedDataCache/DDC.ddp not found, will not use a pak cache.
[2018.09.17-22.41.05:025][  0]LogDerivedDataCache: Unable to find inner node Pak for hierarchical cache Hierarchy.
[2018.09.17-22.41.05:025][  0]LogDerivedDataCache: FDerivedDataBackendGraph:  CompressedPak pak cache file C:/Users/User/Documents/Unreal Projects/parkour_sys/DerivedDataCache/Compressed.ddp not found, will not use a pak cache.
[2018.09.17-22.41.05:025][  0]LogDerivedDataCache: Unable to find inner node CompressedPak for hierarchical cache Hierarchy.
[2018.09.17-22.41.05:038][  0]LogDerivedDataCache: Display: Pak cache opened for reading ../../../Engine/DerivedDataCache/Compressed.ddp.
[2018.09.17-22.41.05:051][  0]LogDerivedDataCache: Using Local data cache path C:/Users/User/AppData/Local/UnrealEngine/Common/DerivedDataCache: Writable
[2018.09.17-22.41.05:051][  0]LogDerivedDataCache: Shared data cache path not found in *engine.ini, will not use an Shared cache.
[2018.09.17-22.41.05:051][  0]LogDerivedDataCache: Unable to find inner node Shared for hierarchical cache Hierarchy.
[2018.09.17-22.41.05:068][  0]LogMaterial: Verifying Global Shaders for PCD3D_SM5
[2018.09.17-22.41.05:069][  0]LogSlate: Using FreeType 2.6.0
[2018.09.17-22.41.05:070][  0]LogSlate: SlateFontServices - WITH_FREETYPE: 1, WITH_HARFBUZZ: 1
[2018.09.17-22.41.05:143][  0]LogAssetRegistry: FAssetRegistry took 0.0261 seconds to start up
[2018.09.17-22.41.05:450][  0]LogInit: Selected Device Profile: [Windows]
[2018.09.17-22.41.05:575][  0]LogSimplygon: Simplygon DLL not present - disabling.
[2018.09.17-22.41.05:577][  0]LogMeshReduction: Using SimplygonSwarm for distributed automatic mesh merging
[2018.09.17-22.41.05:577][  0]LogMeshReduction: Using ProxyLODMeshReduction for automatic mesh merging
[2018.09.17-22.41.05:577][  0]LogMeshReduction: Using QuadricMeshReduction for automatic static mesh reduction
[2018.09.17-22.41.05:578][  0]LogMeshReduction: No automatic skeletal mesh reduction module available
[2018.09.17-22.41.05:589][  0]LogNetVersion: parkour_sys 1.0.0, NetCL: 4212847, EngineNetVer: 5, GameNetVer: 0 (Checksum: 2775540849)
[2018.09.17-22.41.06:047][  0]LogPackageLocalizationCache: Processed 11 localized package path(s) for 2 prioritized culture(s) in 0.091007 seconds
[2018.09.17-22.41.06:053][  0]LogUObjectArray: 38425 objects as part of root set at end of initial load.
[2018.09.17-22.41.06:054][  0]LogUObjectAllocator: 6690872 out of 0 bytes used by permanent object pool.
[2018.09.17-22.41.06:054][  0]LogUObjectArray: CloseDisregardForGC: 0/0 objects in disregard for GC pool
[2018.09.17-22.41.06:833][  0]LogTcpMessaging: Initializing TcpMessaging bridge
[2018.09.17-22.41.06:846][  0]LogUdpMessaging: Initializing bridge on interface 0.0.0.0:0 to multicast group 230.0.0.1:6666.
[2018.09.17-22.41.06:979][  0]SourceControl: Source control is disabled
[2018.09.17-22.41.06:979][  0]SourceControl: Source control is disabled
[2018.09.17-22.41.06:980][  0]SourceControl: Source control is disabled
[2018.09.17-22.41.06:981][  0]SourceControl: Source control is disabled
[2018.09.17-22.41.07:133][  0]LogAndroidPermission: UAndroidPermissionCallbackProxy::GetInstance
[2018.09.17-22.41.07:181][  0]LogOcInput: OculusInput pre-init called
[2018.09.17-22.41.07:236][  0]LogEngine: Initializing Engine...
[2018.09.17-22.41.07:236][  0]LogHMD: Failed to initialize OpenVR with code 110
[2018.09.17-22.41.07:238][  0]LogStats: UGameplayTagsManager::ConstructGameplayTagTree: ImportINI prefixes -  0.000 s
[2018.09.17-22.41.07:238][  0]LogStats: UGameplayTagsManager::ConstructGameplayTagTree: Construct from data asset -  0.000 s
[2018.09.17-22.41.07:238][  0]LogStats: UGameplayTagsManager::ConstructGameplayTagTree: ImportINI -  0.000 s
[2018.09.17-22.41.07:238][  0]LogStats: UGameplayTagsManager::ConstructGameplayTagTree: GameplayTagTreeChangedEvent.Broadcast -  0.000 s
[2018.09.17-22.41.07:436][  0]LogInit: Initializing FReadOnlyCVARCache
[2018.09.17-22.41.07:445][  0]LogAIModule: Creating AISystem for world Untitled
[2018.09.17-22.41.07:458][  0]LogInit: XAudio2 using 'Динамики (Realtek High Definition Audio)' : 2 channels at 48 kHz using 32 bits per sample (channel mask 0x3)
[2018.09.17-22.41.07:475][  0]LogInit: FAudioDevice initialized.
[2018.09.17-22.41.07:475][  0]LogNetVersion: Set ProjectVersion to 1.0.0.0. Version Checksum will be recalculated on next use.
[2018.09.17-22.41.07:604][  0]LogDerivedDataCache: Saved boot cache 0.13s 71MB C:/Users/User/AppData/Local/UnrealEngine/4.20/DerivedDataCache/Boot.ddc.
[2018.09.17-22.41.07:613][  0]LogInit: Texture streaming: Enabled
[2018.09.17-22.41.07:624][  0]LogEngineSessionManager: EngineSessionManager initialized
[2018.09.17-22.41.07:634][  0]LogInit: Transaction tracking system initialized
[2018.09.17-22.41.07:649][  0]BlueprintLog: New page: Editor Load
[2018.09.17-22.41.07:702][  0]LocalizationService: Localization service is disabled
[2018.09.17-22.41.07:927][  0]LogCook: Display: Max memory allowance for cook 16384mb min free memory 0mb
[2018.09.17-22.41.07:927][  0]LogCook: Display: Mobile HDR setting 1
[2018.09.17-22.41.07:927][  0]LogGameplayTags: Display: UGameplayTagsManager::DoneAddingNativeTags. DelegateIsBound: 0
[2018.09.17-22.41.07:927][  0]LogStats: UGameplayTagsManager::ConstructGameplayTagTree: ImportINI prefixes -  0.000 s
[2018.09.17-22.41.07:927][  0]LogStats: UGameplayTagsManager::ConstructGameplayTagTree: Construct from data asset -  0.000 s
[2018.09.17-22.41.07:927][  0]LogStats: UGameplayTagsManager::ConstructGameplayTagTree: ImportINI -  0.000 s
[2018.09.17-22.41.07:927][  0]LogStats: UGameplayTagsManager::ConstructGameplayTagTree: GameplayTagTreeChangedEvent.Broadcast -  0.000 s
[2018.09.17-22.41.08:020][  0]LogFileCache: Scanning file cache for directory 'C:/Users/User/Documents/Unreal Projects/parkour_sys/Content/' took 0.01s
[2018.09.17-22.41.08:020][  0]SourceControl: Source control is disabled
[2018.09.17-22.41.08:020][  0]Cmd: MAP LOAD FILE="C:/Users/User/Documents/Unreal Projects/parkour_sys/Content/ThirdPersonBP/Maps/ThirdPersonExampleMap.umap" TEMPLATE=0 SHOWPROGRESS=1 FEATURELEVEL=3
[2018.09.17-22.41.08:021][  0]LightingResults: New page: Lighting Build
[2018.09.17-22.41.08:022][  0]MapCheck: New page: Map Check
[2018.09.17-22.41.08:022][  0]LightingResults: New page: Lighting Build
[2018.09.17-22.41.08:962][  0]LogLinker: Warning: Can't find file '/Game/Particle/Particles/Materials/m_flare_01'
[2018.09.17-22.41.08:962][  0]LogLinker: Warning: Can't find file for asset '/Game/Particle/Particles/Materials/m_flare_01' while loading C:/Users/User/Documents/Unreal Projects/parkour_sys/Content/Particle/P_Explosion.uasset.
[2018.09.17-22.41.08:962][  0]LoadErrors: Error: /Game/Particle/P_Explosion : Can't find file for asset. /Game/Particle/Particles/Materials/m_flare_01
[2018.09.17-22.41.08:962][  0]LogLinker: Warning: Can't find file '/Game/Particle/Particles/Materials/m_flare_01'
[2018.09.17-22.41.08:962][  0]LogLinker: Warning: Can't find file for asset '/Game/Particle/Particles/Materials/m_flare_01' while loading C:/Users/User/Documents/Unreal Projects/parkour_sys/Content/Particle/P_Explosion.uasset.
[2018.09.17-22.41.08:963][  0]LoadErrors: Error: /Game/Particle/P_Explosion : Can't find file for asset. /Game/Particle/Particles/Materials/m_flare_01
[2018.09.17-22.41.09:044][  0]LogLinker: Warning: Can't find file '/Game/Particle/Particles/Materials/m_flare_01'
[2018.09.17-22.41.09:044][  0]LoadErrors: Failed to load /Game/Particle/Particles/Materials/m_flare_01.m_flare_01 Referenced by ParticleModuleRequired_4
[2018.09.17-22.41.09:044][  0]LogLinker: Warning: Can't find file for asset '/Game/Particle/Particles/Materials/m_flare_01' while loading NULL.
[2018.09.17-22.41.09:044][  0]LoadErrors: Failed to load /Game/Particle/Particles/Materials/m_flare_01.m_flare_01 Referenced by ParticleModuleRequired_4
[2018.09.17-22.41.09:902][  0]LogTexture: Display: Building textures: HQ_Lightmap1_2 (AutoDXT, 512X512)
[2018.09.17-22.41.09:902][  0]LogTexture: Display: Building textures: HQ_Lightmap1_1 (AutoDXT, 1024X1024)
[2018.09.17-22.41.09:902][  0]LogTexture: Display: Building textures: HQ_Lightmap1_3 (AutoDXT, 64X64)
[2018.09.17-22.41.09:902][  0]LogTexture: Display: Building textures: LQ_Lightmap_1_1 (DXT1, 1024X1024)
[2018.09.17-22.41.09:902][  0]LogTexture: Display: Building textures: LQ_Lightmap_1_2 (DXT1, 512X512)
[2018.09.17-22.41.09:902][  0]LogTexture: Display: Building textures: LQ_Lightmap_1_3 (DXT1, 64X64)
[2018.09.17-22.41.09:902][  0]LogTexture: Display: Building textures: SkyOcclusion1_1 (AutoDXT, 1024X512)
[2018.09.17-22.41.09:902][  0]LogTexture: Display: Building textures: SkyOcclusion1_2 (AutoDXT, 512X256)
[2018.09.17-22.41.09:902][  0]LogTexture: Display: Building textures: SkyOcclusion1_3 (AutoDXT, 64X32)
[2018.09.17-22.41.09:944][  0]LogAIModule: Creating AISystem for world ThirdPersonExampleMap
[2018.09.17-22.41.09:956][  0]LogEditorServer: Finished looking for orphan Actors (0.000 secs)
[2018.09.17-22.41.09:987][  0]Cmd: MAP CHECKDEP NOCLEARLOG
[2018.09.17-22.41.10:043][  0]MapCheck: Map check complete: 0 Error(s), 0 Warning(s), took 56,53ms to complete.
[2018.09.17-22.41.10:043][  0]LogFileHelpers: Loading map 'ThirdPersonExampleMap' took 2.022
[2018.09.17-22.41.10:129][  0]LogSlate: Updating window title bar state: overlay mode, drag disabled, window buttons hidden, title bar hidden
[2018.09.17-22.41.10:137][  0]LogSlate: Updating window title bar state: overlay mode, drag disabled, window buttons hidden, title bar hidden
[2018.09.17-22.41.10:144][  0]LogSlate: Updating window title bar state: overlay mode, drag disabled, window buttons hidden, title bar hidden
[2018.09.17-22.41.10:153][  0]LogSlate: Updating window title bar state: overlay mode, drag disabled, window buttons hidden, title bar hidden
[2018.09.17-22.41.10:160][  0]LogCollectionManager: Loaded 0 collections in 0.000756 seconds
[2018.09.17-22.41.10:198][  0]LogFileCache: Scanning file cache for directory 'C:/Users/User/Documents/Unreal Projects/parkour_sys/Saved/Collections/' took 0.01s
[2018.09.17-22.41.10:199][  0]LogFileCache: Scanning file cache for directory 'C:/Users/User/Documents/Unreal Projects/parkour_sys/Content/Developers/User/Collections/' took 0.01s
[2018.09.17-22.41.10:199][  0]LogFileCache: Scanning file cache for directory 'C:/Users/User/Documents/Unreal Projects/parkour_sys/Content/Collections/' took 0.01s
[2018.09.17-22.41.10:199][  0]LogCollectionManager: Rebuilt the GUID cache for 0 collections in 0.000000 seconds
[2018.09.17-22.41.10:208][  0]LogContentBrowser: Native class hierarchy populated in 0.0094 seconds. Added 2580 classes and 607 folders.
[2018.09.17-22.41.10:214][  0]LogContentBrowser: Native class hierarchy updated for 'WidgetCarousel' in 0.0002 seconds. Added 0 classes and 0 folders.
[2018.09.17-22.41.10:248][  0]LogContentBrowser: Native class hierarchy updated for 'AddContentDialog' in 0.0002 seconds. Added 0 classes and 0 folders.
[2018.09.17-22.41.10:264][  0]LogSlate: Took 0.000186 seconds to synchronously load lazily loaded font '../../../Engine/Content/Slate/Fonts/Roboto-Regular.ttf' (155K)
[2018.09.17-22.41.10:267][  0]LogSlate: Took 0.000178 seconds to synchronously load lazily loaded font '../../../Engine/Content/Slate/Fonts/Roboto-Bold.ttf' (160K)
[2018.09.17-22.41.10:270][  0]LogSlate: Took 0.000249 seconds to synchronously load lazily loaded font '../../../Engine/Content/Editor/Slate/Fonts/FontAwesome.ttf' (139K)
[2018.09.17-22.41.10:353][  0]LogRenderer: Reallocating scene render targets to support 1072x924 Format 9 NumSamples 1 (Frame:1).
[2018.09.17-22.41.10:456][  0]LogContentBrowser: Native class hierarchy updated for 'HierarchicalLODOutliner' in 0.0003 seconds. Added 0 classes and 0 folders.
[2018.09.17-22.41.10:456][  0]LogLoad: (Engine Initialization) Total time: 8.30 seconds
[2018.09.17-22.41.10:456][  0]LogLoad: (Engine Initialization) Total Blueprint compile time: 0.00 seconds
[2018.09.17-22.41.10:493][  0]LogContentStreaming: Texture pool size now 800 MB
[2018.09.17-22.41.10:497][  0]LogSlate: FSceneViewport::OnFocusLost() reason 2
[2018.09.17-22.41.10:664][  1]LogAssetRegistry: Asset discovery search completed in 5.5427 seconds
[2018.09.17-22.41.10:666][  1]LogCollectionManager: Rebuilt the object cache for 0 collections in 0.000000 seconds (found 0 objects)
[2018.09.17-22.41.10:666][  1]LogCollectionManager: Fixed up redirectors for 0 collections in 0.000055 seconds (updated 0 objects)
[2018.09.17-22.41.18:874][293]LogSlate: Window 'Message Log' being destroyed
[2018.09.17-22.41.18:877][293]LogSlate: Window 'Message Log' being destroyed
[2018.09.17-22.41.21:009][542]LogSlate: FSceneViewport::OnFocusLost() reason 0
[2018.09.17-22.41.21:084][551]LogTemp: Repeating last play command: New Editor Window (PIE)
[2018.09.17-22.41.21:106][551]LogBlueprintUserMessages: Early PlayInEditor Detection: Level '/Game/ThirdPersonBP/Maps/ThirdPersonExampleMap.ThirdPersonExampleMap:PersistentLevel' has LevelScriptBlueprint '/Game/ThirdPersonBP/Maps/ThirdPersonExampleMap.ThirdPersonExampleMap:PersistentLevel.ThirdPersonExampleMap' with GeneratedClass '/Game/ThirdPersonBP/Maps/ThirdPersonExampleMap.ThirdPersonExampleMap_C' with ClassGeneratedBy '/Game/ThirdPersonBP/Maps/ThirdPersonExampleMap.ThirdPersonExampleMap:PersistentLevel.ThirdPersonExampleMap'
[2018.09.17-22.41.21:107][551]LogPlayLevel: PlayLevel: No blueprints needed recompiling
[2018.09.17-22.41.21:118][551]PIE: New page: PIE session: ThirdPersonExampleMap (18 сент. 2018, 04:41:21)
[2018.09.17-22.41.21:118][551]LogPlayLevel: Creating play world package: /Game/ThirdPersonBP/Maps/UEDPIE_0_ThirdPersonExampleMap
[2018.09.17-22.41.21:139][551]LogPlayLevel: PIE: StaticDuplicateObject took: (0.020381s)
[2018.09.17-22.41.21:140][551]LogAIModule: Creating AISystem for world ThirdPersonExampleMap
[2018.09.17-22.41.21:140][551]LogPlayLevel: PIE: World Init took: (0.001118s)
[2018.09.17-22.41.21:140][551]LogPlayLevel: PIE: Created PIE world by copying editor world from /Game/ThirdPersonBP/Maps/ThirdPersonExampleMap.ThirdPersonExampleMap to /Game/ThirdPersonBP/Maps/UEDPIE_0_ThirdPersonExampleMap.ThirdPersonExampleMap (0.021676s)
[2018.09.17-22.41.21:167][551]LogInit: XAudio2 using 'Динамики (Realtek High Definition Audio)' : 2 channels at 48 kHz using 32 bits per sample (channel mask 0x3)
[2018.09.17-22.41.21:179][551]LogInit: FAudioDevice initialized.
[2018.09.17-22.41.21:186][551]LogSlate: Updating window title bar state: overlay mode, drag disabled, window buttons hidden, title bar hidden
[2018.09.17-22.41.21:235][551]LogLoad: Game class is 'ThirdPersonGameMode_C'
[2018.09.17-22.41.21:238][551]LogWorld: Bringing World /Game/ThirdPersonBP/Maps/UEDPIE_0_ThirdPersonExampleMap.ThirdPersonExampleMap up for play (max tick rate 0) at 2018.09.18-01.41.21
[2018.09.17-22.41.21:240][551]LogWorld: Bringing up level for play took: 0.003409
[2018.09.17-22.41.21:255][551]LogContentBrowser: Native class hierarchy updated for 'MovieSceneCapture' in 0.0004 seconds. Added 10 classes and 0 folders.
[2018.09.17-22.41.21:262][551]PIE: Play in editor start time for /Game/ThirdPersonBP/Maps/UEDPIE_0_ThirdPersonExampleMap 0,153
[2018.09.17-22.41.21:263][551]LogBlueprintUserMessages: Late PlayInEditor Detection: Level '/Game/ThirdPersonBP/Maps/ThirdPersonExampleMap.ThirdPersonExampleMap:PersistentLevel' has LevelScriptBlueprint '/Game/ThirdPersonBP/Maps/ThirdPersonExampleMap.ThirdPersonExampleMap:PersistentLevel.ThirdPersonExampleMap' with GeneratedClass '/Game/ThirdPersonBP/Maps/ThirdPersonExampleMap.ThirdPersonExampleMap_C' with ClassGeneratedBy '/Game/ThirdPersonBP/Maps/ThirdPersonExampleMap.ThirdPersonExampleMap:PersistentLevel.ThirdPersonExampleMap'
[2018.09.17-22.41.21:286][551]LogRenderer: Reallocating scene render targets to support 1452x936 Format 9 NumSamples 1 (Frame:1).
[2018.09.17-22.41.27:502][284]LogBlueprintUserMessages: Early EndPlayMap Detection: Level '/Game/ThirdPersonBP/Maps/ThirdPersonExampleMap.ThirdPersonExampleMap:PersistentLevel' has LevelScriptBlueprint '/Game/ThirdPersonBP/Maps/ThirdPersonExampleMap.ThirdPersonExampleMap:PersistentLevel.ThirdPersonExampleMap' with GeneratedClass '/Game/ThirdPersonBP/Maps/ThirdPersonExampleMap.ThirdPersonExampleMap_C' with ClassGeneratedBy '/Game/ThirdPersonBP/Maps/ThirdPersonExampleMap.ThirdPersonExampleMap:PersistentLevel.ThirdPersonExampleMap'
[2018.09.17-22.41.27:502][284]LogSlate: Updating window title bar state: overlay mode, drag disabled, window buttons hidden, title bar hidden
[2018.09.17-22.41.27:524][284]LogSlate: Window 'parkour_sys Game Preview Standalone (64-bit/PCD3D_SM5)' being destroyed
[2018.09.17-22.41.27:557][284]LogPlayLevel: Display: Shutting down PIE online subsystems
[2018.09.17-22.41.27:558][284]LogBlueprintUserMessages: Late EndPlayMap Detection: Level '/Game/ThirdPersonBP/Maps/ThirdPersonExampleMap.ThirdPersonExampleMap:PersistentLevel' has LevelScriptBlueprint '/Game/ThirdPersonBP/Maps/ThirdPersonExampleMap.ThirdPersonExampleMap:PersistentLevel.ThirdPersonExampleMap' with GeneratedClass '/Game/ThirdPersonBP/Maps/ThirdPersonExampleMap.ThirdPersonExampleMap_C' with ClassGeneratedBy '/Game/ThirdPersonBP/Maps/ThirdPersonExampleMap.ThirdPersonExampleMap:PersistentLevel.ThirdPersonExampleMap'
[2018.09.17-22.41.27:615][285]LogPlayLevel: Display: Destroying online subsystem :Context_3
[2018.09.17-22.41.29:200][473]LogEditorViewport: Clicking on Actor (LMB): StaticMeshActor (Floor2)
[2018.09.17-22.41.41:301][819]Cmd: TRANSACTION UNDO
[2018.09.17-22.41.41:301][819]LogEditorTransaction: Undo Move Actors
[2018.09.17-22.41.41:309][819]LogSlate: Took 0.000192 seconds to synchronously load lazily loaded font '../../../Engine/Content/Slate/Fonts/Roboto-Light.ttf' (167K)
[2018.09.17-22.41.41:749][861]Cmd: TRANSACTION UNDO
[2018.09.17-22.41.41:749][861]LogEditorTransaction: Undo Move Actors
[2018.09.17-22.41.42:337][927]Cmd: TRANSACTION UNDO
[2018.09.17-22.41.42:337][927]LogEditorTransaction: Undo Move Actors
[2018.09.17-22.41.42:901][992]Cmd: TRANSACTION UNDO
[2018.09.17-22.41.42:901][992]LogEditorTransaction: Undo Move Actors
[2018.09.17-22.41.46:596][379]LogEditorViewport: Clicking on Actor (LMB): LightmassImportanceVolume (LightmassImportanceVolume)
[2018.09.17-22.41.48:001][518]LogEditorViewport: Clicking on Actor (LMB): StaticMeshActor (Floor)
[2018.09.17-22.41.48:827][603]LogEditorViewport: Clicking on Actor (LMB): StaticMeshActor (Floor)
[2018.09.17-22.41.49:525][684]LogEditorViewport: Clicking on Actor (LMB): StaticMeshActor (Floor)
[2018.09.17-22.41.49:989][737]LogEditorViewport: Clicking on Actor (LMB): StaticMeshActor (Floor)
[2018.09.17-22.41.51:902][922]LogEditorViewport: Clicking on Actor (LMB): LightmassImportanceVolume (LightmassImportanceVolume)
[2018.09.17-22.41.56:419][432]LogSlate: FSceneViewport::OnFocusLost() reason 0
[2018.09.17-22.42.00:430][898]LogSlate: FSceneViewport::OnFocusLost() reason 0
[2018.09.17-22.42.00:521][909]LogTemp: Repeating last play command: New Editor Window (PIE)
[2018.09.17-22.42.00:543][909]LogBlueprintUserMessages: Early PlayInEditor Detection: Level '/Game/ThirdPersonBP/Maps/ThirdPersonExampleMap.ThirdPersonExampleMap:PersistentLevel' has LevelScriptBlueprint '/Game/ThirdPersonBP/Maps/ThirdPersonExampleMap.ThirdPersonExampleMap:PersistentLevel.ThirdPersonExampleMap' with GeneratedClass '/Game/ThirdPersonBP/Maps/ThirdPersonExampleMap.ThirdPersonExampleMap_C' with ClassGeneratedBy '/Game/ThirdPersonBP/Maps/ThirdPersonExampleMap.ThirdPersonExampleMap:PersistentLevel.ThirdPersonExampleMap'
[2018.09.17-22.42.00:544][909]LogPlayLevel: PlayLevel: No blueprints needed recompiling
[2018.09.17-22.42.00:544][909]PIE: New page: PIE session: ThirdPersonExampleMap (18 сент. 2018, 04:42:00)
[2018.09.17-22.42.00:544][909]LogPlayLevel: Creating play world package: /Game/ThirdPersonBP/Maps/UEDPIE_0_ThirdPersonExampleMap
[2018.09.17-22.42.00:558][909]LogPlayLevel: PIE: StaticDuplicateObject took: (0.014611s)
[2018.09.17-22.42.00:560][909]LogAIModule: Creating AISystem for world ThirdPersonExampleMap
[2018.09.17-22.42.00:560][909]LogPlayLevel: PIE: World Init took: (0.001249s)
[2018.09.17-22.42.00:560][909]LogPlayLevel: PIE: Created PIE world by copying editor world from /Game/ThirdPersonBP/Maps/ThirdPersonExampleMap.ThirdPersonExampleMap to /Game/ThirdPersonBP/Maps/UEDPIE_0_ThirdPersonExampleMap.ThirdPersonExampleMap (0.016122s)
[2018.09.17-22.42.00:588][909]LogInit: XAudio2 using 'Динамики (Realtek High Definition Audio)' : 2 channels at 48 kHz using 32 bits per sample (channel mask 0x3)
[2018.09.17-22.42.00:601][909]LogInit: FAudioDevice initialized.
[2018.09.17-22.42.00:606][909]LogSlate: Updating window title bar state: overlay mode, drag disabled, window buttons hidden, title bar hidden
[2018.09.17-22.42.00:639][909]LogLoad: Game class is 'ThirdPersonGameMode_C'
[2018.09.17-22.42.00:642][909]LogWorld: Bringing World /Game/ThirdPersonBP/Maps/UEDPIE_0_ThirdPersonExampleMap.ThirdPersonExampleMap up for play (max tick rate 0) at 2018.09.18-01.42.00
[2018.09.17-22.42.00:643][909]LogWorld: Bringing up level for play took: 0.003030
[2018.09.17-22.42.00:661][909]PIE: Play in editor start time for /Game/ThirdPersonBP/Maps/UEDPIE_0_ThirdPersonExampleMap -0,448
[2018.09.17-22.42.00:661][909]LogBlueprintUserMessages: Late PlayInEditor Detection: Level '/Game/ThirdPersonBP/Maps/ThirdPersonExampleMap.ThirdPersonExampleMap:PersistentLevel' has LevelScriptBlueprint '/Game/ThirdPersonBP/Maps/ThirdPersonExampleMap.ThirdPersonExampleMap:PersistentLevel.ThirdPersonExampleMap' with GeneratedClass '/Game/ThirdPersonBP/Maps/ThirdPersonExampleMap.ThirdPersonExampleMap_C' with ClassGeneratedBy '/Game/ThirdPersonBP/Maps/ThirdPersonExampleMap.ThirdPersonExampleMap:PersistentLevel.ThirdPersonExampleMap'
[2018.09.17-22.42.06:188][556]LogBlueprintUserMessages: Early EndPlayMap Detection: Level '/Game/ThirdPersonBP/Maps/ThirdPersonExampleMap.ThirdPersonExampleMap:PersistentLevel' has LevelScriptBlueprint '/Game/ThirdPersonBP/Maps/ThirdPersonExampleMap.ThirdPersonExampleMap:PersistentLevel.ThirdPersonExampleMap' with GeneratedClass '/Game/ThirdPersonBP/Maps/ThirdPersonExampleMap.ThirdPersonExampleMap_C' with ClassGeneratedBy '/Game/ThirdPersonBP/Maps/ThirdPersonExampleMap.ThirdPersonExampleMap:PersistentLevel.ThirdPersonExampleMap'
[2018.09.17-22.42.06:188][556]LogSlate: Updating window title bar state: overlay mode, drag disabled, window buttons hidden, title bar hidden
[2018.09.17-22.42.06:211][556]LogSlate: Window 'parkour_sys Game Preview Standalone (64-bit/PCD3D_SM5)' being destroyed
[2018.09.17-22.42.06:239][556]LogPlayLevel: Display: Shutting down PIE online subsystems
[2018.09.17-22.42.06:240][556]LogBlueprintUserMessages: Late EndPlayMap Detection: Level '/Game/ThirdPersonBP/Maps/ThirdPersonExampleMap.ThirdPersonExampleMap:PersistentLevel' has LevelScriptBlueprint '/Game/ThirdPersonBP/Maps/ThirdPersonExampleMap.ThirdPersonExampleMap:PersistentLevel.ThirdPersonExampleMap' with GeneratedClass '/Game/ThirdPersonBP/Maps/ThirdPersonExampleMap.ThirdPersonExampleMap_C' with ClassGeneratedBy '/Game/ThirdPersonBP/Maps/ThirdPersonExampleMap.ThirdPersonExampleMap:PersistentLevel.ThirdPersonExampleMap'
[2018.09.17-22.42.06:308][557]LogPlayLevel: Display: Destroying online subsystem :Context_5
[2018.09.17-22.42.08:357][796]LogEditorViewport: Clicking on Actor (LMB): NavMeshBoundsVolume (NavMeshBoundsVolume)
[2018.09.17-22.42.11:752][191]LogSlate: FSceneViewport::OnFocusLost() reason 0
[2018.09.17-22.42.11:835][201]LogTemp: Repeating last play command: New Editor Window (PIE)
[2018.09.17-22.42.11:856][201]LogBlueprintUserMessages: Early PlayInEditor Detection: Level '/Game/ThirdPersonBP/Maps/ThirdPersonExampleMap.ThirdPersonExampleMap:PersistentLevel' has LevelScriptBlueprint '/Game/ThirdPersonBP/Maps/ThirdPersonExampleMap.ThirdPersonExampleMap:PersistentLevel.ThirdPersonExampleMap' with GeneratedClass '/Game/ThirdPersonBP/Maps/ThirdPersonExampleMap.ThirdPersonExampleMap_C' with ClassGeneratedBy '/Game/ThirdPersonBP/Maps/ThirdPersonExampleMap.ThirdPersonExampleMap:PersistentLevel.ThirdPersonExampleMap'
[2018.09.17-22.42.11:856][201]LogPlayLevel: PlayLevel: No blueprints needed recompiling
[2018.09.17-22.42.11:856][201]PIE: New page: PIE session: ThirdPersonExampleMap (18 сент. 2018, 04:42:11)
[2018.09.17-22.42.11:856][201]LogPlayLevel: Creating play world package: /Game/ThirdPersonBP/Maps/UEDPIE_0_ThirdPersonExampleMap
[2018.09.17-22.42.11:870][201]LogPlayLevel: PIE: StaticDuplicateObject took: (0.013087s)
[2018.09.17-22.42.11:870][201]LogAIModule: Creating AISystem for world ThirdPersonExampleMap
[2018.09.17-22.42.11:871][201]LogPlayLevel: PIE: World Init took: (0.000969s)
[2018.09.17-22.42.11:871][201]LogPlayLevel: PIE: Created PIE world by copying editor world from /Game/ThirdPersonBP/Maps/ThirdPersonExampleMap.ThirdPersonExampleMap to /Game/ThirdPersonBP/Maps/UEDPIE_0_ThirdPersonExampleMap.ThirdPersonExampleMap (0.014211s)
[2018.09.17-22.42.11:898][201]LogInit: XAudio2 using 'Динамики (Realtek High Definition Audio)' : 2 channels at 48 kHz using 32 bits per sample (channel mask 0x3)
[2018.09.17-22.42.11:911][201]LogInit: FAudioDevice initialized.
[2018.09.17-22.42.11:916][201]LogSlate: Updating window title bar state: overlay mode, drag disabled, window buttons hidden, title bar hidden
[2018.09.17-22.42.11:953][201]LogLoad: Game class is 'ThirdPersonGameMode_C'
[2018.09.17-22.42.11:956][201]LogWorld: Bringing World /Game/ThirdPersonBP/Maps/UEDPIE_0_ThirdPersonExampleMap.ThirdPersonExampleMap up for play (max tick rate 0) at 2018.09.18-01.42.11
[2018.09.17-22.42.11:957][201]LogWorld: Bringing up level for play took: 0.002816
[2018.09.17-22.42.11:975][201]PIE: Play in editor start time for /Game/ThirdPersonBP/Maps/UEDPIE_0_ThirdPersonExampleMap 0,865
[2018.09.17-22.42.11:975][201]LogBlueprintUserMessages: Late PlayInEditor Detection: Level '/Game/ThirdPersonBP/Maps/ThirdPersonExampleMap.ThirdPersonExampleMap:PersistentLevel' has LevelScriptBlueprint '/Game/ThirdPersonBP/Maps/ThirdPersonExampleMap.ThirdPersonExampleMap:PersistentLevel.ThirdPersonExampleMap' with GeneratedClass '/Game/ThirdPersonBP/Maps/ThirdPersonExampleMap.ThirdPersonExampleMap_C' with ClassGeneratedBy '/Game/ThirdPersonBP/Maps/ThirdPersonExampleMap.ThirdPersonExampleMap:PersistentLevel.ThirdPersonExampleMap'
[2018.09.17-22.43.11:417][278]LogBlueprintUserMessages: Early EndPlayMap Detection: Level '/Game/ThirdPersonBP/Maps/ThirdPersonExampleMap.ThirdPersonExampleMap:PersistentLevel' has LevelScriptBlueprint '/Game/ThirdPersonBP/Maps/ThirdPersonExampleMap.ThirdPersonExampleMap:PersistentLevel.ThirdPersonExampleMap' with GeneratedClass '/Game/ThirdPersonBP/Maps/ThirdPersonExampleMap.ThirdPersonExampleMap_C' with ClassGeneratedBy '/Game/ThirdPersonBP/Maps/ThirdPersonExampleMap.ThirdPersonExampleMap:PersistentLevel.ThirdPersonExampleMap'
[2018.09.17-22.43.11:418][278]LogSlate: Updating window title bar state: overlay mode, drag disabled, window buttons hidden, title bar hidden
[2018.09.17-22.43.11:441][278]LogSlate: Window 'parkour_sys Game Preview Standalone (64-bit/PCD3D_SM5)' being destroyed
[2018.09.17-22.43.11:470][278]LogPlayLevel: Display: Shutting down PIE online subsystems
[2018.09.17-22.43.11:471][278]LogBlueprintUserMessages: Late EndPlayMap Detection: Level '/Game/ThirdPersonBP/Maps/ThirdPersonExampleMap.ThirdPersonExampleMap:PersistentLevel' has LevelScriptBlueprint '/Game/ThirdPersonBP/Maps/ThirdPersonExampleMap.ThirdPersonExampleMap:PersistentLevel.ThirdPersonExampleMap' with GeneratedClass '/Game/ThirdPersonBP/Maps/ThirdPersonExampleMap.ThirdPersonExampleMap_C' with ClassGeneratedBy '/Game/ThirdPersonBP/Maps/ThirdPersonExampleMap.ThirdPersonExampleMap:PersistentLevel.ThirdPersonExampleMap'
[2018.09.17-22.43.11:526][279]LogPlayLevel: Display: Destroying online subsystem :Context_6
[2018.09.17-22.43.13:757][544]MapCheck: New page: Map Check
[2018.09.17-22.43.13:771][544]Cmd: MAP REBUILD ALLVISIBLE
[2018.09.17-22.43.13:771][544]LogEditorServer: Rebuildmap Clear paths rebuilt
[2018.09.17-22.43.13:843][544]LogMaterial: Display: Missing cached shader map for material FDebugViewModeMaterialProxy MaterialInstanceDynamic_0, compiling. 
[2018.09.17-22.43.13:851][544]LogMaterial: Display: Missing cached shader map for material FDebugViewModeMaterialProxy RampMaterial, compiling. 
[2018.09.17-22.43.13:857][544]LogShaderCompilers: Display: Shaders left to compile 2
[2018.09.17-22.43.13:857][544]LogShaderCompilers: Display: Shaders left to compile 1
[2018.09.17-22.43.13:857][544]LogMaterial: Display: Missing cached shader map for material FDebugViewModeMaterialProxy CubeMaterial, compiling. 
[2018.09.17-22.43.13:864][544]LogMaterial: Display: Missing cached shader map for material FDebugViewModeMaterialProxy WorldGridMaterial, compiling. Is special engine material.
[2018.09.17-22.43.13:871][544]LogMaterial: Display: Missing cached shader map for material FDebugViewModeMaterialProxy M_UE4Man_Body, compiling. 
[2018.09.17-22.43.13:880][544]LogMaterial: Display: Missing cached shader map for material FDebugViewModeMaterialProxy M_UE4Man_ChestLogo, compiling. 
[2018.09.17-22.43.14:573][544]LogShaderCompilers: Display: Shaders left to compile 4
[2018.09.17-22.43.14:573][544]LogShaderCompilers: Display: Shaders left to compile 3
[2018.09.17-22.43.14:573][544]LogShaderCompilers: Display: Shaders left to compile 2
[2018.09.17-22.43.14:573][544]LogShaderCompilers: Display: Shaders left to compile 1
[2018.09.17-22.43.14:573][544]TextureStreamingBuild: Display: Compiling optional shaders took 0.735 seconds.
[2018.09.17-22.43.14:579][544]LogLevel: Display: Export Material TexCoord Scales took 0.006 seconds.
[2018.09.17-22.43.14:602][544]TextureStreamingBuild: Display: Build Texture Streaming took 0.022 seconds.
[2018.09.17-22.43.14:626][544]LightingResults: New page: Lighting Build - 18 сент. 2018, 04:43:14
[2018.09.17-22.43.14:660][544]LogSwarmInterface: [OpenConnection] Registering TCP channel ...
[2018.09.17-22.43.14:722][544]LogSwarmInterface: [OpenConnection] Connecting to agent ...
[2018.09.17-22.43.14:734][544]LogSwarmInterface: [TryOpenConnection] Testing the Agent
[2018.09.17-22.43.15:243][544]LogSwarmInterface: [TryOpenConnection] Opening Connection to Agent
[2018.09.17-22.43.15:243][544]LogSwarmInterface: [TryOpenConnection] Local Process ID is 9200
[2018.09.17-22.43.19:636][544]LogStaticLightingSystem: Running Lightmass w/ ImmediateImport mode ENABLED
[2018.09.17-22.43.19:636][544]LogStaticLightingSystem: Running Lightmass w/ ImmediateProcess mode ENABLED
[2018.09.17-22.43.19:636][544]LogStaticLightingSystem: Running Lightmass w/ Sorting mode ENABLED
[2018.09.17-22.43.19:636][544]LogStaticLightingSystem: Running Lightmass w/ Mapping paddings ENABLED
[2018.09.17-22.43.19:636][544]LogStaticLightingSystem: Running Lightmass w/ Mapping debug paddings DISABLED
[2018.09.17-22.43.19:813][544]Cmd: MAP CHECK DONTDISPLAYDIALOG
[2018.09.17-22.43.19:813][544]MapCheck: New page: ThirdPersonExampleMap - 18 сент. 2018, 04:43:19
[2018.09.17-22.43.19:813][544]MapCheck: Error: WorldInfo_0 Maps need lighting rebuilt 
[2018.09.17-22.43.19:877][544]MapCheck: Map check complete: 1 Error(s), 0 Warning(s), took 64,186ms to complete.
[2018.09.17-22.43.19:900][544]LogEditorBuildUtils: Build time 0:06
[2018.09.17-22.43.23:118][643]LogSlate: Window 'Message Log' being destroyed
[2018.09.17-22.43.23:122][643]LogSlate: Window 'Message Log' being destroyed
[2018.09.17-22.43.28:385][126]Job is a success!
[2018.09.17-22.43.28:434][127]LogVolumetricLightmapImport: Imported Volumetric Lightmap in 0.009s
[2018.09.17-22.43.28:434][127]LogVolumetricLightmapImport:      Indirection Texture 16x16x16 = 0.0Mb
[2018.09.17-22.43.28:434][127]LogVolumetricLightmapImport:      BrickData 260x5x5 = 0.3Mb (trimmed 0.0Mb due to 0.010000 MinBrickError)
[2018.09.17-22.43.28:434][127]LogVolumetricLightmapImport:      Bricks at Level
[2018.09.17-22.43.28:434][127]LogVolumetricLightmapImport:          0: 1.9% covering 100.0% of volume
[2018.09.17-22.43.28:434][127]LogVolumetricLightmapImport:          1: 7.7% covering 6.3% of volume
[2018.09.17-22.43.28:434][127]LogVolumetricLightmapImport:          2: 90.4% covering 1.1% of volume
[2018.09.17-22.43.29:958][127]LogTexture: Display: Building textures: SkyOcclusion0_1 (AutoDXT, 1024X512)
[2018.09.17-22.43.29:958][127]LogTexture: Display: Building textures: HQ_Lightmap0_1 (AutoDXT, 1024X1024)
[2018.09.17-22.43.29:958][127]LogTexture: Display: Building textures: LQ_Lightmap_0_1 (DXT1, 1024X1024)
[2018.09.17-22.43.29:958][127]LogTexture: Display: Building textures: SkyOcclusion0_2 (AutoDXT, 1024X512)
[2018.09.17-22.43.29:959][127]LogTexture: Display: Building textures: HQ_Lightmap0_2 (AutoDXT, 1024X1024)
[2018.09.17-22.43.29:959][127]LogTexture: Display: Building textures: LQ_Lightmap_0_2 (DXT1, 1024X1024)
[2018.09.17-22.43.29:959][127]LogTexture: Display: Building textures: SkyOcclusion0_3 (AutoDXT, 512X256)
[2018.09.17-22.43.29:959][127]LogTexture: Display: Building textures: HQ_Lightmap0_3 (AutoDXT, 512X512)
[2018.09.17-22.43.29:959][127]LogTexture: Display: Building textures: LQ_Lightmap_0_3 (DXT1, 512X512)
[2018.09.17-22.43.29:959][127]LogTexture: Display: Building textures: SkyOcclusion0_4 (AutoDXT, 64X32)
[2018.09.17-22.43.29:959][127]LogTexture: Display: Building textures: HQ_Lightmap0_4 (AutoDXT, 64X64)
[2018.09.17-22.43.29:959][127]LogTexture: Display: Building textures: LQ_Lightmap_0_4 (DXT1, 64X64)
[2018.09.17-22.43.30:159][127]LogTexture: Display: Building textures: ShadowMapTexture2D_4 (G8, 32X32)
[2018.09.17-22.43.30:159][127]LogTexture: Display: Building textures: ShadowMapTexture2D_3 (G8, 1024X128)
[2018.09.17-22.43.30:178][127]LogTexture: Display: Building textures: ShadowMapTexture2D_2 (G8, 1024X1024)
[2018.09.17-22.43.30:225][127]Lightmass on DESKTOP-1FJRS5V: 9.25 sec total, 127 ms importing, 16 ms setup, 1.05 sec photons, 8.01 sec processing, 0 ms extra exporting [17/17 mappings]. Threads: 32.0 sec total, 15.6 sec processing.
[2018.09.17-22.43.30:229][127]LogStaticLightingSystem: Illumination: 15.5 sec (1.45 sec encoding lightmaps, 212 ms encoding shadowmaps)
[2018.09.17-22.43.30:229][127]LogStaticLightingSystem: Lightmap texture memory:  6.0 MB (6.0 MB streaming, 0.0 MB non-streaming), 8 textures
[2018.09.17-22.43.30:229][127]LogStaticLightingSystem: Shadowmap texture memory: 1.5 MB (1.5 MB streaming, 0.0 MB non-streaming), 3 textures
[2018.09.17-22.43.30:642][127]DumpUnbuiltLightIteractions
[2018.09.17-22.43.30:642][127]Lights with unbuilt interactions: 0
[2018.09.17-22.43.30:642][127]
[2018.09.17-22.43.30:642][127]Primitives with unbuilt interactions: 0
[2018.09.17-22.43.30:714][128]Cmd: MAP CHECK NOTIFYRESULTS
[2018.09.17-22.43.30:714][128]MapCheck: New page: ThirdPersonExampleMap - 18 сент. 2018, 04:43:30
[2018.09.17-22.43.30:773][128]MapCheck: Map check complete: 0 Error(s), 0 Warning(s), took 59,407ms to complete.
[2018.09.17-22.43.33:111][408]LogTemp: Repeating last play command: New Editor Window (PIE)
[2018.09.17-22.43.33:133][408]LogBlueprintUserMessages: Early PlayInEditor Detection: Level '/Game/ThirdPersonBP/Maps/ThirdPersonExampleMap.ThirdPersonExampleMap:PersistentLevel' has LevelScriptBlueprint '/Game/ThirdPersonBP/Maps/ThirdPersonExampleMap.ThirdPersonExampleMap:PersistentLevel.ThirdPersonExampleMap' with GeneratedClass '/Game/ThirdPersonBP/Maps/ThirdPersonExampleMap.ThirdPersonExampleMap_C' with ClassGeneratedBy '/Game/ThirdPersonBP/Maps/ThirdPersonExampleMap.ThirdPersonExampleMap:PersistentLevel.ThirdPersonExampleMap'
[2018.09.17-22.43.33:133][408]LogPlayLevel: PlayLevel: No blueprints needed recompiling
[2018.09.17-22.43.33:133][408]PIE: New page: PIE session: ThirdPersonExampleMap (18 сент. 2018, 04:43:33)
[2018.09.17-22.43.33:133][408]LogPlayLevel: Creating play world package: /Game/ThirdPersonBP/Maps/UEDPIE_0_ThirdPersonExampleMap
[2018.09.17-22.43.33:147][408]LogPlayLevel: PIE: StaticDuplicateObject took: (0.014052s)
[2018.09.17-22.43.33:148][408]LogAIModule: Creating AISystem for world ThirdPersonExampleMap
[2018.09.17-22.43.33:149][408]LogPlayLevel: PIE: World Init took: (0.001438s)
[2018.09.17-22.43.33:149][408]LogPlayLevel: PIE: Created PIE world by copying editor world from /Game/ThirdPersonBP/Maps/ThirdPersonExampleMap.ThirdPersonExampleMap to /Game/ThirdPersonBP/Maps/UEDPIE_0_ThirdPersonExampleMap.ThirdPersonExampleMap (0.015705s)
[2018.09.17-22.43.33:176][408]LogInit: XAudio2 using 'Динамики (Realtek High Definition Audio)' : 2 channels at 48 kHz using 32 bits per sample (channel mask 0x3)
[2018.09.17-22.43.33:189][408]LogInit: FAudioDevice initialized.
[2018.09.17-22.43.33:194][408]LogSlate: Updating window title bar state: overlay mode, drag disabled, window buttons hidden, title bar hidden
[2018.09.17-22.43.33:228][408]LogLoad: Game class is 'ThirdPersonGameMode_C'
[2018.09.17-22.43.33:231][408]LogWorld: Bringing World /Game/ThirdPersonBP/Maps/UEDPIE_0_ThirdPersonExampleMap.ThirdPersonExampleMap up for play (max tick rate 0) at 2018.09.18-01.43.33
[2018.09.17-22.43.33:232][408]LogWorld: Bringing up level for play took: 0.002993
[2018.09.17-22.43.33:250][408]PIE: Play in editor start time for /Game/ThirdPersonBP/Maps/UEDPIE_0_ThirdPersonExampleMap 0,141
[2018.09.17-22.43.33:251][408]LogBlueprintUserMessages: Late PlayInEditor Detection: Level '/Game/ThirdPersonBP/Maps/ThirdPersonExampleMap.ThirdPersonExampleMap:PersistentLevel' has LevelScriptBlueprint '/Game/ThirdPersonBP/Maps/ThirdPersonExampleMap.ThirdPersonExampleMap:PersistentLevel.ThirdPersonExampleMap' with GeneratedClass '/Game/ThirdPersonBP/Maps/ThirdPersonExampleMap.ThirdPersonExampleMap_C' with ClassGeneratedBy '/Game/ThirdPersonBP/Maps/ThirdPersonExampleMap.ThirdPersonExampleMap:PersistentLevel.ThirdPersonExampleMap'
[2018.09.17-22.44.13:042][148]LogBlueprintUserMessages: Early EndPlayMap Detection: Level '/Game/ThirdPersonBP/Maps/ThirdPersonExampleMap.ThirdPersonExampleMap:PersistentLevel' has LevelScriptBlueprint '/Game/ThirdPersonBP/Maps/ThirdPersonExampleMap.ThirdPersonExampleMap:PersistentLevel.ThirdPersonExampleMap' with GeneratedClass '/Game/ThirdPersonBP/Maps/ThirdPersonExampleMap.ThirdPersonExampleMap_C' with ClassGeneratedBy '/Game/ThirdPersonBP/Maps/ThirdPersonExampleMap.ThirdPersonExampleMap:PersistentLevel.ThirdPersonExampleMap'
[2018.09.17-22.44.13:042][148]LogSlate: Updating window title bar state: overlay mode, drag disabled, window buttons hidden, title bar hidden
[2018.09.17-22.44.13:065][148]LogSlate: Window 'parkour_sys Game Preview Standalone (64-bit/PCD3D_SM5)' being destroyed
[2018.09.17-22.44.13:096][148]LogPlayLevel: Display: Shutting down PIE online subsystems
[2018.09.17-22.44.13:097][148]LogBlueprintUserMessages: Late EndPlayMap Detection: Level '/Game/ThirdPersonBP/Maps/ThirdPersonExampleMap.ThirdPersonExampleMap:PersistentLevel' has LevelScriptBlueprint '/Game/ThirdPersonBP/Maps/ThirdPersonExampleMap.ThirdPersonExampleMap:PersistentLevel.ThirdPersonExampleMap' with GeneratedClass '/Game/ThirdPersonBP/Maps/ThirdPersonExampleMap.ThirdPersonExampleMap_C' with ClassGeneratedBy '/Game/ThirdPersonBP/Maps/ThirdPersonExampleMap.ThirdPersonExampleMap:PersistentLevel.ThirdPersonExampleMap'
[2018.09.17-22.44.13:153][149]LogPlayLevel: Display: Destroying online subsystem :Context_7
[2018.09.17-22.44.15:219][372]LogSavePackage: Moving 'C:/Users/User/Documents/Unreal Projects/parkour_sys/Saved/ThirdPersonExampleMap916FF752427A33EEDF59BF8A5F0A1C91.tmp' to 'C:/Users/User/Documents/Unreal Projects/parkour_sys/Content/ThirdPersonBP/Maps/ThirdPersonExampleMap.umap'
[2018.09.17-22.44.15:486][372]LogSavePackage: Moving 'C:/Users/User/Documents/Unreal Projects/parkour_sys/Saved/ThirdPersonExampleMap_BuiltDataBB352AD74092D09F1102569BBCFCA6DB.tmp' to 'C:/Users/User/Documents/Unreal Projects/parkour_sys/Content/ThirdPersonBP/Maps/ThirdPersonExampleMap_BuiltData.uasset'
[2018.09.17-22.44.23:092][702]LogSlate: Window 'parkour_sys - Unreal Editor' being destroyed
[2018.09.17-22.44.23:093][702]LogWindowsTextInputMethodSystem: Display: IME system now deactivated.
[2018.09.17-22.44.23:288][703]Cmd: QUIT_EDITOR
[2018.09.17-22.44.24:275][703]LogExit: Preparing to exit.
[2018.09.17-22.44.24:980][703]LogExit: Editor shut down
[2018.09.17-22.44.24:980][703]LogExit: Transaction tracking system shut down
[2018.09.17-22.44.25:318][703]LogExit: Object subsystem successfully closed.
[2018.09.17-22.44.25:330][703]LogShaderCompilers: Display: Shaders left to compile 0
[2018.09.17-22.44.25:334][703]LogD3D11RHI: Shutdown
[2018.09.17-22.44.25:334][703]LogD3D11RHI: CleanupD3DDevice
[2018.09.17-22.44.25:335][703]LogD3D11RHI: ~FD3D11DynamicRHI
[2018.09.17-22.44.25:344][703]LogModuleManager: Shutting down and abandoning module HierarchicalLODUtilities (618)
[2018.09.17-22.44.25:345][703]LogModuleManager: Shutting down and abandoning module MovieSceneCapture (616)
[2018.09.17-22.44.25:345][703]LogModuleManager: Shutting down and abandoning module Voice (614)
[2018.09.17-22.44.25:345][703]LogModuleManager: Shutting down and abandoning module HierarchicalLODOutliner (612)
[2018.09.17-22.44.25:345][703]LogModuleManager: Shutting down and abandoning module AddContentDialog (610)
[2018.09.17-22.44.25:345][703]LogModuleManager: Shutting down and abandoning module WidgetCarousel (609)
[2018.09.17-22.44.25:345][703]LogModuleManager: Shutting down and abandoning module EditorWidgets (606)
[2018.09.17-22.44.25:345][703]LogModuleManager: Shutting down and abandoning module CollectionManager (604)
[2018.09.17-22.44.25:345][703]LogModuleManager: Shutting down and abandoning module SceneOutliner (602)
[2018.09.17-22.44.25:345][703]LogModuleManager: Shutting down and abandoning module StatsViewer (600)
[2018.09.17-22.44.25:345][703]LogModuleManager: Shutting down and abandoning module FoliageEdit (598)
[2018.09.17-22.44.25:345][703]LogModuleManager: Shutting down and abandoning module LandscapeEditor (596)
[2018.09.17-22.44.25:345][703]LogModuleManager: Shutting down and abandoning module MeshPaintMode (594)
[2018.09.17-22.44.25:345][703]LogModuleManager: Shutting down and abandoning module SceneDepthPickerMode (592)
[2018.09.17-22.44.25:345][703]LogModuleManager: Shutting down and abandoning module ActorPickerMode (590)
[2018.09.17-22.44.25:345][703]LogModuleManager: Shutting down and abandoning module GeometryMode (588)
[2018.09.17-22.44.25:345][703]LogModuleManager: Shutting down and abandoning module TextureAlignMode (586)
[2018.09.17-22.44.25:345][703]LogModuleManager: Shutting down and abandoning module BspMode (584)
[2018.09.17-22.44.25:345][703]LogModuleManager: Shutting down and abandoning module PIEPreviewDeviceProfileSelector (582)
[2018.09.17-22.44.25:345][703]LogModuleManager: Shutting down and abandoning module SequenceRecorderSections (580)
[2018.09.17-22.44.25:345][703]LogModuleManager: Shutting down and abandoning module AutomationWorker (578)
[2018.09.17-22.44.25:345][703]LogModuleManager: Shutting down and abandoning module AudioCaptureEditor (576)
[2018.09.17-22.44.25:346][703]LogModuleManager: Shutting down and abandoning module SequenceRecorder (575)
[2018.09.17-22.44.25:346][703]LogModuleManager: Shutting down and abandoning module MatineeToLevelSequence (572)
[2018.09.17-22.44.25:346][703]LogModuleManager: Shutting down and abandoning module LevelSequenceEditor (570)
[2018.09.17-22.44.25:346][703]LogModuleManager: Shutting down and abandoning module PlacementMode (569)
[2018.09.17-22.44.25:346][703]LogModuleManager: Shutting down and abandoning module MaterialEditor (568)
[2018.09.17-22.44.25:346][703]LogModuleManager: Shutting down and abandoning module WmfMediaFactory (564)
[2018.09.17-22.44.25:346][703]LogModuleManager: Shutting down and abandoning module WmfMediaEditor (562)
[2018.09.17-22.44.25:346][703]LogModuleManager: Shutting down and abandoning module MediaPlayerEditor (560)
[2018.09.17-22.44.25:346][703]LogModuleManager: Shutting down and abandoning module OpenExrWrapper (558)
[2018.09.17-22.44.25:346][703]LogModuleManager: Shutting down and abandoning module ImgMediaFactory (556)
[2018.09.17-22.44.25:346][703]LogModuleManager: Shutting down and abandoning module ImgMediaEditor (554)
[2018.09.17-22.44.25:346][703]LogModuleManager: Shutting down and abandoning module AvfMediaFactory (552)
[2018.09.17-22.44.25:346][703]LogModuleManager: Shutting down and abandoning module AvfMediaEditor (550)
[2018.09.17-22.44.25:346][703]LogModuleManager: Shutting down and abandoning module AndroidMediaFactory (548)
[2018.09.17-22.44.25:346][703]LogModuleManager: Shutting down and abandoning module AndroidMediaEditor (546)
[2018.09.17-22.44.25:346][703]LogModuleManager: Shutting down and abandoning module MagicLeapCameraPreviewFactory (544)
[2018.09.17-22.44.25:346][703]LogModuleManager: Shutting down and abandoning module MagicLeapMediaFactory (542)
[2018.09.17-22.44.25:346][703]LogModuleManager: Shutting down and abandoning module MagicLeapMediaEditor (540)
[2018.09.17-22.44.25:346][703]LogModuleManager: Shutting down and abandoning module CharacterAI (538)
[2018.09.17-22.44.25:346][703]LogModuleManager: Shutting down and abandoning module SmartSnapping (536)
[2018.09.17-22.44.25:346][703]LogModuleManager: Shutting down and abandoning module SessionServices (534)
[2018.09.17-22.44.25:346][703]LogModuleManager: Shutting down and abandoning module ViewportSnapping (532)
[2018.09.17-22.44.25:346][703]LogModuleManager: Shutting down and abandoning module ViewportInteraction (530)
[2018.09.17-22.44.25:346][703]LogModuleManager: Shutting down and abandoning module ClothPainter (528)
[2018.09.17-22.44.25:346][703]LogModuleManager: Shutting down and abandoning module SkeletalMeshEditor (527)
[2018.09.17-22.44.25:346][703]LogModuleManager: Shutting down and abandoning module LogVisualizer (524)
[2018.09.17-22.44.25:346][703]LogModuleManager: Shutting down and abandoning module IntroTutorials (522)
[2018.09.17-22.44.25:346][703]LogModuleManager: Shutting down and abandoning module GameProjectGeneration (521)
[2018.09.17-22.44.25:346][703]LogModuleManager: Shutting down and abandoning module LuminPlatformEditor (518)
[2018.09.17-22.44.25:346][703]LogModuleManager: Shutting down and abandoning module IOSPlatformEditor (516)
[2018.09.17-22.44.25:346][703]LogModuleManager: Shutting down and abandoning module HTML5PlatformEditor (514)
[2018.09.17-22.44.25:346][703]LogModuleManager: Shutting down and abandoning module AndroidPlatformEditor (512)
[2018.09.17-22.44.25:346][703]LogModuleManager: Shutting down and abandoning module AndroidDeviceDetection (511)
[2018.09.17-22.44.25:849][703]LogModuleManager: Shutting down and abandoning module WindowsPlatformEditor (508)
[2018.09.17-22.44.25:849][703]LogModuleManager: Shutting down and abandoning module LuminRuntimeSettings (506)
[2018.09.17-22.44.25:850][703]LogModuleManager: Shutting down and abandoning module IOSRuntimeSettings (504)
[2018.09.17-22.44.25:850][703]LogModuleManager: Shutting down and abandoning module AndroidRuntimeSettings (502)
[2018.09.17-22.44.25:850][703]LogModuleManager: Shutting down and abandoning module InputBindingEditor (500)
[2018.09.17-22.44.25:850][703]LogModuleManager: Shutting down and abandoning module MergeActors (498)
[2018.09.17-22.44.25:850][703]LogModuleManager: Shutting down and abandoning module LocalizationDashboard (496)
[2018.09.17-22.44.25:850][703]LogModuleManager: Shutting down and abandoning module LocalizationService (495)
[2018.09.17-22.44.25:851][703]LogModuleManager: Shutting down and abandoning module HardwareTargeting (492)
[2018.09.17-22.44.25:851][703]LogModuleManager: Shutting down and abandoning module DeviceProfileEditor (490)
[2018.09.17-22.44.25:851][703]LogModuleManager: Shutting down and abandoning module UndoHistory (488)
[2018.09.17-22.44.25:851][703]LogModuleManager: Shutting down and abandoning module XmlParser (486)
[2018.09.17-22.44.25:851][703]LogModuleManager: Shutting down and abandoning module Blutility (484)
[2018.09.17-22.44.25:851][703]LogModuleManager: Shutting down and abandoning module ProjectSettingsViewer (482)
[2018.09.17-22.44.25:851][703]LogModuleManager: Shutting down and abandoning module ProjectTargetPlatformEditor (481)
[2018.09.17-22.44.25:852][703]LogModuleManager: Shutting down and abandoning module EditorSettingsViewer (478)
[2018.09.17-22.44.25:852][703]LogModuleManager: Shutting down and abandoning module SettingsEditor (476)
[2018.09.17-22.44.25:852][703]LogModuleManager: Shutting down and abandoning module ProjectLauncher (474)
[2018.09.17-22.44.25:852][703]LogModuleManager: Shutting down and abandoning module SessionFrontend (472)
[2018.09.17-22.44.25:852][703]LogModuleManager: Shutting down and abandoning module ProfilerClient (470)
[2018.09.17-22.44.25:852][703]LogModuleManager: Shutting down and abandoning module DeviceManager (468)
[2018.09.17-22.44.25:852][703]LogModuleManager: Shutting down and abandoning module TargetDeviceServices (467)
[2018.09.17-22.44.25:898][703]LogModuleManager: Shutting down and abandoning module AutomationController (464)
[2018.09.17-22.44.25:898][703]LogModuleManager: Shutting down and abandoning module AutomationWindow (462)
[2018.09.17-22.44.25:898][703]LogModuleManager: Shutting down and abandoning module Layers (460)
[2018.09.17-22.44.25:898][703]LogModuleManager: Shutting down and abandoning module ComponentVisualizers (458)
[2018.09.17-22.44.25:898][703]LogModuleManager: Shutting down and abandoning module DetailCustomizations (456)
[2018.09.17-22.44.25:898][703]LogModuleManager: Shutting down and abandoning module PackagesDialog (454)
[2018.09.17-22.44.25:899][703]LogModuleManager: Shutting down and abandoning module Persona (452)
[2018.09.17-22.44.25:899][703]LogModuleManager: Shutting down and abandoning module AdvancedPreviewScene (451)
[2018.09.17-22.44.25:899][703]LogModuleManager: Shutting down and abandoning module AnimGraph (449)
[2018.09.17-22.44.25:899][703]LogModuleManager: Shutting down and abandoning module Kismet (446)
[2018.09.17-22.44.25:904][703]LogModuleManager: Shutting down and abandoning module GraphEditor (444)
[2018.09.17-22.44.25:904][703]LogModuleManager: Shutting down and abandoning module ClassViewer (442)
[2018.09.17-22.44.25:904][703]LogModuleManager: Shutting down and abandoning module Toolbox (440)
[2018.09.17-22.44.25:904][703]LogModuleManager: Shutting down and abandoning module ModuleUI (438)
[2018.09.17-22.44.25:904][703]LogModuleManager: Shutting down and abandoning module MovieSceneTools (436)
[2018.09.17-22.44.25:905][703]LogModuleManager: Shutting down and abandoning module OutputLog (434)
[2018.09.17-22.44.25:905][703]LogModuleManager: Shutting down and abandoning module GammaUI (432)
[2018.09.17-22.44.25:905][703]LogModuleManager: Shutting down and abandoning module Documentation (430)
[2018.09.17-22.44.25:905][703]LogModuleManager: Shutting down and abandoning module MovieSceneTracks (428)
[2018.09.17-22.44.25:905][703]LogModuleManager: Shutting down and abandoning module MovieScene (426)
[2018.09.17-22.44.25:905][703]LogModuleManager: Shutting down and abandoning module StreamingPauseRendering (424)
[2018.09.17-22.44.25:905][703]LogModuleManager: Shutting down and abandoning module LauncherPlatform (422)
[2018.09.17-22.44.25:905][703]LogModuleManager: Shutting down and abandoning module AnalyticsET (420)
[2018.09.17-22.44.25:905][703]LogModuleManager: Shutting down and abandoning module PortalServices (418)
[2018.09.17-22.44.25:905][703]LogModuleManager: Shutting down and abandoning module PortalRpc (416)
[2018.09.17-22.44.25:906][703]LogModuleManager: Shutting down and abandoning module MessagingRpc (414)
[2018.09.17-22.44.25:906][703]LogModuleManager: Shutting down and abandoning module AIModule (412)
[2018.09.17-22.44.25:906][703]LogModuleManager: Shutting down and abandoning module GameplayDebugger (411)
[2018.09.17-22.44.25:906][703]LogModuleManager: Shutting down and abandoning module AITestSuite (409)
[2018.09.17-22.44.25:906][703]LogModuleManager: Shutting down and abandoning module NavigationSystem (407)
[2018.09.17-22.44.25:906][703]LogModuleManager: Shutting down and abandoning module DesktopPlatform (404)
[2018.09.17-22.44.25:906][703]LogModuleManager: Shutting down and abandoning module ProfilerService (402)
[2018.09.17-22.44.25:947][703]LogModuleManager: Shutting down and abandoning module TaskGraph (400)
[2018.09.17-22.44.25:947][703]LogModuleManager: Shutting down and abandoning module SteamVRController (398)
[2018.09.17-22.44.25:947][703]LogModuleManager: Shutting down and abandoning module ProceduralMeshComponentEditor (396)
[2018.09.17-22.44.25:947][703]LogModuleManager: Shutting down and abandoning module ProceduralMeshComponent (394)
[2018.09.17-22.44.25:947][703]LogModuleManager: Shutting down and abandoning module OculusInput (392)
[2018.09.17-22.44.25:947][703]LogModuleManager: Shutting down and abandoning module MobilePatchingUtils (390)
[2018.09.17-22.44.25:948][703]LogModuleManager: Shutting down and abandoning module EditableMesh (388)
[2018.09.17-22.44.25:948][703]LogModuleManager: Shutting down and abandoning module CustomMeshComponent (386)
[2018.09.17-22.44.25:948][703]LogModuleManager: Shutting down and abandoning module CableComponent (384)
[2018.09.17-22.44.25:948][703]LogModuleManager: Shutting down and abandoning module AudioCapture (382)
[2018.09.17-22.44.25:948][703]LogModuleManager: Shutting down and abandoning module ArchVisCharacter (380)
[2018.09.17-22.44.25:948][703]LogModuleManager: Shutting down and abandoning module AndroidPermission (378)
[2018.09.17-22.44.25:948][703]LogModuleManager: Shutting down and abandoning module NUTUnrealEngine4 (376)
[2018.09.17-22.44.25:948][703]LogModuleManager: Shutting down and abandoning module NetcodeUnitTest (374)
[2018.09.17-22.44.25:948][703]LogModuleManager: Shutting down and abandoning module MediaCompositingEditor (372)
[2018.09.17-22.44.25:948][703]LogModuleManager: Shutting down and abandoning module MediaCompositing (370)
[2018.09.17-22.44.25:948][703]LogModuleManager: Shutting down and abandoning module LinearTimecode (368)
[2018.09.17-22.44.25:948][703]LogModuleManager: Shutting down and abandoning module ImgMedia (366)
[2018.09.17-22.44.25:952][703]LogModuleManager: Shutting down and abandoning module HTML5Networking (364)
[2018.09.17-22.44.25:952][703]LogModuleManager: Shutting down and abandoning module GeometryCacheTracks (362)
[2018.09.17-22.44.25:952][703]LogModuleManager: Shutting down and abandoning module GeometryCacheSequencer (360)
[2018.09.17-22.44.25:952][703]LogModuleManager: Shutting down and abandoning module BackChannel (358)
[2018.09.17-22.44.25:952][703]LogModuleManager: Shutting down and abandoning module AppleVision (356)
[2018.09.17-22.44.25:952][703]LogModuleManager: Shutting down and abandoning module AppleImageUtils (354)
[2018.09.17-22.44.25:952][703]LogModuleManager: Shutting down and abandoning module AlembicImporter (352)
[2018.09.17-22.44.25:952][703]LogModuleManager: Shutting down and abandoning module AlembicLibrary (351)
[2018.09.17-22.44.25:952][703]LogModuleManager: Shutting down and abandoning module GeometryCache (350)
[2018.09.17-22.44.25:952][703]LogModuleManager: Shutting down and abandoning module GeometryCacheEd (349)
[2018.09.17-22.44.25:953][703]LogModuleManager: Shutting down and abandoning module DatasmithContentEditor (344)
[2018.09.17-22.44.25:953][703]LogModuleManager: Shutting down and abandoning module DatasmithContent (342)
[2018.09.17-22.44.25:953][703]LogModuleManager: Shutting down and abandoning module SpeedTreeImporter (340)
[2018.09.17-22.44.25:953][703]LogModuleManager: Shutting down and abandoning module PluginBrowser (338)
[2018.09.17-22.44.25:953][703]LogModuleManager: Shutting down and abandoning module MobileLauncherProfileWizard (336)
[2018.09.17-22.44.25:953][703]LogModuleManager: Shutting down and abandoning module PolygonModeling (334)
[2018.09.17-22.44.25:953][703]LogModuleManager: Shutting down and abandoning module MeshEditor (332)
[2018.09.17-22.44.25:953][703]LogModuleManager: Shutting down and abandoning module CryptoKeysOpenSSL (330)
[2018.09.17-22.44.25:953][703]LogModuleManager: Shutting down and abandoning module CryptoKeys (328)
[2018.09.17-22.44.25:953][703]LogModuleManager: Shutting down and abandoning module VisualStudioSourceCodeAccess (326)
[2018.09.17-22.44.25:953][703]LogModuleManager: Shutting down and abandoning module VisualStudioCodeSourceCodeAccess (324)
[2018.09.17-22.44.25:953][703]LogModuleManager: Shutting down and abandoning module UObjectPlugin (322)
[2018.09.17-22.44.25:953][703]LogModuleManager: Shutting down and abandoning module SubversionSourceControl (320)
[2018.09.17-22.44.25:953][703]LogModuleManager: Shutting down and abandoning module PerforceSourceControl (318)
[2018.09.17-22.44.25:953][703]LogModuleManager: Shutting down and abandoning module GitSourceControl (316)
[2018.09.17-22.44.25:953][703]LogModuleManager: Shutting down and abandoning module SourceControl (315)
[2018.09.17-22.44.25:953][703]LogModuleManager: Shutting down and abandoning module CLionSourceCodeAccess (312)
[2018.09.17-22.44.25:953][703]LogModuleManager: Shutting down and abandoning module LightPropagationVolumeEditor (310)
[2018.09.17-22.44.25:953][703]LogModuleManager: Shutting down and abandoning module PaperTiledImporter (308)
[2018.09.17-22.44.25:953][703]LogModuleManager: Shutting down and abandoning module PaperSpriteSheetImporter (306)
[2018.09.17-22.44.25:953][703]LogModuleManager: Shutting down and abandoning module Paper2DEditor (304)
[2018.09.17-22.44.25:954][703]LogModuleManager: Shutting down and abandoning module MeshPaint (303)
[2018.09.17-22.44.25:954][703]LogModuleManager: Shutting down and abandoning module RuntimePhysXCooking (300)
[2018.09.17-22.44.25:954][703]LogModuleManager: Shutting down and abandoning module PhysXVehiclesEditor (298)
[2018.09.17-22.44.25:954][703]LogModuleManager: Shutting down and abandoning module PhysXVehicles (296)
[2018.09.17-22.44.25:954][703]LogModuleManager: Shutting down and abandoning module OculusEditor (294)
[2018.09.17-22.44.25:954][703]LogModuleManager: Shutting down and abandoning module LocationServicesBPLibrary (292)
[2018.09.17-22.44.25:954][703]LogModuleManager: Shutting down and abandoning module ImmediatePhysicsEditor (290)
[2018.09.17-22.44.25:954][703]LogModuleManager: Shutting down and abandoning module ImmediatePhysics (288)
[2018.09.17-22.44.25:954][703]LogModuleManager: Shutting down and abandoning module ActorSequence (286)
[2018.09.17-22.44.25:954][703]LogModuleManager: Shutting down and abandoning module UdpMessaging (284)
[2018.09.17-22.44.26:055][703]LogModuleManager: Shutting down and abandoning module TcpMessaging (282)
[2018.09.17-22.44.26:155][703]LogModuleManager: Shutting down and abandoning module MagicLeapAudio (280)
[2018.09.17-22.44.26:155][703]LogModuleManager: Shutting down and abandoning module GameplayTagsEditor (278)
[2018.09.17-22.44.26:155][703]LogModuleManager: Shutting down and abandoning module FacialAnimationEditor (276)
[2018.09.17-22.44.26:155][703]LogModuleManager: Shutting down and abandoning module FacialAnimation (274)
[2018.09.17-22.44.26:155][703]LogModuleManager: Shutting down and abandoning module DataValidation (272)
[2018.09.17-22.44.26:155][703]LogModuleManager: Shutting down and abandoning module AssetManagerEditor (270)
[2018.09.17-22.44.26:155][703]LogModuleManager: Shutting down and abandoning module LevelEditor (269)
[2018.09.17-22.44.26:157][703]LogModuleManager: Shutting down and abandoning module PixelInspectorModule (268)
[2018.09.17-22.44.26:157][703]LogModuleManager: Shutting down and abandoning module CommonMenuExtensions (266)
[2018.09.17-22.44.26:157][703]LogModuleManager: Shutting down and abandoning module MainFrame (264)
[2018.09.17-22.44.26:157][703]LogModuleManager: Shutting down and abandoning module HotReload (263)
[2018.09.17-22.44.26:158][703]LogModuleManager: Shutting down and abandoning module ContentBrowser (259)
[2018.09.17-22.44.26:159][703]LogModuleManager: Shutting down and abandoning module TreeMap (257)
[2018.09.17-22.44.26:159][703]LogModuleManager: Shutting down and abandoning module LightPropagationVolumeRuntime (254)
[2018.09.17-22.44.26:159][703]LogModuleManager: Shutting down and abandoning module AISupportModule (252)
[2018.09.17-22.44.26:160][703]LogModuleManager: Shutting down and abandoning module Paper2D (250)
[2018.09.17-22.44.26:160][703]LogModuleManager: Shutting down and abandoning module WindowsMoviePlayer (248)
[2018.09.17-22.44.26:160][703]LogModuleManager: Shutting down and abandoning module WmfMedia (246)
[2018.09.17-22.44.26:162][703]LogModuleManager: Shutting down and abandoning module Media (245)
[2018.09.17-22.44.26:169][703]LogModuleManager: Shutting down and abandoning module PacketHandler (242)
[2018.09.17-22.44.26:169][703]LogModuleManager: Shutting down and abandoning module ClothingSystemEditor (240)
[2018.09.17-22.44.26:169][703]LogModuleManager: Shutting down and abandoning module ClothingSystemRuntime (238)
[2018.09.17-22.44.26:169][703]LogModuleManager: Shutting down and abandoning module MediaAssets (236)
[2018.09.17-22.44.26:169][703]LogModuleManager: Shutting down and abandoning module Overlay (234)
[2018.09.17-22.44.26:169][703]LogModuleManager: Shutting down and abandoning module OverlayEditor (233)
[2018.09.17-22.44.26:169][703]LogModuleManager: Shutting down and abandoning module EnvironmentQueryEditor (230)
[2018.09.17-22.44.26:169][703]LogModuleManager: Shutting down and abandoning module VREditor (228)
[2018.09.17-22.44.26:169][703]LogModuleManager: Shutting down and abandoning module StringTableEditor (226)
[2018.09.17-22.44.26:169][703]LogModuleManager: Shutting down and abandoning module GameplayTasksEditor (224)
[2018.09.17-22.44.26:169][703]LogModuleManager: Shutting down and abandoning module BehaviorTreeEditor (222)
[2018.09.17-22.44.26:169][703]LogModuleManager: Shutting down and abandoning module FunctionalTesting (220)
[2018.09.17-22.44.26:169][703]LogModuleManager: Shutting down and abandoning module CollisionAnalyzer (218)
[2018.09.17-22.44.26:169][703]LogModuleManager: Shutting down and abandoning module WorkspaceMenuStructure (217)
[2018.09.17-22.44.26:169][703]LogModuleManager: Shutting down and abandoning module UMG (214)
[2018.09.17-22.44.26:169][703]LogModuleManager: Shutting down and abandoning module UMGEditor (213)
[2018.09.17-22.44.26:169][703]LogModuleManager: Shutting down and abandoning module Sequencer (212)
[2018.09.17-22.44.26:170][703]LogModuleManager: Shutting down and abandoning module MessageLog (209)
[2018.09.17-22.44.26:170][703]LogModuleManager: Shutting down and abandoning module SlateReflector (204)
[2018.09.17-22.44.26:170][703]LogModuleManager: Shutting down and abandoning module Slate (202)
[2018.09.17-22.44.26:170][703]LogModuleManager: Shutting down and abandoning module EditorStyle (200)
[2018.09.17-22.44.26:173][703]LogModuleManager: Shutting down and abandoning module MRMesh (198)
[2018.09.17-22.44.26:173][703]LogModuleManager: Shutting down and abandoning module SourceCodeAccess (196)
[2018.09.17-22.44.26:173][703]LogModuleManager: Shutting down and abandoning module HeadMountedDisplay (194)
[2018.09.17-22.44.26:173][703]LogModuleManager: Shutting down and abandoning module XAudio2 (192)
[2018.09.17-22.44.26:173][703]LogModuleManager: Shutting down and abandoning module Networking (190)
[2018.09.17-22.44.26:173][703]LogModuleManager: Shutting down and abandoning module Core (188)
[2018.09.17-22.44.26:173][703]LogModuleManager: Shutting down and abandoning module LevelSequence (186)
[2018.09.17-22.44.26:173][703]LogModuleManager: Shutting down and abandoning module KismetCompiler (184)
[2018.09.17-22.44.26:173][703]LogModuleManager: Shutting down and abandoning module MeshUtilities (182)
[2018.09.17-22.44.26:173][703]LogModuleManager: Shutting down and abandoning module MeshMergeUtilities (181)
[2018.09.17-22.44.26:173][703]LogModuleManager: Shutting down and abandoning module MeshReductionInterface (180)
[2018.09.17-22.44.26:173][703]LogModuleManager: Shutting down and abandoning module SimplygonSwarm (179)
[2018.09.17-22.44.26:173][703]LogModuleManager: Shutting down and abandoning module ProxyLODMeshReduction (177)
[2018.09.17-22.44.26:173][703]LogModuleManager: Shutting down and abandoning module SimplygonMeshReduction (175)
[2018.09.17-22.44.26:173][703]LogModuleManager: Shutting down and abandoning module QuadricMeshReduction (173)
[2018.09.17-22.44.26:173][703]LogModuleManager: Shutting down and abandoning module MaterialBaking (169)
[2018.09.17-22.44.26:174][703]LogModuleManager: Shutting down and abandoning module DirectoryWatcher (165)
[2018.09.17-22.44.26:174][703]LogModuleManager: Shutting down and abandoning module DerivedDataCache (162)
[2018.09.17-22.44.26:192][703]LogDerivedDataCache: Shutdown
[2018.09.17-22.44.26:192][703]LogModuleManager: Shutting down and abandoning module XGEController (160)
[2018.09.17-22.44.26:192][703]LogXGEController: Cleaning working directory: C:/Users/User/AppData/Local/Temp/UnrealXGEWorkingDir/
[2018.09.17-22.44.26:192][703]LogModuleManager: Shutting down and abandoning module TargetPlatform (158)
[2018.09.17-22.44.26:192][703]LogModuleManager: Shutting down and abandoning module VulkanShaderFormat (157)
[2018.09.17-22.44.26:192][703]LogModuleManager: Shutting down and abandoning module ShaderFormatVectorVM (155)
[2018.09.17-22.44.26:192][703]LogModuleManager: Shutting down and abandoning module ShaderFormatOpenGL (153)
[2018.09.17-22.44.26:192][703]LogModuleManager: Shutting down and abandoning module ShaderFormatD3D (151)
[2018.09.17-22.44.26:192][703]LogModuleManager: Shutting down and abandoning module MetalShaderFormat (149)
[2018.09.17-22.44.26:192][703]LogModuleManager: Shutting down and abandoning module TextureFormatUncompressed (147)
[2018.09.17-22.44.26:192][703]LogModuleManager: Shutting down and abandoning module TextureFormatPVR (145)
[2018.09.17-22.44.26:192][703]LogModuleManager: Shutting down and abandoning module TextureFormatDXT (143)
[2018.09.17-22.44.26:192][703]LogModuleManager: Shutting down and abandoning module TextureFormatIntelISPCTexComp (141)
[2018.09.17-22.44.26:193][703]LogModuleManager: Shutting down and abandoning module TextureFormatASTC (139)
[2018.09.17-22.44.26:193][703]LogModuleManager: Shutting down and abandoning module ImageWrapper (138)
[2018.09.17-22.44.26:193][703]LogModuleManager: Shutting down and abandoning module TextureFormatAndroid (135)
[2018.09.17-22.44.26:193][703]LogModuleManager: Shutting down and abandoning module AudioFormatOpus (133)
[2018.09.17-22.44.26:193][703]LogModuleManager: Shutting down and abandoning module AudioFormatOgg (131)
[2018.09.17-22.44.26:193][703]LogModuleManager: Shutting down and abandoning module AudioFormatADPCM (129)
[2018.09.17-22.44.26:193][703]LogModuleManager: Shutting down and abandoning module LuminTargetPlatform (127)
[2018.09.17-22.44.26:193][703]LogModuleManager: Shutting down and abandoning module LinuxTargetPlatform (125)
[2018.09.17-22.44.26:193][703]LogModuleManager: Shutting down and abandoning module LinuxServerTargetPlatform (123)
[2018.09.17-22.44.26:193][703]LogModuleManager: Shutting down and abandoning module LinuxNoEditorTargetPlatform (121)
[2018.09.17-22.44.26:193][703]LogModuleManager: Shutting down and abandoning module LinuxClientTargetPlatform (119)
[2018.09.17-22.44.26:193][703]LogModuleManager: Shutting down and abandoning module TVOSTargetPlatform (117)
[2018.09.17-22.44.26:194][703]LogModuleManager: Shutting down and abandoning module Messaging (115)
[2018.09.17-22.44.26:195][703]LogModuleManager: Shutting down and abandoning module IOSTargetPlatform (113)
[2018.09.17-22.44.26:198][703]LogModuleManager: Shutting down and abandoning module HTML5TargetPlatform (111)
[2018.09.17-22.44.26:198][703]LogModuleManager: Shutting down and abandoning module AndroidTargetPlatform (109)
[2018.09.17-22.44.26:210][703]LogModuleManager: Shutting down and abandoning module WindowsTargetPlatform (107)
[2018.09.17-22.44.26:210][703]LogModuleManager: Shutting down and abandoning module WindowsServerTargetPlatform (105)
[2018.09.17-22.44.26:210][703]LogModuleManager: Shutting down and abandoning module WindowsNoEditorTargetPlatform (103)
[2018.09.17-22.44.26:210][703]LogModuleManager: Shutting down and abandoning module WindowsClientTargetPlatform (101)
[2018.09.17-22.44.26:210][703]LogModuleManager: Shutting down and abandoning module MacTargetPlatform (99)
[2018.09.17-22.44.26:210][703]LogModuleManager: Shutting down and abandoning module MacServerTargetPlatform (97)
[2018.09.17-22.44.26:210][703]LogModuleManager: Shutting down and abandoning module MacNoEditorTargetPlatform (95)
[2018.09.17-22.44.26:210][703]LogModuleManager: Shutting down and abandoning module MacClientTargetPlatform (93)
[2018.09.17-22.44.26:211][703]LogModuleManager: Shutting down and abandoning module AllDesktopTargetPlatform (91)
[2018.09.17-22.44.26:211][703]LogModuleManager: Shutting down and abandoning module InputCore (88)
[2018.09.17-22.44.26:211][703]LogModuleManager: Shutting down and abandoning module Settings (86)
[2018.09.17-22.44.26:211][703]LogModuleManager: Shutting down and abandoning module PhysXCooking (84)
[2018.09.17-22.44.26:211][703]LogModuleManager: Shutting down and abandoning module SteamVR (82)
[2018.09.17-22.44.26:211][703]LogModuleManager: Shutting down and abandoning module OculusHMD (80)
[2018.09.17-22.44.26:211][703]LogModuleManager: Shutting down and abandoning module ExampleDeviceProfileSelector (78)
[2018.09.17-22.44.26:211][703]LogModuleManager: Shutting down and abandoning module LauncherChunkInstaller (76)
[2018.09.17-22.44.26:211][703]LogModuleManager: Shutting down and abandoning module OnlineBlueprintSupport (74)
[2018.09.17-22.44.26:211][703]LogModuleManager: Shutting down and abandoning module OnlineSubsystem (70)
[2018.09.17-22.44.26:212][703]LogModuleManager: Shutting down and abandoning module XMPP (65)
[2018.09.17-22.44.26:212][703]LogModuleManager: Shutting down and abandoning module WebSockets (64)
[2018.09.17-22.44.26:223][703]LogModuleManager: Shutting down and abandoning module HTTP (61)
[2018.09.17-22.44.26:224][703]LogHttp: Display: Http module shutting down, but needs to wait on 1 outstanding Http requests:
[2018.09.17-22.44.26:224][703]LogHttp: Display: 	verb=[POST] url=[https://datarouter.ol.epicgames.com/datarouter/api/v1/public/data?SessionID=%7B1BD40019-4ADB-E102-89AC-4E949586026C%7D&AppID=UEEditor.Rocket.Release&AppVersion=4.20.2-4302132%2B%2B%2BUE4%2BRelease-4.20&UserID=cca2e83c4c922e6278f0f0b24b85f416%7C5557c92c270a4d1980a46e232588ee31%7Cc91b5b9e-cbf4-490a-9c11-a6e8e5d6d008&AppEnvironment=datacollector-binary&UploadType=eteventstream] status=Processing
[2018.09.17-22.44.26:227][703]LogModuleManager: Shutting down and abandoning module SSL (60)
[2018.09.17-22.44.26:229][703]LogModuleManager: Shutting down and abandoning module MagicLeapEmulator (56)
[2018.09.17-22.44.26:229][703]LogModuleManager: Shutting down and abandoning module MagicLeapPrivileges (54)
[2018.09.17-22.44.26:229][703]LogModuleManager: Shutting down and abandoning module MagicLeapIdentity (52)
[2018.09.17-22.44.26:229][703]LogModuleManager: Shutting down and abandoning module MagicLeapHelperVulkan (50)
[2018.09.17-22.44.26:229][703]LogModuleManager: Shutting down and abandoning module MagicLeapHelperOpenGL (48)
[2018.09.17-22.44.26:229][703]LogModuleManager: Shutting down and abandoning module MagicLeapSecureStorage (46)
[2018.09.17-22.44.26:229][703]LogModuleManager: Shutting down and abandoning module MagicLeapGestures (44)
[2018.09.17-22.44.26:229][703]LogModuleManager: Shutting down and abandoning module MagicLeapEyeTracker (42)
[2018.09.17-22.44.26:229][703]LogModuleManager: Shutting down and abandoning module MagicLeapController (40)
[2018.09.17-22.44.26:229][703]LogSlate: Slate User Destroyed.  User Index 0, Is Virtual User: 0
[2018.09.17-22.44.26:229][703]LogModuleManager: Shutting down and abandoning module MagicLeap (38)
[2018.09.17-22.44.26:229][703]LogModuleManager: Shutting down and abandoning module AnimationModifiers (36)
[2018.09.17-22.44.26:229][703]LogModuleManager: Shutting down and abandoning module PropertyEditor (35)
[2018.09.17-22.44.26:229][703]LogModuleManager: Shutting down and abandoning module AudioEditor (32)
[2018.09.17-22.44.26:229][703]LogModuleManager: Shutting down and abandoning module TextureCompressor (30)
[2018.09.17-22.44.26:229][703]LogModuleManager: Shutting down and abandoning module ShaderCore (28)
[2018.09.17-22.44.26:229][703]LogModuleManager: Shutting down and abandoning module Landscape (26)
[2018.09.17-22.44.26:229][703]LogModuleManager: Shutting down and abandoning module SlateRHIRenderer (24)
[2018.09.17-22.44.26:231][703]LogModuleManager: Shutting down and abandoning module OpenGLDrv (22)
[2018.09.17-22.44.26:231][703]LogModuleManager: Shutting down and abandoning module D3D11RHI (20)
[2018.09.17-22.44.26:231][703]LogModuleManager: Shutting down and abandoning module AnimGraphRuntime (18)
[2018.09.17-22.44.26:231][703]LogModuleManager: Shutting down and abandoning module Renderer (16)
[2018.09.17-22.44.26:231][703]LogModuleManager: Shutting down and abandoning module Engine (14)
[2018.09.17-22.44.26:231][703]LogModuleManager: Shutting down and abandoning module CoreUObject (12)
[2018.09.17-22.44.26:231][703]LogModuleManager: Shutting down and abandoning module NetworkFile (10)
[2018.09.17-22.44.26:231][703]LogModuleManager: Shutting down and abandoning module CookedIterativeFile (8)
[2018.09.17-22.44.26:231][703]LogModuleManager: Shutting down and abandoning module StreamingFile (6)
[2018.09.17-22.44.26:231][703]LogModuleManager: Shutting down and abandoning module SandboxFile (4)
[2018.09.17-22.44.26:231][703]LogModuleManager: Shutting down and abandoning module PakFile (2)
[2018.09.17-22.44.26:235][703]LogExit: Exiting.
[2018.09.17-22.44.26:247][703]Log file closed, 09/18/18 01:44:26
